#
# A fatal error has been detected by the Java Runtime Environment:
#
#  EXCEPTION_ACCESS_VIOLATION (0xc0000005) at pc=0x00007fff224bfaad, pid=4660, tid=5620
#
# JRE version: Java(TM) SE Runtime Environment (23.0.2+7) (build 23.0.2+7-58)
# Java VM: Java HotSpot(TM) 64-Bit Server VM (23.0.2+7-58, mixed mode, sharing, tiered, compressed oops, compressed class ptrs, g1 gc, windows-amd64)
# Problematic frame:
# C  [ntdll.dll+0x2faad]
#
# No core dump will be written. Minidumps are not enabled by default on client versions of Windows
#
# If you would like to submit a bug report, please visit:
#   https://bugreport.java.com/bugreport/crash.jsp
#

---------------  S U M M A R Y ------------

Command Line: --module-path=opencv\javafx-sdk-17.0.15\lib --add-modules=javafx.controls,javafx.fxml -javaagent:C:\Program Files\JetBrains\IntelliJ IDEA Community Edition 2025.1.1.1\lib\idea_rt.jar=36369 -Dfile.encoding=UTF-8 -Dsun.stdout.encoding=UTF-8 -Dsun.stderr.encoding=UTF-8 FaceAppUI

Host: Intel(R) Core(TM) i3-5005U CPU @ 2.00GHz, 4 cores, 11G,  Windows 10 , 64 bit Build 19041 (10.0.19041.3636)
Time: Tue May 20 23:33:00 2025 India Standard Time elapsed time: 92.756384 seconds (0d 0h 1m 32s)

---------------  T H R E A D  ---------------

Current thread (0x000002587c98e3c0):  VMThread "VM Thread"          [id=5620, stack(0x000000cf09700000,0x000000cf09800000) (1024K)]

Stack: [0x000000cf09700000,0x000000cf09800000],  sp=0x000000cf097fedc0,  free space=1019k
Native frames: (J=compiled Java code, j=interpreted, Vv=VM code, C=native code)
C  [ntdll.dll+0x2faad]  (no source info available)
C  0x00007ffeb81a04e9  (no source info available)
C  0x00007ffeb8188868  (no source info available)
C  0x00007ffeb8182455  (no source info available)
C  [opencv_java4110.dll+0x1742b89]  (no source info available)
C  [opencv_java4110.dll+0x172be11]  (no source info available)
C  [opencv_java4110.dll+0x263f2c0]  (no source info available)
C  [opencv_java4110.dll+0x2554577]  (no source info available)
C  [opencv_java4110.dll+0x2554325]  (no source info available)
C  [opencv_java4110.dll+0x2554649]  (no source info available)
C  [opencv_java4110.dll+0x254c437]  (no source info available)
C  [opencv_java4110.dll+0x254c3b5]  (no source info available)
C  [opencv_java4110.dll+0x254c53b]  (no source info available)
C  [opencv_java4110.dll+0x2505af3]  (no source info available)
C  [opencv_java4110.dll+0x25057ed]  (no source info available)
C  [opencv_java4110.dll+0x2505912]  (no source info available)
C  [ntdll.dll+0x19a1d]  (no source info available)
C  [ntdll.dll+0x5dcda]  (no source info available)
C  [ntdll.dll+0x5da8d]  (no source info available)
C  [KERNEL32.DLL+0x1e3bb]  (no source info available)
C  [ucrtbase.dll+0x205bc]  (no source info available)
C  [ucrtbase.dll+0x2045f]  (no source info available)
V  [jvm.dll+0x6d9b3c]  (no source info available)
V  [jvm.dll+0x6d9670]  (no source info available)
V  [jvm.dll+0x3da724]  (no source info available)
V  [jvm.dll+0x886d50]  (no source info available)
V  [jvm.dll+0x888077]  (no source info available)
V  [jvm.dll+0x8885a8]  (no source info available)
V  [jvm.dll+0x888843]  (no source info available)
V  [jvm.dll+0x8254cb]  (no source info available)
V  [jvm.dll+0x6df345]  (no source info available)
C  [ucrtbase.dll+0x21bb2]  (no source info available)
C  [KERNEL32.DLL+0x17344]  (no source info available)
C  [ntdll.dll+0x526b1]  (no source info available)


siginfo: EXCEPTION_ACCESS_VIOLATION (0xc0000005), writing address 0x0000000000000018


Registers:
RAX=0x000000cf08c40000, RBX=0x000000cf097fee48, RCX=0x0000000000000010, RDX=0x0000000000000010
RSP=0x000000cf097fedc0, RBP=0x0000025846193de8, RSI=0x000000cf097ff000, RDI=0x00000258469d7b30
R8 =0x000000000000003a, R9 =0x000000000000003a, R10=0x0000000000000038, R11=0x000000cf097fed00
R12=0x00007ffeb29f5960, R13=0x00007ffec711c6e0, R14=0x0000423a257e70a9, R15=0x00000258461936b0
RIP=0x00007fff224bfaad, EFLAGS=0x0000000000010206


Register to memory mapping:

RAX=0x000000cf08c40000 points into unknown readable memory: 0x0000000000000000 | 00 00 00 00 00 00 00 00
RBX=0x000000cf097fee48 points into unknown readable memory: 0x0000000000000010 | 10 00 00 00 00 00 00 00
RCX=0x0000000000000010 is an unknown value
RDX=0x0000000000000010 is an unknown value
RSP=0x000000cf097fedc0 points into unknown readable memory: 0x0000000000000000 | 00 00 00 00 00 00 00 00
RBP=0x0000025846193de8 points into unknown readable memory: 0x0000423a257e70a9 | a9 70 7e 25 3a 42 00 00
RSI=0x000000cf097ff000 points into unknown readable memory: 0x000000cf097ff020 | 20 f0 7f 09 cf 00 00 00
RDI=0x00000258469d7b30 points into unknown readable memory: 0x00007ffeb85b4e00 | 00 4e 5b b8 fe 7f 00 00
R8 =0x000000000000003a is an unknown value
R9 =0x000000000000003a is an unknown value
R10=0x0000000000000038 is an unknown value
R11=0x000000cf097fed00 points into unknown readable memory: 0x0000025846193de8 | e8 3d 19 46 58 02 00 00
R12=0x00007ffeb29f5960 opencv_java4110.dll
R13=0x00007ffec711c6e0 jvm.dll
R14=0x0000423a257e70a9 is an unknown value
R15=0x00000258461936b0 points into unknown readable memory: 0x3ea75a3a25818dcc | cc 8d 81 25 3a 5a a7 3e

Top of Stack: (sp=0x000000cf097fedc0)
0x000000cf097fedc0:   0000000000000000 0000025846974010
0x000000cf097fedd0:   0000000000000000 0000000000000000
0x000000cf097fede0:   000002584622d230 00007ffeb81a04e9
0x000000cf097fedf0:   0000000000000000 0000025845fd8f80
0x000000cf097fee00:   0000000000002000 00007fff224b5ba1
0x000000cf097fee10:   0000000000000000 00007ffeb8188868
0x000000cf097fee20:   00007ffec711c6e0 00007ffeb29f5960
0x000000cf097fee30:   0000025846974620 00007fff224b47b1
0x000000cf097fee40:   fffffffffffffffe 0000000000000010
0x000000cf097fee50:   000042f52c019d01 000002584652a020
0x000000cf097fee60:   0000025846268920 00007ffeb8182455
0x000000cf097fee70:   000002585ce30000 00000258469d7b30
0x000000cf097fee80:   0000025846193de8 0000000000000000
0x000000cf097fee90:   00000258469fe240 00007ffeb1c32b89
0x000000cf097feea0:   00000258462688f0 0000423a257e70a9
0x000000cf097feeb0:   00007ffec711c6e0 00007ffeb29f5960
0x000000cf097feec0:   000002584652dcd0 00007fff224b47b1
0x000000cf097feed0:   00000258462688f0 000002585ced0000
0x000000cf097feee0:   0000025846193de8 0000000000000000
0x000000cf097feef0:   0000000000000000 000042f52c019e09
0x000000cf097fef00:   00000258469fe240 00007ffeb1c1be11
0x000000cf097fef10:   00007ffeb35f5508 00000258469fe230
0x000000cf097fef20:   0000025845fda760 000002584652dda0
0x000000cf097fef30:   00000000ffffffff 00007ffeb2b2f2c0
0x000000cf097fef40:   00000258469fe240 00000258469fe230
0x000000cf097fef50:   000000cf097ff000 00000258460a0fd0
0x000000cf097fef60:   0000025846193dd0 00007ffeb2a44577
0x000000cf097fef70:   00000258461936b0 000002584b4c55b0
0x000000cf097fef80:   000002585ced8c94 000000000000016d
0x000000cf097fef90:   0000000000000001 00007ffeb04f0000
0x000000cf097fefa0:   000000cf097ff000 00007ffeb2a44325
0x000000cf097fefb0:   000000cf097ff030 000000cf097ff0d0 

Instructions: (pc=0x00007fff224bfaad)
0x00007fff224bf9ad:   48 b8 7f 7f 7f 7f 7f 7f 7f 7f 41 8b c8 48 0b cb
0x00007fff224bf9bd:   48 23 c8 83 e6 1f 49 89 8c f4 40 a5 16 00 48 81
0x00007fff224bf9cd:   c4 98 00 00 00 41 5f 41 5e 41 5d 41 5c 5f 5e 5b
0x00007fff224bf9dd:   5d c3 cc 33 d2 41 8b c6 41 f7 f0 44 8b c8 e9 d6
0x00007fff224bf9ed:   fc ff ff 41 8d 57 ff 41 85 d7 0f 84 13 38 08 00
0x00007fff224bf9fd:   41 b8 00 10 00 00 41 b9 ff ff 00 00 e9 3c 38 08
0x00007fff224bfa0d:   00 cc cc cc cc cc cc 48 8b c4 48 89 58 08 48 89
0x00007fff224bfa1d:   68 10 48 89 70 18 48 89 78 20 41 56 48 83 ec 20
0x00007fff224bfa2d:   40 8a ea 4c 8d 35 99 d1 13 00 48 8b f1 33 db 48
0x00007fff224bfa3d:   8d 0d 9d d1 13 00 e8 58 00 00 00 4c 8b 05 81 d1
0x00007fff224bfa4d:   13 00 4d 3b c6 0f 85 08 3b 08 00 48 85 db 75 33
0x00007fff224bfa5d:   48 8d 0d 7c d1 13 00 e8 c7 f7 ff ff 48 85 db 0f
0x00007fff224bfa6d:   85 23 3b 08 00 33 c0 48 8b 5c 24 30 48 8b 6c 24
0x00007fff224bfa7d:   38 48 8b 74 24 40 48 8b 7c 24 48 48 83 c4 20 41
0x00007fff224bfa8d:   5e c3 cc f0 ff 43 3c eb c7 cc cc cc cc cc cc cc
0x00007fff224bfa9d:   cc cc cc 48 83 ec 28 65 48 8b 04 25 30 00 00 00
0x00007fff224bfaad:   f0 0f ba 71 08 00 48 8b 40 48 73 13 48 89 41 10
0x00007fff224bfabd:   33 c0 c7 41 0c 01 00 00 00 48 83 c4 28 c3 cc 48
0x00007fff224bfacd:   39 41 10 75 0b ff 41 0c 33 c0 48 83 c4 28 c3 cc
0x00007fff224bfadd:   e8 0e 00 00 00 eb e2 cc cc cc cc cc cc cc cc cc
0x00007fff224bfaed:   cc cc cc 48 89 5c 24 18 55 56 57 41 54 41 55 41
0x00007fff224bfafd:   56 41 57 48 83 ec 20 8b 41 20 48 8b f1 48 0f ba
0x00007fff224bfb0d:   e0 1a 0f 82 df 01 00 00 33 ff 40 32 ed 66 83 3c
0x00007fff224bfb1d:   25 6a 03 fe 7f 01 76 19 48 8b 7e 20 48 8b c7 81
0x00007fff224bfb2d:   e7 ff ff ff 00 25 00 00 00 02 48 85 c0 40 0f 95
0x00007fff224bfb3d:   c5 45 32 ff b0 01 45 32 e4 41 bd 01 00 00 00 45
0x00007fff224bfb4d:   33 c0 ba 6a 03 fe 7f 84 c0 0f 84 14 01 00 00 8b
0x00007fff224bfb5d:   46 08 4c 8d 4e 08 45 84 e4 41 be 03 00 00 00 45
0x00007fff224bfb6d:   0f 44 f5 41 84 c5 0f 85 e2 00 00 00 8d 0c bf 03
0x00007fff224bfb7d:   c9 66 44 39 2a 0f 86 e8 00 00 00 4d 85 c9 74 0e
0x00007fff224bfb8d:   80 3c 25 97 02 fe 7f 00 0f 85 29 3a 08 00 0f b7
0x00007fff224bfb9d:   1c 25 d6 02 fe 7f 83 fb 0c 0f 85 a2 00 00 00 b8 


Stack slot to memory mapping:

stack at sp + 0 slots: 0x0 is null
stack at sp + 1 slots: 0x0000025846974010 points into unknown readable memory: 0x00000258467eb690 | 90 b6 7e 46 58 02 00 00
stack at sp + 2 slots: 0x0 is null
stack at sp + 3 slots: 0x0 is null
stack at sp + 4 slots: 0x000002584622d230 points into unknown readable memory: 0x000002585ce33180 | 80 31 e3 5c 58 02 00 00
stack at sp + 5 slots: 0x00007ffeb81a04e9 points into unknown readable memory: 48 8b c3 48 83 c4 20
stack at sp + 6 slots: 0x0 is null
stack at sp + 7 slots: 0x0000025845fd8f80 points into unknown readable memory: 0x000002584622d230 | 30 d2 22 46 58 02 00 00

VM_Operation (0x000000cf08efef00): Exit, mode: safepoint, requested by thread 0x0000025845ffc490


---------------  P R O C E S S  ---------------

Threads class SMR info:
_java_thread_list=0x0000025846142890, length=20, elements={
0x000002585cf00b00, 0x000002587c9a9a20, 0x000002587c9aaaf0, 0x000002587c9accc0,
0x000002587c9af730, 0x000002587c9b0190, 0x000002587c9b0bf0, 0x000002587c9b1980,
0x000002587ca1a2f0, 0x000002587c97c950, 0x00000258451ac750, 0x00000258451acdc0,
0x00000258457a5170, 0x0000025845d548f0, 0x0000025845263ed0, 0x00000258459c29b0,
0x0000025845995f20, 0x0000025845fdaf90, 0x0000025845ffa3c0, 0x0000025845ffc490
}

Java Threads: ( => current thread )
  0x000002585cf00b00 JavaThread "main"                              [_thread_blocked, id=5164, stack(0x000000cf08f00000,0x000000cf09000000) (1024K)]
  0x000002587c9a9a20 JavaThread "Reference Handler"          daemon [_thread_blocked, id=5468, stack(0x000000cf09800000,0x000000cf09900000) (1024K)]
  0x000002587c9aaaf0 JavaThread "Finalizer"                  daemon [_thread_blocked, id=5800, stack(0x000000cf09900000,0x000000cf09a00000) (1024K)]
  0x000002587c9accc0 JavaThread "Signal Dispatcher"          daemon [_thread_blocked, id=4676, stack(0x000000cf09a00000,0x000000cf09b00000) (1024K)]
  0x000002587c9af730 JavaThread "Attach Listener"            daemon [_thread_blocked, id=6316, stack(0x000000cf09b00000,0x000000cf09c00000) (1024K)]
  0x000002587c9b0190 JavaThread "Service Thread"             daemon [_thread_blocked, id=2544, stack(0x000000cf09c00000,0x000000cf09d00000) (1024K)]
  0x000002587c9b0bf0 JavaThread "Monitor Deflation Thread"   daemon [_thread_blocked, id=5248, stack(0x000000cf09d00000,0x000000cf09e00000) (1024K)]
  0x000002587c9b1980 JavaThread "C2 CompilerThread0"         daemon [_thread_blocked, id=5624, stack(0x000000cf09e00000,0x000000cf09f00000) (1024K)]
  0x000002587ca1a2f0 JavaThread "C1 CompilerThread0"         daemon [_thread_blocked, id=5968, stack(0x000000cf09f00000,0x000000cf0a000000) (1024K)]
  0x000002587c97c950 JavaThread "Common-Cleaner"             daemon [_thread_blocked, id=5804, stack(0x000000cf0a000000,0x000000cf0a100000) (1024K)]
  0x00000258451ac750 JavaThread "Monitor Ctrl-Break"         daemon [_thread_in_native, id=1648, stack(0x000000cf0a200000,0x000000cf0a300000) (1024K)]
  0x00000258451acdc0 JavaThread "Notification Thread"        daemon [_thread_blocked, id=5472, stack(0x000000cf0a300000,0x000000cf0a400000) (1024K)]
  0x00000258457a5170 JavaThread "QuantumRenderer-0"          daemon [_thread_blocked, id=5256, stack(0x000000cf0a100000,0x000000cf0a200000) (1024K)]
  0x0000025845d548f0 JavaThread "InvokeLaterDispatcher"      daemon [_thread_blocked, id=5636, stack(0x000000cf0a800000,0x000000cf0a900000) (1024K)]
  0x0000025845263ed0 JavaThread "JavaFX Application Thread"         [_thread_in_native, id=5172, stack(0x000000cf0a900000,0x000000cf0aa00000) (1024K)]
  0x00000258459c29b0 JavaThread "Thread-1"                   daemon [_thread_in_native, id=5364, stack(0x000000cf0ac00000,0x000000cf0ad00000) (1024K)]
  0x0000025845995f20 JavaThread "JavaFX-Launcher"                   [_thread_blocked, id=5640, stack(0x000000cf0ae00000,0x000000cf0af00000) (1024K)]
  0x0000025845fdaf90 JavaThread "Prism Font Disposer"        daemon [_thread_blocked, id=6332, stack(0x000000cf0af00000,0x000000cf0b000000) (1024K)]
  0x0000025845ffa3c0 JavaThread "Cleaner-0"                  daemon [_thread_blocked, id=6168, stack(0x000000cf0b300000,0x000000cf0b400000) (1024K)]
  0x0000025845ffc490 JavaThread "SIGINT handler"             daemon [_thread_blocked, id=10876, stack(0x000000cf08e00000,0x000000cf08f00000) (1024K)]
Total: 20

Other Threads:
=>0x000002587c98e3c0 VMThread "VM Thread"                           [id=5620, stack(0x000000cf09700000,0x000000cf09800000) (1024K)]
  0x000002585f162250 WorkerThread "GC Thread#0"                     [id=5352, stack(0x000000cf09100000,0x000000cf09200000) (1024K)]
  0x000002584587cd90 WorkerThread "GC Thread#1"                     [id=6160, stack(0x000000cf0a500000,0x000000cf0a600000) (1024K)]
  0x000002584587d140 WorkerThread "GC Thread#2"                     [id=5480, stack(0x000000cf0a600000,0x000000cf0a700000) (1024K)]
  0x0000025845d5f2d0 WorkerThread "GC Thread#3"                     [id=6328, stack(0x000000cf0a700000,0x000000cf0a800000) (1024K)]
  0x000002585f16f150 ConcurrentGCThread "G1 Main Marker"            terminated
  0x000002585f16fe10 WorkerThread "G1 Conc#0"                       [id=6312, stack(0x000000cf09300000,0x000000cf09400000) (1024K)]
  0x000002585f1ddbd0 ConcurrentGCThread "G1 Refine#0"               terminated
  0x000002585f1de900 ConcurrentGCThread "G1 Service"                terminated
Total: 9

Threads with active compile tasks:
C1 CompilerThread0  93788 1874       3       java.lang.invoke.Invokers::callSiteForm (297 bytes)
Total: 1

VM state: at safepoint (shutting down)

VM Mutex/Monitor currently owned by a thread:  ([mutex/lock_event])
[0x00007ffec70f4888] Threads_lock - owner thread: 0x000002587c98e3c0
[0x00007ffec70f4988] Heap_lock - owner thread: 0x0000025845ffc490

Heap address: 0x0000000741400000, size: 3052 MB, Compressed Oops mode: Zero based, Oop shift amount: 3

CDS archive(s) mapped at: [0x0000025800000000-0x0000025800d70000-0x0000025800d70000), size 14090240, SharedBaseAddress: 0x0000025800000000, ArchiveRelocationMode: 1.
Compressed class space mapped at: 0x0000025801000000-0x0000025841000000, reserved size: 1073741824
Narrow klass base: 0x0000025800000000, Narrow klass shift: 0, Narrow klass range: 0x41000000

GC Precious Log:
 CardTable entry size: 512
 Card Set container configuration: InlinePtr #cards 4 size 8 Array Of Cards #cards 16 size 48 Howl #buckets 8 coarsen threshold 3686 Howl Bitmap #cards 512 size 80 coarsen threshold 460 Card regions per heap region 1 cards per card region 4096
 CPUs: 4 total, 4 available
 Memory: 12203M
 Large Page Support: Disabled
 NUMA Support: Disabled
 Compressed Oops: Enabled (Zero based)
 Heap Region Size: 2M
 Heap Min Capacity: 8M
 Heap Initial Capacity: 192M
 Heap Max Capacity: 3052M
 Pre-touch: Disabled
 Parallel Workers: 4
 Concurrent Workers: 1
 Concurrent Refinement Workers: 4
 Periodic GC: Disabled

Heap:
 garbage-first heap   total reserved 3125248K, committed 196608K, used 28736K [0x0000000741400000, 0x0000000800000000)
  region size 2048K, 14 young (28672K), 1 survivors (2048K)
 Metaspace       used 11418K, committed 11648K, reserved 1114112K
  class space    used 1545K, committed 1664K, reserved 1048576K

Heap Regions: E=young(eden), S=young(survivor), O=old, HS=humongous(starts), HC=humongous(continues), CS=collection set, F=free, TAMS=top-at-mark-start, PB=parsable bottom
|   0|0x0000000741400000, 0x0000000741600000, 0x0000000741600000|100%| O|  |TAMS 0x0000000741400000| PB 0x0000000741400000| Untracked |  0
|   1|0x0000000741600000, 0x0000000741665f40, 0x0000000741800000| 19%| O|  |TAMS 0x0000000741600000| PB 0x0000000741600000| Untracked |  0
|   2|0x0000000741800000, 0x0000000741a00000, 0x0000000741a00000|100%|HS|  |TAMS 0x0000000741800000| PB 0x0000000741800000| Complete |  0
|   3|0x0000000741a00000, 0x0000000741a00000, 0x0000000741c00000|  0%| F|  |TAMS 0x0000000741a00000| PB 0x0000000741a00000| Untracked |  0
|   4|0x0000000741c00000, 0x0000000741c00000, 0x0000000741e00000|  0%| F|  |TAMS 0x0000000741c00000| PB 0x0000000741c00000| Untracked |  0
|   5|0x0000000741e00000, 0x0000000741e00000, 0x0000000742000000|  0%| F|  |TAMS 0x0000000741e00000| PB 0x0000000741e00000| Untracked |  0
|   6|0x0000000742000000, 0x0000000742000000, 0x0000000742200000|  0%| F|  |TAMS 0x0000000742000000| PB 0x0000000742000000| Untracked |  0
|   7|0x0000000742200000, 0x0000000742200000, 0x0000000742400000|  0%| F|  |TAMS 0x0000000742200000| PB 0x0000000742200000| Untracked |  0
|   8|0x0000000742400000, 0x0000000742400000, 0x0000000742600000|  0%| F|  |TAMS 0x0000000742400000| PB 0x0000000742400000| Untracked |  0
|   9|0x0000000742600000, 0x0000000742600000, 0x0000000742800000|  0%| F|  |TAMS 0x0000000742600000| PB 0x0000000742600000| Untracked |  0
|  10|0x0000000742800000, 0x0000000742800000, 0x0000000742a00000|  0%| F|  |TAMS 0x0000000742800000| PB 0x0000000742800000| Untracked |  0
|  11|0x0000000742a00000, 0x0000000742a00000, 0x0000000742c00000|  0%| F|  |TAMS 0x0000000742a00000| PB 0x0000000742a00000| Untracked |  0
|  12|0x0000000742c00000, 0x0000000742c00000, 0x0000000742e00000|  0%| F|  |TAMS 0x0000000742c00000| PB 0x0000000742c00000| Untracked |  0
|  13|0x0000000742e00000, 0x0000000742e00000, 0x0000000743000000|  0%| F|  |TAMS 0x0000000742e00000| PB 0x0000000742e00000| Untracked |  0
|  14|0x0000000743000000, 0x0000000743000000, 0x0000000743200000|  0%| F|  |TAMS 0x0000000743000000| PB 0x0000000743000000| Untracked |  0
|  15|0x0000000743200000, 0x0000000743200000, 0x0000000743400000|  0%| F|  |TAMS 0x0000000743200000| PB 0x0000000743200000| Untracked |  0
|  16|0x0000000743400000, 0x0000000743400000, 0x0000000743600000|  0%| F|  |TAMS 0x0000000743400000| PB 0x0000000743400000| Untracked |  0
|  17|0x0000000743600000, 0x0000000743600000, 0x0000000743800000|  0%| F|  |TAMS 0x0000000743600000| PB 0x0000000743600000| Untracked |  0
|  18|0x0000000743800000, 0x0000000743800000, 0x0000000743a00000|  0%| F|  |TAMS 0x0000000743800000| PB 0x0000000743800000| Untracked |  0
|  19|0x0000000743a00000, 0x0000000743a00000, 0x0000000743c00000|  0%| F|  |TAMS 0x0000000743a00000| PB 0x0000000743a00000| Untracked |  0
|  20|0x0000000743c00000, 0x0000000743c00000, 0x0000000743e00000|  0%| F|  |TAMS 0x0000000743c00000| PB 0x0000000743c00000| Untracked |  0
|  21|0x0000000743e00000, 0x0000000743e00000, 0x0000000744000000|  0%| F|  |TAMS 0x0000000743e00000| PB 0x0000000743e00000| Untracked |  0
|  22|0x0000000744000000, 0x0000000744000000, 0x0000000744200000|  0%| F|  |TAMS 0x0000000744000000| PB 0x0000000744000000| Untracked |  0
|  23|0x0000000744200000, 0x0000000744200000, 0x0000000744400000|  0%| F|  |TAMS 0x0000000744200000| PB 0x0000000744200000| Untracked |  0
|  24|0x0000000744400000, 0x0000000744400000, 0x0000000744600000|  0%| F|  |TAMS 0x0000000744400000| PB 0x0000000744400000| Untracked |  0
|  25|0x0000000744600000, 0x0000000744600000, 0x0000000744800000|  0%| F|  |TAMS 0x0000000744600000| PB 0x0000000744600000| Untracked |  0
|  26|0x0000000744800000, 0x0000000744800000, 0x0000000744a00000|  0%| F|  |TAMS 0x0000000744800000| PB 0x0000000744800000| Untracked |  0
|  27|0x0000000744a00000, 0x0000000744a00000, 0x0000000744c00000|  0%| F|  |TAMS 0x0000000744a00000| PB 0x0000000744a00000| Untracked |  0
|  28|0x0000000744c00000, 0x0000000744c00000, 0x0000000744e00000|  0%| F|  |TAMS 0x0000000744c00000| PB 0x0000000744c00000| Untracked |  0
|  29|0x0000000744e00000, 0x0000000744e00000, 0x0000000745000000|  0%| F|  |TAMS 0x0000000744e00000| PB 0x0000000744e00000| Untracked |  0
|  30|0x0000000745000000, 0x0000000745000000, 0x0000000745200000|  0%| F|  |TAMS 0x0000000745000000| PB 0x0000000745000000| Untracked |  0
|  31|0x0000000745200000, 0x0000000745200000, 0x0000000745400000|  0%| F|  |TAMS 0x0000000745200000| PB 0x0000000745200000| Untracked |  0
|  32|0x0000000745400000, 0x0000000745400000, 0x0000000745600000|  0%| F|  |TAMS 0x0000000745400000| PB 0x0000000745400000| Untracked |  0
|  33|0x0000000745600000, 0x0000000745600000, 0x0000000745800000|  0%| F|  |TAMS 0x0000000745600000| PB 0x0000000745600000| Untracked |  0
|  34|0x0000000745800000, 0x0000000745800000, 0x0000000745a00000|  0%| F|  |TAMS 0x0000000745800000| PB 0x0000000745800000| Untracked |  0
|  35|0x0000000745a00000, 0x0000000745a00000, 0x0000000745c00000|  0%| F|  |TAMS 0x0000000745a00000| PB 0x0000000745a00000| Untracked |  0
|  36|0x0000000745c00000, 0x0000000745c00000, 0x0000000745e00000|  0%| F|  |TAMS 0x0000000745c00000| PB 0x0000000745c00000| Untracked |  0
|  37|0x0000000745e00000, 0x0000000745e00000, 0x0000000746000000|  0%| F|  |TAMS 0x0000000745e00000| PB 0x0000000745e00000| Untracked |  0
|  38|0x0000000746000000, 0x0000000746000000, 0x0000000746200000|  0%| F|  |TAMS 0x0000000746000000| PB 0x0000000746000000| Untracked |  0
|  39|0x0000000746200000, 0x0000000746200000, 0x0000000746400000|  0%| F|  |TAMS 0x0000000746200000| PB 0x0000000746200000| Untracked |  0
|  40|0x0000000746400000, 0x0000000746400000, 0x0000000746600000|  0%| F|  |TAMS 0x0000000746400000| PB 0x0000000746400000| Untracked |  0
|  41|0x0000000746600000, 0x0000000746600000, 0x0000000746800000|  0%| F|  |TAMS 0x0000000746600000| PB 0x0000000746600000| Untracked |  0
|  42|0x0000000746800000, 0x0000000746800000, 0x0000000746a00000|  0%| F|  |TAMS 0x0000000746800000| PB 0x0000000746800000| Untracked |  0
|  43|0x0000000746a00000, 0x0000000746a00000, 0x0000000746c00000|  0%| F|  |TAMS 0x0000000746a00000| PB 0x0000000746a00000| Untracked |  0
|  44|0x0000000746c00000, 0x0000000746c00000, 0x0000000746e00000|  0%| F|  |TAMS 0x0000000746c00000| PB 0x0000000746c00000| Untracked |  0
|  45|0x0000000746e00000, 0x0000000746e00000, 0x0000000747000000|  0%| F|  |TAMS 0x0000000746e00000| PB 0x0000000746e00000| Untracked |  0
|  46|0x0000000747000000, 0x0000000747000000, 0x0000000747200000|  0%| F|  |TAMS 0x0000000747000000| PB 0x0000000747000000| Untracked |  0
|  47|0x0000000747200000, 0x0000000747200000, 0x0000000747400000|  0%| F|  |TAMS 0x0000000747200000| PB 0x0000000747200000| Untracked |  0
|  48|0x0000000747400000, 0x0000000747400000, 0x0000000747600000|  0%| F|  |TAMS 0x0000000747400000| PB 0x0000000747400000| Untracked |  0
|  49|0x0000000747600000, 0x0000000747600000, 0x0000000747800000|  0%| F|  |TAMS 0x0000000747600000| PB 0x0000000747600000| Untracked |  0
|  50|0x0000000747800000, 0x0000000747800000, 0x0000000747a00000|  0%| F|  |TAMS 0x0000000747800000| PB 0x0000000747800000| Untracked |  0
|  51|0x0000000747a00000, 0x0000000747a00000, 0x0000000747c00000|  0%| F|  |TAMS 0x0000000747a00000| PB 0x0000000747a00000| Untracked |  0
|  52|0x0000000747c00000, 0x0000000747c00000, 0x0000000747e00000|  0%| F|  |TAMS 0x0000000747c00000| PB 0x0000000747c00000| Untracked |  0
|  53|0x0000000747e00000, 0x0000000747e00000, 0x0000000748000000|  0%| F|  |TAMS 0x0000000747e00000| PB 0x0000000747e00000| Untracked |  0
|  54|0x0000000748000000, 0x0000000748000000, 0x0000000748200000|  0%| F|  |TAMS 0x0000000748000000| PB 0x0000000748000000| Untracked |  0
|  55|0x0000000748200000, 0x0000000748200000, 0x0000000748400000|  0%| F|  |TAMS 0x0000000748200000| PB 0x0000000748200000| Untracked |  0
|  56|0x0000000748400000, 0x0000000748400000, 0x0000000748600000|  0%| F|  |TAMS 0x0000000748400000| PB 0x0000000748400000| Untracked |  0
|  57|0x0000000748600000, 0x0000000748600000, 0x0000000748800000|  0%| F|  |TAMS 0x0000000748600000| PB 0x0000000748600000| Untracked |  0
|  58|0x0000000748800000, 0x0000000748800000, 0x0000000748a00000|  0%| F|  |TAMS 0x0000000748800000| PB 0x0000000748800000| Untracked |  0
|  59|0x0000000748a00000, 0x0000000748a00000, 0x0000000748c00000|  0%| F|  |TAMS 0x0000000748a00000| PB 0x0000000748a00000| Untracked |  0
|  60|0x0000000748c00000, 0x0000000748c00000, 0x0000000748e00000|  0%| F|  |TAMS 0x0000000748c00000| PB 0x0000000748c00000| Untracked |  0
|  61|0x0000000748e00000, 0x0000000748e00000, 0x0000000749000000|  0%| F|  |TAMS 0x0000000748e00000| PB 0x0000000748e00000| Untracked |  0
|  62|0x0000000749000000, 0x0000000749000000, 0x0000000749200000|  0%| F|  |TAMS 0x0000000749000000| PB 0x0000000749000000| Untracked |  0
|  63|0x0000000749200000, 0x0000000749200000, 0x0000000749400000|  0%| F|  |TAMS 0x0000000749200000| PB 0x0000000749200000| Untracked |  0
|  64|0x0000000749400000, 0x0000000749400000, 0x0000000749600000|  0%| F|  |TAMS 0x0000000749400000| PB 0x0000000749400000| Untracked |  0
|  65|0x0000000749600000, 0x0000000749600000, 0x0000000749800000|  0%| F|  |TAMS 0x0000000749600000| PB 0x0000000749600000| Untracked |  0
|  66|0x0000000749800000, 0x0000000749800000, 0x0000000749a00000|  0%| F|  |TAMS 0x0000000749800000| PB 0x0000000749800000| Untracked |  0
|  67|0x0000000749a00000, 0x0000000749a00000, 0x0000000749c00000|  0%| F|  |TAMS 0x0000000749a00000| PB 0x0000000749a00000| Untracked |  0
|  68|0x0000000749c00000, 0x0000000749c00000, 0x0000000749e00000|  0%| F|  |TAMS 0x0000000749c00000| PB 0x0000000749c00000| Untracked |  0
|  69|0x0000000749e00000, 0x0000000749e00000, 0x000000074a000000|  0%| F|  |TAMS 0x0000000749e00000| PB 0x0000000749e00000| Untracked |  0
|  70|0x000000074a000000, 0x000000074a000000, 0x000000074a200000|  0%| F|  |TAMS 0x000000074a000000| PB 0x000000074a000000| Untracked |  0
|  71|0x000000074a200000, 0x000000074a200000, 0x000000074a400000|  0%| F|  |TAMS 0x000000074a200000| PB 0x000000074a200000| Untracked |  0
|  72|0x000000074a400000, 0x000000074a400000, 0x000000074a600000|  0%| F|  |TAMS 0x000000074a400000| PB 0x000000074a400000| Untracked |  0
|  73|0x000000074a600000, 0x000000074a600000, 0x000000074a800000|  0%| F|  |TAMS 0x000000074a600000| PB 0x000000074a600000| Untracked |  0
|  74|0x000000074a800000, 0x000000074a800000, 0x000000074aa00000|  0%| F|  |TAMS 0x000000074a800000| PB 0x000000074a800000| Untracked |  0
|  75|0x000000074aa00000, 0x000000074aa00000, 0x000000074ac00000|  0%| F|  |TAMS 0x000000074aa00000| PB 0x000000074aa00000| Untracked |  0
|  76|0x000000074ac00000, 0x000000074ac00000, 0x000000074ae00000|  0%| F|  |TAMS 0x000000074ac00000| PB 0x000000074ac00000| Untracked |  0
|  77|0x000000074ae00000, 0x000000074ae00000, 0x000000074b000000|  0%| F|  |TAMS 0x000000074ae00000| PB 0x000000074ae00000| Untracked |  0
|  78|0x000000074b000000, 0x000000074b000000, 0x000000074b200000|  0%| F|  |TAMS 0x000000074b000000| PB 0x000000074b000000| Untracked |  0
|  79|0x000000074b200000, 0x000000074b200000, 0x000000074b400000|  0%| F|  |TAMS 0x000000074b200000| PB 0x000000074b200000| Untracked |  0
|  80|0x000000074b400000, 0x000000074b400000, 0x000000074b600000|  0%| F|  |TAMS 0x000000074b400000| PB 0x000000074b400000| Untracked |  0
|  81|0x000000074b600000, 0x000000074b600000, 0x000000074b800000|  0%| F|  |TAMS 0x000000074b600000| PB 0x000000074b600000| Untracked |  0
|  82|0x000000074b800000, 0x000000074b99b688, 0x000000074ba00000| 80%| E|  |TAMS 0x000000074b800000| PB 0x000000074b800000| Complete |  0
|  83|0x000000074ba00000, 0x000000074bc00000, 0x000000074bc00000|100%| E|  |TAMS 0x000000074ba00000| PB 0x000000074ba00000| Complete |  0
|  84|0x000000074bc00000, 0x000000074be00000, 0x000000074be00000|100%| E|CS|TAMS 0x000000074bc00000| PB 0x000000074bc00000| Complete |  0
|  85|0x000000074be00000, 0x000000074c000000, 0x000000074c000000|100%| E|CS|TAMS 0x000000074be00000| PB 0x000000074be00000| Complete |  0
|  86|0x000000074c000000, 0x000000074c200000, 0x000000074c200000|100%| E|CS|TAMS 0x000000074c000000| PB 0x000000074c000000| Complete |  0
|  87|0x000000074c200000, 0x000000074c3aa450, 0x000000074c400000| 83%| S|CS|TAMS 0x000000074c200000| PB 0x000000074c200000| Complete |  0
|  88|0x000000074c400000, 0x000000074c600000, 0x000000074c600000|100%| E|CS|TAMS 0x000000074c400000| PB 0x000000074c400000| Complete |  0
|  89|0x000000074c600000, 0x000000074c800000, 0x000000074c800000|100%| E|CS|TAMS 0x000000074c600000| PB 0x000000074c600000| Complete |  0
|  90|0x000000074c800000, 0x000000074ca00000, 0x000000074ca00000|100%| E|CS|TAMS 0x000000074c800000| PB 0x000000074c800000| Complete |  0
|  91|0x000000074ca00000, 0x000000074cc00000, 0x000000074cc00000|100%| E|CS|TAMS 0x000000074ca00000| PB 0x000000074ca00000| Complete |  0
|  92|0x000000074cc00000, 0x000000074ce00000, 0x000000074ce00000|100%| E|CS|TAMS 0x000000074cc00000| PB 0x000000074cc00000| Complete |  0
|  93|0x000000074ce00000, 0x000000074d000000, 0x000000074d000000|100%| E|CS|TAMS 0x000000074ce00000| PB 0x000000074ce00000| Complete |  0
|  94|0x000000074d000000, 0x000000074d200000, 0x000000074d200000|100%| E|CS|TAMS 0x000000074d000000| PB 0x000000074d000000| Complete |  0
|  95|0x000000074d200000, 0x000000074d400000, 0x000000074d400000|100%| E|CS|TAMS 0x000000074d200000| PB 0x000000074d200000| Complete |  0

Card table byte_map: [0x0000025876e60000,0x0000025877460000] _byte_map_base: 0x0000025873456000

Marking Bits: (CMBitMap*) 0x000002585f162960
 Bits: [0x0000025877460000, 0x000002587a410000)

Polling page: 0x000002585cea0000

Metaspace:

Usage:
  Non-class:      9.64 MB used.
      Class:      1.51 MB used.
       Both:     11.15 MB used.

Virtual space:
  Non-class space:       64.00 MB reserved,       9.75 MB ( 15%) committed,  1 nodes.
      Class space:        1.00 GB reserved,       1.62 MB ( <1%) committed,  1 nodes.
             Both:        1.06 GB reserved,      11.38 MB (  1%) committed. 

Chunk freelists:
   Non-Class:  4.82 MB
       Class:  14.39 MB
        Both:  19.21 MB

MaxMetaspaceSize: unlimited
CompressedClassSpaceSize: 1.00 GB
Initial GC threshold: 21.00 MB
Current GC threshold: 21.00 MB
CDS: on
 - commit_granule_bytes: 65536.
 - commit_granule_words: 8192.
 - virtual_space_node_default_size: 8388608.
 - enlarge_chunks_in_place: 1.
 - use_allocation_guard: 0.


Internal statistics:

num_allocs_failed_limit: 0.
num_arena_births: 218.
num_arena_deaths: 0.
num_vsnodes_births: 2.
num_vsnodes_deaths: 0.
num_space_committed: 182.
num_space_uncommitted: 0.
num_chunks_returned_to_freelist: 0.
num_chunks_taken_from_freelist: 621.
num_chunk_merges: 0.
num_chunk_splits: 424.
num_chunks_enlarged: 309.
num_inconsistent_stats: 0.

CodeHeap 'non-profiled nmethods': size=120064Kb used=626Kb max_used=626Kb free=119437Kb
 bounds [0x000002586f320000, 0x000002586f590000, 0x0000025876860000]
CodeHeap 'profiled nmethods': size=120000Kb used=2348Kb max_used=2348Kb free=117651Kb
 bounds [0x0000025867860000, 0x0000025867ad0000, 0x000002586ed90000]
CodeHeap 'non-nmethods': size=5696Kb used=2033Kb max_used=2048Kb free=3662Kb
 bounds [0x000002586ed90000, 0x000002586f000000, 0x000002586f320000]
CodeCache: size=245760Kb, used=5007Kb, max_used=5022Kb, free=240750Kb
 total_blobs=2918, nmethods=1872, adapters=952, full_count=0
Compilation: enabled, stopped_count=0, restarted_count=0

Compilation events (20 events):
Event: 37.554 Thread 0x000002587ca1a2f0 nmethod 1863 0x000002586f3bb188 code [0x000002586f3bb2a0, 0x000002586f3bb370]
Event: 37.562 Thread 0x000002587ca1a2f0 1864       3       com.sun.javafx.tk.Toolkit::isFxUserThread (15 bytes)
Event: 37.562 Thread 0x000002587ca1a2f0 nmethod 1864 0x0000025867aa6b08 code [0x0000025867aa6c20, 0x0000025867aa6da8]
Event: 37.578 Thread 0x000002587ca1a2f0 1865       3       javafx.scene.input.MouseEvent::copyFor (7 bytes)
Event: 37.578 Thread 0x000002587ca1a2f0 nmethod 1865 0x0000025867aa6e08 code [0x0000025867aa6f20, 0x0000025867aa70e8]
Event: 37.850 Thread 0x000002587ca1a2f0 1866       3       javafx.scene.Scene$ClickGenerator::preProcess (348 bytes)
Event: 37.853 Thread 0x000002587ca1a2f0 nmethod 1866 0x0000025867aa7108 code [0x0000025867aa74e0, 0x0000025867aa99f8]
Event: 37.874 Thread 0x000002587ca1a2f0 1867       3       javafx.scene.Parent::pickChildrenNode (53 bytes)
Event: 37.875 Thread 0x000002587ca1a2f0 nmethod 1867 0x0000025867aa9b08 code [0x0000025867aa9c80, 0x0000025867aaa1b0]
Event: 37.898 Thread 0x000002587ca1a2f0 1868       3       javafx.scene.input.PickResult::<init> (53 bytes)
Event: 37.899 Thread 0x000002587ca1a2f0 nmethod 1868 0x0000025867aaa208 code [0x0000025867aaa3a0, 0x0000025867aaab00]
Event: 51.281 Thread 0x000002587ca1a2f0 1869       3       javafx.beans.property.DoublePropertyBase::isBound (13 bytes)
Event: 51.282 Thread 0x000002587ca1a2f0 nmethod 1869 0x0000025867aaab88 code [0x0000025867aaaca0, 0x0000025867aaae00]
Event: 51.282 Thread 0x000002587ca1a2f0 1870       3       jdk.internal.misc.Unsafe::putReferenceOpaque (9 bytes)
Event: 51.282 Thread 0x000002587ca1a2f0 nmethod 1870 0x0000025867aaae88 code [0x0000025867aaafa0, 0x0000025867aab108]
Event: 88.319 Thread 0x000002587c9b1980 1872       4       com.sun.javafx.tk.quantum.QuantumToolkit::postPulse (133 bytes)
Event: 88.325 Thread 0x000002587c9b1980 nmethod 1872 0x000002586f3bb808 code [0x000002586f3bb980, 0x000002586f3bc0c8]
Event: 88.559 Thread 0x000002587c9b1980 1873       4       com.sun.javafx.tk.quantum.QuantumToolkit$$Lambda/0x000002580103af10::run (8 bytes)
Event: 88.565 Thread 0x000002587c9b1980 nmethod 1873 0x000002586f3bc188 code [0x000002586f3bc300, 0x000002586f3bca90]
Event: 92.363 Thread 0x000002587ca1a2f0 1874       3       java.lang.invoke.Invokers::callSiteForm (297 bytes)

GC Heap History (4 events):
Event: 2.264 GC heap before
{Heap before GC invocations=0 (full 0):
 garbage-first heap   total reserved 3125248K, committed 196608K, used 14336K [0x0000000741400000, 0x0000000800000000)
  region size 2048K, 7 young (14336K), 0 survivors (0K)
 Metaspace       used 2575K, committed 2752K, reserved 1114112K
  class space    used 277K, committed 320K, reserved 1048576K
}
Event: 2.272 GC heap after
{Heap after GC invocations=1 (full 0):
 garbage-first heap   total reserved 3125248K, committed 196608K, used 2381K [0x0000000741400000, 0x0000000800000000)
  region size 2048K, 1 young (2048K), 1 survivors (2048K)
 Metaspace       used 2575K, committed 2752K, reserved 1114112K
  class space    used 277K, committed 320K, reserved 1048576K
}
Event: 3.329 GC heap before
{Heap before GC invocations=1 (full 0):
 garbage-first heap   total reserved 3125248K, committed 196608K, used 14669K [0x0000000741400000, 0x0000000800000000)
  region size 2048K, 8 young (16384K), 1 survivors (2048K)
 Metaspace       used 5874K, committed 6080K, reserved 1114112K
  class space    used 703K, committed 768K, reserved 1048576K
}
Event: 3.346 GC heap after
{Heap after GC invocations=2 (full 0):
 garbage-first heap   total reserved 3125248K, committed 196608K, used 4160K [0x0000000741400000, 0x0000000800000000)
  region size 2048K, 1 young (2048K), 1 survivors (2048K)
 Metaspace       used 5874K, committed 6080K, reserved 1114112K
  class space    used 703K, committed 768K, reserved 1048576K
}

Dll operation events (20 events):
Event: 2.031 Loaded shared library D:\SCARCE\UNIVERSITY\PROJECTS\JAVA\OnslaughtUI\opencv\javafx-sdk-17.0.15\bin\api-ms-win-crt-math-l1-1-0.dll
Event: 2.039 Loaded shared library D:\SCARCE\UNIVERSITY\PROJECTS\JAVA\OnslaughtUI\opencv\javafx-sdk-17.0.15\bin\api-ms-win-crt-multibyte-l1-1-0.dll
Event: 2.047 Loaded shared library D:\SCARCE\UNIVERSITY\PROJECTS\JAVA\OnslaughtUI\opencv\javafx-sdk-17.0.15\bin\api-ms-win-crt-private-l1-1-0.dll
Event: 2.055 Loaded shared library D:\SCARCE\UNIVERSITY\PROJECTS\JAVA\OnslaughtUI\opencv\javafx-sdk-17.0.15\bin\api-ms-win-crt-process-l1-1-0.dll
Event: 2.063 Loaded shared library D:\SCARCE\UNIVERSITY\PROJECTS\JAVA\OnslaughtUI\opencv\javafx-sdk-17.0.15\bin\api-ms-win-crt-runtime-l1-1-0.dll
Event: 2.072 Loaded shared library D:\SCARCE\UNIVERSITY\PROJECTS\JAVA\OnslaughtUI\opencv\javafx-sdk-17.0.15\bin\api-ms-win-crt-stdio-l1-1-0.dll
Event: 2.080 Loaded shared library D:\SCARCE\UNIVERSITY\PROJECTS\JAVA\OnslaughtUI\opencv\javafx-sdk-17.0.15\bin\api-ms-win-crt-string-l1-1-0.dll
Event: 2.088 Loaded shared library D:\SCARCE\UNIVERSITY\PROJECTS\JAVA\OnslaughtUI\opencv\javafx-sdk-17.0.15\bin\api-ms-win-crt-time-l1-1-0.dll
Event: 2.096 Loaded shared library D:\SCARCE\UNIVERSITY\PROJECTS\JAVA\OnslaughtUI\opencv\javafx-sdk-17.0.15\bin\api-ms-win-crt-utility-l1-1-0.dll
Event: 2.105 Loaded shared library D:\SCARCE\UNIVERSITY\PROJECTS\JAVA\OnslaughtUI\opencv\javafx-sdk-17.0.15\bin\ucrtbase.dll
Event: 2.114 Loaded shared library D:\SCARCE\UNIVERSITY\PROJECTS\JAVA\OnslaughtUI\opencv\javafx-sdk-17.0.15\bin\vcruntime140.dll
Event: 2.122 Loaded shared library D:\SCARCE\UNIVERSITY\PROJECTS\JAVA\OnslaughtUI\opencv\javafx-sdk-17.0.15\bin\vcruntime140_1.dll
Event: 2.129 Loaded shared library D:\SCARCE\UNIVERSITY\PROJECTS\JAVA\OnslaughtUI\opencv\javafx-sdk-17.0.15\bin\msvcp140.dll
Event: 2.136 Loaded shared library D:\SCARCE\UNIVERSITY\PROJECTS\JAVA\OnslaughtUI\opencv\javafx-sdk-17.0.15\bin\msvcp140_1.dll
Event: 2.143 Loaded shared library D:\SCARCE\UNIVERSITY\PROJECTS\JAVA\OnslaughtUI\opencv\javafx-sdk-17.0.15\bin\msvcp140_2.dll
Event: 2.227 Loaded shared library D:\SCARCE\UNIVERSITY\PROJECTS\JAVA\OnslaughtUI\opencv\javafx-sdk-17.0.15\bin\prism_d3d.dll
Event: 2.345 Loaded shared library D:\SCARCE\UNIVERSITY\PROJECTS\JAVA\OnslaughtUI\opencv\javafx-sdk-17.0.15\bin\glass.dll
Event: 3.183 Loaded shared library D:\SCARCE\UNIVERSITY\PROJECTS\JAVA\OnslaughtUI\opencv\javafx-sdk-17.0.15\bin\javafx_font.dll
Event: 3.686 Loaded shared library C:\Program Files\java\jdk-23\bin\jimage.dll
Event: 5.777 Loaded shared library D:\SCARCE\UNIVERSITY\PROJECTS\JAVA\OnslaughtUI\opencv\opencv_master\build\java\x64\opencv_java4110.dll

Deoptimization events (20 events):
Event: 4.469 Thread 0x00000258457a5170 Uncommon trap: trap_request=0xffffff45 fr.pc=0x000002586f36cb48 relative=0x0000000000000488
Event: 4.469 Thread 0x00000258457a5170 Uncommon trap: reason=unstable_if action=reinterpret pc=0x000002586f36cb48 method=java.io.BufferedInputStream.implRead([BII)I @ 55 c2
Event: 4.469 Thread 0x00000258457a5170 DEOPT PACKING pc=0x000002586f36cb48 sp=0x000000cf0a1fdb70
Event: 4.469 Thread 0x00000258457a5170 DEOPT UNPACKING pc=0x000002586ede4402 sp=0x000000cf0a1fdb48 mode 2
Event: 5.743 Thread 0x0000025845ff96a0 Uncommon trap: trap_request=0xffffff45 fr.pc=0x000002586f3a512c relative=0x0000000000000dac
Event: 5.743 Thread 0x0000025845ff96a0 Uncommon trap: reason=unstable_if action=reinterpret pc=0x000002586f3a512c method=java.util.concurrent.ConcurrentHashMap.putVal(Ljava/lang/Object;Ljava/lang/Object;Z)Ljava/lang/Object; @ 148 c2
Event: 5.743 Thread 0x0000025845ff96a0 DEOPT PACKING pc=0x000002586f3a512c sp=0x000000cf0b4fe130
Event: 5.743 Thread 0x0000025845ff96a0 DEOPT UNPACKING pc=0x000002586ede4402 sp=0x000000cf0b4fe0a0 mode 2
Event: 5.744 Thread 0x0000025845ff96a0 Uncommon trap: trap_request=0xffffff45 fr.pc=0x000002586f3973d8 relative=0x0000000000000498
Event: 5.744 Thread 0x0000025845ff96a0 Uncommon trap: reason=unstable_if action=reinterpret pc=0x000002586f3973d8 method=java.lang.AbstractStringBuilder.append(C)Ljava/lang/AbstractStringBuilder; @ 21 c2
Event: 5.744 Thread 0x0000025845ff96a0 DEOPT PACKING pc=0x000002586f3973d8 sp=0x000000cf0b4fda20
Event: 5.744 Thread 0x0000025845ff96a0 DEOPT UNPACKING pc=0x000002586ede4402 sp=0x000000cf0b4fd9b8 mode 2
Event: 5.744 Thread 0x0000025845ff96a0 Uncommon trap: trap_request=0xffffff45 fr.pc=0x000002586f38d298 relative=0x00000000000004d8
Event: 5.744 Thread 0x0000025845ff96a0 Uncommon trap: reason=unstable_if action=reinterpret pc=0x000002586f38d298 method=java.lang.AbstractStringBuilder.isLatin1()Z @ 10 c2
Event: 5.744 Thread 0x0000025845ff96a0 DEOPT PACKING pc=0x000002586f38d298 sp=0x000000cf0b4fd9d0
Event: 5.744 Thread 0x0000025845ff96a0 DEOPT UNPACKING pc=0x000002586ede4402 sp=0x000000cf0b4fd960 mode 2
Event: 5.744 Thread 0x0000025845ff96a0 Uncommon trap: trap_request=0xffffff45 fr.pc=0x000002586f364900 relative=0x00000000000000e0
Event: 5.744 Thread 0x0000025845ff96a0 Uncommon trap: reason=unstable_if action=reinterpret pc=0x000002586f364900 method=java.lang.String.getBytes([BIB)V @ 5 c2
Event: 5.744 Thread 0x0000025845ff96a0 DEOPT PACKING pc=0x000002586f364900 sp=0x000000cf0b4fe690
Event: 5.744 Thread 0x0000025845ff96a0 DEOPT UNPACKING pc=0x000002586ede4402 sp=0x000000cf0b4fe638 mode 2

Classes loaded (20 events):
Event: 4.500 Loading class java/lang/FdLibm
Event: 4.500 Loading class java/lang/FdLibm done
Event: 4.528 Loading class jdk/internal/foreign/MemorySessionImpl
Event: 4.528 Loading class java/lang/foreign/MemorySegment$Scope
Event: 4.528 Loading class java/lang/foreign/MemorySegment$Scope done
Event: 4.528 Loading class jdk/internal/foreign/MemorySessionImpl done
Event: 5.000 Loading class java/util/EnumMap$Values
Event: 5.000 Loading class java/util/EnumMap$Values done
Event: 5.000 Loading class java/util/EnumMap$ValueIterator
Event: 5.000 Loading class java/util/EnumMap$EnumMapIterator
Event: 5.000 Loading class java/util/EnumMap$EnumMapIterator done
Event: 5.000 Loading class java/util/EnumMap$ValueIterator done
Event: 5.645 Loading class java/io/UnsupportedEncodingException
Event: 5.645 Loading class java/io/UnsupportedEncodingException done
Event: 10.603 Loading class jdk/internal/event/ThreadSleepEvent
Event: 10.603 Loading class jdk/internal/event/ThreadSleepEvent done
Event: 31.482 Loading class java/io/FileFilter
Event: 31.482 Loading class java/io/FileFilter done
Event: 92.359 Loading class jdk/internal/misc/Signal$1
Event: 92.359 Loading class jdk/internal/misc/Signal$1 done

Classes unloaded (0 events):
No events

Classes redefined (0 events):
No events

Internal exceptions (20 events):
Event: 2.967 Thread 0x0000025845263ed0 Exception <a 'java/lang/NullPointerException'{0x000000074ca43338}> (0x000000074ca43338) 
thrown [s\open\src\hotspot\share\interpreter\linkResolver.cpp, line 1389]
Event: 3.064 Thread 0x0000025845263ed0 Exception <a 'java/lang/ClassNotFoundException'{0x000000074cabb8f0}: com/sun/glass/ui/win/themes> (0x000000074cabb8f0) 
thrown [s\open\src\hotspot\share\prims\jni.cpp, line 539]
Event: 3.074 Thread 0x0000025845263ed0 Exception <a 'java/lang/ClassNotFoundException'{0x000000074cac7238}: com/sun/glass/ui/win/themes_en> (0x000000074cac7238) 
thrown [s\open\src\hotspot\share\prims\jni.cpp, line 539]
Event: 3.076 Thread 0x0000025845263ed0 Exception <a 'java/lang/ClassNotFoundException'{0x000000074caceda0}: com/sun/glass/ui/win/themes_en_US> (0x000000074caceda0) 
thrown [s\open\src\hotspot\share\prims\jni.cpp, line 539]
Event: 3.571 Thread 0x0000025845263ed0 Exception <a 'java/lang/NoSuchMethodError'{0x000000074d3b6450}: 'void java.lang.invoke.DirectMethodHandle$Holder.invokeStaticInit(java.lang.Object, java.lang.Object)'> (0x000000074d3b6450) 
thrown [s\open\src\hotspot\share\interpreter\linkResolver.cpp, line 796]
Event: 3.734 Thread 0x0000025845263ed0 Implicit null exception at 0x000002586f340e99 to 0x000002586f3411d4
Event: 3.769 Thread 0x0000025845263ed0 Implicit null exception at 0x000002586f37aaad to 0x000002586f37ad5c
Event: 3.769 Thread 0x0000025845263ed0 Implicit null exception at 0x000002586f377ead to 0x000002586f378158
Event: 4.116 Thread 0x0000025845263ed0 Exception <a 'java/lang/NoSuchMethodError'{0x000000074c52cf80}: 'java.lang.Object java.lang.invoke.DirectMethodHandle$Holder.invokeInterface(java.lang.Object, java.lang.Object, java.lang.Object)'> (0x000000074c52cf80) 
thrown [s\open\src\hotspot\share\interpreter\linkResolver.cpp, line 796]
Event: 4.116 Thread 0x0000025845263ed0 Exception <a 'java/lang/IncompatibleClassChangeError'{0x000000074c530650}: Found class java.lang.Object, but interface was expected> (0x000000074c530650) 
thrown [s\open\src\hotspot\share\interpreter\linkResolver.cpp, line 863]
Event: 4.208 Thread 0x0000025845263ed0 Exception <a 'java/lang/NoSuchMethodError'{0x000000074c044648}: 'int java.lang.invoke.DirectMethodHandle$Holder.invokeSpecial(java.lang.Object, java.lang.Object, int)'> (0x000000074c044648) 
thrown [s\open\src\hotspot\share\interpreter\linkResolver.cpp, line 796]
Event: 4.215 Thread 0x0000025845263ed0 Exception <a 'java/lang/NoSuchMethodError'{0x000000074c05ae08}: 'java.lang.Object java.lang.invoke.DirectMethodHandle$Holder.invokeStatic(java.lang.Object, java.lang.Object, java.lang.Object, java.lang.Object, int)'> (0x000000074c05ae08) 
thrown [s\open\src\hotspot\share\interpreter\linkResolver.cpp, line 796]
Event: 4.218 Thread 0x0000025845263ed0 Exception <a 'java/lang/NoSuchMethodError'{0x000000074c063540}: 'int java.lang.invoke.DirectMethodHandle$Holder.invokeSpecial(java.lang.Object, java.lang.Object, java.lang.Object)'> (0x000000074c063540) 
thrown [s\open\src\hotspot\share\interpreter\linkResolver.cpp, line 796]
Event: 4.245 Thread 0x0000025845263ed0 Exception <a 'java/lang/NoSuchMethodError'{0x000000074c0fc238}: 'java.lang.Object java.lang.invoke.DirectMethodHandle$Holder.newInvokeSpecial(java.lang.Object, java.lang.Object, int)'> (0x000000074c0fc238) 
thrown [s\open\src\hotspot\share\interpreter\linkResolver.cpp, line 796]
Event: 4.309 Thread 0x00000258457a5170 Exception <a 'java/lang/NoSuchMethodError'{0x000000074c171780}: 'int java.lang.invoke.DirectMethodHandle$Holder.invokeStaticInit(java.lang.Object, java.lang.Object)'> (0x000000074c171780) 
thrown [s\open\src\hotspot\share\interpreter\linkResolver.cpp, line 796]
Event: 5.674 Thread 0x0000025845263ed0 Exception <a 'java/lang/NoSuchMethodError'{0x000000074bb4a150}: 'long java.lang.invoke.DirectMethodHandle$Holder.invokeStatic(java.lang.Object, java.lang.Object, java.lang.Object)'> (0x000000074bb4a150) 
thrown [s\open\src\hotspot\share\interpreter\linkResolver.cpp, line 796]
Event: 5.675 Thread 0x0000025845263ed0 Exception <a 'java/lang/NoSuchMethodError'{0x000000074bb4d568}: 'long java.lang.invoke.DirectMethodHandle$Holder.invokeStaticInit(java.lang.Object, java.lang.Object, java.lang.Object)'> (0x000000074bb4d568) 
thrown [s\open\src\hotspot\share\interpreter\linkResolver.cpp, line 796]
Event: 5.682 Thread 0x0000025845263ed0 Exception <a 'java/lang/NoSuchMethodError'{0x000000074bb624a8}: 'java.lang.Object java.lang.invoke.DirectMethodHandle$Holder.newInvokeSpecial(java.lang.Object, java.lang.Object, long)'> (0x000000074bb624a8) 
thrown [s\open\src\hotspot\share\interpreter\linkResolver.cpp, line 796]
Event: 5.682 Thread 0x0000025845263ed0 Exception <a 'java/lang/NoSuchMethodError'{0x000000074bb65e08}: 'java.lang.Object java.lang.invoke.Invokers$Holder.linkToTargetMethod(java.lang.Object, long, java.lang.Object)'> (0x000000074bb65e08) 
thrown [s\open\src\hotspot\share\interpreter\linkResolver.cpp, line 796]
Event: 31.482 Thread 0x0000025845ffb0e0 Exception <a 'java/lang/NoSuchMethodError'{0x000000074b867c50}: 'int java.lang.invoke.DirectMethodHandle$Holder.invokeVirtual(java.lang.Object, java.lang.Object)'> (0x000000074b867c50) 
thrown [s\open\src\hotspot\share\interpreter\linkResolver.cpp, line 796]

VM Operations (19 events):
Event: 0.997 Executing VM operation: HandshakeAllThreads (Deoptimize)
Event: 0.997 Executing VM operation: HandshakeAllThreads (Deoptimize) done
Event: 2.264 Executing VM operation: G1CollectForAllocation (G1 Evacuation Pause)
Event: 2.272 Executing VM operation: G1CollectForAllocation (G1 Evacuation Pause) done
Event: 2.335 Executing VM operation: HandshakeAllThreads (Deoptimize)
Event: 2.335 Executing VM operation: HandshakeAllThreads (Deoptimize) done
Event: 3.204 Executing VM operation: HandshakeAllThreads (Deoptimize)
Event: 3.204 Executing VM operation: HandshakeAllThreads (Deoptimize) done
Event: 3.329 Executing VM operation: G1CollectForAllocation (G1 Evacuation Pause)
Event: 3.346 Executing VM operation: G1CollectForAllocation (G1 Evacuation Pause) done
Event: 3.577 Executing VM operation: HandshakeAllThreads (Deoptimize)
Event: 3.577 Executing VM operation: HandshakeAllThreads (Deoptimize) done
Event: 5.782 Executing VM operation: HandshakeAllThreads (Deoptimize)
Event: 5.783 Executing VM operation: HandshakeAllThreads (Deoptimize) done
Event: 60.230 Executing VM operation: HandshakeAllThreads (HandshakeForDeflation)
Event: 60.230 Executing VM operation: HandshakeAllThreads (HandshakeForDeflation) done
Event: 60.230 Executing VM operation: RendezvousGCThreads
Event: 60.230 Executing VM operation: RendezvousGCThreads done
Event: 92.365 Executing VM operation: Exit

Memory protections (0 events):
No events

Nmethod flushes (0 events):
No events

Events (20 events):
Event: 2.353 Thread 0x000002585cf00b00 Thread added: 0x0000025845d548f0
Event: 2.361 Thread 0x000002585cf00b00 Thread added: 0x0000025845263ed0
Event: 2.560 Thread 0x00000258459c29b0 Thread added: 0x00000258459c29b0
Event: 2.567 Thread 0x000002585cf00b00 Thread added: 0x0000025845995f20
Event: 3.271 Thread 0x000002587ca1a2f0 Thread added: 0x00000258462fdad0
Event: 3.845 Thread 0x00000258462fdad0 Thread exited: 0x00000258462fdad0
Event: 4.100 Thread 0x0000025845263ed0 Thread added: 0x0000025845fdaf90
Event: 4.379 Thread 0x00000258457a5170 Thread added: 0x0000025845ffa3c0
Event: 5.740 Thread 0x0000025845263ed0 Thread added: 0x0000025845ff96a0
Event: 13.494 Thread 0x0000025845ff96a0 Thread exited: 0x0000025845ff96a0
Event: 17.627 Thread 0x0000025845263ed0 Thread added: 0x0000025845ff9010
Event: 22.903 Thread 0x0000025845ff9010 Thread exited: 0x0000025845ff9010
Event: 26.387 Thread 0x0000025845263ed0 Thread added: 0x0000025845ffb0e0
Event: 31.498 Thread 0x0000025845ffb0e0 Thread exited: 0x0000025845ffb0e0
Event: 92.359 Thread 0x000002587c9accc0 Thread added: 0x0000025845ffc490
Event: 92.361 Thread 0x0000025845ffc490 Thread added: 0x0000025845ffb0e0
Event: 92.361 Thread 0x0000025845ffc490 Thread added: 0x0000025845ffaa50
Event: 92.362 Thread 0x0000025845ffb0e0 Thread exited: 0x0000025845ffb0e0
Event: 92.364 Thread 0x0000025845ffaa50 Thread exited: 0x0000025845ffaa50
Event: 92.364 Thread 0x0000025845ffc490 Before exit entered


Dynamic libraries:
0x00007ff6c9580000 - 0x00007ff6c9590000 	C:\Program Files\java\jdk-23\bin\java.exe
0x00007fff22490000 - 0x00007fff22688000 	C:\Windows\SYSTEM32\ntdll.dll
0x00007fff21d60000 - 0x00007fff21e1d000 	C:\Windows\System32\KERNEL32.DLL
0x00007fff1fc70000 - 0x00007fff1ff66000 	C:\Windows\System32\KERNELBASE.dll
0x00007fff1fb70000 - 0x00007fff1fc70000 	C:\Windows\System32\ucrtbase.dll
0x00007fff1a420000 - 0x00007fff1a437000 	C:\Program Files\java\jdk-23\bin\jli.dll
0x00007fff221b0000 - 0x00007fff2234e000 	C:\Windows\System32\USER32.dll
0x00007fff1ff70000 - 0x00007fff1ff92000 	C:\Windows\System32\win32u.dll
0x00007fff21f10000 - 0x00007fff21f3c000 	C:\Windows\System32\GDI32.dll
0x00007fff20040000 - 0x00007fff2015a000 	C:\Windows\System32\gdi32full.dll
0x00007fff20240000 - 0x00007fff202dd000 	C:\Windows\System32\msvcp_win.dll
0x00007fff155e0000 - 0x00007fff155fb000 	C:\Program Files\java\jdk-23\bin\VCRUNTIME140.dll
0x00007fff0b6d0000 - 0x00007fff0b96a000 	C:\Windows\WinSxS\amd64_microsoft.windows.common-controls_6595b64144ccf1df_6.0.19041.3636_none_60b6a03d71f818d5\COMCTL32.dll
0x00007fff204f0000 - 0x00007fff2058e000 	C:\Windows\System32\msvcrt.dll
0x00007fff20590000 - 0x00007fff205c0000 	C:\Windows\System32\IMM32.DLL
0x00007fff1a410000 - 0x00007fff1a41c000 	C:\Program Files\java\jdk-23\bin\vcruntime140_1.dll
0x00007fff0f7c0000 - 0x00007fff0f84e000 	C:\Program Files\java\jdk-23\bin\msvcp140.dll
0x00007ffec6480000 - 0x00007ffec71d0000 	C:\Program Files\java\jdk-23\bin\server\jvm.dll
0x00007fff21920000 - 0x00007fff219cf000 	C:\Windows\System32\ADVAPI32.dll
0x00007fff223b0000 - 0x00007fff2244c000 	C:\Windows\System32\sechost.dll
0x00007fff217f0000 - 0x00007fff21916000 	C:\Windows\System32\RPCRT4.dll
0x00007fff21f40000 - 0x00007fff21fab000 	C:\Windows\System32\WS2_32.dll
0x00007fff1f9d0000 - 0x00007fff1fa1b000 	C:\Windows\SYSTEM32\POWRPROF.dll
0x00007fff03cb0000 - 0x00007fff03cd7000 	C:\Windows\SYSTEM32\WINMM.dll
0x00007fff0f1b0000 - 0x00007fff0f1ba000 	C:\Windows\SYSTEM32\VERSION.dll
0x00007fff1f9b0000 - 0x00007fff1f9c2000 	C:\Windows\SYSTEM32\UMPDC.dll
0x00007fff1e3c0000 - 0x00007fff1e3d2000 	C:\Windows\SYSTEM32\kernel.appcore.dll
0x00007fff155d0000 - 0x00007fff155da000 	C:\Program Files\java\jdk-23\bin\jimage.dll
0x00007fff1d760000 - 0x00007fff1d944000 	C:\Windows\SYSTEM32\DBGHELP.DLL
0x00007fff074e0000 - 0x00007fff07514000 	C:\Windows\SYSTEM32\dbgcore.DLL
0x00007fff20160000 - 0x00007fff201e2000 	C:\Windows\System32\bcryptPrimitives.dll
0x00007fff155c0000 - 0x00007fff155cf000 	C:\Program Files\java\jdk-23\bin\instrument.dll
0x00007fff0f7a0000 - 0x00007fff0f7be000 	C:\Program Files\java\jdk-23\bin\java.dll
0x00007fff22080000 - 0x00007fff221ab000 	C:\Windows\System32\ole32.dll
0x00007fff20cc0000 - 0x00007fff21014000 	C:\Windows\System32\combase.dll
0x00007fff21020000 - 0x00007fff21764000 	C:\Windows\System32\SHELL32.dll
0x00007fff1d950000 - 0x00007fff1e0eb000 	C:\Windows\SYSTEM32\windows.storage.dll
0x00007fff1f4e0000 - 0x00007fff1f50d000 	C:\Windows\SYSTEM32\Wldp.dll
0x00007fff21c90000 - 0x00007fff21d3d000 	C:\Windows\System32\SHCORE.dll
0x00007fff21c30000 - 0x00007fff21c85000 	C:\Windows\System32\shlwapi.dll
0x00007fff1faa0000 - 0x00007fff1fac5000 	C:\Windows\SYSTEM32\profapi.dll
0x00007fff0f6c0000 - 0x00007fff0f797000 	C:\Program Files\java\jdk-23\bin\jsvml.dll
0x00007fff0f6b0000 - 0x00007fff0f6c0000 	C:\Program Files\java\jdk-23\bin\net.dll
0x00007fff1f240000 - 0x00007fff1f2aa000 	C:\Windows\system32\mswsock.dll
0x00007fff0f690000 - 0x00007fff0f6a6000 	C:\Program Files\java\jdk-23\bin\nio.dll
0x00007fff0f670000 - 0x00007fff0f687000 	C:\Program Files\java\jdk-23\bin\zip.dll
0x00007fff0f650000 - 0x00007fff0f659000 	C:\Program Files\java\jdk-23\bin\extnet.dll
0x0000025846be0000 - 0x0000025846be3000 	D:\SCARCE\UNIVERSITY\PROJECTS\JAVA\OnslaughtUI\opencv\javafx-sdk-17.0.15\bin\api-ms-win-core-console-l1-1-0.dll
0x0000025846bf0000 - 0x0000025846bf3000 	D:\SCARCE\UNIVERSITY\PROJECTS\JAVA\OnslaughtUI\opencv\javafx-sdk-17.0.15\bin\api-ms-win-core-console-l1-2-0.dll
0x0000025846c00000 - 0x0000025846c03000 	D:\SCARCE\UNIVERSITY\PROJECTS\JAVA\OnslaughtUI\opencv\javafx-sdk-17.0.15\bin\api-ms-win-core-datetime-l1-1-0.dll
0x0000025846c10000 - 0x0000025846c13000 	D:\SCARCE\UNIVERSITY\PROJECTS\JAVA\OnslaughtUI\opencv\javafx-sdk-17.0.15\bin\api-ms-win-core-debug-l1-1-0.dll
0x0000025846c20000 - 0x0000025846c23000 	D:\SCARCE\UNIVERSITY\PROJECTS\JAVA\OnslaughtUI\opencv\javafx-sdk-17.0.15\bin\api-ms-win-core-errorhandling-l1-1-0.dll
0x0000025846c30000 - 0x0000025846c34000 	D:\SCARCE\UNIVERSITY\PROJECTS\JAVA\OnslaughtUI\opencv\javafx-sdk-17.0.15\bin\api-ms-win-core-file-l1-1-0.dll
0x0000025846c40000 - 0x0000025846c43000 	D:\SCARCE\UNIVERSITY\PROJECTS\JAVA\OnslaughtUI\opencv\javafx-sdk-17.0.15\bin\api-ms-win-core-file-l1-2-0.dll
0x0000025846c50000 - 0x0000025846c53000 	D:\SCARCE\UNIVERSITY\PROJECTS\JAVA\OnslaughtUI\opencv\javafx-sdk-17.0.15\bin\api-ms-win-core-file-l2-1-0.dll
0x0000025846c60000 - 0x0000025846c63000 	D:\SCARCE\UNIVERSITY\PROJECTS\JAVA\OnslaughtUI\opencv\javafx-sdk-17.0.15\bin\api-ms-win-core-handle-l1-1-0.dll
0x0000025846c70000 - 0x0000025846c73000 	D:\SCARCE\UNIVERSITY\PROJECTS\JAVA\OnslaughtUI\opencv\javafx-sdk-17.0.15\bin\api-ms-win-core-heap-l1-1-0.dll
0x0000025846c80000 - 0x0000025846c83000 	D:\SCARCE\UNIVERSITY\PROJECTS\JAVA\OnslaughtUI\opencv\javafx-sdk-17.0.15\bin\api-ms-win-core-interlocked-l1-1-0.dll
0x0000025846c90000 - 0x0000025846c93000 	D:\SCARCE\UNIVERSITY\PROJECTS\JAVA\OnslaughtUI\opencv\javafx-sdk-17.0.15\bin\api-ms-win-core-libraryloader-l1-1-0.dll
0x0000025846ca0000 - 0x0000025846ca3000 	D:\SCARCE\UNIVERSITY\PROJECTS\JAVA\OnslaughtUI\opencv\javafx-sdk-17.0.15\bin\api-ms-win-core-localization-l1-2-0.dll
0x0000025846cb0000 - 0x0000025846cb3000 	D:\SCARCE\UNIVERSITY\PROJECTS\JAVA\OnslaughtUI\opencv\javafx-sdk-17.0.15\bin\api-ms-win-core-memory-l1-1-0.dll
0x0000025846cc0000 - 0x0000025846cc3000 	D:\SCARCE\UNIVERSITY\PROJECTS\JAVA\OnslaughtUI\opencv\javafx-sdk-17.0.15\bin\api-ms-win-core-namedpipe-l1-1-0.dll
0x0000025846cd0000 - 0x0000025846cd3000 	D:\SCARCE\UNIVERSITY\PROJECTS\JAVA\OnslaughtUI\opencv\javafx-sdk-17.0.15\bin\api-ms-win-core-processenvironment-l1-1-0.dll
0x0000025846ce0000 - 0x0000025846ce3000 	D:\SCARCE\UNIVERSITY\PROJECTS\JAVA\OnslaughtUI\opencv\javafx-sdk-17.0.15\bin\api-ms-win-core-processthreads-l1-1-0.dll
0x0000025846cf0000 - 0x0000025846cf3000 	D:\SCARCE\UNIVERSITY\PROJECTS\JAVA\OnslaughtUI\opencv\javafx-sdk-17.0.15\bin\api-ms-win-core-processthreads-l1-1-1.dll
0x0000025846d00000 - 0x0000025846d03000 	D:\SCARCE\UNIVERSITY\PROJECTS\JAVA\OnslaughtUI\opencv\javafx-sdk-17.0.15\bin\api-ms-win-core-profile-l1-1-0.dll
0x0000025846d10000 - 0x0000025846d13000 	D:\SCARCE\UNIVERSITY\PROJECTS\JAVA\OnslaughtUI\opencv\javafx-sdk-17.0.15\bin\api-ms-win-core-rtlsupport-l1-1-0.dll
0x0000025846d20000 - 0x0000025846d23000 	D:\SCARCE\UNIVERSITY\PROJECTS\JAVA\OnslaughtUI\opencv\javafx-sdk-17.0.15\bin\api-ms-win-core-string-l1-1-0.dll
0x0000025846d30000 - 0x0000025846d33000 	D:\SCARCE\UNIVERSITY\PROJECTS\JAVA\OnslaughtUI\opencv\javafx-sdk-17.0.15\bin\api-ms-win-core-synch-l1-1-0.dll
0x0000025846d40000 - 0x0000025846d43000 	D:\SCARCE\UNIVERSITY\PROJECTS\JAVA\OnslaughtUI\opencv\javafx-sdk-17.0.15\bin\api-ms-win-core-synch-l1-2-0.dll
0x0000025846d50000 - 0x0000025846d53000 	D:\SCARCE\UNIVERSITY\PROJECTS\JAVA\OnslaughtUI\opencv\javafx-sdk-17.0.15\bin\api-ms-win-core-sysinfo-l1-1-0.dll
0x0000025846d60000 - 0x0000025846d63000 	D:\SCARCE\UNIVERSITY\PROJECTS\JAVA\OnslaughtUI\opencv\javafx-sdk-17.0.15\bin\api-ms-win-core-timezone-l1-1-0.dll
0x0000025846d70000 - 0x0000025846d73000 	D:\SCARCE\UNIVERSITY\PROJECTS\JAVA\OnslaughtUI\opencv\javafx-sdk-17.0.15\bin\api-ms-win-core-util-l1-1-0.dll
0x0000025846d80000 - 0x0000025846d83000 	D:\SCARCE\UNIVERSITY\PROJECTS\JAVA\OnslaughtUI\opencv\javafx-sdk-17.0.15\bin\api-ms-win-crt-conio-l1-1-0.dll
0x0000025846d90000 - 0x0000025846d94000 	D:\SCARCE\UNIVERSITY\PROJECTS\JAVA\OnslaughtUI\opencv\javafx-sdk-17.0.15\bin\api-ms-win-crt-convert-l1-1-0.dll
0x0000025846da0000 - 0x0000025846da3000 	D:\SCARCE\UNIVERSITY\PROJECTS\JAVA\OnslaughtUI\opencv\javafx-sdk-17.0.15\bin\api-ms-win-crt-environment-l1-1-0.dll
0x0000025846db0000 - 0x0000025846db3000 	D:\SCARCE\UNIVERSITY\PROJECTS\JAVA\OnslaughtUI\opencv\javafx-sdk-17.0.15\bin\api-ms-win-crt-filesystem-l1-1-0.dll
0x0000025846dc0000 - 0x0000025846dc3000 	D:\SCARCE\UNIVERSITY\PROJECTS\JAVA\OnslaughtUI\opencv\javafx-sdk-17.0.15\bin\api-ms-win-crt-heap-l1-1-0.dll
0x0000025846dd0000 - 0x0000025846dd3000 	D:\SCARCE\UNIVERSITY\PROJECTS\JAVA\OnslaughtUI\opencv\javafx-sdk-17.0.15\bin\api-ms-win-crt-locale-l1-1-0.dll
0x0000025846de0000 - 0x0000025846de5000 	D:\SCARCE\UNIVERSITY\PROJECTS\JAVA\OnslaughtUI\opencv\javafx-sdk-17.0.15\bin\api-ms-win-crt-math-l1-1-0.dll
0x0000025846df0000 - 0x0000025846df5000 	D:\SCARCE\UNIVERSITY\PROJECTS\JAVA\OnslaughtUI\opencv\javafx-sdk-17.0.15\bin\api-ms-win-crt-multibyte-l1-1-0.dll
0x0000025846e00000 - 0x0000025846e10000 	D:\SCARCE\UNIVERSITY\PROJECTS\JAVA\OnslaughtUI\opencv\javafx-sdk-17.0.15\bin\api-ms-win-crt-private-l1-1-0.dll
0x0000025846e10000 - 0x0000025846e13000 	D:\SCARCE\UNIVERSITY\PROJECTS\JAVA\OnslaughtUI\opencv\javafx-sdk-17.0.15\bin\api-ms-win-crt-process-l1-1-0.dll
0x0000025846e20000 - 0x0000025846e24000 	D:\SCARCE\UNIVERSITY\PROJECTS\JAVA\OnslaughtUI\opencv\javafx-sdk-17.0.15\bin\api-ms-win-crt-runtime-l1-1-0.dll
0x0000025846e30000 - 0x0000025846e34000 	D:\SCARCE\UNIVERSITY\PROJECTS\JAVA\OnslaughtUI\opencv\javafx-sdk-17.0.15\bin\api-ms-win-crt-stdio-l1-1-0.dll
0x0000025846e40000 - 0x0000025846e44000 	D:\SCARCE\UNIVERSITY\PROJECTS\JAVA\OnslaughtUI\opencv\javafx-sdk-17.0.15\bin\api-ms-win-crt-string-l1-1-0.dll
0x0000025846e50000 - 0x0000025846e53000 	D:\SCARCE\UNIVERSITY\PROJECTS\JAVA\OnslaughtUI\opencv\javafx-sdk-17.0.15\bin\api-ms-win-crt-time-l1-1-0.dll
0x0000025846e60000 - 0x0000025846e63000 	D:\SCARCE\UNIVERSITY\PROJECTS\JAVA\OnslaughtUI\opencv\javafx-sdk-17.0.15\bin\api-ms-win-crt-utility-l1-1-0.dll
0x00007fff068e0000 - 0x00007fff069dc000 	D:\SCARCE\UNIVERSITY\PROJECTS\JAVA\OnslaughtUI\opencv\javafx-sdk-17.0.15\bin\ucrtbase.dll
0x00007fff0f630000 - 0x00007fff0f64b000 	D:\SCARCE\UNIVERSITY\PROJECTS\JAVA\OnslaughtUI\opencv\javafx-sdk-17.0.15\bin\vcruntime140.dll
0x00007fff0f620000 - 0x00007fff0f62c000 	D:\SCARCE\UNIVERSITY\PROJECTS\JAVA\OnslaughtUI\opencv\javafx-sdk-17.0.15\bin\vcruntime140_1.dll
0x00007fff0a430000 - 0x00007fff0a4be000 	D:\SCARCE\UNIVERSITY\PROJECTS\JAVA\OnslaughtUI\opencv\javafx-sdk-17.0.15\bin\msvcp140.dll
0x00007fff0f170000 - 0x00007fff0f179000 	D:\SCARCE\UNIVERSITY\PROJECTS\JAVA\OnslaughtUI\opencv\javafx-sdk-17.0.15\bin\msvcp140_1.dll
0x00007ffefd200000 - 0x00007ffefd241000 	D:\SCARCE\UNIVERSITY\PROJECTS\JAVA\OnslaughtUI\opencv\javafx-sdk-17.0.15\bin\msvcp140_2.dll
0x00007fff06c00000 - 0x00007fff06c2a000 	D:\SCARCE\UNIVERSITY\PROJECTS\JAVA\OnslaughtUI\opencv\javafx-sdk-17.0.15\bin\prism_d3d.dll
0x00007ffebd4e0000 - 0x00007ffebd6ad000 	C:\Windows\system32\d3d9.dll
0x00007fff1cb10000 - 0x00007fff1cb3f000 	C:\Windows\SYSTEM32\dwmapi.dll
0x00007fff1c550000 - 0x00007fff1c5ee000 	C:\Windows\system32\uxtheme.dll
0x00007ffeb89f0000 - 0x00007ffebaf2d000 	C:\Windows\SYSTEM32\igdumdim64.dll
0x00007fff21e40000 - 0x00007fff21f0d000 	C:\Windows\System32\OLEAUT32.dll
0x00007fff20730000 - 0x00007fff20b9e000 	C:\Windows\System32\SETUPAPI.dll
0x00007fff201f0000 - 0x00007fff2023e000 	C:\Windows\System32\cfgmgr32.dll
0x00007fff1ffa0000 - 0x00007fff1ffc7000 	C:\Windows\System32\bcrypt.dll
0x00007ffefc640000 - 0x00007ffefc682000 	D:\SCARCE\UNIVERSITY\PROJECTS\JAVA\OnslaughtUI\opencv\javafx-sdk-17.0.15\bin\glass.dll
0x00007fff20650000 - 0x00007fff2072a000 	C:\Windows\System32\COMDLG32.dll
0x00007fff20ba0000 - 0x00007fff20cb4000 	C:\Windows\System32\MSCTF.dll
0x00007fff119d0000 - 0x00007fff1240f000 	C:\Windows\SYSTEM32\igdusc64.dll
0x00007fff15170000 - 0x00007fff151ab000 	C:\Windows\SYSTEM32\dxcore.dll
0x00007ffefd610000 - 0x00007ffefd625000 	D:\SCARCE\UNIVERSITY\PROJECTS\JAVA\OnslaughtUI\opencv\javafx-sdk-17.0.15\bin\javafx_font.dll
0x00007fff1d3c0000 - 0x00007fff1d63f000 	C:\Windows\SYSTEM32\dwrite.dll
0x00007fff219d0000 - 0x00007fff21a79000 	C:\Windows\System32\clbcatq.dll
0x00007fff16b60000 - 0x00007fff16d14000 	C:\Windows\SYSTEM32\WindowsCodecs.dll
0x00007ffeffff0000 - 0x00007fff0002e000 	C:\Windows\system32\dataexchange.dll
0x00007fff1e100000 - 0x00007fff1e363000 	C:\Windows\system32\d3d11.dll
0x00007fff1b400000 - 0x00007fff1b5e3000 	C:\Windows\system32\dcomp.dll
0x00007fff1e430000 - 0x00007fff1e523000 	C:\Windows\system32\dxgi.dll
0x00007fff17180000 - 0x00007fff17387000 	C:\Windows\system32\twinapi.appcore.dll
0x00007ffefc600000 - 0x00007ffefc634000 	C:\Program Files\Common Files\Microsoft Shared\Ink\rtscom.dll
0x00007fff144b0000 - 0x00007fff145aa000 	C:\Windows\SYSTEM32\textinputframework.dll
0x00007fff1b990000 - 0x00007fff1bceb000 	C:\Windows\System32\CoreUIComponents.dll
0x00007fff1be10000 - 0x00007fff1bf02000 	C:\Windows\System32\CoreMessaging.dll
0x00007fff1ec90000 - 0x00007fff1ecc3000 	C:\Windows\SYSTEM32\ntmarta.dll
0x00007fff1ae30000 - 0x00007fff1af85000 	C:\Windows\SYSTEM32\wintypes.dll
0x00007ffeb04f0000 - 0x00007ffeb3763000 	D:\SCARCE\UNIVERSITY\PROJECTS\JAVA\OnslaughtUI\opencv\opencv_master\build\java\x64\opencv_java4110.dll
0x00007fff18ff0000 - 0x00007fff191ab000 	C:\Windows\SYSTEM32\MFPlat.DLL
0x00007fff19640000 - 0x00007fff196c4000 	C:\Windows\SYSTEM32\MF.dll
0x00007ffebed40000 - 0x00007ffebee4a000 	C:\Windows\SYSTEM32\MFReadWrite.dll
0x00007ffebcb50000 - 0x00007ffebcfde000 	C:\Windows\SYSTEM32\MFCORE.DLL

dbghelp: loaded successfully - version: 4.0.5 - missing functions: none
symbol engine: initialized successfully - sym options: 0x614 - pdb path: .;C:\Program Files\java\jdk-23\bin;C:\Windows\SYSTEM32;C:\Windows\WinSxS\amd64_microsoft.windows.common-controls_6595b64144ccf1df_6.0.19041.3636_none_60b6a03d71f818d5;C:\Program Files\java\jdk-23\bin\server;D:\SCARCE\UNIVERSITY\PROJECTS\JAVA\OnslaughtUI\opencv\javafx-sdk-17.0.15\bin;C:\Program Files\Common Files\Microsoft Shared\Ink;D:\SCARCE\UNIVERSITY\PROJECTS\JAVA\OnslaughtUI\opencv\opencv_master\build\java\x64;C:\Program Files\Intel\Media SDK;C:\Program Files (x86)\Common Files\Intel\OpenCL\bin\x64

VM Arguments:
jvm_args: --module-path=opencv\javafx-sdk-17.0.15\lib --add-modules=javafx.controls,javafx.fxml -javaagent:C:\Program Files\JetBrains\IntelliJ IDEA Community Edition 2025.1.1.1\lib\idea_rt.jar=36369 -Dfile.encoding=UTF-8 -Dsun.stdout.encoding=UTF-8 -Dsun.stderr.encoding=UTF-8 
java_command: FaceAppUI
java_class_path (initial): D:\SCARCE\UNIVERSITY\PROJECTS\JAVA\OnslaughtUI\out\production\OnslaughtUI;D:\SCARCE\UNIVERSITY\PROJECTS\JAVA\OnslaughtUI\opencv\javafx-sdk-17.0.15\lib\javafx-swt.jar;D:\SCARCE\UNIVERSITY\PROJECTS\JAVA\OnslaughtUI\opencv\javafx-sdk-17.0.15\lib\javafx.web.jar;D:\SCARCE\UNIVERSITY\PROJECTS\JAVA\OnslaughtUI\opencv\javafx-sdk-17.0.15\lib\javafx.base.jar;D:\SCARCE\UNIVERSITY\PROJECTS\JAVA\OnslaughtUI\opencv\javafx-sdk-17.0.15\lib\javafx.fxml.jar;D:\SCARCE\UNIVERSITY\PROJECTS\JAVA\OnslaughtUI\opencv\javafx-sdk-17.0.15\lib\javafx.media.jar;D:\SCARCE\UNIVERSITY\PROJECTS\JAVA\OnslaughtUI\opencv\javafx-sdk-17.0.15\lib\javafx.swing.jar;D:\SCARCE\UNIVERSITY\PROJECTS\JAVA\OnslaughtUI\opencv\javafx-sdk-17.0.15\lib\javafx.controls.jar;D:\SCARCE\UNIVERSITY\PROJECTS\JAVA\OnslaughtUI\opencv\javafx-sdk-17.0.15\lib\javafx.graphics.jar;D:\SCARCE\UNIVERSITY\PROJECTS\JAVA\OnslaughtUI\opencv\opencv_master\build\java\opencv-4110.jar
Launcher Type: SUN_STANDARD

[Global flags]
     intx CICompilerCount                          = 3                                         {product} {ergonomic}
     uint ConcGCThreads                            = 1                                         {product} {ergonomic}
     uint G1ConcRefinementThreads                  = 4                                         {product} {ergonomic}
   size_t G1HeapRegionSize                         = 2097152                                   {product} {ergonomic}
   size_t InitialHeapSize                          = 201326592                                 {product} {ergonomic}
   size_t MarkStackSize                            = 4194304                                   {product} {ergonomic}
   size_t MarkStackSizeMax                         = 536870912                                 {product} {ergonomic}
   size_t MaxHeapSize                              = 3200253952                                {product} {ergonomic}
   size_t MaxNewSize                               = 1918894080                                {product} {ergonomic}
   size_t MinHeapDeltaBytes                        = 2097152                                   {product} {ergonomic}
   size_t MinHeapSize                              = 8388608                                   {product} {ergonomic}
    uintx NonNMethodCodeHeapSize                   = 5832704                                {pd product} {ergonomic}
    uintx NonProfiledCodeHeapSize                  = 122945536                              {pd product} {ergonomic}
    uintx ProfiledCodeHeapSize                     = 122880000                              {pd product} {ergonomic}
    uintx ReservedCodeCacheSize                    = 251658240                              {pd product} {ergonomic}
     bool SegmentedCodeCache                       = true                                      {product} {ergonomic}
   size_t SoftMaxHeapSize                          = 3200253952                             {manageable} {ergonomic}
     bool UseCompressedOops                        = true                           {product lp64_product} {ergonomic}
     bool UseG1GC                                  = true                                      {product} {ergonomic}
     bool UseLargePagesIndividualAllocation        = false                                  {pd product} {ergonomic}

Logging:
Log output configuration:
 #0: stdout all=off uptime,level,tags foldmultilines=false
 #1: stderr all=off uptime,level,tags foldmultilines=false

Environment Variables:
JAVA_HOME=C:\Program Files\Java\jdk-23.0.2
PATH=C:\Program Files\Java\jdk-23\bin;D:\SCARCE\UNIVERSITY\PROJECTS\JAVA\OnslaughtUI\opencv\apache-ant-1.10.15\bin;C:\Program Files\Java\jdk-23\bin;C:\Program Files\Eclipse Adoptium\jdk-17.0.15.6-hotspot\bin;C:\ProgramData\Oracle\Java\javapath;C:\Program Files (x86)\Common Files\Oracle\Java\java8path;C:\Program Files (x86)\Common Files\Oracle\Java\javapath;C:\Windows\system32;C:\Windows;C:\Windows\System32\Wbem;C:\Windows\System32\WindowsPowerShell\v1.0\;C:\Windows\System32\OpenSSH\;C:\Program Files\Microsoft VS Code\bin;C:\Program Files\Git\cmd;C:\Program Files\Git\mingw64\bin;C:\Program Files\Git\usr\bin;C:\Program Files\CMake\bin;D:\SOFTWARES\EDUCATIVE\GIT\Git\cmd;C:\Program Files (x86)\Windows Kits\10\Windows Performance Toolkit\;D:\SCARCE\UNIVERSITY\PROJECTS\JAVA\OnslaughtUI\opencv\apache-ant-1.10.15\bin;C:\Users\user\AppData\Local\Programs\Python\Launcher\;C:\Program Files\java\jdk-23.0.2\bin;C:\Users\user\AppData\Local\Programs\Python\Launcher\;C:\Users\user\AppData\Local\Microsoft\WindowsApps;C:\MIN GW\mingw64\bin;C:\MIN GW\mingw64\x86_64-w64-mingw32\bin;D:\MICROSOFT VS CODE\bin;D:\SOFTWARES\EDUCATIVE\VISUAL STUDIO CODE\bin;C:\Program Files\JetBrains\IntelliJ IDEA Community Edition 2025.1.1.1\bin;
USERNAME=user
OS=Windows_NT
PROCESSOR_IDENTIFIER=Intel64 Family 6 Model 61 Stepping 4, GenuineIntel
TMP=C:\Users\user\AppData\Local\Temp
TEMP=C:\Users\user\AppData\Local\Temp




Periodic native trim disabled

---------------  S Y S T E M  ---------------

OS:
 Windows 10 , 64 bit Build 19041 (10.0.19041.3636)
OS uptime: 0 days 0:19 hours

CPU: total 4 (initial active 4) (2 cores per cpu, 2 threads per core) family 6 model 61 stepping 4 microcode 0x2d, cx8, cmov, fxsr, ht, mmx, 3dnowpref, sse, sse2, sse3, ssse3, sse4.1, sse4.2, popcnt, lzcnt, tsc, tscinvbit, avx, avx2, aes, erms, clmul, bmi1, bmi2, adx, fma, vzeroupper, clflush, rdtscp, f16c
Processor Information for the first 4 processors :
  Max Mhz: 2000, Current Mhz: 2000, Mhz Limit: 2000

Memory: 4k page, system-wide physical 12203M (6472M free)
TotalPageFile size 14059M (AvailPageFile size 8161M)
current process WorkingSet (physical memory assigned to process): 204M, peak: 215M
current process commit charge ("private bytes"): 396M, peak: 414M

vm_info: Java HotSpot(TM) 64-Bit Server VM (23.0.2+7-58) for windows-amd64 JRE (23.0.2+7-58), built on 2024-11-29T09:34:55Z with MS VC++ 17.6 (VS2022)

END.
