#
# A fatal error has been detected by the Java Runtime Environment:
#
#  EXCEPTION_ACCESS_VIOLATION (0xc0000005) at pc=0x00007fff224bfaad, pid=7816, tid=10516
#
# JRE version: Java(TM) SE Runtime Environment (23.0.2+7) (build 23.0.2+7-58)
# Java VM: Java HotSpot(TM) 64-Bit Server VM (23.0.2+7-58, mixed mode, sharing, tiered, compressed oops, compressed class ptrs, g1 gc, windows-amd64)
# Problematic frame:
# C  [ntdll.dll+0x2faad]
#
# No core dump will be written. Minidumps are not enabled by default on client versions of Windows
#
# If you would like to submit a bug report, please visit:
#   https://bugreport.java.com/bugreport/crash.jsp
#

---------------  S U M M A R Y ------------

Command Line: --module-path=opencv\javafx-sdk-17.0.15\lib --add-modules=javafx.controls,javafx.fxml -javaagent:C:\Program Files\JetBrains\IntelliJ IDEA Community Edition 2025.1.1.1\lib\idea_rt.jar=36372 -Dfile.encoding=UTF-8 -Dsun.stdout.encoding=UTF-8 -Dsun.stderr.encoding=UTF-8 FaceAppUI

Host: Intel(R) Core(TM) i3-5005U CPU @ 2.00GHz, 4 cores, 11G,  Windows 10 , 64 bit Build 19041 (10.0.19041.3636)
Time: Tue May 20 23:33:48 2025 India Standard Time elapsed time: 39.278953 seconds (0d 0h 0m 39s)

---------------  T H R E A D  ---------------

Current thread (0x000001dd9c9960c0):  VMThread "VM Thread"          [id=10516, stack(0x000000987ad00000,0x000000987ae00000) (1024K)]

Stack: [0x000000987ad00000,0x000000987ae00000],  sp=0x000000987adfeba0,  free space=1018k
Native frames: (J=compiled Java code, j=interpreted, Vv=VM code, C=native code)
C  [ntdll.dll+0x2faad]  (no source info available)
C  0x00007ffeb4dd04e9  (no source info available)
C  0x00007ffeb4db8868  (no source info available)
C  0x00007ffeb4db2455  (no source info available)
C  [opencv_java4110.dll+0x1742b89]  (no source info available)
C  [opencv_java4110.dll+0x172be11]  (no source info available)
C  [opencv_java4110.dll+0x263f2c0]  (no source info available)
C  [opencv_java4110.dll+0x2554577]  (no source info available)
C  [opencv_java4110.dll+0x2554325]  (no source info available)
C  [opencv_java4110.dll+0x2554649]  (no source info available)
C  [opencv_java4110.dll+0x254c437]  (no source info available)
C  [opencv_java4110.dll+0x254c3b5]  (no source info available)
C  [opencv_java4110.dll+0x254c53b]  (no source info available)
C  [opencv_java4110.dll+0x2505af3]  (no source info available)
C  [opencv_java4110.dll+0x25057ed]  (no source info available)
C  [opencv_java4110.dll+0x2505912]  (no source info available)
C  [ntdll.dll+0x19a1d]  (no source info available)
C  [ntdll.dll+0x5dcda]  (no source info available)
C  [ntdll.dll+0x5da8d]  (no source info available)
C  [KERNEL32.DLL+0x1e3bb]  (no source info available)
C  [ucrtbase.dll+0x205bc]  (no source info available)
C  [ucrtbase.dll+0x2045f]  (no source info available)
V  [jvm.dll+0x6d9b3c]  (no source info available)
V  [jvm.dll+0x6d9670]  (no source info available)
V  [jvm.dll+0x3da724]  (no source info available)
V  [jvm.dll+0x886d50]  (no source info available)
V  [jvm.dll+0x888077]  (no source info available)
V  [jvm.dll+0x8885a8]  (no source info available)
V  [jvm.dll+0x888843]  (no source info available)
V  [jvm.dll+0x8254cb]  (no source info available)
V  [jvm.dll+0x6df345]  (no source info available)
C  [ucrtbase.dll+0x21bb2]  (no source info available)
C  [KERNEL32.DLL+0x17344]  (no source info available)
C  [ntdll.dll+0x526b1]  (no source info available)


siginfo: EXCEPTION_ACCESS_VIOLATION (0xc0000005), writing address 0x0000000000000018


Registers:
RAX=0x000000987a18f000, RBX=0x000000987adfec28, RCX=0x0000000000000010, RDX=0x0000000000000010
RSP=0x000000987adfeba0, RBP=0x000001dde2686cc8, RSI=0x000000987adfede0, RDI=0x000001dde350c0a0
R8 =0x000000000000003a, R9 =0x000000000000003a, R10=0x0000000000000038, R11=0x000000987adfeae0
R12=0x00007ffeb7c75960, R13=0x00007ffec711c6e0, R14=0x00000bd3ef42b780, R15=0x000001dde2686590
RIP=0x00007fff224bfaad, EFLAGS=0x0000000000010206


Register to memory mapping:

RAX=0x000000987a18f000 points into unknown readable memory: 0x0000000000000000 | 00 00 00 00 00 00 00 00
RBX=0x000000987adfec28 points into unknown readable memory: 0x0000000000000010 | 10 00 00 00 00 00 00 00
RCX=0x0000000000000010 is an unknown value
RDX=0x0000000000000010 is an unknown value
RSP=0x000000987adfeba0 points into unknown readable memory: 0x0000000000000000 | 00 00 00 00 00 00 00 00
RBP=0x000001dde2686cc8 points into unknown readable memory: 0x00000bd3ef42b780 | 80 b7 42 ef d3 0b 00 00
RSI=0x000000987adfede0 points into unknown readable memory: 0x000000987adfee00 | 00 ee df 7a 98 00 00 00
RDI=0x000001dde350c0a0 points into unknown readable memory: 0x00007ffeb51e4e00 | 00 4e 1e b5 fe 7f 00 00
R8 =0x000000000000003a is an unknown value
R9 =0x000000000000003a is an unknown value
R10=0x0000000000000038 is an unknown value
R11=0x000000987adfeae0 points into unknown readable memory: 0x000001dde2686cc8 | c8 6c 68 e2 dd 01 00 00
R12=0x00007ffeb7c75960 opencv_java4110.dll
R13=0x00007ffec711c6e0 jvm.dll
R14=0x00000bd3ef42b780 is an unknown value
R15=0x000001dde2686590 points into unknown readable memory: 0x0000742d5885e40c | 0c e4 85 58 2d 74 00 00

Top of Stack: (sp=0x000000987adfeba0)
0x000000987adfeba0:   0000000000000000 000001dd9cdc5ce0
0x000000987adfebb0:   0000000000000000 0000000000000000
0x000000987adfebc0:   000001dde2cc3090 00007ffeb4dd04e9
0x000000987adfebd0:   0000000000000000 000001dde2c525a0
0x000000987adfebe0:   0000000000002000 00007fff224b5ba1
0x000000987adfebf0:   0000000000000000 00007ffeb4db8868
0x000000987adfec00:   00007ffec711c6e0 00007ffeb7c75960
0x000000987adfec10:   000001dd9cdc7440 00007fff224b47b1
0x000000987adfec20:   fffffffffffffffe 0000000000000010
0x000000987adfec30:   00000b4b959d5d01 000001dde2bb25d0
0x000000987adfec40:   000001dd9cb22d70 00007ffeb4db2455
0x000000987adfec50:   000001ddfcec0000 000001dde350c0a0
0x000000987adfec60:   000001dde2686cc8 0000000000000000
0x000000987adfec70:   000001dde2d91430 00007ffeb6eb2b89
0x000000987adfec80:   000001dd9cb23670 00000bd3ef42b780
0x000000987adfec90:   00007ffec711c6e0 00007ffeb7c75960
0x000000987adfeca0:   000001dde2bb4680 00007fff224b47b1
0x000000987adfecb0:   000001dd9cb23670 000001ddfcce0000
0x000000987adfecc0:   000001dde2686cc8 0000000000000000
0x000000987adfecd0:   0000000000000000 00000b4b959d5b00
0x000000987adfece0:   000001dde2d91430 00007ffeb6e9be11
0x000000987adfecf0:   00007ffeb8875508 000001dde2d91420
0x000000987adfed00:   000001dde2c53470 000001dde2bb4750
0x000000987adfed10:   00000000ffffffff 00007ffeb7daf2c0
0x000000987adfed20:   000001dde2d91430 000001dde2d91420
0x000000987adfed30:   000000987adfede0 000001dde2e54ec0
0x000000987adfed40:   000001dde2686cb0 00007ffeb7cc4577
0x000000987adfed50:   000001dde2686590 000001dde7fe4f50
0x000000987adfed60:   000001ddfcce8c98 0000000000000167
0x000000987adfed70:   0000000000000001 00007ffeb5770000
0x000000987adfed80:   000000987adfede0 00007ffeb7cc4325
0x000000987adfed90:   000000987adfee10 000000987adfeeb0 

Instructions: (pc=0x00007fff224bfaad)
0x00007fff224bf9ad:   48 b8 7f 7f 7f 7f 7f 7f 7f 7f 41 8b c8 48 0b cb
0x00007fff224bf9bd:   48 23 c8 83 e6 1f 49 89 8c f4 40 a5 16 00 48 81
0x00007fff224bf9cd:   c4 98 00 00 00 41 5f 41 5e 41 5d 41 5c 5f 5e 5b
0x00007fff224bf9dd:   5d c3 cc 33 d2 41 8b c6 41 f7 f0 44 8b c8 e9 d6
0x00007fff224bf9ed:   fc ff ff 41 8d 57 ff 41 85 d7 0f 84 13 38 08 00
0x00007fff224bf9fd:   41 b8 00 10 00 00 41 b9 ff ff 00 00 e9 3c 38 08
0x00007fff224bfa0d:   00 cc cc cc cc cc cc 48 8b c4 48 89 58 08 48 89
0x00007fff224bfa1d:   68 10 48 89 70 18 48 89 78 20 41 56 48 83 ec 20
0x00007fff224bfa2d:   40 8a ea 4c 8d 35 99 d1 13 00 48 8b f1 33 db 48
0x00007fff224bfa3d:   8d 0d 9d d1 13 00 e8 58 00 00 00 4c 8b 05 81 d1
0x00007fff224bfa4d:   13 00 4d 3b c6 0f 85 08 3b 08 00 48 85 db 75 33
0x00007fff224bfa5d:   48 8d 0d 7c d1 13 00 e8 c7 f7 ff ff 48 85 db 0f
0x00007fff224bfa6d:   85 23 3b 08 00 33 c0 48 8b 5c 24 30 48 8b 6c 24
0x00007fff224bfa7d:   38 48 8b 74 24 40 48 8b 7c 24 48 48 83 c4 20 41
0x00007fff224bfa8d:   5e c3 cc f0 ff 43 3c eb c7 cc cc cc cc cc cc cc
0x00007fff224bfa9d:   cc cc cc 48 83 ec 28 65 48 8b 04 25 30 00 00 00
0x00007fff224bfaad:   f0 0f ba 71 08 00 48 8b 40 48 73 13 48 89 41 10
0x00007fff224bfabd:   33 c0 c7 41 0c 01 00 00 00 48 83 c4 28 c3 cc 48
0x00007fff224bfacd:   39 41 10 75 0b ff 41 0c 33 c0 48 83 c4 28 c3 cc
0x00007fff224bfadd:   e8 0e 00 00 00 eb e2 cc cc cc cc cc cc cc cc cc
0x00007fff224bfaed:   cc cc cc 48 89 5c 24 18 55 56 57 41 54 41 55 41
0x00007fff224bfafd:   56 41 57 48 83 ec 20 8b 41 20 48 8b f1 48 0f ba
0x00007fff224bfb0d:   e0 1a 0f 82 df 01 00 00 33 ff 40 32 ed 66 83 3c
0x00007fff224bfb1d:   25 6a 03 fe 7f 01 76 19 48 8b 7e 20 48 8b c7 81
0x00007fff224bfb2d:   e7 ff ff ff 00 25 00 00 00 02 48 85 c0 40 0f 95
0x00007fff224bfb3d:   c5 45 32 ff b0 01 45 32 e4 41 bd 01 00 00 00 45
0x00007fff224bfb4d:   33 c0 ba 6a 03 fe 7f 84 c0 0f 84 14 01 00 00 8b
0x00007fff224bfb5d:   46 08 4c 8d 4e 08 45 84 e4 41 be 03 00 00 00 45
0x00007fff224bfb6d:   0f 44 f5 41 84 c5 0f 85 e2 00 00 00 8d 0c bf 03
0x00007fff224bfb7d:   c9 66 44 39 2a 0f 86 e8 00 00 00 4d 85 c9 74 0e
0x00007fff224bfb8d:   80 3c 25 97 02 fe 7f 00 0f 85 29 3a 08 00 0f b7
0x00007fff224bfb9d:   1c 25 d6 02 fe 7f 83 fb 0c 0f 85 a2 00 00 00 b8 


Stack slot to memory mapping:

stack at sp + 0 slots: 0x0 is null
stack at sp + 1 slots: 0x000001dd9cdc5ce0 points into unknown readable memory: 0x000001dde293b6f0 | f0 b6 93 e2 dd 01 00 00
stack at sp + 2 slots: 0x0 is null
stack at sp + 3 slots: 0x0 is null
stack at sp + 4 slots: 0x000001dde2cc3090 points into unknown readable memory: 0x000001ddfcec21c0 | c0 21 ec fc dd 01 00 00
stack at sp + 5 slots: 0x00007ffeb4dd04e9 points into unknown readable memory: 48 8b c3 48 83 c4 20
stack at sp + 6 slots: 0x0 is null
stack at sp + 7 slots: 0x000001dde2c525a0 points into unknown readable memory: 0x000001dde2cc3090 | 90 30 cc e2 dd 01 00 00

VM_Operation (0x000000987b7ff4c0): Exit, mode: safepoint, requested by thread 0x000001dde2b60b10


---------------  P R O C E S S  ---------------

Threads class SMR info:
_java_thread_list=0x000001dde2a58280, length=20, elements={
0x000001ddff0295d0, 0x000001dd9c9ae180, 0x000001dd9c9af0a0, 0x000001dd9c9b10f0,
0x000001dd9c9b3c60, 0x000001dd9c9b46c0, 0x000001dd9c9b8620, 0x000001dd9c9bb9d0,
0x000001dd9c9bc480, 0x000001dd9caab790, 0x000001dde27128f0, 0x000001dd9cdfb410,
0x000001dde2eda010, 0x000001dde28fb760, 0x000001dde2f972f0, 0x000001dde21200d0,
0x000001dde2120740, 0x000001dde2c3eca0, 0x000001dde2b62550, 0x000001dde2b60b10
}

Java Threads: ( => current thread )
  0x000001ddff0295d0 JavaThread "main"                              [_thread_blocked, id=8136, stack(0x000000987a600000,0x000000987a700000) (1024K)]
  0x000001dd9c9ae180 JavaThread "Reference Handler"          daemon [_thread_blocked, id=4512, stack(0x000000987ae00000,0x000000987af00000) (1024K)]
  0x000001dd9c9af0a0 JavaThread "Finalizer"                  daemon [_thread_blocked, id=10512, stack(0x000000987af00000,0x000000987b000000) (1024K)]
  0x000001dd9c9b10f0 JavaThread "Signal Dispatcher"          daemon [_thread_blocked, id=1668, stack(0x000000987b000000,0x000000987b100000) (1024K)]
  0x000001dd9c9b3c60 JavaThread "Attach Listener"            daemon [_thread_blocked, id=1796, stack(0x000000987b100000,0x000000987b200000) (1024K)]
  0x000001dd9c9b46c0 JavaThread "Service Thread"             daemon [_thread_blocked, id=9016, stack(0x000000987b200000,0x000000987b300000) (1024K)]
  0x000001dd9c9b8620 JavaThread "Monitor Deflation Thread"   daemon [_thread_blocked, id=6812, stack(0x000000987b300000,0x000000987b400000) (1024K)]
  0x000001dd9c9bb9d0 JavaThread "C2 CompilerThread0"         daemon [_thread_blocked, id=11096, stack(0x000000987b400000,0x000000987b500000) (1024K)]
  0x000001dd9c9bc480 JavaThread "C1 CompilerThread0"         daemon [_thread_blocked, id=11128, stack(0x000000987b500000,0x000000987b600000) (1024K)]
  0x000001dd9caab790 JavaThread "Common-Cleaner"             daemon [_thread_blocked, id=4420, stack(0x000000987b600000,0x000000987b700000) (1024K)]
  0x000001dde27128f0 JavaThread "Monitor Ctrl-Break"         daemon [_thread_in_native, id=704, stack(0x000000987b800000,0x000000987b900000) (1024K)]
  0x000001dd9cdfb410 JavaThread "Notification Thread"        daemon [_thread_blocked, id=5060, stack(0x000000987b900000,0x000000987ba00000) (1024K)]
  0x000001dde2eda010 JavaThread "QuantumRenderer-0"          daemon [_thread_blocked, id=10408, stack(0x000000987ba00000,0x000000987bb00000) (1024K)]
  0x000001dde28fb760 JavaThread "InvokeLaterDispatcher"      daemon [_thread_blocked, id=10324, stack(0x000000987be00000,0x000000987bf00000) (1024K)]
  0x000001dde2f972f0 JavaThread "JavaFX Application Thread"         [_thread_in_native, id=10384, stack(0x000000987bf00000,0x000000987c000000) (1024K)]
  0x000001dde21200d0 JavaThread "Thread-1"                   daemon [_thread_in_native, id=9312, stack(0x000000987c300000,0x000000987c400000) (1024K)]
  0x000001dde2120740 JavaThread "JavaFX-Launcher"                   [_thread_blocked, id=2260, stack(0x000000987c400000,0x000000987c500000) (1024K)]
  0x000001dde2c3eca0 JavaThread "Prism Font Disposer"        daemon [_thread_blocked, id=4460, stack(0x000000987c800000,0x000000987c900000) (1024K)]
  0x000001dde2b62550 JavaThread "Cleaner-0"                  daemon [_thread_blocked, id=9296, stack(0x000000987c900000,0x000000987ca00000) (1024K)]
  0x000001dde2b60b10 JavaThread "SIGINT handler"             daemon [_thread_blocked, id=11192, stack(0x000000987b700000,0x000000987b800000) (1024K)]
Total: 20

Other Threads:
=>0x000001dd9c9960c0 VMThread "VM Thread"                           [id=10516, stack(0x000000987ad00000,0x000000987ae00000) (1024K)]
  0x000001ddff07d520 WorkerThread "GC Thread#0"                     [id=9660, stack(0x000000987a700000,0x000000987a800000) (1024K)]
  0x000001dde2c08370 WorkerThread "GC Thread#1"                     [id=8576, stack(0x000000987bb00000,0x000000987bc00000) (1024K)]
  0x000001dde28f6bd0 WorkerThread "GC Thread#2"                     [id=10804, stack(0x000000987bc00000,0x000000987bd00000) (1024K)]
  0x000001dde28f6f80 WorkerThread "GC Thread#3"                     [id=10388, stack(0x000000987bd00000,0x000000987be00000) (1024K)]
  0x000001ddff08d590 ConcurrentGCThread "G1 Main Marker"            terminated
  0x000001ddff08e840 WorkerThread "G1 Conc#0"                       [id=11020, stack(0x000000987a900000,0x000000987aa00000) (1024K)]
  0x000001dd9c8610a0 ConcurrentGCThread "G1 Refine#0"               terminated
  0x000001ddff0f0f10 ConcurrentGCThread "G1 Service"                terminated
Total: 9

Threads with active compile tasks:
Total: 0

VM state: at safepoint (shutting down)

VM Mutex/Monitor currently owned by a thread:  ([mutex/lock_event])
[0x00007ffec70f4888] Threads_lock - owner thread: 0x000001dd9c9960c0
[0x00007ffec70f4988] Heap_lock - owner thread: 0x000001dde2b60b10

Heap address: 0x0000000741400000, size: 3052 MB, Compressed Oops mode: Zero based, Oop shift amount: 3

CDS archive(s) mapped at: [0x000001dd9d000000-0x000001dd9dd70000-0x000001dd9dd70000), size 14090240, SharedBaseAddress: 0x000001dd9d000000, ArchiveRelocationMode: 1.
Compressed class space mapped at: 0x000001dd9e000000-0x000001ddde000000, reserved size: 1073741824
Narrow klass base: 0x000001dd9d000000, Narrow klass shift: 0, Narrow klass range: 0x41000000

GC Precious Log:
 CardTable entry size: 512
 Card Set container configuration: InlinePtr #cards 4 size 8 Array Of Cards #cards 16 size 48 Howl #buckets 8 coarsen threshold 3686 Howl Bitmap #cards 512 size 80 coarsen threshold 460 Card regions per heap region 1 cards per card region 4096
 CPUs: 4 total, 4 available
 Memory: 12203M
 Large Page Support: Disabled
 NUMA Support: Disabled
 Compressed Oops: Enabled (Zero based)
 Heap Region Size: 2M
 Heap Min Capacity: 8M
 Heap Initial Capacity: 192M
 Heap Max Capacity: 3052M
 Pre-touch: Disabled
 Parallel Workers: 4
 Concurrent Workers: 1
 Concurrent Refinement Workers: 4
 Periodic GC: Disabled

Heap:
 garbage-first heap   total reserved 3125248K, committed 196608K, used 30762K [0x0000000741400000, 0x0000000800000000)
  region size 2048K, 14 young (28672K), 1 survivors (2048K)
 Metaspace       used 11311K, committed 11520K, reserved 1114112K
  class space    used 1545K, committed 1664K, reserved 1048576K

Heap Regions: E=young(eden), S=young(survivor), O=old, HS=humongous(starts), HC=humongous(continues), CS=collection set, F=free, TAMS=top-at-mark-start, PB=parsable bottom
|   0|0x0000000741400000, 0x0000000741600000, 0x0000000741600000|100%| O|  |TAMS 0x0000000741400000| PB 0x0000000741400000| Untracked |  0
|   1|0x0000000741600000, 0x0000000741659bf0, 0x0000000741800000| 17%| O|  |TAMS 0x0000000741600000| PB 0x0000000741600000| Untracked |  0
|   2|0x0000000741800000, 0x0000000741a00000, 0x0000000741a00000|100%|HS|  |TAMS 0x0000000741800000| PB 0x0000000741800000| Complete |  0
|   3|0x0000000741a00000, 0x0000000741a00000, 0x0000000741c00000|  0%| F|  |TAMS 0x0000000741a00000| PB 0x0000000741a00000| Untracked |  0
|   4|0x0000000741c00000, 0x0000000741c00000, 0x0000000741e00000|  0%| F|  |TAMS 0x0000000741c00000| PB 0x0000000741c00000| Untracked |  0
|   5|0x0000000741e00000, 0x0000000741e00000, 0x0000000742000000|  0%| F|  |TAMS 0x0000000741e00000| PB 0x0000000741e00000| Untracked |  0
|   6|0x0000000742000000, 0x0000000742000000, 0x0000000742200000|  0%| F|  |TAMS 0x0000000742000000| PB 0x0000000742000000| Untracked |  0
|   7|0x0000000742200000, 0x0000000742200000, 0x0000000742400000|  0%| F|  |TAMS 0x0000000742200000| PB 0x0000000742200000| Untracked |  0
|   8|0x0000000742400000, 0x0000000742400000, 0x0000000742600000|  0%| F|  |TAMS 0x0000000742400000| PB 0x0000000742400000| Untracked |  0
|   9|0x0000000742600000, 0x0000000742600000, 0x0000000742800000|  0%| F|  |TAMS 0x0000000742600000| PB 0x0000000742600000| Untracked |  0
|  10|0x0000000742800000, 0x0000000742800000, 0x0000000742a00000|  0%| F|  |TAMS 0x0000000742800000| PB 0x0000000742800000| Untracked |  0
|  11|0x0000000742a00000, 0x0000000742a00000, 0x0000000742c00000|  0%| F|  |TAMS 0x0000000742a00000| PB 0x0000000742a00000| Untracked |  0
|  12|0x0000000742c00000, 0x0000000742c00000, 0x0000000742e00000|  0%| F|  |TAMS 0x0000000742c00000| PB 0x0000000742c00000| Untracked |  0
|  13|0x0000000742e00000, 0x0000000742e00000, 0x0000000743000000|  0%| F|  |TAMS 0x0000000742e00000| PB 0x0000000742e00000| Untracked |  0
|  14|0x0000000743000000, 0x0000000743000000, 0x0000000743200000|  0%| F|  |TAMS 0x0000000743000000| PB 0x0000000743000000| Untracked |  0
|  15|0x0000000743200000, 0x0000000743200000, 0x0000000743400000|  0%| F|  |TAMS 0x0000000743200000| PB 0x0000000743200000| Untracked |  0
|  16|0x0000000743400000, 0x0000000743400000, 0x0000000743600000|  0%| F|  |TAMS 0x0000000743400000| PB 0x0000000743400000| Untracked |  0
|  17|0x0000000743600000, 0x0000000743600000, 0x0000000743800000|  0%| F|  |TAMS 0x0000000743600000| PB 0x0000000743600000| Untracked |  0
|  18|0x0000000743800000, 0x0000000743800000, 0x0000000743a00000|  0%| F|  |TAMS 0x0000000743800000| PB 0x0000000743800000| Untracked |  0
|  19|0x0000000743a00000, 0x0000000743a00000, 0x0000000743c00000|  0%| F|  |TAMS 0x0000000743a00000| PB 0x0000000743a00000| Untracked |  0
|  20|0x0000000743c00000, 0x0000000743c00000, 0x0000000743e00000|  0%| F|  |TAMS 0x0000000743c00000| PB 0x0000000743c00000| Untracked |  0
|  21|0x0000000743e00000, 0x0000000743e00000, 0x0000000744000000|  0%| F|  |TAMS 0x0000000743e00000| PB 0x0000000743e00000| Untracked |  0
|  22|0x0000000744000000, 0x0000000744000000, 0x0000000744200000|  0%| F|  |TAMS 0x0000000744000000| PB 0x0000000744000000| Untracked |  0
|  23|0x0000000744200000, 0x0000000744200000, 0x0000000744400000|  0%| F|  |TAMS 0x0000000744200000| PB 0x0000000744200000| Untracked |  0
|  24|0x0000000744400000, 0x0000000744400000, 0x0000000744600000|  0%| F|  |TAMS 0x0000000744400000| PB 0x0000000744400000| Untracked |  0
|  25|0x0000000744600000, 0x0000000744600000, 0x0000000744800000|  0%| F|  |TAMS 0x0000000744600000| PB 0x0000000744600000| Untracked |  0
|  26|0x0000000744800000, 0x0000000744800000, 0x0000000744a00000|  0%| F|  |TAMS 0x0000000744800000| PB 0x0000000744800000| Untracked |  0
|  27|0x0000000744a00000, 0x0000000744a00000, 0x0000000744c00000|  0%| F|  |TAMS 0x0000000744a00000| PB 0x0000000744a00000| Untracked |  0
|  28|0x0000000744c00000, 0x0000000744c00000, 0x0000000744e00000|  0%| F|  |TAMS 0x0000000744c00000| PB 0x0000000744c00000| Untracked |  0
|  29|0x0000000744e00000, 0x0000000744e00000, 0x0000000745000000|  0%| F|  |TAMS 0x0000000744e00000| PB 0x0000000744e00000| Untracked |  0
|  30|0x0000000745000000, 0x0000000745000000, 0x0000000745200000|  0%| F|  |TAMS 0x0000000745000000| PB 0x0000000745000000| Untracked |  0
|  31|0x0000000745200000, 0x0000000745200000, 0x0000000745400000|  0%| F|  |TAMS 0x0000000745200000| PB 0x0000000745200000| Untracked |  0
|  32|0x0000000745400000, 0x0000000745400000, 0x0000000745600000|  0%| F|  |TAMS 0x0000000745400000| PB 0x0000000745400000| Untracked |  0
|  33|0x0000000745600000, 0x0000000745600000, 0x0000000745800000|  0%| F|  |TAMS 0x0000000745600000| PB 0x0000000745600000| Untracked |  0
|  34|0x0000000745800000, 0x0000000745800000, 0x0000000745a00000|  0%| F|  |TAMS 0x0000000745800000| PB 0x0000000745800000| Untracked |  0
|  35|0x0000000745a00000, 0x0000000745a00000, 0x0000000745c00000|  0%| F|  |TAMS 0x0000000745a00000| PB 0x0000000745a00000| Untracked |  0
|  36|0x0000000745c00000, 0x0000000745c00000, 0x0000000745e00000|  0%| F|  |TAMS 0x0000000745c00000| PB 0x0000000745c00000| Untracked |  0
|  37|0x0000000745e00000, 0x0000000745e00000, 0x0000000746000000|  0%| F|  |TAMS 0x0000000745e00000| PB 0x0000000745e00000| Untracked |  0
|  38|0x0000000746000000, 0x0000000746000000, 0x0000000746200000|  0%| F|  |TAMS 0x0000000746000000| PB 0x0000000746000000| Untracked |  0
|  39|0x0000000746200000, 0x0000000746200000, 0x0000000746400000|  0%| F|  |TAMS 0x0000000746200000| PB 0x0000000746200000| Untracked |  0
|  40|0x0000000746400000, 0x0000000746400000, 0x0000000746600000|  0%| F|  |TAMS 0x0000000746400000| PB 0x0000000746400000| Untracked |  0
|  41|0x0000000746600000, 0x0000000746600000, 0x0000000746800000|  0%| F|  |TAMS 0x0000000746600000| PB 0x0000000746600000| Untracked |  0
|  42|0x0000000746800000, 0x0000000746800000, 0x0000000746a00000|  0%| F|  |TAMS 0x0000000746800000| PB 0x0000000746800000| Untracked |  0
|  43|0x0000000746a00000, 0x0000000746a00000, 0x0000000746c00000|  0%| F|  |TAMS 0x0000000746a00000| PB 0x0000000746a00000| Untracked |  0
|  44|0x0000000746c00000, 0x0000000746c00000, 0x0000000746e00000|  0%| F|  |TAMS 0x0000000746c00000| PB 0x0000000746c00000| Untracked |  0
|  45|0x0000000746e00000, 0x0000000746e00000, 0x0000000747000000|  0%| F|  |TAMS 0x0000000746e00000| PB 0x0000000746e00000| Untracked |  0
|  46|0x0000000747000000, 0x0000000747000000, 0x0000000747200000|  0%| F|  |TAMS 0x0000000747000000| PB 0x0000000747000000| Untracked |  0
|  47|0x0000000747200000, 0x0000000747200000, 0x0000000747400000|  0%| F|  |TAMS 0x0000000747200000| PB 0x0000000747200000| Untracked |  0
|  48|0x0000000747400000, 0x0000000747400000, 0x0000000747600000|  0%| F|  |TAMS 0x0000000747400000| PB 0x0000000747400000| Untracked |  0
|  49|0x0000000747600000, 0x0000000747600000, 0x0000000747800000|  0%| F|  |TAMS 0x0000000747600000| PB 0x0000000747600000| Untracked |  0
|  50|0x0000000747800000, 0x0000000747800000, 0x0000000747a00000|  0%| F|  |TAMS 0x0000000747800000| PB 0x0000000747800000| Untracked |  0
|  51|0x0000000747a00000, 0x0000000747a00000, 0x0000000747c00000|  0%| F|  |TAMS 0x0000000747a00000| PB 0x0000000747a00000| Untracked |  0
|  52|0x0000000747c00000, 0x0000000747c00000, 0x0000000747e00000|  0%| F|  |TAMS 0x0000000747c00000| PB 0x0000000747c00000| Untracked |  0
|  53|0x0000000747e00000, 0x0000000747e00000, 0x0000000748000000|  0%| F|  |TAMS 0x0000000747e00000| PB 0x0000000747e00000| Untracked |  0
|  54|0x0000000748000000, 0x0000000748000000, 0x0000000748200000|  0%| F|  |TAMS 0x0000000748000000| PB 0x0000000748000000| Untracked |  0
|  55|0x0000000748200000, 0x0000000748200000, 0x0000000748400000|  0%| F|  |TAMS 0x0000000748200000| PB 0x0000000748200000| Untracked |  0
|  56|0x0000000748400000, 0x0000000748400000, 0x0000000748600000|  0%| F|  |TAMS 0x0000000748400000| PB 0x0000000748400000| Untracked |  0
|  57|0x0000000748600000, 0x0000000748600000, 0x0000000748800000|  0%| F|  |TAMS 0x0000000748600000| PB 0x0000000748600000| Untracked |  0
|  58|0x0000000748800000, 0x0000000748800000, 0x0000000748a00000|  0%| F|  |TAMS 0x0000000748800000| PB 0x0000000748800000| Untracked |  0
|  59|0x0000000748a00000, 0x0000000748a00000, 0x0000000748c00000|  0%| F|  |TAMS 0x0000000748a00000| PB 0x0000000748a00000| Untracked |  0
|  60|0x0000000748c00000, 0x0000000748c00000, 0x0000000748e00000|  0%| F|  |TAMS 0x0000000748c00000| PB 0x0000000748c00000| Untracked |  0
|  61|0x0000000748e00000, 0x0000000748e00000, 0x0000000749000000|  0%| F|  |TAMS 0x0000000748e00000| PB 0x0000000748e00000| Untracked |  0
|  62|0x0000000749000000, 0x0000000749000000, 0x0000000749200000|  0%| F|  |TAMS 0x0000000749000000| PB 0x0000000749000000| Untracked |  0
|  63|0x0000000749200000, 0x0000000749200000, 0x0000000749400000|  0%| F|  |TAMS 0x0000000749200000| PB 0x0000000749200000| Untracked |  0
|  64|0x0000000749400000, 0x0000000749400000, 0x0000000749600000|  0%| F|  |TAMS 0x0000000749400000| PB 0x0000000749400000| Untracked |  0
|  65|0x0000000749600000, 0x0000000749600000, 0x0000000749800000|  0%| F|  |TAMS 0x0000000749600000| PB 0x0000000749600000| Untracked |  0
|  66|0x0000000749800000, 0x0000000749800000, 0x0000000749a00000|  0%| F|  |TAMS 0x0000000749800000| PB 0x0000000749800000| Untracked |  0
|  67|0x0000000749a00000, 0x0000000749a00000, 0x0000000749c00000|  0%| F|  |TAMS 0x0000000749a00000| PB 0x0000000749a00000| Untracked |  0
|  68|0x0000000749c00000, 0x0000000749c00000, 0x0000000749e00000|  0%| F|  |TAMS 0x0000000749c00000| PB 0x0000000749c00000| Untracked |  0
|  69|0x0000000749e00000, 0x0000000749e00000, 0x000000074a000000|  0%| F|  |TAMS 0x0000000749e00000| PB 0x0000000749e00000| Untracked |  0
|  70|0x000000074a000000, 0x000000074a000000, 0x000000074a200000|  0%| F|  |TAMS 0x000000074a000000| PB 0x000000074a000000| Untracked |  0
|  71|0x000000074a200000, 0x000000074a200000, 0x000000074a400000|  0%| F|  |TAMS 0x000000074a200000| PB 0x000000074a200000| Untracked |  0
|  72|0x000000074a400000, 0x000000074a400000, 0x000000074a600000|  0%| F|  |TAMS 0x000000074a400000| PB 0x000000074a400000| Untracked |  0
|  73|0x000000074a600000, 0x000000074a600000, 0x000000074a800000|  0%| F|  |TAMS 0x000000074a600000| PB 0x000000074a600000| Untracked |  0
|  74|0x000000074a800000, 0x000000074a800000, 0x000000074aa00000|  0%| F|  |TAMS 0x000000074a800000| PB 0x000000074a800000| Untracked |  0
|  75|0x000000074aa00000, 0x000000074aa00000, 0x000000074ac00000|  0%| F|  |TAMS 0x000000074aa00000| PB 0x000000074aa00000| Untracked |  0
|  76|0x000000074ac00000, 0x000000074ac00000, 0x000000074ae00000|  0%| F|  |TAMS 0x000000074ac00000| PB 0x000000074ac00000| Untracked |  0
|  77|0x000000074ae00000, 0x000000074ae00000, 0x000000074b000000|  0%| F|  |TAMS 0x000000074ae00000| PB 0x000000074ae00000| Untracked |  0
|  78|0x000000074b000000, 0x000000074b000000, 0x000000074b200000|  0%| F|  |TAMS 0x000000074b000000| PB 0x000000074b000000| Untracked |  0
|  79|0x000000074b200000, 0x000000074b200000, 0x000000074b400000|  0%| F|  |TAMS 0x000000074b200000| PB 0x000000074b200000| Untracked |  0
|  80|0x000000074b400000, 0x000000074b400000, 0x000000074b600000|  0%| F|  |TAMS 0x000000074b400000| PB 0x000000074b400000| Untracked |  0
|  81|0x000000074b600000, 0x000000074b600000, 0x000000074b800000|  0%| F|  |TAMS 0x000000074b600000| PB 0x000000074b600000| Untracked |  0
|  82|0x000000074b800000, 0x000000074b94bf48, 0x000000074ba00000| 64%| E|  |TAMS 0x000000074b800000| PB 0x000000074b800000| Complete |  0
|  83|0x000000074ba00000, 0x000000074bc00000, 0x000000074bc00000|100%| E|CS|TAMS 0x000000074ba00000| PB 0x000000074ba00000| Complete |  0
|  84|0x000000074bc00000, 0x000000074be00000, 0x000000074be00000|100%| E|CS|TAMS 0x000000074bc00000| PB 0x000000074bc00000| Complete |  0
|  85|0x000000074be00000, 0x000000074c000000, 0x000000074c000000|100%| E|CS|TAMS 0x000000074be00000| PB 0x000000074be00000| Complete |  0
|  86|0x000000074c000000, 0x000000074c200000, 0x000000074c200000|100%| E|CS|TAMS 0x000000074c000000| PB 0x000000074c000000| Complete |  0
|  87|0x000000074c200000, 0x000000074c3b0df8, 0x000000074c400000| 84%| S|CS|TAMS 0x000000074c200000| PB 0x000000074c200000| Complete |  0
|  88|0x000000074c400000, 0x000000074c600000, 0x000000074c600000|100%| E|CS|TAMS 0x000000074c400000| PB 0x000000074c400000| Complete |  0
|  89|0x000000074c600000, 0x000000074c800000, 0x000000074c800000|100%| E|CS|TAMS 0x000000074c600000| PB 0x000000074c600000| Complete |  0
|  90|0x000000074c800000, 0x000000074ca00000, 0x000000074ca00000|100%| E|CS|TAMS 0x000000074c800000| PB 0x000000074c800000| Complete |  0
|  91|0x000000074ca00000, 0x000000074cc00000, 0x000000074cc00000|100%| E|CS|TAMS 0x000000074ca00000| PB 0x000000074ca00000| Complete |  0
|  92|0x000000074cc00000, 0x000000074ce00000, 0x000000074ce00000|100%| E|CS|TAMS 0x000000074cc00000| PB 0x000000074cc00000| Complete |  0
|  93|0x000000074ce00000, 0x000000074d000000, 0x000000074d000000|100%| E|CS|TAMS 0x000000074ce00000| PB 0x000000074ce00000| Complete |  0
|  94|0x000000074d000000, 0x000000074d200000, 0x000000074d200000|100%| E|CS|TAMS 0x000000074d000000| PB 0x000000074d000000| Complete |  0
|  95|0x000000074d200000, 0x000000074d400000, 0x000000074d400000|100%| E|CS|TAMS 0x000000074d200000| PB 0x000000074d200000| Complete |  0

Card table byte_map: [0x000001ddff700000,0x000001ddffd00000] _byte_map_base: 0x000001ddfbcf6000

Marking Bits: (CMBitMap*) 0x000001ddff07dc30
 Bits: [0x000001dd97680000, 0x000001dd9a630000)

Polling page: 0x000001ddfcf30000

Metaspace:

Usage:
  Non-class:      9.54 MB used.
      Class:      1.51 MB used.
       Both:     11.05 MB used.

Virtual space:
  Non-class space:       64.00 MB reserved,       9.62 MB ( 15%) committed,  1 nodes.
      Class space:        1.00 GB reserved,       1.62 MB ( <1%) committed,  1 nodes.
             Both:        1.06 GB reserved,      11.25 MB (  1%) committed. 

Chunk freelists:
   Non-Class:  4.88 MB
       Class:  14.39 MB
        Both:  19.27 MB

MaxMetaspaceSize: unlimited
CompressedClassSpaceSize: 1.00 GB
Initial GC threshold: 21.00 MB
Current GC threshold: 21.00 MB
CDS: on
 - commit_granule_bytes: 65536.
 - commit_granule_words: 8192.
 - virtual_space_node_default_size: 8388608.
 - enlarge_chunks_in_place: 1.
 - use_allocation_guard: 0.


Internal statistics:

num_allocs_failed_limit: 0.
num_arena_births: 218.
num_arena_deaths: 0.
num_vsnodes_births: 2.
num_vsnodes_deaths: 0.
num_space_committed: 180.
num_space_uncommitted: 0.
num_chunks_returned_to_freelist: 0.
num_chunks_taken_from_freelist: 626.
num_chunk_merges: 0.
num_chunk_splits: 420.
num_chunks_enlarged: 303.
num_inconsistent_stats: 0.

CodeHeap 'non-profiled nmethods': size=120064Kb used=554Kb max_used=554Kb free=119509Kb
 bounds [0x000001dd90140000, 0x000001dd903b0000, 0x000001dd97680000]
CodeHeap 'profiled nmethods': size=120000Kb used=2167Kb max_used=2167Kb free=117832Kb
 bounds [0x000001dd88680000, 0x000001dd888f0000, 0x000001dd8fbb0000]
CodeHeap 'non-nmethods': size=5696Kb used=2035Kb max_used=2049Kb free=3660Kb
 bounds [0x000001dd8fbb0000, 0x000001dd8fe20000, 0x000001dd90140000]
CodeCache: size=245760Kb, used=4756Kb, max_used=4770Kb, free=241001Kb
 total_blobs=2750, nmethods=1704, adapters=952, full_count=0
Compilation: enabled, stopped_count=0, restarted_count=0

Compilation events (20 events):
Event: 16.840 Thread 0x000001dd9c9bb9d0 nmethod 1693 0x000001dd901c8c88 code [0x000001dd901c8dc0, 0x000001dd901c90e8]
Event: 16.844 Thread 0x000001dd9c9bc480 nmethod 1696 0x000001dd8889b608 code [0x000001dd8889ba60, 0x000001dd8889d920]
Event: 16.844 Thread 0x000001dd9c9bc480 1697       1       com.sun.prism.impl.BaseGraphics::getCameraNoClone (5 bytes)
Event: 16.845 Thread 0x000001dd9c9bc480 nmethod 1697 0x000001dd901c9188 code [0x000001dd901c92a0, 0x000001dd901c9370]
Event: 16.845 Thread 0x000001dd9c9bc480 1698       1       com.sun.prism.impl.BaseGraphics::isState3D (5 bytes)
Event: 16.845 Thread 0x000001dd9c9bc480 nmethod 1698 0x000001dd901c9488 code [0x000001dd901c95a0, 0x000001dd901c9670]
Event: 16.845 Thread 0x000001dd9c9bc480 1700       3       java.lang.Float::floatToIntBits (15 bytes)
Event: 16.845 Thread 0x000001dd9c9bc480 nmethod 1700 0x000001dd8889da88 code [0x000001dd8889dbc0, 0x000001dd8889dde8]
Event: 16.845 Thread 0x000001dd9c9bc480 1701       1       com.sun.javafx.geom.transform.BaseTransform::getMxx (2 bytes)
Event: 16.845 Thread 0x000001dd9c9bc480 nmethod 1701 0x000001dd901c9788 code [0x000001dd901c98c0, 0x000001dd901c9990]
Event: 16.845 Thread 0x000001dd9c9bc480 1702       1       com.sun.javafx.geom.transform.BaseTransform::getMxy (2 bytes)
Event: 16.845 Thread 0x000001dd9c9bc480 nmethod 1702 0x000001dd901c9a88 code [0x000001dd901c9ba0, 0x000001dd901c9c68]
Event: 16.845 Thread 0x000001dd9c9bc480 1703       1       com.sun.javafx.geom.transform.BaseTransform::getMyx (2 bytes)
Event: 16.845 Thread 0x000001dd9c9bc480 nmethod 1703 0x000001dd901c9d88 code [0x000001dd901c9ea0, 0x000001dd901c9f68]
Event: 16.845 Thread 0x000001dd9c9bc480 1704       1       com.sun.javafx.geom.transform.BaseTransform::getMyy (2 bytes)
Event: 16.845 Thread 0x000001dd9c9bc480 nmethod 1704 0x000001dd901ca088 code [0x000001dd901ca1c0, 0x000001dd901ca290]
Event: 16.845 Thread 0x000001dd9c9bc480 1699       1       javafx.scene.layout.Background::getFills (5 bytes)
Event: 16.846 Thread 0x000001dd9c9bc480 nmethod 1699 0x000001dd901ca388 code [0x000001dd901ca4a0, 0x000001dd901ca570]
Event: 38.876 Thread 0x000001dd9c9bc480 1705       1       java.util.concurrent.CopyOnWriteArrayList::getArray (5 bytes)
Event: 38.876 Thread 0x000001dd9c9bc480 nmethod 1705 0x000001dd901ca688 code [0x000001dd901ca7a0, 0x000001dd901ca870]

GC Heap History (4 events):
Event: 1.171 GC heap before
{Heap before GC invocations=0 (full 0):
 garbage-first heap   total reserved 3125248K, committed 196608K, used 14336K [0x0000000741400000, 0x0000000800000000)
  region size 2048K, 7 young (14336K), 0 survivors (0K)
 Metaspace       used 2552K, committed 2688K, reserved 1114112K
  class space    used 278K, committed 320K, reserved 1048576K
}
Event: 1.176 GC heap after
{Heap after GC invocations=1 (full 0):
 garbage-first heap   total reserved 3125248K, committed 196608K, used 2432K [0x0000000741400000, 0x0000000800000000)
  region size 2048K, 1 young (2048K), 1 survivors (2048K)
 Metaspace       used 2552K, committed 2688K, reserved 1114112K
  class space    used 278K, committed 320K, reserved 1048576K
}
Event: 1.594 GC heap before
{Heap before GC invocations=1 (full 0):
 garbage-first heap   total reserved 3125248K, committed 196608K, used 14720K [0x0000000741400000, 0x0000000800000000)
  region size 2048K, 8 young (16384K), 1 survivors (2048K)
 Metaspace       used 5832K, committed 6016K, reserved 1114112K
  class space    used 699K, committed 768K, reserved 1048576K
}
Event: 1.602 GC heap after
{Heap after GC invocations=2 (full 0):
 garbage-first heap   total reserved 3125248K, committed 196608K, used 4138K [0x0000000741400000, 0x0000000800000000)
  region size 2048K, 1 young (2048K), 1 survivors (2048K)
 Metaspace       used 5832K, committed 6016K, reserved 1114112K
  class space    used 699K, committed 768K, reserved 1048576K
}

Dll operation events (20 events):
Event: 0.956 Loaded shared library D:\SCARCE\UNIVERSITY\PROJECTS\JAVA\OnslaughtUI\opencv\javafx-sdk-17.0.15\bin\api-ms-win-crt-math-l1-1-0.dll
Event: 0.964 Loaded shared library D:\SCARCE\UNIVERSITY\PROJECTS\JAVA\OnslaughtUI\opencv\javafx-sdk-17.0.15\bin\api-ms-win-crt-multibyte-l1-1-0.dll
Event: 0.971 Loaded shared library D:\SCARCE\UNIVERSITY\PROJECTS\JAVA\OnslaughtUI\opencv\javafx-sdk-17.0.15\bin\api-ms-win-crt-private-l1-1-0.dll
Event: 0.977 Loaded shared library D:\SCARCE\UNIVERSITY\PROJECTS\JAVA\OnslaughtUI\opencv\javafx-sdk-17.0.15\bin\api-ms-win-crt-process-l1-1-0.dll
Event: 0.984 Loaded shared library D:\SCARCE\UNIVERSITY\PROJECTS\JAVA\OnslaughtUI\opencv\javafx-sdk-17.0.15\bin\api-ms-win-crt-runtime-l1-1-0.dll
Event: 0.991 Loaded shared library D:\SCARCE\UNIVERSITY\PROJECTS\JAVA\OnslaughtUI\opencv\javafx-sdk-17.0.15\bin\api-ms-win-crt-stdio-l1-1-0.dll
Event: 0.999 Loaded shared library D:\SCARCE\UNIVERSITY\PROJECTS\JAVA\OnslaughtUI\opencv\javafx-sdk-17.0.15\bin\api-ms-win-crt-string-l1-1-0.dll
Event: 1.006 Loaded shared library D:\SCARCE\UNIVERSITY\PROJECTS\JAVA\OnslaughtUI\opencv\javafx-sdk-17.0.15\bin\api-ms-win-crt-time-l1-1-0.dll
Event: 1.013 Loaded shared library D:\SCARCE\UNIVERSITY\PROJECTS\JAVA\OnslaughtUI\opencv\javafx-sdk-17.0.15\bin\api-ms-win-crt-utility-l1-1-0.dll
Event: 1.021 Loaded shared library D:\SCARCE\UNIVERSITY\PROJECTS\JAVA\OnslaughtUI\opencv\javafx-sdk-17.0.15\bin\ucrtbase.dll
Event: 1.028 Loaded shared library D:\SCARCE\UNIVERSITY\PROJECTS\JAVA\OnslaughtUI\opencv\javafx-sdk-17.0.15\bin\vcruntime140.dll
Event: 1.035 Loaded shared library D:\SCARCE\UNIVERSITY\PROJECTS\JAVA\OnslaughtUI\opencv\javafx-sdk-17.0.15\bin\vcruntime140_1.dll
Event: 1.043 Loaded shared library D:\SCARCE\UNIVERSITY\PROJECTS\JAVA\OnslaughtUI\opencv\javafx-sdk-17.0.15\bin\msvcp140.dll
Event: 1.050 Loaded shared library D:\SCARCE\UNIVERSITY\PROJECTS\JAVA\OnslaughtUI\opencv\javafx-sdk-17.0.15\bin\msvcp140_1.dll
Event: 1.058 Loaded shared library D:\SCARCE\UNIVERSITY\PROJECTS\JAVA\OnslaughtUI\opencv\javafx-sdk-17.0.15\bin\msvcp140_2.dll
Event: 1.138 Loaded shared library D:\SCARCE\UNIVERSITY\PROJECTS\JAVA\OnslaughtUI\opencv\javafx-sdk-17.0.15\bin\prism_d3d.dll
Event: 1.197 Loaded shared library D:\SCARCE\UNIVERSITY\PROJECTS\JAVA\OnslaughtUI\opencv\javafx-sdk-17.0.15\bin\glass.dll
Event: 1.496 Loaded shared library D:\SCARCE\UNIVERSITY\PROJECTS\JAVA\OnslaughtUI\opencv\javafx-sdk-17.0.15\bin\javafx_font.dll
Event: 1.775 Loaded shared library C:\Program Files\java\jdk-23\bin\jimage.dll
Event: 3.570 Loaded shared library D:\SCARCE\UNIVERSITY\PROJECTS\JAVA\OnslaughtUI\opencv\opencv_master\build\java\x64\opencv_java4110.dll

Deoptimization events (20 events):
Event: 2.385 Thread 0x000001dde2eda010 Uncommon trap: trap_request=0xffffff45 fr.pc=0x000001dd90189c48 relative=0x0000000000000488
Event: 2.385 Thread 0x000001dde2eda010 Uncommon trap: reason=unstable_if action=reinterpret pc=0x000001dd90189c48 method=java.io.BufferedInputStream.implRead([BII)I @ 55 c2
Event: 2.385 Thread 0x000001dde2eda010 DEOPT PACKING pc=0x000001dd90189c48 sp=0x000000987bafdce0
Event: 2.385 Thread 0x000001dde2eda010 DEOPT UNPACKING pc=0x000001dd8fc04402 sp=0x000000987bafdcb8 mode 2
Event: 3.543 Thread 0x000001dde2b60480 Uncommon trap: trap_request=0xffffff45 fr.pc=0x000001dd901b5924 relative=0x0000000000000da4
Event: 3.543 Thread 0x000001dde2b60480 Uncommon trap: reason=unstable_if action=reinterpret pc=0x000001dd901b5924 method=java.util.concurrent.ConcurrentHashMap.putVal(Ljava/lang/Object;Ljava/lang/Object;Z)Ljava/lang/Object; @ 148 c2
Event: 3.543 Thread 0x000001dde2b60480 DEOPT PACKING pc=0x000001dd901b5924 sp=0x000000987b7fe390
Event: 3.543 Thread 0x000001dde2b60480 DEOPT UNPACKING pc=0x000001dd8fc04402 sp=0x000000987b7fe300 mode 2
Event: 3.544 Thread 0x000001dde2b60480 Uncommon trap: trap_request=0xffffff45 fr.pc=0x000001dd901b21d8 relative=0x0000000000000498
Event: 3.544 Thread 0x000001dde2b60480 Uncommon trap: reason=unstable_if action=reinterpret pc=0x000001dd901b21d8 method=java.lang.AbstractStringBuilder.append(C)Ljava/lang/AbstractStringBuilder; @ 21 c2
Event: 3.544 Thread 0x000001dde2b60480 DEOPT PACKING pc=0x000001dd901b21d8 sp=0x000000987b7fdd00
Event: 3.544 Thread 0x000001dde2b60480 DEOPT UNPACKING pc=0x000001dd8fc04402 sp=0x000000987b7fdc98 mode 2
Event: 3.544 Thread 0x000001dde2b60480 Uncommon trap: trap_request=0xffffff45 fr.pc=0x000001dd901a9818 relative=0x00000000000004d8
Event: 3.544 Thread 0x000001dde2b60480 Uncommon trap: reason=unstable_if action=reinterpret pc=0x000001dd901a9818 method=java.lang.AbstractStringBuilder.isLatin1()Z @ 10 c2
Event: 3.544 Thread 0x000001dde2b60480 DEOPT PACKING pc=0x000001dd901a9818 sp=0x000000987b7fdcb0
Event: 3.544 Thread 0x000001dde2b60480 DEOPT UNPACKING pc=0x000001dd8fc04402 sp=0x000000987b7fdc40 mode 2
Event: 3.544 Thread 0x000001dde2b60480 Uncommon trap: trap_request=0xffffff45 fr.pc=0x000001dd90184880 relative=0x00000000000000e0
Event: 3.544 Thread 0x000001dde2b60480 Uncommon trap: reason=unstable_if action=reinterpret pc=0x000001dd90184880 method=java.lang.String.getBytes([BIB)V @ 5 c2
Event: 3.544 Thread 0x000001dde2b60480 DEOPT PACKING pc=0x000001dd90184880 sp=0x000000987b7fe8f0
Event: 3.544 Thread 0x000001dde2b60480 DEOPT UNPACKING pc=0x000001dd8fc04402 sp=0x000000987b7fe898 mode 2

Classes loaded (20 events):
Event: 2.402 Loading class java/nio/DirectFloatBufferU
Event: 2.402 Loading class java/nio/DirectFloatBufferU done
Event: 2.414 Loading class java/lang/FdLibm$Atan2
Event: 2.414 Loading class java/lang/FdLibm$Atan2 done
Event: 2.414 Loading class java/lang/FdLibm
Event: 2.414 Loading class java/lang/FdLibm done
Event: 2.898 Loading class java/util/EnumMap$Values
Event: 2.898 Loading class java/util/EnumMap$Values done
Event: 2.898 Loading class java/util/EnumMap$ValueIterator
Event: 2.898 Loading class java/util/EnumMap$EnumMapIterator
Event: 2.898 Loading class java/util/EnumMap$EnumMapIterator done
Event: 2.898 Loading class java/util/EnumMap$ValueIterator done
Event: 3.439 Loading class java/io/UnsupportedEncodingException
Event: 3.439 Loading class java/io/UnsupportedEncodingException done
Event: 6.368 Loading class jdk/internal/event/ThreadSleepEvent
Event: 6.368 Loading class jdk/internal/event/ThreadSleepEvent done
Event: 9.322 Loading class java/io/FileFilter
Event: 9.322 Loading class java/io/FileFilter done
Event: 38.874 Loading class jdk/internal/misc/Signal$1
Event: 38.874 Loading class jdk/internal/misc/Signal$1 done

Classes unloaded (0 events):
No events

Classes redefined (0 events):
No events

Internal exceptions (20 events):
Event: 1.395 Thread 0x000001dde2f972f0 Exception <a 'java/lang/NullPointerException'{0x000000074ca657a0}> (0x000000074ca657a0) 
thrown [s\open\src\hotspot\share\interpreter\linkResolver.cpp, line 1389]
Event: 1.440 Thread 0x000001dde2f972f0 Exception <a 'java/lang/ClassNotFoundException'{0x000000074cadd4b8}: com/sun/glass/ui/win/themes> (0x000000074cadd4b8) 
thrown [s\open\src\hotspot\share\prims\jni.cpp, line 539]
Event: 1.443 Thread 0x000001dde2f972f0 Exception <a 'java/lang/ClassNotFoundException'{0x000000074cae8e00}: com/sun/glass/ui/win/themes_en> (0x000000074cae8e00) 
thrown [s\open\src\hotspot\share\prims\jni.cpp, line 539]
Event: 1.443 Thread 0x000001dde2f972f0 Exception <a 'java/lang/ClassNotFoundException'{0x000000074caf0968}: com/sun/glass/ui/win/themes_en_US> (0x000000074caf0968) 
thrown [s\open\src\hotspot\share\prims\jni.cpp, line 539]
Event: 1.668 Thread 0x000001dde2f972f0 Exception <a 'java/lang/NoSuchMethodError'{0x000000074d3d8448}: 'void java.lang.invoke.DirectMethodHandle$Holder.invokeStaticInit(java.lang.Object, java.lang.Object)'> (0x000000074d3d8448) 
thrown [s\open\src\hotspot\share\interpreter\linkResolver.cpp, line 796]
Event: 1.845 Thread 0x000001dde2f972f0 Implicit null exception at 0x000001dd90191ead to 0x000001dd90192164
Event: 1.846 Thread 0x000001dde2f972f0 Implicit null exception at 0x000001dd9019122d to 0x000001dd901914d8
Event: 1.990 Thread 0x000001dde2f972f0 Implicit null exception at 0x000001dd9016521d to 0x000001dd9016529d
Event: 2.132 Thread 0x000001dde2f972f0 Exception <a 'java/lang/NoSuchMethodError'{0x000000074c54db80}: 'java.lang.Object java.lang.invoke.DirectMethodHandle$Holder.invokeInterface(java.lang.Object, java.lang.Object, java.lang.Object)'> (0x000000074c54db80) 
thrown [s\open\src\hotspot\share\interpreter\linkResolver.cpp, line 796]
Event: 2.132 Thread 0x000001dde2f972f0 Exception <a 'java/lang/IncompatibleClassChangeError'{0x000000074c551250}: Found class java.lang.Object, but interface was expected> (0x000000074c551250) 
thrown [s\open\src\hotspot\share\interpreter\linkResolver.cpp, line 863]
Event: 2.204 Thread 0x000001dde2f972f0 Exception <a 'java/lang/NoSuchMethodError'{0x000000074c0652d8}: 'int java.lang.invoke.DirectMethodHandle$Holder.invokeSpecial(java.lang.Object, java.lang.Object, int)'> (0x000000074c0652d8) 
thrown [s\open\src\hotspot\share\interpreter\linkResolver.cpp, line 796]
Event: 2.209 Thread 0x000001dde2f972f0 Exception <a 'java/lang/NoSuchMethodError'{0x000000074c07baa0}: 'java.lang.Object java.lang.invoke.DirectMethodHandle$Holder.invokeStatic(java.lang.Object, java.lang.Object, java.lang.Object, java.lang.Object, int)'> (0x000000074c07baa0) 
thrown [s\open\src\hotspot\share\interpreter\linkResolver.cpp, line 796]
Event: 2.210 Thread 0x000001dde2f972f0 Exception <a 'java/lang/NoSuchMethodError'{0x000000074c0841d8}: 'int java.lang.invoke.DirectMethodHandle$Holder.invokeSpecial(java.lang.Object, java.lang.Object, java.lang.Object)'> (0x000000074c0841d8) 
thrown [s\open\src\hotspot\share\interpreter\linkResolver.cpp, line 796]
Event: 2.232 Thread 0x000001dde2f972f0 Exception <a 'java/lang/NoSuchMethodError'{0x000000074c11cde0}: 'java.lang.Object java.lang.invoke.DirectMethodHandle$Holder.newInvokeSpecial(java.lang.Object, java.lang.Object, int)'> (0x000000074c11cde0) 
thrown [s\open\src\hotspot\share\interpreter\linkResolver.cpp, line 796]
Event: 2.277 Thread 0x000001dde2eda010 Exception <a 'java/lang/NoSuchMethodError'{0x000000074c1c98f8}: 'int java.lang.invoke.DirectMethodHandle$Holder.invokeStaticInit(java.lang.Object, java.lang.Object)'> (0x000000074c1c98f8) 
thrown [s\open\src\hotspot\share\interpreter\linkResolver.cpp, line 796]
Event: 3.462 Thread 0x000001dde2f972f0 Exception <a 'java/lang/NoSuchMethodError'{0x000000074bb6e1c0}: 'long java.lang.invoke.DirectMethodHandle$Holder.invokeStatic(java.lang.Object, java.lang.Object, java.lang.Object)'> (0x000000074bb6e1c0) 
thrown [s\open\src\hotspot\share\interpreter\linkResolver.cpp, line 796]
Event: 3.463 Thread 0x000001dde2f972f0 Exception <a 'java/lang/NoSuchMethodError'{0x000000074bb715d8}: 'long java.lang.invoke.DirectMethodHandle$Holder.invokeStaticInit(java.lang.Object, java.lang.Object, java.lang.Object)'> (0x000000074bb715d8) 
thrown [s\open\src\hotspot\share\interpreter\linkResolver.cpp, line 796]
Event: 3.468 Thread 0x000001dde2f972f0 Exception <a 'java/lang/NoSuchMethodError'{0x000000074bb86830}: 'java.lang.Object java.lang.invoke.DirectMethodHandle$Holder.newInvokeSpecial(java.lang.Object, java.lang.Object, long)'> (0x000000074bb86830) 
thrown [s\open\src\hotspot\share\interpreter\linkResolver.cpp, line 796]
Event: 3.469 Thread 0x000001dde2f972f0 Exception <a 'java/lang/NoSuchMethodError'{0x000000074bb8a190}: 'java.lang.Object java.lang.invoke.Invokers$Holder.linkToTargetMethod(java.lang.Object, long, java.lang.Object)'> (0x000000074bb8a190) 
thrown [s\open\src\hotspot\share\interpreter\linkResolver.cpp, line 796]
Event: 9.322 Thread 0x000001dde2b60480 Exception <a 'java/lang/NoSuchMethodError'{0x000000074b842b80}: 'int java.lang.invoke.DirectMethodHandle$Holder.invokeVirtual(java.lang.Object, java.lang.Object)'> (0x000000074b842b80) 
thrown [s\open\src\hotspot\share\interpreter\linkResolver.cpp, line 796]

VM Operations (13 events):
Event: 0.459 Executing VM operation: HandshakeAllThreads (Deoptimize)
Event: 0.459 Executing VM operation: HandshakeAllThreads (Deoptimize) done
Event: 1.171 Executing VM operation: G1CollectForAllocation (G1 Evacuation Pause)
Event: 1.176 Executing VM operation: G1CollectForAllocation (G1 Evacuation Pause) done
Event: 1.186 Executing VM operation: HandshakeAllThreads (Deoptimize)
Event: 1.186 Executing VM operation: HandshakeAllThreads (Deoptimize) done
Event: 1.510 Executing VM operation: HandshakeAllThreads (Deoptimize)
Event: 1.510 Executing VM operation: HandshakeAllThreads (Deoptimize) done
Event: 1.594 Executing VM operation: G1CollectForAllocation (G1 Evacuation Pause)
Event: 1.602 Executing VM operation: G1CollectForAllocation (G1 Evacuation Pause) done
Event: 3.574 Executing VM operation: HandshakeAllThreads (Deoptimize)
Event: 3.574 Executing VM operation: HandshakeAllThreads (Deoptimize) done
Event: 38.879 Executing VM operation: Exit

Memory protections (0 events):
No events

Nmethod flushes (0 events):
No events

Events (20 events):
Event: 0.544 Thread 0x000001ddff0295d0 Thread added: 0x000001dde27128f0
Event: 0.544 Thread 0x000001ddff0295d0 Thread added: 0x000001dd9cdfb410
Event: 1.122 Thread 0x000001ddff0295d0 Thread added: 0x000001dde2eda010
Event: 1.202 Thread 0x000001ddff0295d0 Thread added: 0x000001dde28fb760
Event: 1.210 Thread 0x000001ddff0295d0 Thread added: 0x000001dde2f972f0
Event: 1.316 Thread 0x000001dde21200d0 Thread added: 0x000001dde21200d0
Event: 1.318 Thread 0x000001ddff0295d0 Thread added: 0x000001dde2120740
Event: 1.934 Thread 0x000001dd9cbc7c50 Thread exited: 0x000001dd9cbc7c50
Event: 2.060 Thread 0x000001dd9c9bc480 Thread added: 0x000001dde2ea8fa0
Event: 2.113 Thread 0x000001dde2f972f0 Thread added: 0x000001dde2c3eca0
Event: 2.334 Thread 0x000001dde2eda010 Thread added: 0x000001dde2b62550
Event: 2.909 Thread 0x000001dde2ea8fa0 Thread exited: 0x000001dde2ea8fa0
Event: 3.542 Thread 0x000001dde2f972f0 Thread added: 0x000001dde2b60480
Event: 9.346 Thread 0x000001dde2b60480 Thread exited: 0x000001dde2b60480
Event: 38.874 Thread 0x000001dd9c9b10f0 Thread added: 0x000001dde2b60b10
Event: 38.875 Thread 0x000001dde2b60b10 Thread added: 0x000001dde2b63900
Event: 38.875 Thread 0x000001dde2b60b10 Thread added: 0x000001dde2b60480
Event: 38.876 Thread 0x000001dde2b63900 Thread exited: 0x000001dde2b63900
Event: 38.878 Thread 0x000001dde2b60480 Thread exited: 0x000001dde2b60480
Event: 38.878 Thread 0x000001dde2b60b10 Before exit entered


Dynamic libraries:
0x00007ff6c9580000 - 0x00007ff6c9590000 	C:\Program Files\java\jdk-23\bin\java.exe
0x00007fff22490000 - 0x00007fff22688000 	C:\Windows\SYSTEM32\ntdll.dll
0x00007fff21d60000 - 0x00007fff21e1d000 	C:\Windows\System32\KERNEL32.DLL
0x00007fff1fc70000 - 0x00007fff1ff66000 	C:\Windows\System32\KERNELBASE.dll
0x00007fff1fb70000 - 0x00007fff1fc70000 	C:\Windows\System32\ucrtbase.dll
0x00007fff1a420000 - 0x00007fff1a437000 	C:\Program Files\java\jdk-23\bin\jli.dll
0x00007fff221b0000 - 0x00007fff2234e000 	C:\Windows\System32\USER32.dll
0x00007fff1ff70000 - 0x00007fff1ff92000 	C:\Windows\System32\win32u.dll
0x00007fff21f10000 - 0x00007fff21f3c000 	C:\Windows\System32\GDI32.dll
0x00007fff20040000 - 0x00007fff2015a000 	C:\Windows\System32\gdi32full.dll
0x00007fff20240000 - 0x00007fff202dd000 	C:\Windows\System32\msvcp_win.dll
0x00007fff155e0000 - 0x00007fff155fb000 	C:\Program Files\java\jdk-23\bin\VCRUNTIME140.dll
0x00007fff0b6d0000 - 0x00007fff0b96a000 	C:\Windows\WinSxS\amd64_microsoft.windows.common-controls_6595b64144ccf1df_6.0.19041.3636_none_60b6a03d71f818d5\COMCTL32.dll
0x00007fff204f0000 - 0x00007fff2058e000 	C:\Windows\System32\msvcrt.dll
0x00007fff20590000 - 0x00007fff205c0000 	C:\Windows\System32\IMM32.DLL
0x00007fff1a410000 - 0x00007fff1a41c000 	C:\Program Files\java\jdk-23\bin\vcruntime140_1.dll
0x00007fff0f810000 - 0x00007fff0f89e000 	C:\Program Files\java\jdk-23\bin\msvcp140.dll
0x00007ffec6480000 - 0x00007ffec71d0000 	C:\Program Files\java\jdk-23\bin\server\jvm.dll
0x00007fff21920000 - 0x00007fff219cf000 	C:\Windows\System32\ADVAPI32.dll
0x00007fff223b0000 - 0x00007fff2244c000 	C:\Windows\System32\sechost.dll
0x00007fff217f0000 - 0x00007fff21916000 	C:\Windows\System32\RPCRT4.dll
0x00007fff21f40000 - 0x00007fff21fab000 	C:\Windows\System32\WS2_32.dll
0x00007fff1f9d0000 - 0x00007fff1fa1b000 	C:\Windows\SYSTEM32\POWRPROF.dll
0x00007fff03cb0000 - 0x00007fff03cd7000 	C:\Windows\SYSTEM32\WINMM.dll
0x00007fff0f1b0000 - 0x00007fff0f1ba000 	C:\Windows\SYSTEM32\VERSION.dll
0x00007fff1f9b0000 - 0x00007fff1f9c2000 	C:\Windows\SYSTEM32\UMPDC.dll
0x00007fff1e3c0000 - 0x00007fff1e3d2000 	C:\Windows\SYSTEM32\kernel.appcore.dll
0x00007fff155d0000 - 0x00007fff155da000 	C:\Program Files\java\jdk-23\bin\jimage.dll
0x00007fff1d760000 - 0x00007fff1d944000 	C:\Windows\SYSTEM32\DBGHELP.DLL
0x00007fff074e0000 - 0x00007fff07514000 	C:\Windows\SYSTEM32\dbgcore.DLL
0x00007fff20160000 - 0x00007fff201e2000 	C:\Windows\System32\bcryptPrimitives.dll
0x00007fff155c0000 - 0x00007fff155cf000 	C:\Program Files\java\jdk-23\bin\instrument.dll
0x00007fff0f7f0000 - 0x00007fff0f80e000 	C:\Program Files\java\jdk-23\bin\java.dll
0x00007fff22080000 - 0x00007fff221ab000 	C:\Windows\System32\ole32.dll
0x00007fff20cc0000 - 0x00007fff21014000 	C:\Windows\System32\combase.dll
0x00007fff21020000 - 0x00007fff21764000 	C:\Windows\System32\SHELL32.dll
0x00007fff1d950000 - 0x00007fff1e0eb000 	C:\Windows\SYSTEM32\windows.storage.dll
0x00007fff1f4e0000 - 0x00007fff1f50d000 	C:\Windows\SYSTEM32\Wldp.dll
0x00007fff21c90000 - 0x00007fff21d3d000 	C:\Windows\System32\SHCORE.dll
0x00007fff21c30000 - 0x00007fff21c85000 	C:\Windows\System32\shlwapi.dll
0x00007fff1faa0000 - 0x00007fff1fac5000 	C:\Windows\SYSTEM32\profapi.dll
0x00007fff0f710000 - 0x00007fff0f7e7000 	C:\Program Files\java\jdk-23\bin\jsvml.dll
0x00007fff0f700000 - 0x00007fff0f710000 	C:\Program Files\java\jdk-23\bin\net.dll
0x00007fff1f240000 - 0x00007fff1f2aa000 	C:\Windows\system32\mswsock.dll
0x00007fff0f6e0000 - 0x00007fff0f6f6000 	C:\Program Files\java\jdk-23\bin\nio.dll
0x00007fff0f6c0000 - 0x00007fff0f6d7000 	C:\Program Files\java\jdk-23\bin\zip.dll
0x00007fff0f6b0000 - 0x00007fff0f6b9000 	C:\Program Files\java\jdk-23\bin\extnet.dll
0x000001dd9ce60000 - 0x000001dd9ce63000 	D:\SCARCE\UNIVERSITY\PROJECTS\JAVA\OnslaughtUI\opencv\javafx-sdk-17.0.15\bin\api-ms-win-core-console-l1-1-0.dll
0x000001dd9ce70000 - 0x000001dd9ce73000 	D:\SCARCE\UNIVERSITY\PROJECTS\JAVA\OnslaughtUI\opencv\javafx-sdk-17.0.15\bin\api-ms-win-core-console-l1-2-0.dll
0x000001dd9ce80000 - 0x000001dd9ce83000 	D:\SCARCE\UNIVERSITY\PROJECTS\JAVA\OnslaughtUI\opencv\javafx-sdk-17.0.15\bin\api-ms-win-core-datetime-l1-1-0.dll
0x000001dd9ce90000 - 0x000001dd9ce93000 	D:\SCARCE\UNIVERSITY\PROJECTS\JAVA\OnslaughtUI\opencv\javafx-sdk-17.0.15\bin\api-ms-win-core-debug-l1-1-0.dll
0x000001dd9cea0000 - 0x000001dd9cea3000 	D:\SCARCE\UNIVERSITY\PROJECTS\JAVA\OnslaughtUI\opencv\javafx-sdk-17.0.15\bin\api-ms-win-core-errorhandling-l1-1-0.dll
0x000001dd9ceb0000 - 0x000001dd9ceb4000 	D:\SCARCE\UNIVERSITY\PROJECTS\JAVA\OnslaughtUI\opencv\javafx-sdk-17.0.15\bin\api-ms-win-core-file-l1-1-0.dll
0x000001dd9cec0000 - 0x000001dd9cec3000 	D:\SCARCE\UNIVERSITY\PROJECTS\JAVA\OnslaughtUI\opencv\javafx-sdk-17.0.15\bin\api-ms-win-core-file-l1-2-0.dll
0x000001dd9ced0000 - 0x000001dd9ced3000 	D:\SCARCE\UNIVERSITY\PROJECTS\JAVA\OnslaughtUI\opencv\javafx-sdk-17.0.15\bin\api-ms-win-core-file-l2-1-0.dll
0x000001dd9cee0000 - 0x000001dd9cee3000 	D:\SCARCE\UNIVERSITY\PROJECTS\JAVA\OnslaughtUI\opencv\javafx-sdk-17.0.15\bin\api-ms-win-core-handle-l1-1-0.dll
0x000001dd9cef0000 - 0x000001dd9cef3000 	D:\SCARCE\UNIVERSITY\PROJECTS\JAVA\OnslaughtUI\opencv\javafx-sdk-17.0.15\bin\api-ms-win-core-heap-l1-1-0.dll
0x000001dd9cf00000 - 0x000001dd9cf03000 	D:\SCARCE\UNIVERSITY\PROJECTS\JAVA\OnslaughtUI\opencv\javafx-sdk-17.0.15\bin\api-ms-win-core-interlocked-l1-1-0.dll
0x000001dd9cf10000 - 0x000001dd9cf13000 	D:\SCARCE\UNIVERSITY\PROJECTS\JAVA\OnslaughtUI\opencv\javafx-sdk-17.0.15\bin\api-ms-win-core-libraryloader-l1-1-0.dll
0x000001dd9cf20000 - 0x000001dd9cf23000 	D:\SCARCE\UNIVERSITY\PROJECTS\JAVA\OnslaughtUI\opencv\javafx-sdk-17.0.15\bin\api-ms-win-core-localization-l1-2-0.dll
0x000001dd9cf30000 - 0x000001dd9cf33000 	D:\SCARCE\UNIVERSITY\PROJECTS\JAVA\OnslaughtUI\opencv\javafx-sdk-17.0.15\bin\api-ms-win-core-memory-l1-1-0.dll
0x000001dd9cf40000 - 0x000001dd9cf43000 	D:\SCARCE\UNIVERSITY\PROJECTS\JAVA\OnslaughtUI\opencv\javafx-sdk-17.0.15\bin\api-ms-win-core-namedpipe-l1-1-0.dll
0x000001dd9cf50000 - 0x000001dd9cf53000 	D:\SCARCE\UNIVERSITY\PROJECTS\JAVA\OnslaughtUI\opencv\javafx-sdk-17.0.15\bin\api-ms-win-core-processenvironment-l1-1-0.dll
0x000001dd9cf60000 - 0x000001dd9cf63000 	D:\SCARCE\UNIVERSITY\PROJECTS\JAVA\OnslaughtUI\opencv\javafx-sdk-17.0.15\bin\api-ms-win-core-processthreads-l1-1-0.dll
0x000001dd9cf70000 - 0x000001dd9cf73000 	D:\SCARCE\UNIVERSITY\PROJECTS\JAVA\OnslaughtUI\opencv\javafx-sdk-17.0.15\bin\api-ms-win-core-processthreads-l1-1-1.dll
0x000001dd9cf80000 - 0x000001dd9cf83000 	D:\SCARCE\UNIVERSITY\PROJECTS\JAVA\OnslaughtUI\opencv\javafx-sdk-17.0.15\bin\api-ms-win-core-profile-l1-1-0.dll
0x000001dd9cf90000 - 0x000001dd9cf93000 	D:\SCARCE\UNIVERSITY\PROJECTS\JAVA\OnslaughtUI\opencv\javafx-sdk-17.0.15\bin\api-ms-win-core-rtlsupport-l1-1-0.dll
0x000001dd9cfa0000 - 0x000001dd9cfa3000 	D:\SCARCE\UNIVERSITY\PROJECTS\JAVA\OnslaughtUI\opencv\javafx-sdk-17.0.15\bin\api-ms-win-core-string-l1-1-0.dll
0x000001dd9cfb0000 - 0x000001dd9cfb3000 	D:\SCARCE\UNIVERSITY\PROJECTS\JAVA\OnslaughtUI\opencv\javafx-sdk-17.0.15\bin\api-ms-win-core-synch-l1-1-0.dll
0x000001dd9cfc0000 - 0x000001dd9cfc3000 	D:\SCARCE\UNIVERSITY\PROJECTS\JAVA\OnslaughtUI\opencv\javafx-sdk-17.0.15\bin\api-ms-win-core-synch-l1-2-0.dll
0x000001dd9cfd0000 - 0x000001dd9cfd3000 	D:\SCARCE\UNIVERSITY\PROJECTS\JAVA\OnslaughtUI\opencv\javafx-sdk-17.0.15\bin\api-ms-win-core-sysinfo-l1-1-0.dll
0x000001dd9cfe0000 - 0x000001dd9cfe3000 	D:\SCARCE\UNIVERSITY\PROJECTS\JAVA\OnslaughtUI\opencv\javafx-sdk-17.0.15\bin\api-ms-win-core-timezone-l1-1-0.dll
0x000001dd9cff0000 - 0x000001dd9cff3000 	D:\SCARCE\UNIVERSITY\PROJECTS\JAVA\OnslaughtUI\opencv\javafx-sdk-17.0.15\bin\api-ms-win-core-util-l1-1-0.dll
0x000001dde37d0000 - 0x000001dde37d3000 	D:\SCARCE\UNIVERSITY\PROJECTS\JAVA\OnslaughtUI\opencv\javafx-sdk-17.0.15\bin\api-ms-win-crt-conio-l1-1-0.dll
0x000001dde37e0000 - 0x000001dde37e4000 	D:\SCARCE\UNIVERSITY\PROJECTS\JAVA\OnslaughtUI\opencv\javafx-sdk-17.0.15\bin\api-ms-win-crt-convert-l1-1-0.dll
0x000001dde3910000 - 0x000001dde3913000 	D:\SCARCE\UNIVERSITY\PROJECTS\JAVA\OnslaughtUI\opencv\javafx-sdk-17.0.15\bin\api-ms-win-crt-environment-l1-1-0.dll
0x000001dde3920000 - 0x000001dde3923000 	D:\SCARCE\UNIVERSITY\PROJECTS\JAVA\OnslaughtUI\opencv\javafx-sdk-17.0.15\bin\api-ms-win-crt-filesystem-l1-1-0.dll
0x000001dde3930000 - 0x000001dde3933000 	D:\SCARCE\UNIVERSITY\PROJECTS\JAVA\OnslaughtUI\opencv\javafx-sdk-17.0.15\bin\api-ms-win-crt-heap-l1-1-0.dll
0x000001dde3940000 - 0x000001dde3943000 	D:\SCARCE\UNIVERSITY\PROJECTS\JAVA\OnslaughtUI\opencv\javafx-sdk-17.0.15\bin\api-ms-win-crt-locale-l1-1-0.dll
0x000001dde3950000 - 0x000001dde3955000 	D:\SCARCE\UNIVERSITY\PROJECTS\JAVA\OnslaughtUI\opencv\javafx-sdk-17.0.15\bin\api-ms-win-crt-math-l1-1-0.dll
0x000001dde3960000 - 0x000001dde3965000 	D:\SCARCE\UNIVERSITY\PROJECTS\JAVA\OnslaughtUI\opencv\javafx-sdk-17.0.15\bin\api-ms-win-crt-multibyte-l1-1-0.dll
0x000001dde3970000 - 0x000001dde3980000 	D:\SCARCE\UNIVERSITY\PROJECTS\JAVA\OnslaughtUI\opencv\javafx-sdk-17.0.15\bin\api-ms-win-crt-private-l1-1-0.dll
0x000001dde3900000 - 0x000001dde3903000 	D:\SCARCE\UNIVERSITY\PROJECTS\JAVA\OnslaughtUI\opencv\javafx-sdk-17.0.15\bin\api-ms-win-crt-process-l1-1-0.dll
0x000001dde3ac0000 - 0x000001dde3ac4000 	D:\SCARCE\UNIVERSITY\PROJECTS\JAVA\OnslaughtUI\opencv\javafx-sdk-17.0.15\bin\api-ms-win-crt-runtime-l1-1-0.dll
0x000001dde3ad0000 - 0x000001dde3ad4000 	D:\SCARCE\UNIVERSITY\PROJECTS\JAVA\OnslaughtUI\opencv\javafx-sdk-17.0.15\bin\api-ms-win-crt-stdio-l1-1-0.dll
0x000001dde3ae0000 - 0x000001dde3ae4000 	D:\SCARCE\UNIVERSITY\PROJECTS\JAVA\OnslaughtUI\opencv\javafx-sdk-17.0.15\bin\api-ms-win-crt-string-l1-1-0.dll
0x000001dde3af0000 - 0x000001dde3af3000 	D:\SCARCE\UNIVERSITY\PROJECTS\JAVA\OnslaughtUI\opencv\javafx-sdk-17.0.15\bin\api-ms-win-crt-time-l1-1-0.dll
0x000001dde3ab0000 - 0x000001dde3ab3000 	D:\SCARCE\UNIVERSITY\PROJECTS\JAVA\OnslaughtUI\opencv\javafx-sdk-17.0.15\bin\api-ms-win-crt-utility-l1-1-0.dll
0x00007fff06e00000 - 0x00007fff06efc000 	D:\SCARCE\UNIVERSITY\PROJECTS\JAVA\OnslaughtUI\opencv\javafx-sdk-17.0.15\bin\ucrtbase.dll
0x00007fff0f690000 - 0x00007fff0f6ab000 	D:\SCARCE\UNIVERSITY\PROJECTS\JAVA\OnslaughtUI\opencv\javafx-sdk-17.0.15\bin\vcruntime140.dll
0x00007fff0f680000 - 0x00007fff0f68c000 	D:\SCARCE\UNIVERSITY\PROJECTS\JAVA\OnslaughtUI\opencv\javafx-sdk-17.0.15\bin\vcruntime140_1.dll
0x00007fff0a430000 - 0x00007fff0a4be000 	D:\SCARCE\UNIVERSITY\PROJECTS\JAVA\OnslaughtUI\opencv\javafx-sdk-17.0.15\bin\msvcp140.dll
0x00007fff0f670000 - 0x00007fff0f679000 	D:\SCARCE\UNIVERSITY\PROJECTS\JAVA\OnslaughtUI\opencv\javafx-sdk-17.0.15\bin\msvcp140_1.dll
0x00007fff0f620000 - 0x00007fff0f661000 	D:\SCARCE\UNIVERSITY\PROJECTS\JAVA\OnslaughtUI\opencv\javafx-sdk-17.0.15\bin\msvcp140_2.dll
0x00007fff0f180000 - 0x00007fff0f1aa000 	D:\SCARCE\UNIVERSITY\PROJECTS\JAVA\OnslaughtUI\opencv\javafx-sdk-17.0.15\bin\prism_d3d.dll
0x00007fff06910000 - 0x00007fff06add000 	C:\Windows\system32\d3d9.dll
0x00007fff1cb10000 - 0x00007fff1cb3f000 	C:\Windows\SYSTEM32\dwmapi.dll
0x00007fff1c550000 - 0x00007fff1c5ee000 	C:\Windows\system32\uxtheme.dll
0x00007ffeb89f0000 - 0x00007ffebaf2d000 	C:\Windows\SYSTEM32\igdumdim64.dll
0x00007fff21e40000 - 0x00007fff21f0d000 	C:\Windows\System32\OLEAUT32.dll
0x00007fff20730000 - 0x00007fff20b9e000 	C:\Windows\System32\SETUPAPI.dll
0x00007fff201f0000 - 0x00007fff2023e000 	C:\Windows\System32\cfgmgr32.dll
0x00007fff1ffa0000 - 0x00007fff1ffc7000 	C:\Windows\System32\bcrypt.dll
0x00007fff06db0000 - 0x00007fff06df2000 	D:\SCARCE\UNIVERSITY\PROJECTS\JAVA\OnslaughtUI\opencv\javafx-sdk-17.0.15\bin\glass.dll
0x00007fff20650000 - 0x00007fff2072a000 	C:\Windows\System32\COMDLG32.dll
0x00007fff20ba0000 - 0x00007fff20cb4000 	C:\Windows\System32\MSCTF.dll
0x00007fff119d0000 - 0x00007fff1240f000 	C:\Windows\SYSTEM32\igdusc64.dll
0x00007fff15170000 - 0x00007fff151ab000 	C:\Windows\SYSTEM32\dxcore.dll
0x00007fff074c0000 - 0x00007fff074d5000 	D:\SCARCE\UNIVERSITY\PROJECTS\JAVA\OnslaughtUI\opencv\javafx-sdk-17.0.15\bin\javafx_font.dll
0x00007fff1d3c0000 - 0x00007fff1d63f000 	C:\Windows\SYSTEM32\dwrite.dll
0x00007fff219d0000 - 0x00007fff21a79000 	C:\Windows\System32\clbcatq.dll
0x00007fff16b60000 - 0x00007fff16d14000 	C:\Windows\SYSTEM32\WindowsCodecs.dll
0x00007ffeffff0000 - 0x00007fff0002e000 	C:\Windows\system32\dataexchange.dll
0x00007fff1e100000 - 0x00007fff1e363000 	C:\Windows\system32\d3d11.dll
0x00007fff1b400000 - 0x00007fff1b5e3000 	C:\Windows\system32\dcomp.dll
0x00007fff1e430000 - 0x00007fff1e523000 	C:\Windows\system32\dxgi.dll
0x00007fff17180000 - 0x00007fff17387000 	C:\Windows\system32\twinapi.appcore.dll
0x00007fff06d70000 - 0x00007fff06da4000 	C:\Program Files\Common Files\Microsoft Shared\Ink\rtscom.dll
0x00007fff144b0000 - 0x00007fff145aa000 	C:\Windows\SYSTEM32\textinputframework.dll
0x00007fff1b990000 - 0x00007fff1bceb000 	C:\Windows\System32\CoreUIComponents.dll
0x00007fff1be10000 - 0x00007fff1bf02000 	C:\Windows\System32\CoreMessaging.dll
0x00007fff1ec90000 - 0x00007fff1ecc3000 	C:\Windows\SYSTEM32\ntmarta.dll
0x00007fff1ae30000 - 0x00007fff1af85000 	C:\Windows\SYSTEM32\wintypes.dll
0x00007ffeb5770000 - 0x00007ffeb89e3000 	D:\SCARCE\UNIVERSITY\PROJECTS\JAVA\OnslaughtUI\opencv\opencv_master\build\java\x64\opencv_java4110.dll
0x00007fff18ff0000 - 0x00007fff191ab000 	C:\Windows\SYSTEM32\MFPlat.DLL
0x00007ffebed40000 - 0x00007ffebee4a000 	C:\Windows\SYSTEM32\MFReadWrite.dll
0x00007fff19640000 - 0x00007fff196c4000 	C:\Windows\SYSTEM32\MF.dll
0x00007ffebcb50000 - 0x00007ffebcfde000 	C:\Windows\SYSTEM32\MFCORE.DLL

dbghelp: loaded successfully - version: 4.0.5 - missing functions: none
symbol engine: initialized successfully - sym options: 0x614 - pdb path: .;C:\Program Files\java\jdk-23\bin;C:\Windows\SYSTEM32;C:\Windows\WinSxS\amd64_microsoft.windows.common-controls_6595b64144ccf1df_6.0.19041.3636_none_60b6a03d71f818d5;C:\Program Files\java\jdk-23\bin\server;D:\SCARCE\UNIVERSITY\PROJECTS\JAVA\OnslaughtUI\opencv\javafx-sdk-17.0.15\bin;C:\Program Files\Common Files\Microsoft Shared\Ink;D:\SCARCE\UNIVERSITY\PROJECTS\JAVA\OnslaughtUI\opencv\opencv_master\build\java\x64;C:\Program Files\Intel\Media SDK;C:\Program Files (x86)\Common Files\Intel\OpenCL\bin\x64

VM Arguments:
jvm_args: --module-path=opencv\javafx-sdk-17.0.15\lib --add-modules=javafx.controls,javafx.fxml -javaagent:C:\Program Files\JetBrains\IntelliJ IDEA Community Edition 2025.1.1.1\lib\idea_rt.jar=36372 -Dfile.encoding=UTF-8 -Dsun.stdout.encoding=UTF-8 -Dsun.stderr.encoding=UTF-8 
java_command: FaceAppUI
java_class_path (initial): D:\SCARCE\UNIVERSITY\PROJECTS\JAVA\OnslaughtUI\out\production\OnslaughtUI;D:\SCARCE\UNIVERSITY\PROJECTS\JAVA\OnslaughtUI\opencv\javafx-sdk-17.0.15\lib\javafx-swt.jar;D:\SCARCE\UNIVERSITY\PROJECTS\JAVA\OnslaughtUI\opencv\javafx-sdk-17.0.15\lib\javafx.web.jar;D:\SCARCE\UNIVERSITY\PROJECTS\JAVA\OnslaughtUI\opencv\javafx-sdk-17.0.15\lib\javafx.base.jar;D:\SCARCE\UNIVERSITY\PROJECTS\JAVA\OnslaughtUI\opencv\javafx-sdk-17.0.15\lib\javafx.fxml.jar;D:\SCARCE\UNIVERSITY\PROJECTS\JAVA\OnslaughtUI\opencv\javafx-sdk-17.0.15\lib\javafx.media.jar;D:\SCARCE\UNIVERSITY\PROJECTS\JAVA\OnslaughtUI\opencv\javafx-sdk-17.0.15\lib\javafx.swing.jar;D:\SCARCE\UNIVERSITY\PROJECTS\JAVA\OnslaughtUI\opencv\javafx-sdk-17.0.15\lib\javafx.controls.jar;D:\SCARCE\UNIVERSITY\PROJECTS\JAVA\OnslaughtUI\opencv\javafx-sdk-17.0.15\lib\javafx.graphics.jar;D:\SCARCE\UNIVERSITY\PROJECTS\JAVA\OnslaughtUI\opencv\opencv_master\build\java\opencv-4110.jar
Launcher Type: SUN_STANDARD

[Global flags]
     intx CICompilerCount                          = 3                                         {product} {ergonomic}
     uint ConcGCThreads                            = 1                                         {product} {ergonomic}
     uint G1ConcRefinementThreads                  = 4                                         {product} {ergonomic}
   size_t G1HeapRegionSize                         = 2097152                                   {product} {ergonomic}
   size_t InitialHeapSize                          = 201326592                                 {product} {ergonomic}
   size_t MarkStackSize                            = 4194304                                   {product} {ergonomic}
   size_t MarkStackSizeMax                         = 536870912                                 {product} {ergonomic}
   size_t MaxHeapSize                              = 3200253952                                {product} {ergonomic}
   size_t MaxNewSize                               = 1918894080                                {product} {ergonomic}
   size_t MinHeapDeltaBytes                        = 2097152                                   {product} {ergonomic}
   size_t MinHeapSize                              = 8388608                                   {product} {ergonomic}
    uintx NonNMethodCodeHeapSize                   = 5832704                                {pd product} {ergonomic}
    uintx NonProfiledCodeHeapSize                  = 122945536                              {pd product} {ergonomic}
    uintx ProfiledCodeHeapSize                     = 122880000                              {pd product} {ergonomic}
    uintx ReservedCodeCacheSize                    = 251658240                              {pd product} {ergonomic}
     bool SegmentedCodeCache                       = true                                      {product} {ergonomic}
   size_t SoftMaxHeapSize                          = 3200253952                             {manageable} {ergonomic}
     bool UseCompressedOops                        = true                           {product lp64_product} {ergonomic}
     bool UseG1GC                                  = true                                      {product} {ergonomic}
     bool UseLargePagesIndividualAllocation        = false                                  {pd product} {ergonomic}

Logging:
Log output configuration:
 #0: stdout all=off uptime,level,tags foldmultilines=false
 #1: stderr all=off uptime,level,tags foldmultilines=false

Environment Variables:
JAVA_HOME=C:\Program Files\Java\jdk-23.0.2
PATH=C:\Program Files\Java\jdk-23\bin;D:\SCARCE\UNIVERSITY\PROJECTS\JAVA\OnslaughtUI\opencv\apache-ant-1.10.15\bin;C:\Program Files\Java\jdk-23\bin;C:\Program Files\Eclipse Adoptium\jdk-17.0.15.6-hotspot\bin;C:\ProgramData\Oracle\Java\javapath;C:\Program Files (x86)\Common Files\Oracle\Java\java8path;C:\Program Files (x86)\Common Files\Oracle\Java\javapath;C:\Windows\system32;C:\Windows;C:\Windows\System32\Wbem;C:\Windows\System32\WindowsPowerShell\v1.0\;C:\Windows\System32\OpenSSH\;C:\Program Files\Microsoft VS Code\bin;C:\Program Files\Git\cmd;C:\Program Files\Git\mingw64\bin;C:\Program Files\Git\usr\bin;C:\Program Files\CMake\bin;D:\SOFTWARES\EDUCATIVE\GIT\Git\cmd;C:\Program Files (x86)\Windows Kits\10\Windows Performance Toolkit\;D:\SCARCE\UNIVERSITY\PROJECTS\JAVA\OnslaughtUI\opencv\apache-ant-1.10.15\bin;C:\Users\user\AppData\Local\Programs\Python\Launcher\;C:\Program Files\java\jdk-23.0.2\bin;C:\Users\user\AppData\Local\Programs\Python\Launcher\;C:\Users\user\AppData\Local\Microsoft\WindowsApps;C:\MIN GW\mingw64\bin;C:\MIN GW\mingw64\x86_64-w64-mingw32\bin;D:\MICROSOFT VS CODE\bin;D:\SOFTWARES\EDUCATIVE\VISUAL STUDIO CODE\bin;C:\Program Files\JetBrains\IntelliJ IDEA Community Edition 2025.1.1.1\bin;
USERNAME=user
OS=Windows_NT
PROCESSOR_IDENTIFIER=Intel64 Family 6 Model 61 Stepping 4, GenuineIntel
TMP=C:\Users\user\AppData\Local\Temp
TEMP=C:\Users\user\AppData\Local\Temp




Periodic native trim disabled

---------------  S Y S T E M  ---------------

OS:
 Windows 10 , 64 bit Build 19041 (10.0.19041.3636)
OS uptime: 0 days 0:20 hours

CPU: total 4 (initial active 4) (2 cores per cpu, 2 threads per core) family 6 model 61 stepping 4 microcode 0x2d, cx8, cmov, fxsr, ht, mmx, 3dnowpref, sse, sse2, sse3, ssse3, sse4.1, sse4.2, popcnt, lzcnt, tsc, tscinvbit, avx, avx2, aes, erms, clmul, bmi1, bmi2, adx, fma, vzeroupper, clflush, rdtscp, f16c
Processor Information for the first 4 processors :
  Max Mhz: 2000, Current Mhz: 2000, Mhz Limit: 2000

Memory: 4k page, system-wide physical 12203M (6512M free)
TotalPageFile size 14059M (AvailPageFile size 8190M)
current process WorkingSet (physical memory assigned to process): 164M, peak: 175M
current process commit charge ("private bytes"): 356M, peak: 373M

vm_info: Java HotSpot(TM) 64-Bit Server VM (23.0.2+7-58) for windows-amd64 JRE (23.0.2+7-58), built on 2024-11-29T09:34:55Z with MS VC++ 17.6 (VS2022)

END.
