#
# A fatal error has been detected by the Java Runtime Environment:
#
#  EXCEPTION_ACCESS_VIOLATION (0xc0000005) at pc=0x00007ffc3c37faad, pid=6324, tid=7184
#
# JRE version: Java(TM) SE Runtime Environment (23.0.2+7) (build 23.0.2+7-58)
# Java VM: Java HotSpot(TM) 64-Bit Server VM (23.0.2+7-58, mixed mode, sharing, tiered, compressed oops, compressed class ptrs, g1 gc, windows-amd64)
# Problematic frame:
# C  [ntdll.dll+0x2faad]
#
# No core dump will be written. Minidumps are not enabled by default on client versions of Windows
#
# If you would like to submit a bug report, please visit:
#   https://bugreport.java.com/bugreport/crash.jsp
#

---------------  S U M M A R Y ------------

Command Line: --module-path=D:\SOFTWARES\EDUCATIVE\INTELLIJ\openjfx-17.0.15_windows-x64_bin-sdk\javafx-sdk-17.0.15\lib --add-modules=javafx.controls,javafx.fxml -javaagent:C:\Program Files\JetBrains\IntelliJ IDEA Community Edition 2025.1.1.1\lib\idea_rt.jar=60827 -Dfile.encoding=UTF-8 -Dsun.stdout.encoding=UTF-8 -Dsun.stderr.encoding=UTF-8 FaceAppUI

Host: Intel(R) Core(TM) i3-5005U CPU @ 2.00GHz, 4 cores, 11G,  Windows 10 , 64 bit Build 19041 (10.0.19041.3636)
Time: Fri May 16 00:37:06 2025 India Standard Time elapsed time: 34.101617 seconds (0d 0h 0m 34s)

---------------  T H R E A D  ---------------

Current thread (0x0000026850683350):  VMThread "VM Thread"          [id=7184, stack(0x000000dc52700000,0x000000dc52800000) (1024K)]

Stack: [0x000000dc52700000,0x000000dc52800000],  sp=0x000000dc527feb00,  free space=1018k
Native frames: (J=compiled Java code, j=interpreted, Vv=VM code, C=native code)
C  [ntdll.dll+0x2faad]  (no source info available)
C  0x00007ffbdd1204e9  (no source info available)
C  0x00007ffbdd108868  (no source info available)
C  0x00007ffbdd102455  (no source info available)
C  [opencv_java4110.dll+0x1742b89]  (no source info available)
C  [opencv_java4110.dll+0x172be11]  (no source info available)
C  [opencv_java4110.dll+0x263f2c0]  (no source info available)
C  [opencv_java4110.dll+0x2554577]  (no source info available)
C  [opencv_java4110.dll+0x2554325]  (no source info available)
C  [opencv_java4110.dll+0x2554649]  (no source info available)
C  [opencv_java4110.dll+0x254c437]  (no source info available)
C  [opencv_java4110.dll+0x254c3b5]  (no source info available)
C  [opencv_java4110.dll+0x254c53b]  (no source info available)
C  [opencv_java4110.dll+0x2505af3]  (no source info available)
C  [opencv_java4110.dll+0x25057ed]  (no source info available)
C  [opencv_java4110.dll+0x2505912]  (no source info available)
C  [ntdll.dll+0x19a1d]  (no source info available)
C  [ntdll.dll+0x5dcda]  (no source info available)
C  [ntdll.dll+0x5da8d]  (no source info available)
C  [KERNEL32.DLL+0x1e3bb]  (no source info available)
C  [ucrtbase.dll+0x205bc]  (no source info available)
C  [ucrtbase.dll+0x2045f]  (no source info available)
V  [jvm.dll+0x6d9b3c]  (no source info available)
V  [jvm.dll+0x6d9670]  (no source info available)
V  [jvm.dll+0x3da724]  (no source info available)
V  [jvm.dll+0x886d50]  (no source info available)
V  [jvm.dll+0x888077]  (no source info available)
V  [jvm.dll+0x8885a8]  (no source info available)
V  [jvm.dll+0x888843]  (no source info available)
V  [jvm.dll+0x8254cb]  (no source info available)
V  [jvm.dll+0x6df345]  (no source info available)
C  [ucrtbase.dll+0x21bb2]  (no source info available)
C  [KERNEL32.DLL+0x17344]  (no source info available)
C  [ntdll.dll+0x526b1]  (no source info available)


siginfo: EXCEPTION_ACCESS_VIOLATION (0xc0000005), writing address 0x0000000000000018


Registers:
RAX=0x000000dc51b57000, RBX=0x000000dc527feb88, RCX=0x0000000000000010, RDX=0x0000000000000010
RSP=0x000000dc527feb00, RBP=0x0000026896990478, RSI=0x000000dc527fed40, RDI=0x00000268963b6bf0
R8 =0x000000000000003a, R9 =0x000000000000003a, R10=0x0000000000000038, R11=0x000000dc527fea40
R12=0x00007ffbe06f5960, R13=0x00007ffbe4f8c6e0, R14=0x0000ed7c7b9e759b, R15=0x000002689698fd40
RIP=0x00007ffc3c37faad, EFLAGS=0x0000000000010206


Register to memory mapping:

RAX=0x000000dc51b57000 points into unknown readable memory: 0x0000000000000000 | 00 00 00 00 00 00 00 00
RBX=0x000000dc527feb88 points into unknown readable memory: 0x0000000000000010 | 10 00 00 00 00 00 00 00
RCX=0x0000000000000010 is an unknown value
RDX=0x0000000000000010 is an unknown value
RSP=0x000000dc527feb00 points into unknown readable memory: 0x0000000000000000 | 00 00 00 00 00 00 00 00
RBP=0x0000026896990478 points into unknown readable memory: 0x0000ed7c7b9e759b | 9b 75 9e 7b 7c ed 00 00
RSI=0x000000dc527fed40 points into unknown readable memory: 0x000000dc527fed60 | 60 ed 7f 52 dc 00 00 00
RDI=0x00000268963b6bf0 points into unknown readable memory: 0x00007ffbdd534e00 | 00 4e 53 dd fb 7f 00 00
R8 =0x000000000000003a is an unknown value
R9 =0x000000000000003a is an unknown value
R10=0x0000000000000038 is an unknown value
R11=0x000000dc527fea40 points into unknown readable memory: 0x0000026896990478 | 78 04 99 96 68 02 00 00
R12=0x00007ffbe06f5960 opencv_java4110.dll
R13=0x00007ffbe4f8c6e0 jvm.dll
R14=0x0000ed7c7b9e759b is an unknown value
R15=0x000002689698fd40 points into unknown readable memory: 0xdf0397e01b9e7664 | 64 76 9e 1b e0 97 03 df

Top of Stack: (sp=0x000000dc527feb00)
0x000000dc527feb00:   0000000000000000 000002689743f500
0x000000dc527feb10:   0000000000000000 0000000000000000
0x000000dc527feb20:   0000026896b92cb0 00007ffbdd1204e9
0x000000dc527feb30:   0000000000000000 0000026896b8dd40
0x000000dc527feb40:   0000000000002000 00007ffc3c375ba1
0x000000dc527feb50:   0000000000000000 00007ffbdd108868
0x000000dc527feb60:   00007ffbe4f8c6e0 00007ffbe06f5960
0x000000dc527feb70:   00000268974417c0 00007ffc3c3747b1
0x000000dc527feb80:   fffffffffffffffe 0000000000000010
0x000000dc527feb90:   0000eda029e19f01 00000268971c0e70
0x000000dc527feba0:   000002685076ca70 00007ffbdd102455
0x000000dc527febb0:   0000026830c30000 00000268963b6bf0
0x000000dc527febc0:   0000026896990478 0000000000000000
0x000000dc527febd0:   000002689665f9d0 00007ffbdf932b89
0x000000dc527febe0:   000002685076c740 0000ed7c7b9e759b
0x000000dc527febf0:   00007ffbe4f8c6e0 00007ffbe06f5960
0x000000dc527fec00:   00000268971c1940 00007ffc3c3747b1
0x000000dc527fec10:   000002685076c740 0000026830b20000
0x000000dc527fec20:   0000026896990478 0000000000000000
0x000000dc527fec30:   0000000000000000 0000eda029e19e7b
0x000000dc527fec40:   000002689665f9d0 00007ffbdf91be11
0x000000dc527fec50:   00007ffbe12f5508 000002689665f9c0
0x000000dc527fec60:   0000026896b8dd90 00000268971c1a10
0x000000dc527fec70:   00000000ffffffff 00007ffbe082f2c0
0x000000dc527fec80:   000002689665f9d0 000002689665f9c0
0x000000dc527fec90:   000000dc527fed40 00000268969a0a10
0x000000dc527feca0:   0000026896990460 00007ffbe0744577
0x000000dc527fecb0:   000002689698fd40 000002689bcb50a0
0x000000dc527fecc0:   0000026830b20328 0000000000000045
0x000000dc527fecd0:   0000000000000001 00007ffbde1f0000
0x000000dc527fece0:   000000dc527fed40 00007ffbe0744325
0x000000dc527fecf0:   000000dc527fed70 000000dc527fee10 

Instructions: (pc=0x00007ffc3c37faad)
0x00007ffc3c37f9ad:   48 b8 7f 7f 7f 7f 7f 7f 7f 7f 41 8b c8 48 0b cb
0x00007ffc3c37f9bd:   48 23 c8 83 e6 1f 49 89 8c f4 40 a5 16 00 48 81
0x00007ffc3c37f9cd:   c4 98 00 00 00 41 5f 41 5e 41 5d 41 5c 5f 5e 5b
0x00007ffc3c37f9dd:   5d c3 cc 33 d2 41 8b c6 41 f7 f0 44 8b c8 e9 d6
0x00007ffc3c37f9ed:   fc ff ff 41 8d 57 ff 41 85 d7 0f 84 13 38 08 00
0x00007ffc3c37f9fd:   41 b8 00 10 00 00 41 b9 ff ff 00 00 e9 3c 38 08
0x00007ffc3c37fa0d:   00 cc cc cc cc cc cc 48 8b c4 48 89 58 08 48 89
0x00007ffc3c37fa1d:   68 10 48 89 70 18 48 89 78 20 41 56 48 83 ec 20
0x00007ffc3c37fa2d:   40 8a ea 4c 8d 35 99 d1 13 00 48 8b f1 33 db 48
0x00007ffc3c37fa3d:   8d 0d 9d d1 13 00 e8 58 00 00 00 4c 8b 05 81 d1
0x00007ffc3c37fa4d:   13 00 4d 3b c6 0f 85 08 3b 08 00 48 85 db 75 33
0x00007ffc3c37fa5d:   48 8d 0d 7c d1 13 00 e8 c7 f7 ff ff 48 85 db 0f
0x00007ffc3c37fa6d:   85 23 3b 08 00 33 c0 48 8b 5c 24 30 48 8b 6c 24
0x00007ffc3c37fa7d:   38 48 8b 74 24 40 48 8b 7c 24 48 48 83 c4 20 41
0x00007ffc3c37fa8d:   5e c3 cc f0 ff 43 3c eb c7 cc cc cc cc cc cc cc
0x00007ffc3c37fa9d:   cc cc cc 48 83 ec 28 65 48 8b 04 25 30 00 00 00
0x00007ffc3c37faad:   f0 0f ba 71 08 00 48 8b 40 48 73 13 48 89 41 10
0x00007ffc3c37fabd:   33 c0 c7 41 0c 01 00 00 00 48 83 c4 28 c3 cc 48
0x00007ffc3c37facd:   39 41 10 75 0b ff 41 0c 33 c0 48 83 c4 28 c3 cc
0x00007ffc3c37fadd:   e8 0e 00 00 00 eb e2 cc cc cc cc cc cc cc cc cc
0x00007ffc3c37faed:   cc cc cc 48 89 5c 24 18 55 56 57 41 54 41 55 41
0x00007ffc3c37fafd:   56 41 57 48 83 ec 20 8b 41 20 48 8b f1 48 0f ba
0x00007ffc3c37fb0d:   e0 1a 0f 82 df 01 00 00 33 ff 40 32 ed 66 83 3c
0x00007ffc3c37fb1d:   25 6a 03 fe 7f 01 76 19 48 8b 7e 20 48 8b c7 81
0x00007ffc3c37fb2d:   e7 ff ff ff 00 25 00 00 00 02 48 85 c0 40 0f 95
0x00007ffc3c37fb3d:   c5 45 32 ff b0 01 45 32 e4 41 bd 01 00 00 00 45
0x00007ffc3c37fb4d:   33 c0 ba 6a 03 fe 7f 84 c0 0f 84 14 01 00 00 8b
0x00007ffc3c37fb5d:   46 08 4c 8d 4e 08 45 84 e4 41 be 03 00 00 00 45
0x00007ffc3c37fb6d:   0f 44 f5 41 84 c5 0f 85 e2 00 00 00 8d 0c bf 03
0x00007ffc3c37fb7d:   c9 66 44 39 2a 0f 86 e8 00 00 00 4d 85 c9 74 0e
0x00007ffc3c37fb8d:   80 3c 25 97 02 fe 7f 00 0f 85 29 3a 08 00 0f b7
0x00007ffc3c37fb9d:   1c 25 d6 02 fe 7f 83 fb 0c 0f 85 a2 00 00 00 b8 


Stack slot to memory mapping:

stack at sp + 0 slots: 0x0 is null
stack at sp + 1 slots: 0x000002689743f500 points into unknown readable memory: 0x00000268973ae540 | 40 e5 3a 97 68 02 00 00
stack at sp + 2 slots: 0x0 is null
stack at sp + 3 slots: 0x0 is null
stack at sp + 4 slots: 0x0000026896b92cb0 points into unknown readable memory: 0x0000026830c33b40 | 40 3b c3 30 68 02 00 00
stack at sp + 5 slots: 0x00007ffbdd1204e9 points into unknown readable memory: 48 8b c3 48 83 c4 20
stack at sp + 6 slots: 0x0 is null
stack at sp + 7 slots: 0x0000026896b8dd40 points into unknown readable memory: 0x0000026896b92cb0 | b0 2c b9 96 68 02 00 00

VM_Operation (0x000000dc532ff170): Exit, mode: safepoint, requested by thread 0x00000268962f17b0


---------------  P R O C E S S  ---------------

Threads class SMR info:
_java_thread_list=0x0000026896c4adc0, length=19, elements={
0x0000026830b526b0, 0x000002685069ac80, 0x000002685069c340, 0x00000268506a0b10,
0x00000268506a1570, 0x00000268506a4b80, 0x00000268506aa290, 0x00000268506ab7c0,
0x00000268506b0de0, 0x000002685079a830, 0x00000268962f17b0, 0x00000268966c94f0,
0x0000026896f1f3a0, 0x00000268509ca970, 0x00000268965e0230, 0x0000026896080030,
0x00000268965dc650, 0x0000026896aa5b50, 0x0000026896aa2d60
}

Java Threads: ( => current thread )
  0x0000026830b526b0 JavaThread "main"                              [_thread_blocked, id=5684, stack(0x000000dc52000000,0x000000dc52100000) (1024K)]
  0x000002685069ac80 JavaThread "Reference Handler"          daemon [_thread_blocked, id=5808, stack(0x000000dc52800000,0x000000dc52900000) (1024K)]
  0x000002685069c340 JavaThread "Finalizer"                  daemon [_thread_blocked, id=8888, stack(0x000000dc52900000,0x000000dc52a00000) (1024K)]
  0x00000268506a0b10 JavaThread "Signal Dispatcher"          daemon [_thread_blocked, id=7268, stack(0x000000dc52a00000,0x000000dc52b00000) (1024K)]
  0x00000268506a1570 JavaThread "Attach Listener"            daemon [_thread_blocked, id=1364, stack(0x000000dc52b00000,0x000000dc52c00000) (1024K)]
  0x00000268506a4b80 JavaThread "Service Thread"             daemon [_thread_blocked, id=6988, stack(0x000000dc52c00000,0x000000dc52d00000) (1024K)]
  0x00000268506aa290 JavaThread "Monitor Deflation Thread"   daemon [_thread_blocked, id=3272, stack(0x000000dc52d00000,0x000000dc52e00000) (1024K)]
  0x00000268506ab7c0 JavaThread "C2 CompilerThread0"         daemon [_thread_blocked, id=7628, stack(0x000000dc52e00000,0x000000dc52f00000) (1024K)]
  0x00000268506b0de0 JavaThread "C1 CompilerThread0"         daemon [_thread_blocked, id=3648, stack(0x000000dc52f00000,0x000000dc53000000) (1024K)]
  0x000002685079a830 JavaThread "Common-Cleaner"             daemon [_thread_blocked, id=5148, stack(0x000000dc53000000,0x000000dc53100000) (1024K)]
  0x00000268962f17b0 JavaThread "Monitor Ctrl-Break"         daemon [_thread_blocked, id=5188, stack(0x000000dc53200000,0x000000dc53300000) (1024K)]
  0x00000268966c94f0 JavaThread "Notification Thread"        daemon [_thread_blocked, id=7152, stack(0x000000dc53300000,0x000000dc53400000) (1024K)]
  0x0000026896f1f3a0 JavaThread "QuantumRenderer-0"          daemon [_thread_blocked, id=5216, stack(0x000000dc53400000,0x000000dc53500000) (1024K)]
  0x00000268509ca970 JavaThread "InvokeLaterDispatcher"      daemon [_thread_blocked, id=5248, stack(0x000000dc53800000,0x000000dc53900000) (1024K)]
  0x00000268965e0230 JavaThread "JavaFX Application Thread"         [_thread_in_native, id=8352, stack(0x000000dc53900000,0x000000dc53a00000) (1024K)]
  0x0000026896080030 JavaThread "Thread-1"                   daemon [_thread_in_native, id=1820, stack(0x000000dc53100000,0x000000dc53200000) (1024K)]
  0x00000268965dc650 JavaThread "JavaFX-Launcher"                   [_thread_blocked, id=4520, stack(0x000000dc53d00000,0x000000dc53e00000) (1024K)]
  0x0000026896aa5b50 JavaThread "Prism Font Disposer"        daemon [_thread_blocked, id=8492, stack(0x000000dc53e00000,0x000000dc53f00000) (1024K)]
  0x0000026896aa2d60 JavaThread "Cleaner-0"                  daemon [_thread_blocked, id=6960, stack(0x000000dc54200000,0x000000dc54300000) (1024K)]
Total: 19

Other Threads:
=>0x0000026850683350 VMThread "VM Thread"                           [id=7184, stack(0x000000dc52700000,0x000000dc52800000) (1024K)]
  0x0000026832e3de00 WorkerThread "GC Thread#0"                     [id=2144, stack(0x000000dc52100000,0x000000dc52200000) (1024K)]
  0x00000268963507e0 WorkerThread "GC Thread#1"                     [id=4800, stack(0x000000dc53500000,0x000000dc53600000) (1024K)]
  0x0000026896350b90 WorkerThread "GC Thread#2"                     [id=9192, stack(0x000000dc53600000,0x000000dc53700000) (1024K)]
  0x0000026896350f40 WorkerThread "GC Thread#3"                     [id=9160, stack(0x000000dc53700000,0x000000dc53800000) (1024K)]
  0x0000026832e4de70 ConcurrentGCThread "G1 Main Marker"            terminated
  0x0000026832e4f120 WorkerThread "G1 Conc#0"                       [id=7736, stack(0x000000dc52300000,0x000000dc52400000) (1024K)]
  0x00000268505440b0 ConcurrentGCThread "G1 Refine#0"               terminated
  0x0000026850545c40 ConcurrentGCThread "G1 Service"                terminated
Total: 9

Threads with active compile tasks:
Total: 0

VM state: at safepoint (shutting down)

VM Mutex/Monitor currently owned by a thread:  ([mutex/lock_event])
[0x00007ffbe4f64888] Threads_lock - owner thread: 0x0000026850683350
[0x00007ffbe4f64988] Heap_lock - owner thread: 0x00000268962f17b0

Heap address: 0x0000000741400000, size: 3052 MB, Compressed Oops mode: Zero based, Oop shift amount: 3

CDS archive(s) mapped at: [0x0000026851000000-0x0000026851d70000-0x0000026851d70000), size 14090240, SharedBaseAddress: 0x0000026851000000, ArchiveRelocationMode: 1.
Compressed class space mapped at: 0x0000026852000000-0x0000026892000000, reserved size: 1073741824
Narrow klass base: 0x0000026851000000, Narrow klass shift: 0, Narrow klass range: 0x41000000

GC Precious Log:
 CardTable entry size: 512
 Card Set container configuration: InlinePtr #cards 4 size 8 Array Of Cards #cards 16 size 48 Howl #buckets 8 coarsen threshold 3686 Howl Bitmap #cards 512 size 80 coarsen threshold 460 Card regions per heap region 1 cards per card region 4096
 CPUs: 4 total, 4 available
 Memory: 12203M
 Large Page Support: Disabled
 NUMA Support: Disabled
 Compressed Oops: Enabled (Zero based)
 Heap Region Size: 2M
 Heap Min Capacity: 8M
 Heap Initial Capacity: 192M
 Heap Max Capacity: 3052M
 Pre-touch: Disabled
 Parallel Workers: 4
 Concurrent Workers: 1
 Concurrent Refinement Workers: 4
 Periodic GC: Disabled

Heap:
 garbage-first heap   total reserved 3125248K, committed 196608K, used 28392K [0x0000000741400000, 0x0000000800000000)
  region size 2048K, 14 young (28672K), 1 survivors (2048K)
 Metaspace       used 11349K, committed 11648K, reserved 1114112K
  class space    used 1543K, committed 1664K, reserved 1048576K

Heap Regions: E=young(eden), S=young(survivor), O=old, HS=humongous(starts), HC=humongous(continues), CS=collection set, F=free, TAMS=top-at-mark-start, PB=parsable bottom
|   0|0x0000000741400000, 0x00000007415f33c0, 0x0000000741600000| 97%| O|  |TAMS 0x0000000741400000| PB 0x0000000741400000| Untracked |  0
|   1|0x0000000741600000, 0x0000000741800000, 0x0000000741800000|100%|HS|  |TAMS 0x0000000741600000| PB 0x0000000741600000| Complete |  0
|   2|0x0000000741800000, 0x0000000741800000, 0x0000000741a00000|  0%| F|  |TAMS 0x0000000741800000| PB 0x0000000741800000| Untracked |  0
|   3|0x0000000741a00000, 0x0000000741a00000, 0x0000000741c00000|  0%| F|  |TAMS 0x0000000741a00000| PB 0x0000000741a00000| Untracked |  0
|   4|0x0000000741c00000, 0x0000000741c00000, 0x0000000741e00000|  0%| F|  |TAMS 0x0000000741c00000| PB 0x0000000741c00000| Untracked |  0
|   5|0x0000000741e00000, 0x0000000741e00000, 0x0000000742000000|  0%| F|  |TAMS 0x0000000741e00000| PB 0x0000000741e00000| Untracked |  0
|   6|0x0000000742000000, 0x0000000742000000, 0x0000000742200000|  0%| F|  |TAMS 0x0000000742000000| PB 0x0000000742000000| Untracked |  0
|   7|0x0000000742200000, 0x0000000742200000, 0x0000000742400000|  0%| F|  |TAMS 0x0000000742200000| PB 0x0000000742200000| Untracked |  0
|   8|0x0000000742400000, 0x0000000742400000, 0x0000000742600000|  0%| F|  |TAMS 0x0000000742400000| PB 0x0000000742400000| Untracked |  0
|   9|0x0000000742600000, 0x0000000742600000, 0x0000000742800000|  0%| F|  |TAMS 0x0000000742600000| PB 0x0000000742600000| Untracked |  0
|  10|0x0000000742800000, 0x0000000742800000, 0x0000000742a00000|  0%| F|  |TAMS 0x0000000742800000| PB 0x0000000742800000| Untracked |  0
|  11|0x0000000742a00000, 0x0000000742a00000, 0x0000000742c00000|  0%| F|  |TAMS 0x0000000742a00000| PB 0x0000000742a00000| Untracked |  0
|  12|0x0000000742c00000, 0x0000000742c00000, 0x0000000742e00000|  0%| F|  |TAMS 0x0000000742c00000| PB 0x0000000742c00000| Untracked |  0
|  13|0x0000000742e00000, 0x0000000742e00000, 0x0000000743000000|  0%| F|  |TAMS 0x0000000742e00000| PB 0x0000000742e00000| Untracked |  0
|  14|0x0000000743000000, 0x0000000743000000, 0x0000000743200000|  0%| F|  |TAMS 0x0000000743000000| PB 0x0000000743000000| Untracked |  0
|  15|0x0000000743200000, 0x0000000743200000, 0x0000000743400000|  0%| F|  |TAMS 0x0000000743200000| PB 0x0000000743200000| Untracked |  0
|  16|0x0000000743400000, 0x0000000743400000, 0x0000000743600000|  0%| F|  |TAMS 0x0000000743400000| PB 0x0000000743400000| Untracked |  0
|  17|0x0000000743600000, 0x0000000743600000, 0x0000000743800000|  0%| F|  |TAMS 0x0000000743600000| PB 0x0000000743600000| Untracked |  0
|  18|0x0000000743800000, 0x0000000743800000, 0x0000000743a00000|  0%| F|  |TAMS 0x0000000743800000| PB 0x0000000743800000| Untracked |  0
|  19|0x0000000743a00000, 0x0000000743a00000, 0x0000000743c00000|  0%| F|  |TAMS 0x0000000743a00000| PB 0x0000000743a00000| Untracked |  0
|  20|0x0000000743c00000, 0x0000000743c00000, 0x0000000743e00000|  0%| F|  |TAMS 0x0000000743c00000| PB 0x0000000743c00000| Untracked |  0
|  21|0x0000000743e00000, 0x0000000743e00000, 0x0000000744000000|  0%| F|  |TAMS 0x0000000743e00000| PB 0x0000000743e00000| Untracked |  0
|  22|0x0000000744000000, 0x0000000744000000, 0x0000000744200000|  0%| F|  |TAMS 0x0000000744000000| PB 0x0000000744000000| Untracked |  0
|  23|0x0000000744200000, 0x0000000744200000, 0x0000000744400000|  0%| F|  |TAMS 0x0000000744200000| PB 0x0000000744200000| Untracked |  0
|  24|0x0000000744400000, 0x0000000744400000, 0x0000000744600000|  0%| F|  |TAMS 0x0000000744400000| PB 0x0000000744400000| Untracked |  0
|  25|0x0000000744600000, 0x0000000744600000, 0x0000000744800000|  0%| F|  |TAMS 0x0000000744600000| PB 0x0000000744600000| Untracked |  0
|  26|0x0000000744800000, 0x0000000744800000, 0x0000000744a00000|  0%| F|  |TAMS 0x0000000744800000| PB 0x0000000744800000| Untracked |  0
|  27|0x0000000744a00000, 0x0000000744a00000, 0x0000000744c00000|  0%| F|  |TAMS 0x0000000744a00000| PB 0x0000000744a00000| Untracked |  0
|  28|0x0000000744c00000, 0x0000000744c00000, 0x0000000744e00000|  0%| F|  |TAMS 0x0000000744c00000| PB 0x0000000744c00000| Untracked |  0
|  29|0x0000000744e00000, 0x0000000744e00000, 0x0000000745000000|  0%| F|  |TAMS 0x0000000744e00000| PB 0x0000000744e00000| Untracked |  0
|  30|0x0000000745000000, 0x0000000745000000, 0x0000000745200000|  0%| F|  |TAMS 0x0000000745000000| PB 0x0000000745000000| Untracked |  0
|  31|0x0000000745200000, 0x0000000745200000, 0x0000000745400000|  0%| F|  |TAMS 0x0000000745200000| PB 0x0000000745200000| Untracked |  0
|  32|0x0000000745400000, 0x0000000745400000, 0x0000000745600000|  0%| F|  |TAMS 0x0000000745400000| PB 0x0000000745400000| Untracked |  0
|  33|0x0000000745600000, 0x0000000745600000, 0x0000000745800000|  0%| F|  |TAMS 0x0000000745600000| PB 0x0000000745600000| Untracked |  0
|  34|0x0000000745800000, 0x0000000745800000, 0x0000000745a00000|  0%| F|  |TAMS 0x0000000745800000| PB 0x0000000745800000| Untracked |  0
|  35|0x0000000745a00000, 0x0000000745a00000, 0x0000000745c00000|  0%| F|  |TAMS 0x0000000745a00000| PB 0x0000000745a00000| Untracked |  0
|  36|0x0000000745c00000, 0x0000000745c00000, 0x0000000745e00000|  0%| F|  |TAMS 0x0000000745c00000| PB 0x0000000745c00000| Untracked |  0
|  37|0x0000000745e00000, 0x0000000745e00000, 0x0000000746000000|  0%| F|  |TAMS 0x0000000745e00000| PB 0x0000000745e00000| Untracked |  0
|  38|0x0000000746000000, 0x0000000746000000, 0x0000000746200000|  0%| F|  |TAMS 0x0000000746000000| PB 0x0000000746000000| Untracked |  0
|  39|0x0000000746200000, 0x0000000746200000, 0x0000000746400000|  0%| F|  |TAMS 0x0000000746200000| PB 0x0000000746200000| Untracked |  0
|  40|0x0000000746400000, 0x0000000746400000, 0x0000000746600000|  0%| F|  |TAMS 0x0000000746400000| PB 0x0000000746400000| Untracked |  0
|  41|0x0000000746600000, 0x0000000746600000, 0x0000000746800000|  0%| F|  |TAMS 0x0000000746600000| PB 0x0000000746600000| Untracked |  0
|  42|0x0000000746800000, 0x0000000746800000, 0x0000000746a00000|  0%| F|  |TAMS 0x0000000746800000| PB 0x0000000746800000| Untracked |  0
|  43|0x0000000746a00000, 0x0000000746a00000, 0x0000000746c00000|  0%| F|  |TAMS 0x0000000746a00000| PB 0x0000000746a00000| Untracked |  0
|  44|0x0000000746c00000, 0x0000000746c00000, 0x0000000746e00000|  0%| F|  |TAMS 0x0000000746c00000| PB 0x0000000746c00000| Untracked |  0
|  45|0x0000000746e00000, 0x0000000746e00000, 0x0000000747000000|  0%| F|  |TAMS 0x0000000746e00000| PB 0x0000000746e00000| Untracked |  0
|  46|0x0000000747000000, 0x0000000747000000, 0x0000000747200000|  0%| F|  |TAMS 0x0000000747000000| PB 0x0000000747000000| Untracked |  0
|  47|0x0000000747200000, 0x0000000747200000, 0x0000000747400000|  0%| F|  |TAMS 0x0000000747200000| PB 0x0000000747200000| Untracked |  0
|  48|0x0000000747400000, 0x0000000747400000, 0x0000000747600000|  0%| F|  |TAMS 0x0000000747400000| PB 0x0000000747400000| Untracked |  0
|  49|0x0000000747600000, 0x0000000747600000, 0x0000000747800000|  0%| F|  |TAMS 0x0000000747600000| PB 0x0000000747600000| Untracked |  0
|  50|0x0000000747800000, 0x0000000747800000, 0x0000000747a00000|  0%| F|  |TAMS 0x0000000747800000| PB 0x0000000747800000| Untracked |  0
|  51|0x0000000747a00000, 0x0000000747a00000, 0x0000000747c00000|  0%| F|  |TAMS 0x0000000747a00000| PB 0x0000000747a00000| Untracked |  0
|  52|0x0000000747c00000, 0x0000000747c00000, 0x0000000747e00000|  0%| F|  |TAMS 0x0000000747c00000| PB 0x0000000747c00000| Untracked |  0
|  53|0x0000000747e00000, 0x0000000747e00000, 0x0000000748000000|  0%| F|  |TAMS 0x0000000747e00000| PB 0x0000000747e00000| Untracked |  0
|  54|0x0000000748000000, 0x0000000748000000, 0x0000000748200000|  0%| F|  |TAMS 0x0000000748000000| PB 0x0000000748000000| Untracked |  0
|  55|0x0000000748200000, 0x0000000748200000, 0x0000000748400000|  0%| F|  |TAMS 0x0000000748200000| PB 0x0000000748200000| Untracked |  0
|  56|0x0000000748400000, 0x0000000748400000, 0x0000000748600000|  0%| F|  |TAMS 0x0000000748400000| PB 0x0000000748400000| Untracked |  0
|  57|0x0000000748600000, 0x0000000748600000, 0x0000000748800000|  0%| F|  |TAMS 0x0000000748600000| PB 0x0000000748600000| Untracked |  0
|  58|0x0000000748800000, 0x0000000748800000, 0x0000000748a00000|  0%| F|  |TAMS 0x0000000748800000| PB 0x0000000748800000| Untracked |  0
|  59|0x0000000748a00000, 0x0000000748a00000, 0x0000000748c00000|  0%| F|  |TAMS 0x0000000748a00000| PB 0x0000000748a00000| Untracked |  0
|  60|0x0000000748c00000, 0x0000000748c00000, 0x0000000748e00000|  0%| F|  |TAMS 0x0000000748c00000| PB 0x0000000748c00000| Untracked |  0
|  61|0x0000000748e00000, 0x0000000748e00000, 0x0000000749000000|  0%| F|  |TAMS 0x0000000748e00000| PB 0x0000000748e00000| Untracked |  0
|  62|0x0000000749000000, 0x0000000749000000, 0x0000000749200000|  0%| F|  |TAMS 0x0000000749000000| PB 0x0000000749000000| Untracked |  0
|  63|0x0000000749200000, 0x0000000749200000, 0x0000000749400000|  0%| F|  |TAMS 0x0000000749200000| PB 0x0000000749200000| Untracked |  0
|  64|0x0000000749400000, 0x0000000749400000, 0x0000000749600000|  0%| F|  |TAMS 0x0000000749400000| PB 0x0000000749400000| Untracked |  0
|  65|0x0000000749600000, 0x0000000749600000, 0x0000000749800000|  0%| F|  |TAMS 0x0000000749600000| PB 0x0000000749600000| Untracked |  0
|  66|0x0000000749800000, 0x0000000749800000, 0x0000000749a00000|  0%| F|  |TAMS 0x0000000749800000| PB 0x0000000749800000| Untracked |  0
|  67|0x0000000749a00000, 0x0000000749a00000, 0x0000000749c00000|  0%| F|  |TAMS 0x0000000749a00000| PB 0x0000000749a00000| Untracked |  0
|  68|0x0000000749c00000, 0x0000000749c00000, 0x0000000749e00000|  0%| F|  |TAMS 0x0000000749c00000| PB 0x0000000749c00000| Untracked |  0
|  69|0x0000000749e00000, 0x0000000749e00000, 0x000000074a000000|  0%| F|  |TAMS 0x0000000749e00000| PB 0x0000000749e00000| Untracked |  0
|  70|0x000000074a000000, 0x000000074a000000, 0x000000074a200000|  0%| F|  |TAMS 0x000000074a000000| PB 0x000000074a000000| Untracked |  0
|  71|0x000000074a200000, 0x000000074a200000, 0x000000074a400000|  0%| F|  |TAMS 0x000000074a200000| PB 0x000000074a200000| Untracked |  0
|  72|0x000000074a400000, 0x000000074a400000, 0x000000074a600000|  0%| F|  |TAMS 0x000000074a400000| PB 0x000000074a400000| Untracked |  0
|  73|0x000000074a600000, 0x000000074a600000, 0x000000074a800000|  0%| F|  |TAMS 0x000000074a600000| PB 0x000000074a600000| Untracked |  0
|  74|0x000000074a800000, 0x000000074a800000, 0x000000074aa00000|  0%| F|  |TAMS 0x000000074a800000| PB 0x000000074a800000| Untracked |  0
|  75|0x000000074aa00000, 0x000000074aa00000, 0x000000074ac00000|  0%| F|  |TAMS 0x000000074aa00000| PB 0x000000074aa00000| Untracked |  0
|  76|0x000000074ac00000, 0x000000074ac00000, 0x000000074ae00000|  0%| F|  |TAMS 0x000000074ac00000| PB 0x000000074ac00000| Untracked |  0
|  77|0x000000074ae00000, 0x000000074ae00000, 0x000000074b000000|  0%| F|  |TAMS 0x000000074ae00000| PB 0x000000074ae00000| Untracked |  0
|  78|0x000000074b000000, 0x000000074b000000, 0x000000074b200000|  0%| F|  |TAMS 0x000000074b000000| PB 0x000000074b000000| Untracked |  0
|  79|0x000000074b200000, 0x000000074b200000, 0x000000074b400000|  0%| F|  |TAMS 0x000000074b200000| PB 0x000000074b200000| Untracked |  0
|  80|0x000000074b400000, 0x000000074b400000, 0x000000074b600000|  0%| F|  |TAMS 0x000000074b400000| PB 0x000000074b400000| Untracked |  0
|  81|0x000000074b600000, 0x000000074b600000, 0x000000074b800000|  0%| F|  |TAMS 0x000000074b600000| PB 0x000000074b600000| Untracked |  0
|  82|0x000000074b800000, 0x000000074b898db8, 0x000000074ba00000| 29%| E|  |TAMS 0x000000074b800000| PB 0x000000074b800000| Complete |  0
|  83|0x000000074ba00000, 0x000000074bc00000, 0x000000074bc00000|100%| E|CS|TAMS 0x000000074ba00000| PB 0x000000074ba00000| Complete |  0
|  84|0x000000074bc00000, 0x000000074be00000, 0x000000074be00000|100%| E|CS|TAMS 0x000000074bc00000| PB 0x000000074bc00000| Complete |  0
|  85|0x000000074be00000, 0x000000074c000000, 0x000000074c000000|100%| E|CS|TAMS 0x000000074be00000| PB 0x000000074be00000| Complete |  0
|  86|0x000000074c000000, 0x000000074c200000, 0x000000074c200000|100%| E|CS|TAMS 0x000000074c000000| PB 0x000000074c000000| Complete |  0
|  87|0x000000074c200000, 0x000000074c3c6d80, 0x000000074c400000| 88%| S|CS|TAMS 0x000000074c200000| PB 0x000000074c200000| Complete |  0
|  88|0x000000074c400000, 0x000000074c600000, 0x000000074c600000|100%| E|CS|TAMS 0x000000074c400000| PB 0x000000074c400000| Complete |  0
|  89|0x000000074c600000, 0x000000074c800000, 0x000000074c800000|100%| E|CS|TAMS 0x000000074c600000| PB 0x000000074c600000| Complete |  0
|  90|0x000000074c800000, 0x000000074ca00000, 0x000000074ca00000|100%| E|CS|TAMS 0x000000074c800000| PB 0x000000074c800000| Complete |  0
|  91|0x000000074ca00000, 0x000000074cc00000, 0x000000074cc00000|100%| E|CS|TAMS 0x000000074ca00000| PB 0x000000074ca00000| Complete |  0
|  92|0x000000074cc00000, 0x000000074ce00000, 0x000000074ce00000|100%| E|CS|TAMS 0x000000074cc00000| PB 0x000000074cc00000| Complete |  0
|  93|0x000000074ce00000, 0x000000074d000000, 0x000000074d000000|100%| E|CS|TAMS 0x000000074ce00000| PB 0x000000074ce00000| Complete |  0
|  94|0x000000074d000000, 0x000000074d200000, 0x000000074d200000|100%| E|  |TAMS 0x000000074d000000| PB 0x000000074d000000| Complete |  0
|  95|0x000000074d200000, 0x000000074d400000, 0x000000074d400000|100%| E|CS|TAMS 0x000000074d200000| PB 0x000000074d200000| Complete |  0

Card table byte_map: [0x000002684ab40000,0x000002684b140000] _byte_map_base: 0x0000026847136000

Marking Bits: (CMBitMap*) 0x0000026832e3e510
 Bits: [0x000002684b140000, 0x000002684e0f0000)

Polling page: 0x0000026830ca0000

Metaspace:

Usage:
  Non-class:      9.58 MB used.
      Class:      1.51 MB used.
       Both:     11.08 MB used.

Virtual space:
  Non-class space:       64.00 MB reserved,       9.75 MB ( 15%) committed,  1 nodes.
      Class space:        1.00 GB reserved,       1.62 MB ( <1%) committed,  1 nodes.
             Both:        1.06 GB reserved,      11.38 MB (  1%) committed. 

Chunk freelists:
   Non-Class:  4.86 MB
       Class:  14.41 MB
        Both:  19.27 MB

MaxMetaspaceSize: unlimited
CompressedClassSpaceSize: 1.00 GB
Initial GC threshold: 21.00 MB
Current GC threshold: 21.00 MB
CDS: on
 - commit_granule_bytes: 65536.
 - commit_granule_words: 8192.
 - virtual_space_node_default_size: 8388608.
 - enlarge_chunks_in_place: 1.
 - use_allocation_guard: 0.


Internal statistics:

num_allocs_failed_limit: 0.
num_arena_births: 216.
num_arena_deaths: 0.
num_vsnodes_births: 2.
num_vsnodes_deaths: 0.
num_space_committed: 182.
num_space_uncommitted: 0.
num_chunks_returned_to_freelist: 0.
num_chunks_taken_from_freelist: 618.
num_chunk_merges: 0.
num_chunk_splits: 421.
num_chunks_enlarged: 302.
num_inconsistent_stats: 0.

CodeHeap 'non-profiled nmethods': size=120064Kb used=586Kb max_used=586Kb free=119477Kb
 bounds [0x0000026843000000, 0x0000026843270000, 0x000002684a540000]
CodeHeap 'profiled nmethods': size=120000Kb used=2223Kb max_used=2223Kb free=117776Kb
 bounds [0x000002683b540000, 0x000002683b7b0000, 0x0000026842a70000]
CodeHeap 'non-nmethods': size=5696Kb used=2035Kb max_used=2050Kb free=3660Kb
 bounds [0x0000026842a70000, 0x0000026842ce0000, 0x0000026843000000]
CodeCache: size=245760Kb, used=4844Kb, max_used=4859Kb, free=240913Kb
 total_blobs=2787, nmethods=1741, adapters=952, full_count=0
Compilation: enabled, stopped_count=0, restarted_count=0

Compilation events (20 events):
Event: 17.219 Thread 0x00000268506b0de0 1734       3       java.lang.Float::floatToIntBits (15 bytes)
Event: 17.220 Thread 0x00000268506b0de0 nmethod 1734 0x000002683b76bb08 code [0x000002683b76bc40, 0x000002683b76be68]
Event: 17.220 Thread 0x00000268506b0de0 1731       1       com.sun.prism.impl.BaseGraphics::isState3D (5 bytes)
Event: 17.220 Thread 0x00000268506b0de0 nmethod 1731 0x0000026843090f08 code [0x0000026843091020, 0x00000268430910f0]
Event: 17.220 Thread 0x00000268506b0de0 1735       1       com.sun.javafx.geom.transform.BaseTransform::getMxx (2 bytes)
Event: 17.220 Thread 0x00000268506b0de0 nmethod 1735 0x0000026843091208 code [0x0000026843091340, 0x0000026843091410]
Event: 17.220 Thread 0x00000268506b0de0 1736       1       com.sun.javafx.geom.transform.BaseTransform::getMxy (2 bytes)
Event: 17.220 Thread 0x00000268506b0de0 nmethod 1736 0x0000026843091508 code [0x0000026843091620, 0x00000268430916e8]
Event: 17.220 Thread 0x00000268506b0de0 1737       1       com.sun.javafx.geom.transform.BaseTransform::getMyx (2 bytes)
Event: 17.220 Thread 0x00000268506b0de0 nmethod 1737 0x0000026843091808 code [0x0000026843091920, 0x00000268430919e8]
Event: 17.220 Thread 0x00000268506b0de0 1738       1       com.sun.javafx.geom.transform.BaseTransform::getMyy (2 bytes)
Event: 17.220 Thread 0x00000268506b0de0 nmethod 1738 0x0000026843091b08 code [0x0000026843091c40, 0x0000026843091d10]
Event: 17.220 Thread 0x00000268506b0de0 1733       1       javafx.scene.layout.Background::getFills (5 bytes)
Event: 17.221 Thread 0x00000268506b0de0 nmethod 1733 0x0000026843091e08 code [0x0000026843091f20, 0x0000026843091ff0]
Event: 33.704 Thread 0x00000268506ab7c0 1739       4       java.lang.String::toString (2 bytes)
Event: 33.704 Thread 0x00000268506ab7c0 nmethod 1739 0x0000026843092108 code [0x0000026843092200, 0x0000026843092278]
Event: 33.706 Thread 0x00000268506b0de0 1740       1       java.util.logging.Level::intValue (5 bytes)
Event: 33.706 Thread 0x00000268506b0de0 nmethod 1740 0x0000026843092408 code [0x0000026843092520, 0x00000268430925e8]
Event: 33.708 Thread 0x00000268506ab7c0 1741       4       java.lang.StringLatin1::canEncode (13 bytes)
Event: 33.709 Thread 0x00000268506ab7c0 nmethod 1741 0x0000026843092708 code [0x0000026843092800, 0x0000026843092878]

GC Heap History (4 events):
Event: 1.124 GC heap before
{Heap before GC invocations=0 (full 0):
 garbage-first heap   total reserved 3125248K, committed 196608K, used 14336K [0x0000000741400000, 0x0000000800000000)
  region size 2048K, 7 young (14336K), 0 survivors (0K)
 Metaspace       used 2710K, committed 2880K, reserved 1114112K
  class space    used 287K, committed 384K, reserved 1048576K
}
Event: 1.132 GC heap after
{Heap after GC invocations=1 (full 0):
 garbage-first heap   total reserved 3125248K, committed 196608K, used 1965K [0x0000000741400000, 0x0000000800000000)
  region size 2048K, 1 young (2048K), 1 survivors (2048K)
 Metaspace       used 2710K, committed 2880K, reserved 1114112K
  class space    used 287K, committed 384K, reserved 1048576K
}
Event: 1.664 GC heap before
{Heap before GC invocations=1 (full 0):
 garbage-first heap   total reserved 3125248K, committed 196608K, used 14253K [0x0000000741400000, 0x0000000800000000)
  region size 2048K, 8 young (16384K), 1 survivors (2048K)
 Metaspace       used 5924K, committed 6144K, reserved 1114112K
  class space    used 715K, committed 832K, reserved 1048576K
}
Event: 1.673 GC heap after
{Heap after GC invocations=2 (full 0):
 garbage-first heap   total reserved 3125248K, committed 196608K, used 3816K [0x0000000741400000, 0x0000000800000000)
  region size 2048K, 1 young (2048K), 1 survivors (2048K)
 Metaspace       used 5924K, committed 6144K, reserved 1114112K
  class space    used 715K, committed 832K, reserved 1048576K
}

Dll operation events (20 events):
Event: 0.912 Loaded shared library D:\SOFTWARES\EDUCATIVE\INTELLIJ\openjfx-17.0.15_windows-x64_bin-sdk\javafx-sdk-17.0.15\bin\api-ms-win-crt-math-l1-1-0.dll
Event: 0.917 Loaded shared library D:\SOFTWARES\EDUCATIVE\INTELLIJ\openjfx-17.0.15_windows-x64_bin-sdk\javafx-sdk-17.0.15\bin\api-ms-win-crt-multibyte-l1-1-0.dll
Event: 0.923 Loaded shared library D:\SOFTWARES\EDUCATIVE\INTELLIJ\openjfx-17.0.15_windows-x64_bin-sdk\javafx-sdk-17.0.15\bin\api-ms-win-crt-private-l1-1-0.dll
Event: 0.929 Loaded shared library D:\SOFTWARES\EDUCATIVE\INTELLIJ\openjfx-17.0.15_windows-x64_bin-sdk\javafx-sdk-17.0.15\bin\api-ms-win-crt-process-l1-1-0.dll
Event: 0.935 Loaded shared library D:\SOFTWARES\EDUCATIVE\INTELLIJ\openjfx-17.0.15_windows-x64_bin-sdk\javafx-sdk-17.0.15\bin\api-ms-win-crt-runtime-l1-1-0.dll
Event: 0.941 Loaded shared library D:\SOFTWARES\EDUCATIVE\INTELLIJ\openjfx-17.0.15_windows-x64_bin-sdk\javafx-sdk-17.0.15\bin\api-ms-win-crt-stdio-l1-1-0.dll
Event: 0.947 Loaded shared library D:\SOFTWARES\EDUCATIVE\INTELLIJ\openjfx-17.0.15_windows-x64_bin-sdk\javafx-sdk-17.0.15\bin\api-ms-win-crt-string-l1-1-0.dll
Event: 0.953 Loaded shared library D:\SOFTWARES\EDUCATIVE\INTELLIJ\openjfx-17.0.15_windows-x64_bin-sdk\javafx-sdk-17.0.15\bin\api-ms-win-crt-time-l1-1-0.dll
Event: 0.959 Loaded shared library D:\SOFTWARES\EDUCATIVE\INTELLIJ\openjfx-17.0.15_windows-x64_bin-sdk\javafx-sdk-17.0.15\bin\api-ms-win-crt-utility-l1-1-0.dll
Event: 0.966 Loaded shared library D:\SOFTWARES\EDUCATIVE\INTELLIJ\openjfx-17.0.15_windows-x64_bin-sdk\javafx-sdk-17.0.15\bin\ucrtbase.dll
Event: 0.972 Loaded shared library D:\SOFTWARES\EDUCATIVE\INTELLIJ\openjfx-17.0.15_windows-x64_bin-sdk\javafx-sdk-17.0.15\bin\vcruntime140.dll
Event: 0.979 Loaded shared library D:\SOFTWARES\EDUCATIVE\INTELLIJ\openjfx-17.0.15_windows-x64_bin-sdk\javafx-sdk-17.0.15\bin\vcruntime140_1.dll
Event: 0.985 Loaded shared library D:\SOFTWARES\EDUCATIVE\INTELLIJ\openjfx-17.0.15_windows-x64_bin-sdk\javafx-sdk-17.0.15\bin\msvcp140.dll
Event: 0.990 Loaded shared library D:\SOFTWARES\EDUCATIVE\INTELLIJ\openjfx-17.0.15_windows-x64_bin-sdk\javafx-sdk-17.0.15\bin\msvcp140_1.dll
Event: 0.997 Loaded shared library D:\SOFTWARES\EDUCATIVE\INTELLIJ\openjfx-17.0.15_windows-x64_bin-sdk\javafx-sdk-17.0.15\bin\msvcp140_2.dll
Event: 1.075 Loaded shared library D:\SOFTWARES\EDUCATIVE\INTELLIJ\openjfx-17.0.15_windows-x64_bin-sdk\javafx-sdk-17.0.15\bin\prism_d3d.dll
Event: 1.147 Loaded shared library D:\SOFTWARES\EDUCATIVE\INTELLIJ\openjfx-17.0.15_windows-x64_bin-sdk\javafx-sdk-17.0.15\bin\glass.dll
Event: 1.474 Loaded shared library D:\SOFTWARES\EDUCATIVE\INTELLIJ\openjfx-17.0.15_windows-x64_bin-sdk\javafx-sdk-17.0.15\bin\javafx_font.dll
Event: 1.876 Loaded shared library C:\Program Files\java\jdk-23\bin\jimage.dll
Event: 4.032 Loaded shared library D:\SOFTWARES\EDUCATIVE\INTELLIJ\opencv\build\java\x64\opencv_java4110.dll

Deoptimization events (20 events):
Event: 3.991 Thread 0x0000026896aa33f0 Uncommon trap: trap_request=0xffffff45 fr.pc=0x000002684307c6a4 relative=0x0000000000000da4
Event: 3.991 Thread 0x0000026896aa33f0 Uncommon trap: reason=unstable_if action=reinterpret pc=0x000002684307c6a4 method=java.util.concurrent.ConcurrentHashMap.putVal(Ljava/lang/Object;Ljava/lang/Object;Z)Ljava/lang/Object; @ 148 c2
Event: 3.991 Thread 0x0000026896aa33f0 DEOPT PACKING pc=0x000002684307c6a4 sp=0x000000dc543fe240
Event: 3.991 Thread 0x0000026896aa33f0 DEOPT UNPACKING pc=0x0000026842ac4402 sp=0x000000dc543fe1b0 mode 2
Event: 12.151 Thread 0x0000026896aa33f0 Uncommon trap: trap_request=0xffffff45 fr.pc=0x0000026843079ed8 relative=0x0000000000000498
Event: 12.151 Thread 0x0000026896aa33f0 Uncommon trap: reason=unstable_if action=reinterpret pc=0x0000026843079ed8 method=java.lang.AbstractStringBuilder.append(C)Ljava/lang/AbstractStringBuilder; @ 21 c2
Event: 12.151 Thread 0x0000026896aa33f0 DEOPT PACKING pc=0x0000026843079ed8 sp=0x000000dc543fe530
Event: 12.151 Thread 0x0000026896aa33f0 DEOPT UNPACKING pc=0x0000026842ac4402 sp=0x000000dc543fe4c8 mode 2
Event: 12.151 Thread 0x0000026896aa33f0 Uncommon trap: trap_request=0xffffff45 fr.pc=0x0000026843069198 relative=0x00000000000004d8
Event: 12.151 Thread 0x0000026896aa33f0 Uncommon trap: reason=unstable_if action=reinterpret pc=0x0000026843069198 method=java.lang.AbstractStringBuilder.isLatin1()Z @ 10 c2
Event: 12.151 Thread 0x0000026896aa33f0 DEOPT PACKING pc=0x0000026843069198 sp=0x000000dc543fe4e0
Event: 12.151 Thread 0x0000026896aa33f0 DEOPT UNPACKING pc=0x0000026842ac4402 sp=0x000000dc543fe470 mode 2
Event: 12.151 Thread 0x0000026896aa33f0 Uncommon trap: trap_request=0xffffff45 fr.pc=0x000002684308e7f0 relative=0x0000000000000530
Event: 12.151 Thread 0x0000026896aa33f0 Uncommon trap: reason=unstable_if action=reinterpret pc=0x000002684308e7f0 method=java.lang.AbstractStringBuilder.isLatin1()Z @ 10 c2
Event: 12.151 Thread 0x0000026896aa33f0 DEOPT PACKING pc=0x000002684308e7f0 sp=0x000000dc543fe540
Event: 12.151 Thread 0x0000026896aa33f0 DEOPT UNPACKING pc=0x0000026842ac4402 sp=0x000000dc543fe448 mode 2
Event: 12.152 Thread 0x0000026896aa33f0 Uncommon trap: trap_request=0xffffff45 fr.pc=0x000002684304b280 relative=0x00000000000000e0
Event: 12.152 Thread 0x0000026896aa33f0 Uncommon trap: reason=unstable_if action=reinterpret pc=0x000002684304b280 method=java.lang.String.getBytes([BIB)V @ 5 c2
Event: 12.152 Thread 0x0000026896aa33f0 DEOPT PACKING pc=0x000002684304b280 sp=0x000000dc543ff120
Event: 12.152 Thread 0x0000026896aa33f0 DEOPT UNPACKING pc=0x0000026842ac4402 sp=0x000000dc543ff0c8 mode 2

Classes loaded (20 events):
Event: 2.667 Loading class java/lang/FdLibm
Event: 2.667 Loading class java/lang/FdLibm done
Event: 2.705 Loading class jdk/internal/foreign/MemorySessionImpl
Event: 2.705 Loading class java/lang/foreign/MemorySegment$Scope
Event: 2.705 Loading class java/lang/foreign/MemorySegment$Scope done
Event: 2.705 Loading class jdk/internal/foreign/MemorySessionImpl done
Event: 3.041 Loading class java/util/EnumMap$Values
Event: 3.041 Loading class java/util/EnumMap$Values done
Event: 3.041 Loading class java/util/EnumMap$ValueIterator
Event: 3.041 Loading class java/util/EnumMap$EnumMapIterator
Event: 3.041 Loading class java/util/EnumMap$EnumMapIterator done
Event: 3.041 Loading class java/util/EnumMap$ValueIterator done
Event: 3.878 Loading class java/io/UnsupportedEncodingException
Event: 3.878 Loading class java/io/UnsupportedEncodingException done
Event: 9.156 Loading class jdk/internal/event/ThreadSleepEvent
Event: 9.156 Loading class jdk/internal/event/ThreadSleepEvent done
Event: 12.108 Loading class java/io/FileFilter
Event: 12.108 Loading class java/io/FileFilter done
Event: 33.703 Loading class sun/nio/ch/IOStatus
Event: 33.703 Loading class sun/nio/ch/IOStatus done

Classes unloaded (0 events):
No events

Classes redefined (0 events):
No events

Internal exceptions (20 events):
Event: 1.403 Thread 0x00000268965e0230 Exception <a 'java/lang/ClassNotFoundException'{0x000000074ca2d078}: com/sun/glass/ui/win/themes> (0x000000074ca2d078) 
thrown [s\open\src\hotspot\share\prims\jni.cpp, line 539]
Event: 1.405 Thread 0x00000268965e0230 Exception <a 'java/lang/ClassNotFoundException'{0x000000074ca38ac0}: com/sun/glass/ui/win/themes_en> (0x000000074ca38ac0) 
thrown [s\open\src\hotspot\share\prims\jni.cpp, line 539]
Event: 1.406 Thread 0x00000268965e0230 Exception <a 'java/lang/ClassNotFoundException'{0x000000074ca40628}: com/sun/glass/ui/win/themes_en_US> (0x000000074ca40628) 
thrown [s\open\src\hotspot\share\prims\jni.cpp, line 539]
Event: 1.758 Thread 0x00000268965e0230 Exception <a 'java/lang/NoSuchMethodError'{0x000000074d34c4c0}: 'void java.lang.invoke.DirectMethodHandle$Holder.invokeStaticInit(java.lang.Object, java.lang.Object)'> (0x000000074d34c4c0) 
thrown [s\open\src\hotspot\share\interpreter\linkResolver.cpp, line 796]
Event: 1.911 Thread 0x00000268965e0230 Implicit null exception at 0x0000026843055156 to 0x00000268430551fa
Event: 1.943 Thread 0x00000268965e0230 Implicit null exception at 0x000002684305c68b to 0x000002684305c8b8
Event: 1.944 Thread 0x00000268965e0230 Implicit null exception at 0x0000026843057e0b to 0x0000026843058030
Event: 2.092 Thread 0x00000268965e0230 Implicit null exception at 0x0000026843020e9d to 0x0000026843020f1d
Event: 2.258 Thread 0x00000268965e0230 Exception <a 'java/lang/NoSuchMethodError'{0x000000074c4c9578}: 'java.lang.Object java.lang.invoke.DirectMethodHandle$Holder.invokeInterface(java.lang.Object, java.lang.Object, java.lang.Object)'> (0x000000074c4c9578) 
thrown [s\open\src\hotspot\share\interpreter\linkResolver.cpp, line 796]
Event: 2.259 Thread 0x00000268965e0230 Exception <a 'java/lang/IncompatibleClassChangeError'{0x000000074c4ccc48}: Found class java.lang.Object, but interface was expected> (0x000000074c4ccc48) 
thrown [s\open\src\hotspot\share\interpreter\linkResolver.cpp, line 863]
Event: 2.379 Thread 0x00000268965e0230 Exception <a 'java/lang/NoSuchMethodError'{0x000000074c5e0ec0}: 'int java.lang.invoke.DirectMethodHandle$Holder.invokeSpecial(java.lang.Object, java.lang.Object, int)'> (0x000000074c5e0ec0) 
thrown [s\open\src\hotspot\share\interpreter\linkResolver.cpp, line 796]
Event: 2.385 Thread 0x00000268965e0230 Exception <a 'java/lang/NoSuchMethodError'{0x000000074c5f7a00}: 'java.lang.Object java.lang.invoke.DirectMethodHandle$Holder.invokeStatic(java.lang.Object, java.lang.Object, java.lang.Object, java.lang.Object, int)'> (0x000000074c5f7a00) 
thrown [s\open\src\hotspot\share\interpreter\linkResolver.cpp, line 796]
Event: 2.387 Thread 0x00000268965e0230 Exception <a 'java/lang/NoSuchMethodError'{0x000000074c000378}: 'int java.lang.invoke.DirectMethodHandle$Holder.invokeSpecial(java.lang.Object, java.lang.Object, java.lang.Object)'> (0x000000074c000378) 
thrown [s\open\src\hotspot\share\interpreter\linkResolver.cpp, line 796]
Event: 2.413 Thread 0x00000268965e0230 Exception <a 'java/lang/NoSuchMethodError'{0x000000074c099308}: 'java.lang.Object java.lang.invoke.DirectMethodHandle$Holder.newInvokeSpecial(java.lang.Object, java.lang.Object, int)'> (0x000000074c099308) 
thrown [s\open\src\hotspot\share\interpreter\linkResolver.cpp, line 796]
Event: 2.484 Thread 0x0000026896f1f3a0 Exception <a 'java/lang/NoSuchMethodError'{0x000000074c137ab0}: 'int java.lang.invoke.DirectMethodHandle$Holder.invokeStaticInit(java.lang.Object, java.lang.Object)'> (0x000000074c137ab0) 
thrown [s\open\src\hotspot\share\interpreter\linkResolver.cpp, line 796]
Event: 3.908 Thread 0x00000268965e0230 Exception <a 'java/lang/NoSuchMethodError'{0x000000074baeac68}: 'long java.lang.invoke.DirectMethodHandle$Holder.invokeStatic(java.lang.Object, java.lang.Object, java.lang.Object)'> (0x000000074baeac68) 
thrown [s\open\src\hotspot\share\interpreter\linkResolver.cpp, line 796]
Event: 3.908 Thread 0x00000268965e0230 Exception <a 'java/lang/NoSuchMethodError'{0x000000074baee080}: 'long java.lang.invoke.DirectMethodHandle$Holder.invokeStaticInit(java.lang.Object, java.lang.Object, java.lang.Object)'> (0x000000074baee080) 
thrown [s\open\src\hotspot\share\interpreter\linkResolver.cpp, line 796]
Event: 3.913 Thread 0x00000268965e0230 Exception <a 'java/lang/NoSuchMethodError'{0x000000074bb02fc0}: 'java.lang.Object java.lang.invoke.DirectMethodHandle$Holder.newInvokeSpecial(java.lang.Object, java.lang.Object, long)'> (0x000000074bb02fc0) 
thrown [s\open\src\hotspot\share\interpreter\linkResolver.cpp, line 796]
Event: 3.914 Thread 0x00000268965e0230 Exception <a 'java/lang/NoSuchMethodError'{0x000000074bb06920}: 'java.lang.Object java.lang.invoke.Invokers$Holder.linkToTargetMethod(java.lang.Object, long, java.lang.Object)'> (0x000000074bb06920) 
thrown [s\open\src\hotspot\share\interpreter\linkResolver.cpp, line 796]
Event: 12.108 Thread 0x0000026896aa33f0 Exception <a 'java/lang/NoSuchMethodError'{0x000000074bbd6550}: 'int java.lang.invoke.DirectMethodHandle$Holder.invokeVirtual(java.lang.Object, java.lang.Object)'> (0x000000074bbd6550) 
thrown [s\open\src\hotspot\share\interpreter\linkResolver.cpp, line 796]

VM Operations (15 events):
Event: 0.220 Executing VM operation: HandshakeAllThreads (Deoptimize)
Event: 0.221 Executing VM operation: HandshakeAllThreads (Deoptimize) done
Event: 0.371 Executing VM operation: HandshakeAllThreads (Deoptimize)
Event: 0.371 Executing VM operation: HandshakeAllThreads (Deoptimize) done
Event: 1.124 Executing VM operation: G1CollectForAllocation (G1 Evacuation Pause)
Event: 1.132 Executing VM operation: G1CollectForAllocation (G1 Evacuation Pause) done
Event: 1.137 Executing VM operation: HandshakeAllThreads (Deoptimize)
Event: 1.138 Executing VM operation: HandshakeAllThreads (Deoptimize) done
Event: 1.491 Executing VM operation: HandshakeAllThreads (Deoptimize)
Event: 1.491 Executing VM operation: HandshakeAllThreads (Deoptimize) done
Event: 1.664 Executing VM operation: G1CollectForAllocation (G1 Evacuation Pause)
Event: 1.673 Executing VM operation: G1CollectForAllocation (G1 Evacuation Pause) done
Event: 4.035 Executing VM operation: HandshakeAllThreads (Deoptimize)
Event: 4.035 Executing VM operation: HandshakeAllThreads (Deoptimize) done
Event: 33.709 Executing VM operation: Exit

Memory protections (0 events):
No events

Nmethod flushes (0 events):
No events

Events (20 events):
Event: 0.450 Thread 0x0000026830b526b0 Thread added: 0x00000268966c94f0
Event: 0.825 Thread 0x000002685089f4a0 Thread exited: 0x000002685089f4a0
Event: 1.029 Thread 0x00000268506b0de0 Thread added: 0x0000026896683de0
Event: 1.060 Thread 0x0000026830b526b0 Thread added: 0x0000026896f1f3a0
Event: 1.151 Thread 0x0000026830b526b0 Thread added: 0x00000268509ca970
Event: 1.158 Thread 0x0000026830b526b0 Thread added: 0x00000268965e0230
Event: 1.233 Thread 0x0000026896683de0 Thread exited: 0x0000026896683de0
Event: 1.281 Thread 0x0000026896080030 Thread added: 0x0000026896080030
Event: 1.289 Thread 0x0000026830b526b0 Thread added: 0x00000268965dc650
Event: 1.545 Thread 0x00000268506b0de0 Thread added: 0x0000026896086880
Event: 2.129 Thread 0x0000026896086880 Thread exited: 0x0000026896086880
Event: 2.240 Thread 0x00000268965e0230 Thread added: 0x0000026896aa5b50
Event: 2.539 Thread 0x0000026896f1f3a0 Thread added: 0x0000026896aa2d60
Event: 3.989 Thread 0x00000268965e0230 Thread added: 0x0000026896aa33f0
Event: 12.152 Thread 0x0000026896aa33f0 Thread exited: 0x0000026896aa33f0
Event: 33.704 Thread 0x00000268962f17b0 Thread added: 0x0000026896aa4e30
Event: 33.704 Thread 0x00000268962f17b0 Thread added: 0x0000026896aa26d0
Event: 33.706 Thread 0x0000026896aa26d0 Thread exited: 0x0000026896aa26d0
Event: 33.709 Thread 0x0000026896aa4e30 Thread exited: 0x0000026896aa4e30
Event: 33.709 Thread 0x00000268962f17b0 Before exit entered


Dynamic libraries:
0x00007ff692bc0000 - 0x00007ff692bd0000 	C:\Program Files\java\jdk-23\bin\java.exe
0x00007ffc3c350000 - 0x00007ffc3c548000 	C:\Windows\SYSTEM32\ntdll.dll
0x00007ffc3c120000 - 0x00007ffc3c1dd000 	C:\Windows\System32\KERNEL32.DLL
0x00007ffc39da0000 - 0x00007ffc3a096000 	C:\Windows\System32\KERNELBASE.dll
0x00007ffc39bf0000 - 0x00007ffc39cf0000 	C:\Windows\System32\ucrtbase.dll
0x00007ffc36050000 - 0x00007ffc36067000 	C:\Program Files\java\jdk-23\bin\jli.dll
0x00007ffc36070000 - 0x00007ffc3608b000 	C:\Program Files\java\jdk-23\bin\VCRUNTIME140.dll
0x00007ffc3b140000 - 0x00007ffc3b2de000 	C:\Windows\System32\USER32.dll
0x00007ffc39b50000 - 0x00007ffc39b72000 	C:\Windows\System32\win32u.dll
0x00007ffc3aaa0000 - 0x00007ffc3aacc000 	C:\Windows\System32\GDI32.dll
0x00007ffc261c0000 - 0x00007ffc2645a000 	C:\Windows\WinSxS\amd64_microsoft.windows.common-controls_6595b64144ccf1df_6.0.19041.3636_none_60b6a03d71f818d5\COMCTL32.dll
0x00007ffc39a30000 - 0x00007ffc39b4a000 	C:\Windows\System32\gdi32full.dll
0x00007ffc3bda0000 - 0x00007ffc3be3e000 	C:\Windows\System32\msvcrt.dll
0x00007ffc3a310000 - 0x00007ffc3a3ad000 	C:\Windows\System32\msvcp_win.dll
0x00007ffc3a990000 - 0x00007ffc3a9c0000 	C:\Windows\System32\IMM32.DLL
0x00007ffc36040000 - 0x00007ffc3604c000 	C:\Program Files\java\jdk-23\bin\vcruntime140_1.dll
0x00007ffc29b70000 - 0x00007ffc29bfe000 	C:\Program Files\java\jdk-23\bin\msvcp140.dll
0x00007ffbe42f0000 - 0x00007ffbe5040000 	C:\Program Files\java\jdk-23\bin\server\jvm.dll
0x00007ffc3a3c0000 - 0x00007ffc3a46f000 	C:\Windows\System32\ADVAPI32.dll
0x00007ffc3a8f0000 - 0x00007ffc3a98c000 	C:\Windows\System32\sechost.dll
0x00007ffc3c1e0000 - 0x00007ffc3c306000 	C:\Windows\System32\RPCRT4.dll
0x00007ffc3c030000 - 0x00007ffc3c09b000 	C:\Windows\System32\WS2_32.dll
0x00007ffc39890000 - 0x00007ffc398db000 	C:\Windows\SYSTEM32\POWRPROF.dll
0x00007ffc34740000 - 0x00007ffc34767000 	C:\Windows\SYSTEM32\WINMM.dll
0x00007ffc285a0000 - 0x00007ffc285aa000 	C:\Windows\SYSTEM32\VERSION.dll
0x00007ffc39870000 - 0x00007ffc39882000 	C:\Windows\SYSTEM32\UMPDC.dll
0x00007ffc38270000 - 0x00007ffc38282000 	C:\Windows\SYSTEM32\kernel.appcore.dll
0x00007ffc36030000 - 0x00007ffc3603a000 	C:\Program Files\java\jdk-23\bin\jimage.dll
0x00007ffc374b0000 - 0x00007ffc37694000 	C:\Windows\SYSTEM32\DBGHELP.DLL
0x00007ffc34230000 - 0x00007ffc34264000 	C:\Windows\SYSTEM32\dbgcore.DLL
0x00007ffc3a0d0000 - 0x00007ffc3a152000 	C:\Windows\System32\bcryptPrimitives.dll
0x00007ffc35ff0000 - 0x00007ffc35fff000 	C:\Program Files\java\jdk-23\bin\instrument.dll
0x00007ffc35fd0000 - 0x00007ffc35fee000 	C:\Program Files\java\jdk-23\bin\java.dll
0x00007ffc3b010000 - 0x00007ffc3b13b000 	C:\Windows\System32\ole32.dll
0x00007ffc3ba40000 - 0x00007ffc3bd94000 	C:\Windows\System32\combase.dll
0x00007ffc3b2f0000 - 0x00007ffc3ba34000 	C:\Windows\System32\SHELL32.dll
0x00007ffc37ad0000 - 0x00007ffc3826b000 	C:\Windows\SYSTEM32\windows.storage.dll
0x00007ffc393a0000 - 0x00007ffc393cd000 	C:\Windows\SYSTEM32\Wldp.dll
0x00007ffc3af60000 - 0x00007ffc3b00d000 	C:\Windows\System32\SHCORE.dll
0x00007ffc3a470000 - 0x00007ffc3a4c5000 	C:\Windows\System32\shlwapi.dll
0x00007ffc39960000 - 0x00007ffc39985000 	C:\Windows\SYSTEM32\profapi.dll
0x00007ffc299e0000 - 0x00007ffc29ab7000 	C:\Program Files\java\jdk-23\bin\jsvml.dll
0x00007ffc35fc0000 - 0x00007ffc35fd0000 	C:\Program Files\java\jdk-23\bin\net.dll
0x00007ffc39100000 - 0x00007ffc3916a000 	C:\Windows\system32\mswsock.dll
0x00007ffc35720000 - 0x00007ffc35736000 	C:\Program Files\java\jdk-23\bin\nio.dll
0x00007ffc342c0000 - 0x00007ffc342d7000 	C:\Program Files\java\jdk-23\bin\zip.dll
0x00007ffc35910000 - 0x00007ffc35919000 	C:\Program Files\java\jdk-23\bin\extnet.dll
0x0000026832d30000 - 0x0000026832d33000 	D:\SOFTWARES\EDUCATIVE\INTELLIJ\openjfx-17.0.15_windows-x64_bin-sdk\javafx-sdk-17.0.15\bin\api-ms-win-core-console-l1-1-0.dll
0x0000026832d40000 - 0x0000026832d43000 	D:\SOFTWARES\EDUCATIVE\INTELLIJ\openjfx-17.0.15_windows-x64_bin-sdk\javafx-sdk-17.0.15\bin\api-ms-win-core-console-l1-2-0.dll
0x0000026832d50000 - 0x0000026832d53000 	D:\SOFTWARES\EDUCATIVE\INTELLIJ\openjfx-17.0.15_windows-x64_bin-sdk\javafx-sdk-17.0.15\bin\api-ms-win-core-datetime-l1-1-0.dll
0x0000026832d60000 - 0x0000026832d63000 	D:\SOFTWARES\EDUCATIVE\INTELLIJ\openjfx-17.0.15_windows-x64_bin-sdk\javafx-sdk-17.0.15\bin\api-ms-win-core-debug-l1-1-0.dll
0x0000026832d70000 - 0x0000026832d73000 	D:\SOFTWARES\EDUCATIVE\INTELLIJ\openjfx-17.0.15_windows-x64_bin-sdk\javafx-sdk-17.0.15\bin\api-ms-win-core-errorhandling-l1-1-0.dll
0x0000026832d80000 - 0x0000026832d84000 	D:\SOFTWARES\EDUCATIVE\INTELLIJ\openjfx-17.0.15_windows-x64_bin-sdk\javafx-sdk-17.0.15\bin\api-ms-win-core-file-l1-1-0.dll
0x0000026832d90000 - 0x0000026832d93000 	D:\SOFTWARES\EDUCATIVE\INTELLIJ\openjfx-17.0.15_windows-x64_bin-sdk\javafx-sdk-17.0.15\bin\api-ms-win-core-file-l1-2-0.dll
0x0000026832da0000 - 0x0000026832da3000 	D:\SOFTWARES\EDUCATIVE\INTELLIJ\openjfx-17.0.15_windows-x64_bin-sdk\javafx-sdk-17.0.15\bin\api-ms-win-core-file-l2-1-0.dll
0x0000026832db0000 - 0x0000026832db3000 	D:\SOFTWARES\EDUCATIVE\INTELLIJ\openjfx-17.0.15_windows-x64_bin-sdk\javafx-sdk-17.0.15\bin\api-ms-win-core-handle-l1-1-0.dll
0x0000026850b40000 - 0x0000026850b43000 	D:\SOFTWARES\EDUCATIVE\INTELLIJ\openjfx-17.0.15_windows-x64_bin-sdk\javafx-sdk-17.0.15\bin\api-ms-win-core-heap-l1-1-0.dll
0x0000026850b50000 - 0x0000026850b53000 	D:\SOFTWARES\EDUCATIVE\INTELLIJ\openjfx-17.0.15_windows-x64_bin-sdk\javafx-sdk-17.0.15\bin\api-ms-win-core-interlocked-l1-1-0.dll
0x0000026850b60000 - 0x0000026850b63000 	D:\SOFTWARES\EDUCATIVE\INTELLIJ\openjfx-17.0.15_windows-x64_bin-sdk\javafx-sdk-17.0.15\bin\api-ms-win-core-libraryloader-l1-1-0.dll
0x0000026850b70000 - 0x0000026850b73000 	D:\SOFTWARES\EDUCATIVE\INTELLIJ\openjfx-17.0.15_windows-x64_bin-sdk\javafx-sdk-17.0.15\bin\api-ms-win-core-localization-l1-2-0.dll
0x0000026850b80000 - 0x0000026850b83000 	D:\SOFTWARES\EDUCATIVE\INTELLIJ\openjfx-17.0.15_windows-x64_bin-sdk\javafx-sdk-17.0.15\bin\api-ms-win-core-memory-l1-1-0.dll
0x0000026850b90000 - 0x0000026850b93000 	D:\SOFTWARES\EDUCATIVE\INTELLIJ\openjfx-17.0.15_windows-x64_bin-sdk\javafx-sdk-17.0.15\bin\api-ms-win-core-namedpipe-l1-1-0.dll
0x0000026850ba0000 - 0x0000026850ba3000 	D:\SOFTWARES\EDUCATIVE\INTELLIJ\openjfx-17.0.15_windows-x64_bin-sdk\javafx-sdk-17.0.15\bin\api-ms-win-core-processenvironment-l1-1-0.dll
0x0000026850f10000 - 0x0000026850f13000 	D:\SOFTWARES\EDUCATIVE\INTELLIJ\openjfx-17.0.15_windows-x64_bin-sdk\javafx-sdk-17.0.15\bin\api-ms-win-core-processthreads-l1-1-0.dll
0x0000026850f20000 - 0x0000026850f23000 	D:\SOFTWARES\EDUCATIVE\INTELLIJ\openjfx-17.0.15_windows-x64_bin-sdk\javafx-sdk-17.0.15\bin\api-ms-win-core-processthreads-l1-1-1.dll
0x0000026850bb0000 - 0x0000026850bb3000 	D:\SOFTWARES\EDUCATIVE\INTELLIJ\openjfx-17.0.15_windows-x64_bin-sdk\javafx-sdk-17.0.15\bin\api-ms-win-core-profile-l1-1-0.dll
0x0000026850bc0000 - 0x0000026850bc3000 	D:\SOFTWARES\EDUCATIVE\INTELLIJ\openjfx-17.0.15_windows-x64_bin-sdk\javafx-sdk-17.0.15\bin\api-ms-win-core-rtlsupport-l1-1-0.dll
0x0000026850bd0000 - 0x0000026850bd3000 	D:\SOFTWARES\EDUCATIVE\INTELLIJ\openjfx-17.0.15_windows-x64_bin-sdk\javafx-sdk-17.0.15\bin\api-ms-win-core-string-l1-1-0.dll
0x0000026850be0000 - 0x0000026850be3000 	D:\SOFTWARES\EDUCATIVE\INTELLIJ\openjfx-17.0.15_windows-x64_bin-sdk\javafx-sdk-17.0.15\bin\api-ms-win-core-synch-l1-1-0.dll
0x0000026850bf0000 - 0x0000026850bf3000 	D:\SOFTWARES\EDUCATIVE\INTELLIJ\openjfx-17.0.15_windows-x64_bin-sdk\javafx-sdk-17.0.15\bin\api-ms-win-core-synch-l1-2-0.dll
0x0000026850c00000 - 0x0000026850c03000 	D:\SOFTWARES\EDUCATIVE\INTELLIJ\openjfx-17.0.15_windows-x64_bin-sdk\javafx-sdk-17.0.15\bin\api-ms-win-core-sysinfo-l1-1-0.dll
0x0000026850c10000 - 0x0000026850c13000 	D:\SOFTWARES\EDUCATIVE\INTELLIJ\openjfx-17.0.15_windows-x64_bin-sdk\javafx-sdk-17.0.15\bin\api-ms-win-core-timezone-l1-1-0.dll
0x0000026850c20000 - 0x0000026850c23000 	D:\SOFTWARES\EDUCATIVE\INTELLIJ\openjfx-17.0.15_windows-x64_bin-sdk\javafx-sdk-17.0.15\bin\api-ms-win-core-util-l1-1-0.dll
0x0000026850c30000 - 0x0000026850c33000 	D:\SOFTWARES\EDUCATIVE\INTELLIJ\openjfx-17.0.15_windows-x64_bin-sdk\javafx-sdk-17.0.15\bin\api-ms-win-crt-conio-l1-1-0.dll
0x0000026850c40000 - 0x0000026850c44000 	D:\SOFTWARES\EDUCATIVE\INTELLIJ\openjfx-17.0.15_windows-x64_bin-sdk\javafx-sdk-17.0.15\bin\api-ms-win-crt-convert-l1-1-0.dll
0x0000026850c50000 - 0x0000026850c53000 	D:\SOFTWARES\EDUCATIVE\INTELLIJ\openjfx-17.0.15_windows-x64_bin-sdk\javafx-sdk-17.0.15\bin\api-ms-win-crt-environment-l1-1-0.dll
0x0000026850c60000 - 0x0000026850c63000 	D:\SOFTWARES\EDUCATIVE\INTELLIJ\openjfx-17.0.15_windows-x64_bin-sdk\javafx-sdk-17.0.15\bin\api-ms-win-crt-filesystem-l1-1-0.dll
0x0000026850c70000 - 0x0000026850c73000 	D:\SOFTWARES\EDUCATIVE\INTELLIJ\openjfx-17.0.15_windows-x64_bin-sdk\javafx-sdk-17.0.15\bin\api-ms-win-crt-heap-l1-1-0.dll
0x0000026850c80000 - 0x0000026850c83000 	D:\SOFTWARES\EDUCATIVE\INTELLIJ\openjfx-17.0.15_windows-x64_bin-sdk\javafx-sdk-17.0.15\bin\api-ms-win-crt-locale-l1-1-0.dll
0x0000026850c90000 - 0x0000026850c95000 	D:\SOFTWARES\EDUCATIVE\INTELLIJ\openjfx-17.0.15_windows-x64_bin-sdk\javafx-sdk-17.0.15\bin\api-ms-win-crt-math-l1-1-0.dll
0x0000026850ca0000 - 0x0000026850ca5000 	D:\SOFTWARES\EDUCATIVE\INTELLIJ\openjfx-17.0.15_windows-x64_bin-sdk\javafx-sdk-17.0.15\bin\api-ms-win-crt-multibyte-l1-1-0.dll
0x0000026850ef0000 - 0x0000026850f00000 	D:\SOFTWARES\EDUCATIVE\INTELLIJ\openjfx-17.0.15_windows-x64_bin-sdk\javafx-sdk-17.0.15\bin\api-ms-win-crt-private-l1-1-0.dll
0x0000026850f00000 - 0x0000026850f03000 	D:\SOFTWARES\EDUCATIVE\INTELLIJ\openjfx-17.0.15_windows-x64_bin-sdk\javafx-sdk-17.0.15\bin\api-ms-win-crt-process-l1-1-0.dll
0x0000026850f30000 - 0x0000026850f34000 	D:\SOFTWARES\EDUCATIVE\INTELLIJ\openjfx-17.0.15_windows-x64_bin-sdk\javafx-sdk-17.0.15\bin\api-ms-win-crt-runtime-l1-1-0.dll
0x0000026850f40000 - 0x0000026850f44000 	D:\SOFTWARES\EDUCATIVE\INTELLIJ\openjfx-17.0.15_windows-x64_bin-sdk\javafx-sdk-17.0.15\bin\api-ms-win-crt-stdio-l1-1-0.dll
0x0000026850f50000 - 0x0000026850f54000 	D:\SOFTWARES\EDUCATIVE\INTELLIJ\openjfx-17.0.15_windows-x64_bin-sdk\javafx-sdk-17.0.15\bin\api-ms-win-crt-string-l1-1-0.dll
0x0000026850f60000 - 0x0000026850f63000 	D:\SOFTWARES\EDUCATIVE\INTELLIJ\openjfx-17.0.15_windows-x64_bin-sdk\javafx-sdk-17.0.15\bin\api-ms-win-crt-time-l1-1-0.dll
0x0000026850f70000 - 0x0000026850f73000 	D:\SOFTWARES\EDUCATIVE\INTELLIJ\openjfx-17.0.15_windows-x64_bin-sdk\javafx-sdk-17.0.15\bin\api-ms-win-crt-utility-l1-1-0.dll
0x00007ffc20660000 - 0x00007ffc2075c000 	D:\SOFTWARES\EDUCATIVE\INTELLIJ\openjfx-17.0.15_windows-x64_bin-sdk\javafx-sdk-17.0.15\bin\ucrtbase.dll
0x00007ffc31d10000 - 0x00007ffc31d2b000 	D:\SOFTWARES\EDUCATIVE\INTELLIJ\openjfx-17.0.15_windows-x64_bin-sdk\javafx-sdk-17.0.15\bin\vcruntime140.dll
0x00007ffc32730000 - 0x00007ffc3273c000 	D:\SOFTWARES\EDUCATIVE\INTELLIJ\openjfx-17.0.15_windows-x64_bin-sdk\javafx-sdk-17.0.15\bin\vcruntime140_1.dll
0x00007ffc205d0000 - 0x00007ffc2065e000 	D:\SOFTWARES\EDUCATIVE\INTELLIJ\openjfx-17.0.15_windows-x64_bin-sdk\javafx-sdk-17.0.15\bin\msvcp140.dll
0x00007ffc29c10000 - 0x00007ffc29c19000 	D:\SOFTWARES\EDUCATIVE\INTELLIJ\openjfx-17.0.15_windows-x64_bin-sdk\javafx-sdk-17.0.15\bin\msvcp140_1.dll
0x00007ffc22ec0000 - 0x00007ffc22f01000 	D:\SOFTWARES\EDUCATIVE\INTELLIJ\openjfx-17.0.15_windows-x64_bin-sdk\javafx-sdk-17.0.15\bin\msvcp140_2.dll
0x00007ffc24e90000 - 0x00007ffc24eba000 	D:\SOFTWARES\EDUCATIVE\INTELLIJ\openjfx-17.0.15_windows-x64_bin-sdk\javafx-sdk-17.0.15\bin\prism_d3d.dll
0x00007ffbe9880000 - 0x00007ffbe9a4d000 	C:\Windows\system32\d3d9.dll
0x00007ffc369d0000 - 0x00007ffc369ff000 	C:\Windows\SYSTEM32\dwmapi.dll
0x00007ffc36410000 - 0x00007ffc364ae000 	C:\Windows\system32\uxtheme.dll
0x00007ffbe1470000 - 0x00007ffbe39ad000 	C:\Windows\SYSTEM32\igdumdim64.dll
0x00007ffc3be40000 - 0x00007ffc3bf0d000 	C:\Windows\System32\OLEAUT32.dll
0x00007ffc3aaf0000 - 0x00007ffc3af5e000 	C:\Windows\System32\SETUPAPI.dll
0x00007ffc3a2c0000 - 0x00007ffc3a30e000 	C:\Windows\System32\cfgmgr32.dll
0x00007ffc3a0a0000 - 0x00007ffc3a0c7000 	C:\Windows\System32\bcrypt.dll
0x00007ffc22340000 - 0x00007ffc22382000 	D:\SOFTWARES\EDUCATIVE\INTELLIJ\openjfx-17.0.15_windows-x64_bin-sdk\javafx-sdk-17.0.15\bin\glass.dll
0x00007ffc3a9c0000 - 0x00007ffc3aa9a000 	C:\Windows\System32\COMDLG32.dll
0x00007ffc3a580000 - 0x00007ffc3a694000 	C:\Windows\System32\MSCTF.dll
0x00007ffc2bad0000 - 0x00007ffc2c50f000 	C:\Windows\SYSTEM32\igdusc64.dll
0x00007ffc2dd40000 - 0x00007ffc2dd7b000 	C:\Windows\SYSTEM32\dxcore.dll
0x00007ffc25750000 - 0x00007ffc25765000 	D:\SOFTWARES\EDUCATIVE\INTELLIJ\openjfx-17.0.15_windows-x64_bin-sdk\javafx-sdk-17.0.15\bin\javafx_font.dll
0x00007ffc36fc0000 - 0x00007ffc3723f000 	C:\Windows\SYSTEM32\dwrite.dll
0x00007ffc3a4d0000 - 0x00007ffc3a579000 	C:\Windows\System32\clbcatq.dll
0x00007ffc30500000 - 0x00007ffc306b4000 	C:\Windows\SYSTEM32\WindowsCodecs.dll
0x00007ffc12740000 - 0x00007ffc1277e000 	C:\Windows\system32\dataexchange.dll
0x00007ffc376c0000 - 0x00007ffc37923000 	C:\Windows\system32\d3d11.dll
0x00007ffc34850000 - 0x00007ffc34a33000 	C:\Windows\system32\dcomp.dll
0x00007ffc382f0000 - 0x00007ffc383e3000 	C:\Windows\system32\dxgi.dll
0x00007ffc31700000 - 0x00007ffc31907000 	C:\Windows\system32\twinapi.appcore.dll
0x00007ffc21710000 - 0x00007ffc21744000 	C:\Program Files\Common Files\Microsoft Shared\Ink\rtscom.dll
0x00007ffc31440000 - 0x00007ffc3153a000 	C:\Windows\SYSTEM32\textinputframework.dll
0x00007ffc34de0000 - 0x00007ffc3513b000 	C:\Windows\System32\CoreUIComponents.dll
0x00007ffc35140000 - 0x00007ffc35232000 	C:\Windows\System32\CoreMessaging.dll
0x00007ffc38b50000 - 0x00007ffc38b83000 	C:\Windows\SYSTEM32\ntmarta.dll
0x00007ffc35750000 - 0x00007ffc358a5000 	C:\Windows\SYSTEM32\wintypes.dll
0x00007ffbde1f0000 - 0x00007ffbe1463000 	D:\SOFTWARES\EDUCATIVE\INTELLIJ\opencv\build\java\x64\opencv_java4110.dll
0x00007ffc29c20000 - 0x00007ffc29ca4000 	C:\Windows\SYSTEM32\MF.dll
0x00007ffc33690000 - 0x00007ffc3384b000 	C:\Windows\SYSTEM32\MFPlat.DLL
0x00007ffc12120000 - 0x00007ffc1222a000 	C:\Windows\SYSTEM32\MFReadWrite.dll
0x00007ffbddd60000 - 0x00007ffbde1ee000 	C:\Windows\SYSTEM32\MFCORE.DLL

dbghelp: loaded successfully - version: 4.0.5 - missing functions: none
symbol engine: initialized successfully - sym options: 0x614 - pdb path: .;C:\Program Files\java\jdk-23\bin;C:\Windows\SYSTEM32;C:\Windows\WinSxS\amd64_microsoft.windows.common-controls_6595b64144ccf1df_6.0.19041.3636_none_60b6a03d71f818d5;C:\Program Files\java\jdk-23\bin\server;D:\SOFTWARES\EDUCATIVE\INTELLIJ\openjfx-17.0.15_windows-x64_bin-sdk\javafx-sdk-17.0.15\bin;C:\Program Files\Common Files\Microsoft Shared\Ink;D:\SOFTWARES\EDUCATIVE\INTELLIJ\opencv\build\java\x64;C:\Program Files\Intel\Media SDK;C:\Program Files (x86)\Common Files\Intel\OpenCL\bin\x64

VM Arguments:
jvm_args: --module-path=D:\SOFTWARES\EDUCATIVE\INTELLIJ\openjfx-17.0.15_windows-x64_bin-sdk\javafx-sdk-17.0.15\lib --add-modules=javafx.controls,javafx.fxml -javaagent:C:\Program Files\JetBrains\IntelliJ IDEA Community Edition 2025.1.1.1\lib\idea_rt.jar=60827 -Dfile.encoding=UTF-8 -Dsun.stdout.encoding=UTF-8 -Dsun.stderr.encoding=UTF-8 
java_command: FaceAppUI
java_class_path (initial): C:\Users\user\IdeaProjects\OnslaughtUI\out\production\OnslaughtUI;D:\SOFTWARES\EDUCATIVE\INTELLIJ\openjfx-17.0.15_windows-x64_bin-sdk\javafx-sdk-17.0.15\lib\javafx-swt.jar;D:\SOFTWARES\EDUCATIVE\INTELLIJ\openjfx-17.0.15_windows-x64_bin-sdk\javafx-sdk-17.0.15\lib\javafx.web.jar;D:\SOFTWARES\EDUCATIVE\INTELLIJ\openjfx-17.0.15_windows-x64_bin-sdk\javafx-sdk-17.0.15\lib\javafx.base.jar;D:\SOFTWARES\EDUCATIVE\INTELLIJ\openjfx-17.0.15_windows-x64_bin-sdk\javafx-sdk-17.0.15\lib\javafx.fxml.jar;D:\SOFTWARES\EDUCATIVE\INTELLIJ\openjfx-17.0.15_windows-x64_bin-sdk\javafx-sdk-17.0.15\lib\javafx.media.jar;D:\SOFTWARES\EDUCATIVE\INTELLIJ\openjfx-17.0.15_windows-x64_bin-sdk\javafx-sdk-17.0.15\lib\javafx.swing.jar;D:\SOFTWARES\EDUCATIVE\INTELLIJ\openjfx-17.0.15_windows-x64_bin-sdk\javafx-sdk-17.0.15\lib\javafx.controls.jar;D:\SOFTWARES\EDUCATIVE\INTELLIJ\openjfx-17.0.15_windows-x64_bin-sdk\javafx-sdk-17.0.15\lib\javafx.graphics.jar;D:\SOFTWARES\EDUCATIVE\INTELLIJ\opencv\build\java\opencv-4110.jar
Launcher Type: SUN_STANDARD

[Global flags]
     intx CICompilerCount                          = 3                                         {product} {ergonomic}
     uint ConcGCThreads                            = 1                                         {product} {ergonomic}
     uint G1ConcRefinementThreads                  = 4                                         {product} {ergonomic}
   size_t G1HeapRegionSize                         = 2097152                                   {product} {ergonomic}
   size_t InitialHeapSize                          = 201326592                                 {product} {ergonomic}
   size_t MarkStackSize                            = 4194304                                   {product} {ergonomic}
   size_t MarkStackSizeMax                         = 536870912                                 {product} {ergonomic}
   size_t MaxHeapSize                              = 3200253952                                {product} {ergonomic}
   size_t MaxNewSize                               = 1918894080                                {product} {ergonomic}
   size_t MinHeapDeltaBytes                        = 2097152                                   {product} {ergonomic}
   size_t MinHeapSize                              = 8388608                                   {product} {ergonomic}
    uintx NonNMethodCodeHeapSize                   = 5832704                                {pd product} {ergonomic}
    uintx NonProfiledCodeHeapSize                  = 122945536                              {pd product} {ergonomic}
    uintx ProfiledCodeHeapSize                     = 122880000                              {pd product} {ergonomic}
    uintx ReservedCodeCacheSize                    = 251658240                              {pd product} {ergonomic}
     bool SegmentedCodeCache                       = true                                      {product} {ergonomic}
   size_t SoftMaxHeapSize                          = 3200253952                             {manageable} {ergonomic}
     bool UseCompressedOops                        = true                           {product lp64_product} {ergonomic}
     bool UseG1GC                                  = true                                      {product} {ergonomic}
     bool UseLargePagesIndividualAllocation        = false                                  {pd product} {ergonomic}

Logging:
Log output configuration:
 #0: stdout all=off uptime,level,tags foldmultilines=false
 #1: stderr all=off uptime,level,tags foldmultilines=false

Environment Variables:
PATH=C:\Program Files\Eclipse Adoptium\jdk-17.0.15.6-hotspot\bin;C:\ProgramData\Oracle\Java\javapath;C:\Program Files (x86)\Common Files\Oracle\Java\java8path;C:\Program Files (x86)\Common Files\Oracle\Java\javapath;C:\Windows\system32;C:\Windows;C:\Windows\System32\Wbem;C:\Windows\System32\WindowsPowerShell\v1.0\;C:\Windows\System32\OpenSSH\;C:\Program Files\Microsoft VS Code\bin;C:\Program Files\Git\cmd;C:\Program Files\Git\mingw64\bin;C:\Program Files\Git\usr\bin;C:\Program Files\java\jdk-23\bin;C:\Users\user\AppData\Local\Programs\Python\Launcher\;C:\Users\user\AppData\Local\Microsoft\WindowsApps;C:\MIN GW\mingw64\bin;C:\MIN GW\mingw64\x86_64-w64-mingw32\bin;D:\MICROSOFT VS CODE\bin;D:\SOFTWARES\EDUCATIVE\VISUAL STUDIO CODE\bin;C:\Program Files\JetBrains\IntelliJ IDEA Community Edition 2025.1.1.1\bin;
USERNAME=user
OS=Windows_NT
PROCESSOR_IDENTIFIER=Intel64 Family 6 Model 61 Stepping 4, GenuineIntel
TMP=C:\Users\user\AppData\Local\Temp
TEMP=C:\Users\user\AppData\Local\Temp




Periodic native trim disabled

---------------  S Y S T E M  ---------------

OS:
 Windows 10 , 64 bit Build 19041 (10.0.19041.3636)
OS uptime: 0 days 5:10 hours

CPU: total 4 (initial active 4) (2 cores per cpu, 2 threads per core) family 6 model 61 stepping 4 microcode 0x2d, cx8, cmov, fxsr, ht, mmx, 3dnowpref, sse, sse2, sse3, ssse3, sse4.1, sse4.2, popcnt, lzcnt, tsc, tscinvbit, avx, avx2, aes, erms, clmul, bmi1, bmi2, adx, fma, vzeroupper, clflush, rdtscp, f16c
Processor Information for the first 4 processors :
  Max Mhz: 2000, Current Mhz: 2000, Mhz Limit: 2000

Memory: 4k page, system-wide physical 12203M (6236M free)
TotalPageFile size 14059M (AvailPageFile size 7346M)
current process WorkingSet (physical memory assigned to process): 163M, peak: 174M
current process commit charge ("private bytes"): 356M, peak: 374M

vm_info: Java HotSpot(TM) 64-Bit Server VM (23.0.2+7-58) for windows-amd64 JRE (23.0.2+7-58), built on 2024-11-29T09:34:55Z with MS VC++ 17.6 (VS2022)

END.
