#
# A fatal error has been detected by the Java Runtime Environment:
#
#  EXCEPTION_ACCESS_VIOLATION (0xc0000005) at pc=0x00007fff224bfaad, pid=3448, tid=8672
#
# JRE version: Java(TM) SE Runtime Environment (23.0.2+7) (build 23.0.2+7-58)
# Java VM: Java HotSpot(TM) 64-Bit Server VM (23.0.2+7-58, mixed mode, sharing, tiered, compressed oops, compressed class ptrs, g1 gc, windows-amd64)
# Problematic frame:
# C  [ntdll.dll+0x2faad]
#
# No core dump will be written. Minidumps are not enabled by default on client versions of Windows
#
# If you would like to submit a bug report, please visit:
#   https://bugreport.java.com/bugreport/crash.jsp
#

---------------  S U M M A R Y ------------

Command Line: --module-path=opencv\javafx-sdk-17.0.15\lib --add-modules=javafx.controls,javafx.fxml -javaagent:C:\Program Files\JetBrains\IntelliJ IDEA Community Edition 2025.1.1.1\lib\idea_rt.jar=36345 -Dfile.encoding=UTF-8 -Dsun.stdout.encoding=UTF-8 -Dsun.stderr.encoding=UTF-8 FaceAppUI

Host: Intel(R) Core(TM) i3-5005U CPU @ 2.00GHz, 4 cores, 11G,  Windows 10 , 64 bit Build 19041 (10.0.19041.3636)
Time: Tue May 20 23:29:49 2025 India Standard Time elapsed time: 377.917707 seconds (0d 0h 6m 17s)

---------------  T H R E A D  ---------------

Current thread (0x00000258f32f2f50):  VMThread "VM Thread"          [id=8672, stack(0x000000b655c00000,0x000000b655d00000) (1024K)]

Stack: [0x000000b655c00000,0x000000b655d00000],  sp=0x000000b655cfeaa0,  free space=1018k
Native frames: (J=compiled Java code, j=interpreted, Vv=VM code, C=native code)
C  [ntdll.dll+0x2faad]  (no source info available)
C  0x00007ffeb43e04e9  (no source info available)
C  0x00007ffeb43c8868  (no source info available)
C  0x00007ffeb43c2455  (no source info available)
C  [opencv_java4110.dll+0x1742b89]  (no source info available)
C  [opencv_java4110.dll+0x172be11]  (no source info available)
C  [opencv_java4110.dll+0x263f2c0]  (no source info available)
C  [opencv_java4110.dll+0x2554577]  (no source info available)
C  [opencv_java4110.dll+0x2554325]  (no source info available)
C  [opencv_java4110.dll+0x2554649]  (no source info available)
C  [opencv_java4110.dll+0x254c437]  (no source info available)
C  [opencv_java4110.dll+0x254c3b5]  (no source info available)
C  [opencv_java4110.dll+0x254c53b]  (no source info available)
C  [opencv_java4110.dll+0x2505af3]  (no source info available)
C  [opencv_java4110.dll+0x25057ed]  (no source info available)
C  [opencv_java4110.dll+0x2505912]  (no source info available)
C  [ntdll.dll+0x19a1d]  (no source info available)
C  [ntdll.dll+0x5dcda]  (no source info available)
C  [ntdll.dll+0x5da8d]  (no source info available)
C  [KERNEL32.DLL+0x1e3bb]  (no source info available)
C  [ucrtbase.dll+0x205bc]  (no source info available)
C  [ucrtbase.dll+0x2045f]  (no source info available)
V  [jvm.dll+0x6d9b3c]  (no source info available)
V  [jvm.dll+0x6d9670]  (no source info available)
V  [jvm.dll+0x3da724]  (no source info available)
V  [jvm.dll+0x886d50]  (no source info available)
V  [jvm.dll+0x888077]  (no source info available)
V  [jvm.dll+0x8885a8]  (no source info available)
V  [jvm.dll+0x888843]  (no source info available)
V  [jvm.dll+0x8254cb]  (no source info available)
V  [jvm.dll+0x6df345]  (no source info available)
C  [ucrtbase.dll+0x21bb2]  (no source info available)
C  [KERNEL32.DLL+0x17344]  (no source info available)
C  [ntdll.dll+0x526b1]  (no source info available)


siginfo: EXCEPTION_ACCESS_VIOLATION (0xc0000005), writing address 0x0000000000000018


Registers:
RAX=0x000000b655051000, RBX=0x000000b655cfeb28, RCX=0x0000000000000010, RDX=0x0000000000000010
RSP=0x000000b655cfeaa0, RBP=0x00000258c5cbb908, RSI=0x000000b655cfece0, RDI=0x00000258c65e1e60
R8 =0x000000000000003a, R9 =0x000000000000003a, R10=0x0000000000000038, R11=0x000000b655cfe9e0
R12=0x00007ffeb7c75960, R13=0x00007ffec711c6e0, R14=0x00003aaccbe6529c, R15=0x00000258c5cbb1d0
RIP=0x00007fff224bfaad, EFLAGS=0x0000000000010206


Register to memory mapping:

RAX=0x000000b655051000 points into unknown readable memory: 0x0000000000000000 | 00 00 00 00 00 00 00 00
RBX=0x000000b655cfeb28 points into unknown readable memory: 0x0000000000000010 | 10 00 00 00 00 00 00 00
RCX=0x0000000000000010 is an unknown value
RDX=0x0000000000000010 is an unknown value
RSP=0x000000b655cfeaa0 points into unknown readable memory: 0x0000000000000000 | 00 00 00 00 00 00 00 00
RBP=0x00000258c5cbb908 points into unknown readable memory: 0x00003aaccbe6529c | 9c 52 e6 cb ac 3a 00 00
RSI=0x000000b655cfece0 points into unknown readable memory: 0x000000b655cfed00 | 00 ed cf 55 b6 00 00 00
RDI=0x00000258c65e1e60 points into unknown readable memory: 0x00007ffeb47f4e00 | 00 4e 7f b4 fe 7f 00 00
R8 =0x000000000000003a is an unknown value
R9 =0x000000000000003a is an unknown value
R10=0x0000000000000038 is an unknown value
R11=0x000000b655cfe9e0 points into unknown readable memory: 0x00000258c5cbb908 | 08 b9 cb c5 58 02 00 00
R12=0x00007ffeb7c75960 opencv_java4110.dll
R13=0x00007ffec711c6e0 jvm.dll
R14=0x00003aaccbe6529c is an unknown value
R15=0x00000258c5cbb1d0 points into unknown readable memory: 0xeb7c4f940be65563 | 63 55 e6 0b 94 4f 7c eb

Top of Stack: (sp=0x000000b655cfeaa0)
0x000000b655cfeaa0:   0000000000000000 00000258c5658d20
0x000000b655cfeab0:   0000000000000000 0000000000000000
0x000000b655cfeac0:   00000258c5a900b0 00007ffeb43e04e9
0x000000b655cfead0:   0000000000000000 00000258c675cf10
0x000000b655cfeae0:   0000000000002000 00007fff224b5ba1
0x000000b655cfeaf0:   0000000000000000 00007ffeb43c8868
0x000000b655cfeb00:   00007ffec711c6e0 00007ffeb7c75960
0x000000b655cfeb10:   00000258c565ab40 00007fff224b47b1
0x000000b655cfeb20:   fffffffffffffffe 0000000000000010
0x000000b655cfeb30:   00003a1a9e29bb01 00000258c53c0440
0x000000b655cfeb40:   00000258c5476d40 00007ffeb43c2455
0x000000b655cfeb50:   00000258d37f0000 00000258c65e1e60
0x000000b655cfeb60:   00000258c5cbb908 0000000000000000
0x000000b655cfeb70:   00000258c5ca2b10 00007ffeb6eb2b89
0x000000b655cfeb80:   00000258c5476b30 00003aaccbe6529c
0x000000b655cfeb90:   00007ffec711c6e0 00007ffeb7c75960
0x000000b655cfeba0:   00000258c53c16f0 00007fff224b47b1
0x000000b655cfebb0:   00000258c5476b30 00000258d38b0000
0x000000b655cfebc0:   00000258c5cbb908 0000000000000000
0x000000b655cfebd0:   0000000000000000 00003a1a9e29b91c
0x000000b655cfebe0:   00000258c5ca2b10 00007ffeb6e9be11
0x000000b655cfebf0:   00007ffeb8875508 00000258c5ca2b00
0x000000b655cfec00:   00000258c675d4d0 00000258c53c17c0
0x000000b655cfec10:   00000000ffffffff 00007ffeb7daf2c0
0x000000b655cfec20:   00000258c5ca2b10 00000258c5ca2b00
0x000000b655cfec30:   000000b655cfece0 00000258c635e330
0x000000b655cfec40:   00000258c5cbb8f0 00007ffeb7cc4577
0x000000b655cfec50:   00000258c5cbb1d0 00000258cb535060
0x000000b655cfec60:   00000258d38b032c 0000000000000075
0x000000b655cfec70:   0000000000000001 00007ffeb5770000
0x000000b655cfec80:   000000b655cfece0 00007ffeb7cc4325
0x000000b655cfec90:   000000b655cfed10 000000b655cfedb0 

Instructions: (pc=0x00007fff224bfaad)
0x00007fff224bf9ad:   48 b8 7f 7f 7f 7f 7f 7f 7f 7f 41 8b c8 48 0b cb
0x00007fff224bf9bd:   48 23 c8 83 e6 1f 49 89 8c f4 40 a5 16 00 48 81
0x00007fff224bf9cd:   c4 98 00 00 00 41 5f 41 5e 41 5d 41 5c 5f 5e 5b
0x00007fff224bf9dd:   5d c3 cc 33 d2 41 8b c6 41 f7 f0 44 8b c8 e9 d6
0x00007fff224bf9ed:   fc ff ff 41 8d 57 ff 41 85 d7 0f 84 13 38 08 00
0x00007fff224bf9fd:   41 b8 00 10 00 00 41 b9 ff ff 00 00 e9 3c 38 08
0x00007fff224bfa0d:   00 cc cc cc cc cc cc 48 8b c4 48 89 58 08 48 89
0x00007fff224bfa1d:   68 10 48 89 70 18 48 89 78 20 41 56 48 83 ec 20
0x00007fff224bfa2d:   40 8a ea 4c 8d 35 99 d1 13 00 48 8b f1 33 db 48
0x00007fff224bfa3d:   8d 0d 9d d1 13 00 e8 58 00 00 00 4c 8b 05 81 d1
0x00007fff224bfa4d:   13 00 4d 3b c6 0f 85 08 3b 08 00 48 85 db 75 33
0x00007fff224bfa5d:   48 8d 0d 7c d1 13 00 e8 c7 f7 ff ff 48 85 db 0f
0x00007fff224bfa6d:   85 23 3b 08 00 33 c0 48 8b 5c 24 30 48 8b 6c 24
0x00007fff224bfa7d:   38 48 8b 74 24 40 48 8b 7c 24 48 48 83 c4 20 41
0x00007fff224bfa8d:   5e c3 cc f0 ff 43 3c eb c7 cc cc cc cc cc cc cc
0x00007fff224bfa9d:   cc cc cc 48 83 ec 28 65 48 8b 04 25 30 00 00 00
0x00007fff224bfaad:   f0 0f ba 71 08 00 48 8b 40 48 73 13 48 89 41 10
0x00007fff224bfabd:   33 c0 c7 41 0c 01 00 00 00 48 83 c4 28 c3 cc 48
0x00007fff224bfacd:   39 41 10 75 0b ff 41 0c 33 c0 48 83 c4 28 c3 cc
0x00007fff224bfadd:   e8 0e 00 00 00 eb e2 cc cc cc cc cc cc cc cc cc
0x00007fff224bfaed:   cc cc cc 48 89 5c 24 18 55 56 57 41 54 41 55 41
0x00007fff224bfafd:   56 41 57 48 83 ec 20 8b 41 20 48 8b f1 48 0f ba
0x00007fff224bfb0d:   e0 1a 0f 82 df 01 00 00 33 ff 40 32 ed 66 83 3c
0x00007fff224bfb1d:   25 6a 03 fe 7f 01 76 19 48 8b 7e 20 48 8b c7 81
0x00007fff224bfb2d:   e7 ff ff ff 00 25 00 00 00 02 48 85 c0 40 0f 95
0x00007fff224bfb3d:   c5 45 32 ff b0 01 45 32 e4 41 bd 01 00 00 00 45
0x00007fff224bfb4d:   33 c0 ba 6a 03 fe 7f 84 c0 0f 84 14 01 00 00 8b
0x00007fff224bfb5d:   46 08 4c 8d 4e 08 45 84 e4 41 be 03 00 00 00 45
0x00007fff224bfb6d:   0f 44 f5 41 84 c5 0f 85 e2 00 00 00 8d 0c bf 03
0x00007fff224bfb7d:   c9 66 44 39 2a 0f 86 e8 00 00 00 4d 85 c9 74 0e
0x00007fff224bfb8d:   80 3c 25 97 02 fe 7f 00 0f 85 29 3a 08 00 0f b7
0x00007fff224bfb9d:   1c 25 d6 02 fe 7f 83 fb 0c 0f 85 a2 00 00 00 b8 


Stack slot to memory mapping:

stack at sp + 0 slots: 0x0 is null
stack at sp + 1 slots: 0x00000258c5658d20 points into unknown readable memory: 0x00000258c5e20200 | 00 02 e2 c5 58 02 00 00
stack at sp + 2 slots: 0x0 is null
stack at sp + 3 slots: 0x0 is null
stack at sp + 4 slots: 0x00000258c5a900b0 points into unknown readable memory: 0x00000258d37f48c0 | c0 48 7f d3 58 02 00 00
stack at sp + 5 slots: 0x00007ffeb43e04e9 points into unknown readable memory: 48 8b c3 48 83 c4 20
stack at sp + 6 slots: 0x0 is null
stack at sp + 7 slots: 0x00000258c675cf10 points into unknown readable memory: 0x00000258c5a900b0 | b0 00 a9 c5 58 02 00 00

VM_Operation (0x000000b656fff470): Exit, mode: safepoint, requested by thread 0x00000258c5fce740


---------------  P R O C E S S  ---------------

Threads class SMR info:
_java_thread_list=0x00000258c5ef8830, length=19, elements={
0x00000258d5b7e660, 0x00000258f330b7c0, 0x00000258f330c480, 0x00000258f3310dc0,
0x00000258f3311820, 0x00000258f3312280, 0x00000258f3313010, 0x00000258f3377470,
0x00000258c508dd40, 0x00000258c5d1c2c0, 0x00000258c5cfc980, 0x00000258c598c060,
0x00000258c5744550, 0x00000258c5745920, 0x00000258c66617b0, 0x00000258c64e16b0,
0x00000258c5fd0810, 0x00000258c5fd1bc0, 0x00000258c5fce740
}

Java Threads: ( => current thread )
  0x00000258d5b7e660 JavaThread "main"                              [_thread_blocked, id=4472, stack(0x000000b655400000,0x000000b655500000) (1024K)]
  0x00000258f330b7c0 JavaThread "Reference Handler"          daemon [_thread_blocked, id=1924, stack(0x000000b655d00000,0x000000b655e00000) (1024K)]
  0x00000258f330c480 JavaThread "Finalizer"                  daemon [_thread_blocked, id=2056, stack(0x000000b655e00000,0x000000b655f00000) (1024K)]
  0x00000258f3310dc0 JavaThread "Attach Listener"            daemon [_thread_blocked, id=10232, stack(0x000000b656000000,0x000000b656100000) (1024K)]
  0x00000258f3311820 JavaThread "Service Thread"             daemon [_thread_blocked, id=7864, stack(0x000000b656100000,0x000000b656200000) (1024K)]
  0x00000258f3312280 JavaThread "Monitor Deflation Thread"   daemon [_thread_blocked, id=7744, stack(0x000000b656200000,0x000000b656300000) (1024K)]
  0x00000258f3313010 JavaThread "C2 CompilerThread0"         daemon [_thread_blocked, id=7844, stack(0x000000b656300000,0x000000b656400000) (1024K)]
  0x00000258f3377470 JavaThread "C1 CompilerThread0"         daemon [_thread_blocked, id=8616, stack(0x000000b656400000,0x000000b656500000) (1024K)]
  0x00000258c508dd40 JavaThread "Common-Cleaner"             daemon [_thread_blocked, id=9688, stack(0x000000b656500000,0x000000b656600000) (1024K)]
  0x00000258c5d1c2c0 JavaThread "Monitor Ctrl-Break"         daemon [_thread_in_native, id=10468, stack(0x000000b656700000,0x000000b656800000) (1024K)]
  0x00000258c5cfc980 JavaThread "Notification Thread"        daemon [_thread_blocked, id=10464, stack(0x000000b656800000,0x000000b656900000) (1024K)]
  0x00000258c598c060 JavaThread "QuantumRenderer-0"          daemon [_thread_blocked, id=10452, stack(0x000000b656600000,0x000000b656700000) (1024K)]
  0x00000258c5744550 JavaThread "InvokeLaterDispatcher"      daemon [_thread_blocked, id=2460, stack(0x000000b656c00000,0x000000b656d00000) (1024K)]
  0x00000258c5745920 JavaThread "JavaFX Application Thread"         [_thread_in_native, id=9276, stack(0x000000b656d00000,0x000000b656e00000) (1024K)]
  0x00000258c66617b0 JavaThread "Thread-1"                   daemon [_thread_in_native, id=8004, stack(0x000000b657100000,0x000000b657200000) (1024K)]
  0x00000258c64e16b0 JavaThread "JavaFX-Launcher"                   [_thread_blocked, id=8008, stack(0x000000b657200000,0x000000b657300000) (1024K)]
  0x00000258c5fd0810 JavaThread "Prism Font Disposer"        daemon [_thread_blocked, id=3260, stack(0x000000b657300000,0x000000b657400000) (1024K)]
  0x00000258c5fd1bc0 JavaThread "Cleaner-0"                  daemon [_thread_blocked, id=9344, stack(0x000000b657700000,0x000000b657800000) (1024K)]
  0x00000258c5fce740 JavaThread "SIGINT handler"             daemon [_thread_blocked, id=10564, stack(0x000000b656f00000,0x000000b657000000) (1024K)]
Total: 19

Other Threads:
=>0x00000258f32f2f50 VMThread "VM Thread"                           [id=8672, stack(0x000000b655c00000,0x000000b655d00000) (1024K)]
  0x00000258d5bd25b0 WorkerThread "GC Thread#0"                     [id=212, stack(0x000000b655600000,0x000000b655700000) (1024K)]
  0x00000258c544fca0 WorkerThread "GC Thread#1"                     [id=572, stack(0x000000b656900000,0x000000b656a00000) (1024K)]
  0x00000258c5d0bd90 WorkerThread "GC Thread#2"                     [id=6992, stack(0x000000b656a00000,0x000000b656b00000) (1024K)]
  0x00000258c5d0c140 WorkerThread "GC Thread#3"                     [id=4032, stack(0x000000b656b00000,0x000000b656c00000) (1024K)]
  0x00000258d5bdf4b0 ConcurrentGCThread "G1 Main Marker"            terminated
  0x00000258d5be0170 WorkerThread "G1 Conc#0"                       [id=2940, stack(0x000000b655800000,0x000000b655900000) (1024K)]
  0x00000258d5c3e900 ConcurrentGCThread "G1 Refine#0"               terminated
  0x00000258f31c15f0 ConcurrentGCThread "G1 Service"                terminated
Total: 9

Threads with active compile tasks:
C1 CompilerThread0  379194 1964       3       java.lang.invoke.MethodHandleNatives$CallSiteContext::make (19 bytes)
Total: 1

VM state: at safepoint (shutting down)

VM Mutex/Monitor currently owned by a thread:  ([mutex/lock_event])
[0x00007ffec70f4888] Threads_lock - owner thread: 0x00000258f32f2f50
[0x00007ffec70f4988] Heap_lock - owner thread: 0x00000258c5fce740

Heap address: 0x0000000741400000, size: 3052 MB, Compressed Oops mode: Zero based, Oop shift amount: 3

CDS archive(s) mapped at: [0x0000025880000000-0x0000025880d70000-0x0000025880d70000), size 14090240, SharedBaseAddress: 0x0000025880000000, ArchiveRelocationMode: 1.
Compressed class space mapped at: 0x0000025881000000-0x00000258c1000000, reserved size: 1073741824
Narrow klass base: 0x0000025880000000, Narrow klass shift: 0, Narrow klass range: 0x41000000

GC Precious Log:
 CardTable entry size: 512
 Card Set container configuration: InlinePtr #cards 4 size 8 Array Of Cards #cards 16 size 48 Howl #buckets 8 coarsen threshold 3686 Howl Bitmap #cards 512 size 80 coarsen threshold 460 Card regions per heap region 1 cards per card region 4096
 CPUs: 4 total, 4 available
 Memory: 12203M
 Large Page Support: Disabled
 NUMA Support: Disabled
 Compressed Oops: Enabled (Zero based)
 Heap Region Size: 2M
 Heap Min Capacity: 8M
 Heap Initial Capacity: 192M
 Heap Max Capacity: 3052M
 Pre-touch: Disabled
 Parallel Workers: 4
 Concurrent Workers: 1
 Concurrent Refinement Workers: 4
 Periodic GC: Disabled

Heap:
 garbage-first heap   total reserved 3125248K, committed 196608K, used 30620K [0x0000000741400000, 0x0000000800000000)
  region size 2048K, 15 young (30720K), 1 survivors (2048K)
 Metaspace       used 11480K, committed 11776K, reserved 1114112K
  class space    used 1545K, committed 1664K, reserved 1048576K

Heap Regions: E=young(eden), S=young(survivor), O=old, HS=humongous(starts), HC=humongous(continues), CS=collection set, F=free, TAMS=top-at-mark-start, PB=parsable bottom
|   0|0x0000000741400000, 0x0000000741600000, 0x0000000741600000|100%| O|  |TAMS 0x0000000741400000| PB 0x0000000741400000| Untracked |  0
|   1|0x0000000741600000, 0x0000000741658e80, 0x0000000741800000| 17%| O|  |TAMS 0x0000000741600000| PB 0x0000000741600000| Untracked |  0
|   2|0x0000000741800000, 0x0000000741a00000, 0x0000000741a00000|100%|HS|  |TAMS 0x0000000741800000| PB 0x0000000741800000| Complete |  0
|   3|0x0000000741a00000, 0x0000000741a00000, 0x0000000741c00000|  0%| F|  |TAMS 0x0000000741a00000| PB 0x0000000741a00000| Untracked |  0
|   4|0x0000000741c00000, 0x0000000741c00000, 0x0000000741e00000|  0%| F|  |TAMS 0x0000000741c00000| PB 0x0000000741c00000| Untracked |  0
|   5|0x0000000741e00000, 0x0000000741e00000, 0x0000000742000000|  0%| F|  |TAMS 0x0000000741e00000| PB 0x0000000741e00000| Untracked |  0
|   6|0x0000000742000000, 0x0000000742000000, 0x0000000742200000|  0%| F|  |TAMS 0x0000000742000000| PB 0x0000000742000000| Untracked |  0
|   7|0x0000000742200000, 0x0000000742200000, 0x0000000742400000|  0%| F|  |TAMS 0x0000000742200000| PB 0x0000000742200000| Untracked |  0
|   8|0x0000000742400000, 0x0000000742400000, 0x0000000742600000|  0%| F|  |TAMS 0x0000000742400000| PB 0x0000000742400000| Untracked |  0
|   9|0x0000000742600000, 0x0000000742600000, 0x0000000742800000|  0%| F|  |TAMS 0x0000000742600000| PB 0x0000000742600000| Untracked |  0
|  10|0x0000000742800000, 0x0000000742800000, 0x0000000742a00000|  0%| F|  |TAMS 0x0000000742800000| PB 0x0000000742800000| Untracked |  0
|  11|0x0000000742a00000, 0x0000000742a00000, 0x0000000742c00000|  0%| F|  |TAMS 0x0000000742a00000| PB 0x0000000742a00000| Untracked |  0
|  12|0x0000000742c00000, 0x0000000742c00000, 0x0000000742e00000|  0%| F|  |TAMS 0x0000000742c00000| PB 0x0000000742c00000| Untracked |  0
|  13|0x0000000742e00000, 0x0000000742e00000, 0x0000000743000000|  0%| F|  |TAMS 0x0000000742e00000| PB 0x0000000742e00000| Untracked |  0
|  14|0x0000000743000000, 0x0000000743000000, 0x0000000743200000|  0%| F|  |TAMS 0x0000000743000000| PB 0x0000000743000000| Untracked |  0
|  15|0x0000000743200000, 0x0000000743200000, 0x0000000743400000|  0%| F|  |TAMS 0x0000000743200000| PB 0x0000000743200000| Untracked |  0
|  16|0x0000000743400000, 0x0000000743400000, 0x0000000743600000|  0%| F|  |TAMS 0x0000000743400000| PB 0x0000000743400000| Untracked |  0
|  17|0x0000000743600000, 0x0000000743600000, 0x0000000743800000|  0%| F|  |TAMS 0x0000000743600000| PB 0x0000000743600000| Untracked |  0
|  18|0x0000000743800000, 0x0000000743800000, 0x0000000743a00000|  0%| F|  |TAMS 0x0000000743800000| PB 0x0000000743800000| Untracked |  0
|  19|0x0000000743a00000, 0x0000000743a00000, 0x0000000743c00000|  0%| F|  |TAMS 0x0000000743a00000| PB 0x0000000743a00000| Untracked |  0
|  20|0x0000000743c00000, 0x0000000743c00000, 0x0000000743e00000|  0%| F|  |TAMS 0x0000000743c00000| PB 0x0000000743c00000| Untracked |  0
|  21|0x0000000743e00000, 0x0000000743e00000, 0x0000000744000000|  0%| F|  |TAMS 0x0000000743e00000| PB 0x0000000743e00000| Untracked |  0
|  22|0x0000000744000000, 0x0000000744000000, 0x0000000744200000|  0%| F|  |TAMS 0x0000000744000000| PB 0x0000000744000000| Untracked |  0
|  23|0x0000000744200000, 0x0000000744200000, 0x0000000744400000|  0%| F|  |TAMS 0x0000000744200000| PB 0x0000000744200000| Untracked |  0
|  24|0x0000000744400000, 0x0000000744400000, 0x0000000744600000|  0%| F|  |TAMS 0x0000000744400000| PB 0x0000000744400000| Untracked |  0
|  25|0x0000000744600000, 0x0000000744600000, 0x0000000744800000|  0%| F|  |TAMS 0x0000000744600000| PB 0x0000000744600000| Untracked |  0
|  26|0x0000000744800000, 0x0000000744800000, 0x0000000744a00000|  0%| F|  |TAMS 0x0000000744800000| PB 0x0000000744800000| Untracked |  0
|  27|0x0000000744a00000, 0x0000000744a00000, 0x0000000744c00000|  0%| F|  |TAMS 0x0000000744a00000| PB 0x0000000744a00000| Untracked |  0
|  28|0x0000000744c00000, 0x0000000744c00000, 0x0000000744e00000|  0%| F|  |TAMS 0x0000000744c00000| PB 0x0000000744c00000| Untracked |  0
|  29|0x0000000744e00000, 0x0000000744e00000, 0x0000000745000000|  0%| F|  |TAMS 0x0000000744e00000| PB 0x0000000744e00000| Untracked |  0
|  30|0x0000000745000000, 0x0000000745000000, 0x0000000745200000|  0%| F|  |TAMS 0x0000000745000000| PB 0x0000000745000000| Untracked |  0
|  31|0x0000000745200000, 0x0000000745200000, 0x0000000745400000|  0%| F|  |TAMS 0x0000000745200000| PB 0x0000000745200000| Untracked |  0
|  32|0x0000000745400000, 0x0000000745400000, 0x0000000745600000|  0%| F|  |TAMS 0x0000000745400000| PB 0x0000000745400000| Untracked |  0
|  33|0x0000000745600000, 0x0000000745600000, 0x0000000745800000|  0%| F|  |TAMS 0x0000000745600000| PB 0x0000000745600000| Untracked |  0
|  34|0x0000000745800000, 0x0000000745800000, 0x0000000745a00000|  0%| F|  |TAMS 0x0000000745800000| PB 0x0000000745800000| Untracked |  0
|  35|0x0000000745a00000, 0x0000000745a00000, 0x0000000745c00000|  0%| F|  |TAMS 0x0000000745a00000| PB 0x0000000745a00000| Untracked |  0
|  36|0x0000000745c00000, 0x0000000745c00000, 0x0000000745e00000|  0%| F|  |TAMS 0x0000000745c00000| PB 0x0000000745c00000| Untracked |  0
|  37|0x0000000745e00000, 0x0000000745e00000, 0x0000000746000000|  0%| F|  |TAMS 0x0000000745e00000| PB 0x0000000745e00000| Untracked |  0
|  38|0x0000000746000000, 0x0000000746000000, 0x0000000746200000|  0%| F|  |TAMS 0x0000000746000000| PB 0x0000000746000000| Untracked |  0
|  39|0x0000000746200000, 0x0000000746200000, 0x0000000746400000|  0%| F|  |TAMS 0x0000000746200000| PB 0x0000000746200000| Untracked |  0
|  40|0x0000000746400000, 0x0000000746400000, 0x0000000746600000|  0%| F|  |TAMS 0x0000000746400000| PB 0x0000000746400000| Untracked |  0
|  41|0x0000000746600000, 0x0000000746600000, 0x0000000746800000|  0%| F|  |TAMS 0x0000000746600000| PB 0x0000000746600000| Untracked |  0
|  42|0x0000000746800000, 0x0000000746800000, 0x0000000746a00000|  0%| F|  |TAMS 0x0000000746800000| PB 0x0000000746800000| Untracked |  0
|  43|0x0000000746a00000, 0x0000000746a00000, 0x0000000746c00000|  0%| F|  |TAMS 0x0000000746a00000| PB 0x0000000746a00000| Untracked |  0
|  44|0x0000000746c00000, 0x0000000746c00000, 0x0000000746e00000|  0%| F|  |TAMS 0x0000000746c00000| PB 0x0000000746c00000| Untracked |  0
|  45|0x0000000746e00000, 0x0000000746e00000, 0x0000000747000000|  0%| F|  |TAMS 0x0000000746e00000| PB 0x0000000746e00000| Untracked |  0
|  46|0x0000000747000000, 0x0000000747000000, 0x0000000747200000|  0%| F|  |TAMS 0x0000000747000000| PB 0x0000000747000000| Untracked |  0
|  47|0x0000000747200000, 0x0000000747200000, 0x0000000747400000|  0%| F|  |TAMS 0x0000000747200000| PB 0x0000000747200000| Untracked |  0
|  48|0x0000000747400000, 0x0000000747400000, 0x0000000747600000|  0%| F|  |TAMS 0x0000000747400000| PB 0x0000000747400000| Untracked |  0
|  49|0x0000000747600000, 0x0000000747600000, 0x0000000747800000|  0%| F|  |TAMS 0x0000000747600000| PB 0x0000000747600000| Untracked |  0
|  50|0x0000000747800000, 0x0000000747800000, 0x0000000747a00000|  0%| F|  |TAMS 0x0000000747800000| PB 0x0000000747800000| Untracked |  0
|  51|0x0000000747a00000, 0x0000000747a00000, 0x0000000747c00000|  0%| F|  |TAMS 0x0000000747a00000| PB 0x0000000747a00000| Untracked |  0
|  52|0x0000000747c00000, 0x0000000747c00000, 0x0000000747e00000|  0%| F|  |TAMS 0x0000000747c00000| PB 0x0000000747c00000| Untracked |  0
|  53|0x0000000747e00000, 0x0000000747e00000, 0x0000000748000000|  0%| F|  |TAMS 0x0000000747e00000| PB 0x0000000747e00000| Untracked |  0
|  54|0x0000000748000000, 0x0000000748000000, 0x0000000748200000|  0%| F|  |TAMS 0x0000000748000000| PB 0x0000000748000000| Untracked |  0
|  55|0x0000000748200000, 0x0000000748200000, 0x0000000748400000|  0%| F|  |TAMS 0x0000000748200000| PB 0x0000000748200000| Untracked |  0
|  56|0x0000000748400000, 0x0000000748400000, 0x0000000748600000|  0%| F|  |TAMS 0x0000000748400000| PB 0x0000000748400000| Untracked |  0
|  57|0x0000000748600000, 0x0000000748600000, 0x0000000748800000|  0%| F|  |TAMS 0x0000000748600000| PB 0x0000000748600000| Untracked |  0
|  58|0x0000000748800000, 0x0000000748800000, 0x0000000748a00000|  0%| F|  |TAMS 0x0000000748800000| PB 0x0000000748800000| Untracked |  0
|  59|0x0000000748a00000, 0x0000000748a00000, 0x0000000748c00000|  0%| F|  |TAMS 0x0000000748a00000| PB 0x0000000748a00000| Untracked |  0
|  60|0x0000000748c00000, 0x0000000748c00000, 0x0000000748e00000|  0%| F|  |TAMS 0x0000000748c00000| PB 0x0000000748c00000| Untracked |  0
|  61|0x0000000748e00000, 0x0000000748e00000, 0x0000000749000000|  0%| F|  |TAMS 0x0000000748e00000| PB 0x0000000748e00000| Untracked |  0
|  62|0x0000000749000000, 0x0000000749000000, 0x0000000749200000|  0%| F|  |TAMS 0x0000000749000000| PB 0x0000000749000000| Untracked |  0
|  63|0x0000000749200000, 0x0000000749200000, 0x0000000749400000|  0%| F|  |TAMS 0x0000000749200000| PB 0x0000000749200000| Untracked |  0
|  64|0x0000000749400000, 0x0000000749400000, 0x0000000749600000|  0%| F|  |TAMS 0x0000000749400000| PB 0x0000000749400000| Untracked |  0
|  65|0x0000000749600000, 0x0000000749600000, 0x0000000749800000|  0%| F|  |TAMS 0x0000000749600000| PB 0x0000000749600000| Untracked |  0
|  66|0x0000000749800000, 0x0000000749800000, 0x0000000749a00000|  0%| F|  |TAMS 0x0000000749800000| PB 0x0000000749800000| Untracked |  0
|  67|0x0000000749a00000, 0x0000000749a00000, 0x0000000749c00000|  0%| F|  |TAMS 0x0000000749a00000| PB 0x0000000749a00000| Untracked |  0
|  68|0x0000000749c00000, 0x0000000749c00000, 0x0000000749e00000|  0%| F|  |TAMS 0x0000000749c00000| PB 0x0000000749c00000| Untracked |  0
|  69|0x0000000749e00000, 0x0000000749e00000, 0x000000074a000000|  0%| F|  |TAMS 0x0000000749e00000| PB 0x0000000749e00000| Untracked |  0
|  70|0x000000074a000000, 0x000000074a000000, 0x000000074a200000|  0%| F|  |TAMS 0x000000074a000000| PB 0x000000074a000000| Untracked |  0
|  71|0x000000074a200000, 0x000000074a200000, 0x000000074a400000|  0%| F|  |TAMS 0x000000074a200000| PB 0x000000074a200000| Untracked |  0
|  72|0x000000074a400000, 0x000000074a400000, 0x000000074a600000|  0%| F|  |TAMS 0x000000074a400000| PB 0x000000074a400000| Untracked |  0
|  73|0x000000074a600000, 0x000000074a600000, 0x000000074a800000|  0%| F|  |TAMS 0x000000074a600000| PB 0x000000074a600000| Untracked |  0
|  74|0x000000074a800000, 0x000000074a800000, 0x000000074aa00000|  0%| F|  |TAMS 0x000000074a800000| PB 0x000000074a800000| Untracked |  0
|  75|0x000000074aa00000, 0x000000074aa00000, 0x000000074ac00000|  0%| F|  |TAMS 0x000000074aa00000| PB 0x000000074aa00000| Untracked |  0
|  76|0x000000074ac00000, 0x000000074ac00000, 0x000000074ae00000|  0%| F|  |TAMS 0x000000074ac00000| PB 0x000000074ac00000| Untracked |  0
|  77|0x000000074ae00000, 0x000000074ae00000, 0x000000074b000000|  0%| F|  |TAMS 0x000000074ae00000| PB 0x000000074ae00000| Untracked |  0
|  78|0x000000074b000000, 0x000000074b000000, 0x000000074b200000|  0%| F|  |TAMS 0x000000074b000000| PB 0x000000074b000000| Untracked |  0
|  79|0x000000074b200000, 0x000000074b200000, 0x000000074b400000|  0%| F|  |TAMS 0x000000074b200000| PB 0x000000074b200000| Untracked |  0
|  80|0x000000074b400000, 0x000000074b400000, 0x000000074b600000|  0%| F|  |TAMS 0x000000074b400000| PB 0x000000074b400000| Untracked |  0
|  81|0x000000074b600000, 0x000000074b7d1278, 0x000000074b800000| 90%| E|  |TAMS 0x000000074b600000| PB 0x000000074b600000| Complete |  0
|  82|0x000000074b800000, 0x000000074ba00000, 0x000000074ba00000|100%| E|CS|TAMS 0x000000074b800000| PB 0x000000074b800000| Complete |  0
|  83|0x000000074ba00000, 0x000000074bc00000, 0x000000074bc00000|100%| E|  |TAMS 0x000000074ba00000| PB 0x000000074ba00000| Complete |  0
|  84|0x000000074bc00000, 0x000000074be00000, 0x000000074be00000|100%| E|CS|TAMS 0x000000074bc00000| PB 0x000000074bc00000| Complete |  0
|  85|0x000000074be00000, 0x000000074c000000, 0x000000074c000000|100%| E|CS|TAMS 0x000000074be00000| PB 0x000000074be00000| Complete |  0
|  86|0x000000074c000000, 0x000000074c200000, 0x000000074c200000|100%| E|CS|TAMS 0x000000074c000000| PB 0x000000074c000000| Complete |  0
|  87|0x000000074c200000, 0x000000074c400000, 0x000000074c400000|100%| E|CS|TAMS 0x000000074c200000| PB 0x000000074c200000| Complete |  0
|  88|0x000000074c400000, 0x000000074c600000, 0x000000074c600000|100%| E|CS|TAMS 0x000000074c400000| PB 0x000000074c400000| Complete |  0
|  89|0x000000074c600000, 0x000000074c78e278, 0x000000074c800000| 77%| S|CS|TAMS 0x000000074c600000| PB 0x000000074c600000| Complete |  0
|  90|0x000000074c800000, 0x000000074ca00000, 0x000000074ca00000|100%| E|CS|TAMS 0x000000074c800000| PB 0x000000074c800000| Complete |  0
|  91|0x000000074ca00000, 0x000000074cc00000, 0x000000074cc00000|100%| E|CS|TAMS 0x000000074ca00000| PB 0x000000074ca00000| Complete |  0
|  92|0x000000074cc00000, 0x000000074ce00000, 0x000000074ce00000|100%| E|CS|TAMS 0x000000074cc00000| PB 0x000000074cc00000| Complete |  0
|  93|0x000000074ce00000, 0x000000074d000000, 0x000000074d000000|100%| E|CS|TAMS 0x000000074ce00000| PB 0x000000074ce00000| Complete |  0
|  94|0x000000074d000000, 0x000000074d200000, 0x000000074d200000|100%| E|CS|TAMS 0x000000074d000000| PB 0x000000074d000000| Complete |  0
|  95|0x000000074d200000, 0x000000074d400000, 0x000000074d400000|100%| E|CS|TAMS 0x000000074d200000| PB 0x000000074d200000| Complete |  0

Card table byte_map: [0x00000258ed8d0000,0x00000258eded0000] _byte_map_base: 0x00000258e9ec6000

Marking Bits: (CMBitMap*) 0x00000258d5bd2cc0
 Bits: [0x00000258eded0000, 0x00000258f0e80000)

Polling page: 0x00000258d3860000

Metaspace:

Usage:
  Non-class:      9.70 MB used.
      Class:      1.51 MB used.
       Both:     11.21 MB used.

Virtual space:
  Non-class space:       64.00 MB reserved,       9.88 MB ( 15%) committed,  1 nodes.
      Class space:        1.00 GB reserved,       1.62 MB ( <1%) committed,  1 nodes.
             Both:        1.06 GB reserved,      11.50 MB (  1%) committed. 

Chunk freelists:
   Non-Class:  4.73 MB
       Class:  14.39 MB
        Both:  19.12 MB

MaxMetaspaceSize: unlimited
CompressedClassSpaceSize: 1.00 GB
Initial GC threshold: 21.00 MB
Current GC threshold: 21.00 MB
CDS: on
 - commit_granule_bytes: 65536.
 - commit_granule_words: 8192.
 - virtual_space_node_default_size: 8388608.
 - enlarge_chunks_in_place: 1.
 - use_allocation_guard: 0.


Internal statistics:

num_allocs_failed_limit: 0.
num_arena_births: 218.
num_arena_deaths: 0.
num_vsnodes_births: 2.
num_vsnodes_deaths: 0.
num_space_committed: 184.
num_space_uncommitted: 0.
num_chunks_returned_to_freelist: 0.
num_chunks_taken_from_freelist: 631.
num_chunk_merges: 0.
num_chunk_splits: 425.
num_chunks_enlarged: 309.
num_inconsistent_stats: 0.

CodeHeap 'non-profiled nmethods': size=120064Kb used=623Kb max_used=623Kb free=119440Kb
 bounds [0x00000258e5d90000, 0x00000258e6000000, 0x00000258ed2d0000]
CodeHeap 'profiled nmethods': size=120000Kb used=2476Kb max_used=2476Kb free=117523Kb
 bounds [0x00000258de2d0000, 0x00000258de540000, 0x00000258e5800000]
CodeHeap 'non-nmethods': size=5696Kb used=2036Kb max_used=2051Kb free=3659Kb
 bounds [0x00000258e5800000, 0x00000258e5a70000, 0x00000258e5d90000]
CodeCache: size=245760Kb, used=5135Kb, max_used=5150Kb, free=240622Kb
 total_blobs=3008, nmethods=1962, adapters=952, full_count=0
Compilation: enabled, stopped_count=0, restarted_count=0

Compilation events (20 events):
Event: 40.396 Thread 0x00000258f3377470 nmethod 1954 0x00000258de539288 code [0x00000258de5393a0, 0x00000258de5394b0]
Event: 40.403 Thread 0x00000258f3377470 1955       3       com.sun.javafx.event.EventDispatchChainImpl::reset (44 bytes)
Event: 40.403 Thread 0x00000258f3377470 nmethod 1955 0x00000258de539588 code [0x00000258de5396c0, 0x00000258de539a30]
Event: 41.074 Thread 0x00000258f3377470 1956       3       com.sun.javafx.css.PseudoClassState::hashCode (5 bytes)
Event: 41.074 Thread 0x00000258f3377470 nmethod 1956 0x00000258de539a88 code [0x00000258de539ba0, 0x00000258de539ce0]
Event: 41.076 Thread 0x00000258f3377470 1957       3       javafx.beans.property.DoublePropertyBase::isBound (13 bytes)
Event: 41.076 Thread 0x00000258f3377470 nmethod 1957 0x00000258de539d88 code [0x00000258de539ea0, 0x00000258de53a000]
Event: 41.077 Thread 0x00000258f3377470 1958       1       com.sun.prism.impl.ManagedResource::isPermanent (5 bytes)
Event: 41.077 Thread 0x00000258f3377470 nmethod 1958 0x00000258e5e2a588 code [0x00000258e5e2a6a0, 0x00000258e5e2a770]
Event: 87.220 Thread 0x00000258f3313010 1959       4       com.sun.javafx.tk.quantum.QuantumToolkit::postPulse (133 bytes)
Event: 87.230 Thread 0x00000258f3313010 nmethod 1959 0x00000258e5e2a888 code [0x00000258e5e2aa20, 0x00000258e5e2b1e0]
Event: 87.524 Thread 0x00000258f3313010 1960       4       com.sun.javafx.tk.quantum.QuantumToolkit$$Lambda/0x000002588103acc0::run (8 bytes)
Event: 87.530 Thread 0x00000258f3313010 nmethod 1960 0x00000258e5e2b288 code [0x00000258e5e2b420, 0x00000258e5e2bc00]
Event: 377.503 Thread 0x00000258f3377470 1961       3       java.lang.invoke.MethodHandleNatives::staticArgumentsPulled (5 bytes)
Event: 377.503 Thread 0x00000258f3377470 nmethod 1961 0x00000258de53a088 code [0x00000258de53a1a0, 0x00000258de53a368]
Event: 377.504 Thread 0x00000258f3377470 1962       3       java.lang.invoke.ConstantCallSite::<init> (17 bytes)
Event: 377.504 Thread 0x00000258f3377470 nmethod 1962 0x00000258de53a388 code [0x00000258de53a500, 0x00000258de53aa90]
Event: 377.504 Thread 0x00000258f3377470 1963       3       java.lang.invoke.CallSite::<init> (23 bytes)
Event: 377.505 Thread 0x00000258f3377470 nmethod 1963 0x00000258de53ab08 code [0x00000258de53ac60, 0x00000258de53b168]
Event: 377.505 Thread 0x00000258f3377470 1964       3       java.lang.invoke.MethodHandleNatives$CallSiteContext::make (19 bytes)

GC Heap History (4 events):
Event: 1.349 GC heap before
{Heap before GC invocations=0 (full 0):
 garbage-first heap   total reserved 3125248K, committed 196608K, used 14336K [0x0000000741400000, 0x0000000800000000)
  region size 2048K, 7 young (14336K), 0 survivors (0K)
 Metaspace       used 2598K, committed 2752K, reserved 1114112K
  class space    used 280K, committed 320K, reserved 1048576K
}
Event: 1.355 GC heap after
{Heap after GC invocations=1 (full 0):
 garbage-first heap   total reserved 3125248K, committed 196608K, used 2391K [0x0000000741400000, 0x0000000800000000)
  region size 2048K, 1 young (2048K), 1 survivors (2048K)
 Metaspace       used 2598K, committed 2752K, reserved 1114112K
  class space    used 280K, committed 320K, reserved 1048576K
}
Event: 1.773 GC heap before
{Heap before GC invocations=1 (full 0):
 garbage-first heap   total reserved 3125248K, committed 196608K, used 12631K [0x0000000741400000, 0x0000000800000000)
  region size 2048K, 7 young (14336K), 1 survivors (2048K)
 Metaspace       used 5584K, committed 5824K, reserved 1114112K
  class space    used 655K, committed 768K, reserved 1048576K
}
Event: 1.778 GC heap after
{Heap after GC invocations=2 (full 0):
 garbage-first heap   total reserved 3125248K, committed 196608K, used 3996K [0x0000000741400000, 0x0000000800000000)
  region size 2048K, 1 young (2048K), 1 survivors (2048K)
 Metaspace       used 5584K, committed 5824K, reserved 1114112K
  class space    used 655K, committed 768K, reserved 1048576K
}

Dll operation events (20 events):
Event: 1.089 Loaded shared library D:\SCARCE\UNIVERSITY\PROJECTS\JAVA\OnslaughtUI\opencv\javafx-sdk-17.0.15\bin\api-ms-win-crt-math-l1-1-0.dll
Event: 1.098 Loaded shared library D:\SCARCE\UNIVERSITY\PROJECTS\JAVA\OnslaughtUI\opencv\javafx-sdk-17.0.15\bin\api-ms-win-crt-multibyte-l1-1-0.dll
Event: 1.106 Loaded shared library D:\SCARCE\UNIVERSITY\PROJECTS\JAVA\OnslaughtUI\opencv\javafx-sdk-17.0.15\bin\api-ms-win-crt-private-l1-1-0.dll
Event: 1.114 Loaded shared library D:\SCARCE\UNIVERSITY\PROJECTS\JAVA\OnslaughtUI\opencv\javafx-sdk-17.0.15\bin\api-ms-win-crt-process-l1-1-0.dll
Event: 1.124 Loaded shared library D:\SCARCE\UNIVERSITY\PROJECTS\JAVA\OnslaughtUI\opencv\javafx-sdk-17.0.15\bin\api-ms-win-crt-runtime-l1-1-0.dll
Event: 1.133 Loaded shared library D:\SCARCE\UNIVERSITY\PROJECTS\JAVA\OnslaughtUI\opencv\javafx-sdk-17.0.15\bin\api-ms-win-crt-stdio-l1-1-0.dll
Event: 1.143 Loaded shared library D:\SCARCE\UNIVERSITY\PROJECTS\JAVA\OnslaughtUI\opencv\javafx-sdk-17.0.15\bin\api-ms-win-crt-string-l1-1-0.dll
Event: 1.151 Loaded shared library D:\SCARCE\UNIVERSITY\PROJECTS\JAVA\OnslaughtUI\opencv\javafx-sdk-17.0.15\bin\api-ms-win-crt-time-l1-1-0.dll
Event: 1.158 Loaded shared library D:\SCARCE\UNIVERSITY\PROJECTS\JAVA\OnslaughtUI\opencv\javafx-sdk-17.0.15\bin\api-ms-win-crt-utility-l1-1-0.dll
Event: 1.166 Loaded shared library D:\SCARCE\UNIVERSITY\PROJECTS\JAVA\OnslaughtUI\opencv\javafx-sdk-17.0.15\bin\ucrtbase.dll
Event: 1.173 Loaded shared library D:\SCARCE\UNIVERSITY\PROJECTS\JAVA\OnslaughtUI\opencv\javafx-sdk-17.0.15\bin\vcruntime140.dll
Event: 1.181 Loaded shared library D:\SCARCE\UNIVERSITY\PROJECTS\JAVA\OnslaughtUI\opencv\javafx-sdk-17.0.15\bin\vcruntime140_1.dll
Event: 1.189 Loaded shared library D:\SCARCE\UNIVERSITY\PROJECTS\JAVA\OnslaughtUI\opencv\javafx-sdk-17.0.15\bin\msvcp140.dll
Event: 1.197 Loaded shared library D:\SCARCE\UNIVERSITY\PROJECTS\JAVA\OnslaughtUI\opencv\javafx-sdk-17.0.15\bin\msvcp140_1.dll
Event: 1.205 Loaded shared library D:\SCARCE\UNIVERSITY\PROJECTS\JAVA\OnslaughtUI\opencv\javafx-sdk-17.0.15\bin\msvcp140_2.dll
Event: 1.307 Loaded shared library D:\SCARCE\UNIVERSITY\PROJECTS\JAVA\OnslaughtUI\opencv\javafx-sdk-17.0.15\bin\prism_d3d.dll
Event: 1.378 Loaded shared library D:\SCARCE\UNIVERSITY\PROJECTS\JAVA\OnslaughtUI\opencv\javafx-sdk-17.0.15\bin\glass.dll
Event: 1.711 Loaded shared library D:\SCARCE\UNIVERSITY\PROJECTS\JAVA\OnslaughtUI\opencv\javafx-sdk-17.0.15\bin\javafx_font.dll
Event: 2.007 Loaded shared library C:\Program Files\java\jdk-23\bin\jimage.dll
Event: 3.817 Loaded shared library D:\SCARCE\UNIVERSITY\PROJECTS\JAVA\OnslaughtUI\opencv\opencv_master\build\java\x64\opencv_java4110.dll

Deoptimization events (20 events):
Event: 2.694 Thread 0x00000258c598c060 Uncommon trap: trap_request=0xffffff45 fr.pc=0x00000258e5ddb7c8 relative=0x0000000000000488
Event: 2.694 Thread 0x00000258c598c060 Uncommon trap: reason=unstable_if action=reinterpret pc=0x00000258e5ddb7c8 method=java.io.BufferedInputStream.implRead([BII)I @ 55 c2
Event: 2.694 Thread 0x00000258c598c060 DEOPT PACKING pc=0x00000258e5ddb7c8 sp=0x000000b6566fe060
Event: 2.694 Thread 0x00000258c598c060 DEOPT UNPACKING pc=0x00000258e5854402 sp=0x000000b6566fe038 mode 2
Event: 3.790 Thread 0x00000258c5fcfaf0 Uncommon trap: trap_request=0xffffff45 fr.pc=0x00000258e5e026a4 relative=0x0000000000000da4
Event: 3.790 Thread 0x00000258c5fcfaf0 Uncommon trap: reason=unstable_if action=reinterpret pc=0x00000258e5e026a4 method=java.util.concurrent.ConcurrentHashMap.putVal(Ljava/lang/Object;Ljava/lang/Object;Z)Ljava/lang/Object; @ 148 c2
Event: 3.790 Thread 0x00000258c5fcfaf0 DEOPT PACKING pc=0x00000258e5e026a4 sp=0x000000b6578fdfa0
Event: 3.790 Thread 0x00000258c5fcfaf0 DEOPT UNPACKING pc=0x00000258e5854402 sp=0x000000b6578fdf10 mode 2
Event: 3.791 Thread 0x00000258c5fcfaf0 Uncommon trap: trap_request=0xffffff45 fr.pc=0x00000258e5e004d8 relative=0x0000000000000498
Event: 3.791 Thread 0x00000258c5fcfaf0 Uncommon trap: reason=unstable_if action=reinterpret pc=0x00000258e5e004d8 method=java.lang.AbstractStringBuilder.append(C)Ljava/lang/AbstractStringBuilder; @ 21 c2
Event: 3.791 Thread 0x00000258c5fcfaf0 DEOPT PACKING pc=0x00000258e5e004d8 sp=0x000000b6578fd890
Event: 3.791 Thread 0x00000258c5fcfaf0 DEOPT UNPACKING pc=0x00000258e5854402 sp=0x000000b6578fd828 mode 2
Event: 3.791 Thread 0x00000258c5fcfaf0 Uncommon trap: trap_request=0xffffff45 fr.pc=0x00000258e5df7298 relative=0x00000000000004d8
Event: 3.791 Thread 0x00000258c5fcfaf0 Uncommon trap: reason=unstable_if action=reinterpret pc=0x00000258e5df7298 method=java.lang.AbstractStringBuilder.isLatin1()Z @ 10 c2
Event: 3.791 Thread 0x00000258c5fcfaf0 DEOPT PACKING pc=0x00000258e5df7298 sp=0x000000b6578fd840
Event: 3.791 Thread 0x00000258c5fcfaf0 DEOPT UNPACKING pc=0x00000258e5854402 sp=0x000000b6578fd7d0 mode 2
Event: 3.791 Thread 0x00000258c5fcfaf0 Uncommon trap: trap_request=0xffffff45 fr.pc=0x00000258e5dd8700 relative=0x00000000000000e0
Event: 3.791 Thread 0x00000258c5fcfaf0 Uncommon trap: reason=unstable_if action=reinterpret pc=0x00000258e5dd8700 method=java.lang.String.getBytes([BIB)V @ 5 c2
Event: 3.791 Thread 0x00000258c5fcfaf0 DEOPT PACKING pc=0x00000258e5dd8700 sp=0x000000b6578fe500
Event: 3.791 Thread 0x00000258c5fcfaf0 DEOPT UNPACKING pc=0x00000258e5854402 sp=0x000000b6578fe4a8 mode 2

Classes loaded (20 events):
Event: 2.711 Loading class java/nio/DirectFloatBufferU
Event: 2.711 Loading class java/nio/DirectFloatBufferU done
Event: 2.722 Loading class java/lang/FdLibm$Atan2
Event: 2.723 Loading class java/lang/FdLibm$Atan2 done
Event: 2.723 Loading class java/lang/FdLibm
Event: 2.723 Loading class java/lang/FdLibm done
Event: 3.192 Loading class java/util/EnumMap$Values
Event: 3.192 Loading class java/util/EnumMap$Values done
Event: 3.192 Loading class java/util/EnumMap$ValueIterator
Event: 3.192 Loading class java/util/EnumMap$EnumMapIterator
Event: 3.192 Loading class java/util/EnumMap$EnumMapIterator done
Event: 3.192 Loading class java/util/EnumMap$ValueIterator done
Event: 3.653 Loading class java/io/UnsupportedEncodingException
Event: 3.653 Loading class java/io/UnsupportedEncodingException done
Event: 6.950 Loading class jdk/internal/event/ThreadSleepEvent
Event: 6.950 Loading class jdk/internal/event/ThreadSleepEvent done
Event: 9.925 Loading class java/io/FileFilter
Event: 9.925 Loading class java/io/FileFilter done
Event: 377.498 Loading class jdk/internal/misc/Signal$1
Event: 377.499 Loading class jdk/internal/misc/Signal$1 done

Classes unloaded (0 events):
No events

Classes redefined (0 events):
No events

Internal exceptions (20 events):
Event: 1.612 Thread 0x00000258c5745920 Exception <a 'java/lang/NoSuchMethodError'{0x000000074ca114d0}: 'java.lang.Object java.lang.invoke.DirectMethodHandle$Holder.invokeStaticInit(java.lang.Object, java.lang.Object, java.lang.Object, java.lang.Object)'> (0x000000074ca114d0) 
thrown [s\open\src\hotspot\share\interpreter\linkResolver.cpp, line 796]
Event: 1.614 Thread 0x00000258c5745920 Exception <a 'java/lang/NullPointerException'{0x000000074ca1e7e0}> (0x000000074ca1e7e0) 
thrown [s\open\src\hotspot\share\interpreter\linkResolver.cpp, line 1389]
Event: 1.648 Thread 0x00000258c5745920 Exception <a 'java/lang/ClassNotFoundException'{0x000000074ca96358}: com/sun/glass/ui/win/themes> (0x000000074ca96358) 
thrown [s\open\src\hotspot\share\prims\jni.cpp, line 539]
Event: 1.651 Thread 0x00000258c5745920 Exception <a 'java/lang/ClassNotFoundException'{0x000000074caa19f8}: com/sun/glass/ui/win/themes_en> (0x000000074caa19f8) 
thrown [s\open\src\hotspot\share\prims\jni.cpp, line 539]
Event: 1.652 Thread 0x00000258c5745920 Exception <a 'java/lang/ClassNotFoundException'{0x000000074caa3540}: com/sun/glass/ui/win/themes_en_US> (0x000000074caa3540) 
thrown [s\open\src\hotspot\share\prims\jni.cpp, line 539]
Event: 1.897 Thread 0x00000258c5745920 Exception <a 'java/lang/NoSuchMethodError'{0x000000074d19c188}: 'void java.lang.invoke.DirectMethodHandle$Holder.invokeStaticInit(java.lang.Object, java.lang.Object)'> (0x000000074d19c188) 
thrown [s\open\src\hotspot\share\interpreter\linkResolver.cpp, line 796]
Event: 2.082 Thread 0x00000258c5745920 Implicit null exception at 0x00000258e5de45ad to 0x00000258e5de4864
Event: 2.083 Thread 0x00000258c5745920 Implicit null exception at 0x00000258e5de172d to 0x00000258e5de19f8
Event: 2.400 Thread 0x00000258c5745920 Exception <a 'java/lang/NoSuchMethodError'{0x000000074c1127d0}: 'java.lang.Object java.lang.invoke.DirectMethodHandle$Holder.invokeInterface(java.lang.Object, java.lang.Object, java.lang.Object)'> (0x000000074c1127d0) 
thrown [s\open\src\hotspot\share\interpreter\linkResolver.cpp, line 796]
Event: 2.401 Thread 0x00000258c5745920 Exception <a 'java/lang/IncompatibleClassChangeError'{0x000000074c115ea0}: Found class java.lang.Object, but interface was expected> (0x000000074c115ea0) 
thrown [s\open\src\hotspot\share\interpreter\linkResolver.cpp, line 863]
Event: 2.483 Thread 0x00000258c5745920 Exception <a 'java/lang/NoSuchMethodError'{0x000000074be2a728}: 'int java.lang.invoke.DirectMethodHandle$Holder.invokeSpecial(java.lang.Object, java.lang.Object, int)'> (0x000000074be2a728) 
thrown [s\open\src\hotspot\share\interpreter\linkResolver.cpp, line 796]
Event: 2.489 Thread 0x00000258c5745920 Exception <a 'java/lang/NoSuchMethodError'{0x000000074be40fd8}: 'java.lang.Object java.lang.invoke.DirectMethodHandle$Holder.invokeStatic(java.lang.Object, java.lang.Object, java.lang.Object, java.lang.Object, int)'> (0x000000074be40fd8) 
thrown [s\open\src\hotspot\share\interpreter\linkResolver.cpp, line 796]
Event: 2.491 Thread 0x00000258c5745920 Exception <a 'java/lang/NoSuchMethodError'{0x000000074be49968}: 'int java.lang.invoke.DirectMethodHandle$Holder.invokeSpecial(java.lang.Object, java.lang.Object, java.lang.Object)'> (0x000000074be49968) 
thrown [s\open\src\hotspot\share\interpreter\linkResolver.cpp, line 796]
Event: 2.522 Thread 0x00000258c5745920 Exception <a 'java/lang/NoSuchMethodError'{0x000000074bee2038}: 'java.lang.Object java.lang.invoke.DirectMethodHandle$Holder.newInvokeSpecial(java.lang.Object, java.lang.Object, int)'> (0x000000074bee2038) 
thrown [s\open\src\hotspot\share\interpreter\linkResolver.cpp, line 796]
Event: 2.560 Thread 0x00000258c598c060 Exception <a 'java/lang/NoSuchMethodError'{0x000000074bf66af8}: 'int java.lang.invoke.DirectMethodHandle$Holder.invokeStaticInit(java.lang.Object, java.lang.Object)'> (0x000000074bf66af8) 
thrown [s\open\src\hotspot\share\interpreter\linkResolver.cpp, line 796]
Event: 3.686 Thread 0x00000258c5745920 Exception <a 'java/lang/NoSuchMethodError'{0x000000074b914e20}: 'long java.lang.invoke.DirectMethodHandle$Holder.invokeStatic(java.lang.Object, java.lang.Object, java.lang.Object)'> (0x000000074b914e20) 
thrown [s\open\src\hotspot\share\interpreter\linkResolver.cpp, line 796]
Event: 3.686 Thread 0x00000258c5745920 Exception <a 'java/lang/NoSuchMethodError'{0x000000074b918238}: 'long java.lang.invoke.DirectMethodHandle$Holder.invokeStaticInit(java.lang.Object, java.lang.Object, java.lang.Object)'> (0x000000074b918238) 
thrown [s\open\src\hotspot\share\interpreter\linkResolver.cpp, line 796]
Event: 3.691 Thread 0x00000258c5745920 Exception <a 'java/lang/NoSuchMethodError'{0x000000074b92d3f0}: 'java.lang.Object java.lang.invoke.DirectMethodHandle$Holder.newInvokeSpecial(java.lang.Object, java.lang.Object, long)'> (0x000000074b92d3f0) 
thrown [s\open\src\hotspot\share\interpreter\linkResolver.cpp, line 796]
Event: 3.691 Thread 0x00000258c5745920 Exception <a 'java/lang/NoSuchMethodError'{0x000000074b930d50}: 'java.lang.Object java.lang.invoke.Invokers$Holder.linkToTargetMethod(java.lang.Object, long, java.lang.Object)'> (0x000000074b930d50) 
thrown [s\open\src\hotspot\share\interpreter\linkResolver.cpp, line 796]
Event: 9.926 Thread 0x00000258c5fcfaf0 Exception <a 'java/lang/NoSuchMethodError'{0x000000074b605f78}: 'int java.lang.invoke.DirectMethodHandle$Holder.invokeVirtual(java.lang.Object, java.lang.Object)'> (0x000000074b605f78) 
thrown [s\open\src\hotspot\share\interpreter\linkResolver.cpp, line 796]

VM Operations (19 events):
Event: 0.301 Executing VM operation: HandshakeAllThreads (Deoptimize)
Event: 0.301 Executing VM operation: HandshakeAllThreads (Deoptimize) done
Event: 0.502 Executing VM operation: HandshakeAllThreads (Deoptimize)
Event: 0.502 Executing VM operation: HandshakeAllThreads (Deoptimize) done
Event: 1.349 Executing VM operation: G1CollectForAllocation (G1 Evacuation Pause)
Event: 1.355 Executing VM operation: G1CollectForAllocation (G1 Evacuation Pause) done
Event: 1.366 Executing VM operation: HandshakeAllThreads (Deoptimize)
Event: 1.366 Executing VM operation: HandshakeAllThreads (Deoptimize) done
Event: 1.730 Executing VM operation: HandshakeAllThreads (Deoptimize)
Event: 1.730 Executing VM operation: HandshakeAllThreads (Deoptimize) done
Event: 1.773 Executing VM operation: G1CollectForAllocation (G1 Evacuation Pause)
Event: 1.778 Executing VM operation: G1CollectForAllocation (G1 Evacuation Pause) done
Event: 3.820 Executing VM operation: HandshakeAllThreads (Deoptimize)
Event: 3.820 Executing VM operation: HandshakeAllThreads (Deoptimize) done
Event: 60.222 Executing VM operation: HandshakeAllThreads (HandshakeForDeflation)
Event: 60.222 Executing VM operation: HandshakeAllThreads (HandshakeForDeflation) done
Event: 60.222 Executing VM operation: RendezvousGCThreads
Event: 60.222 Executing VM operation: RendezvousGCThreads done
Event: 377.505 Executing VM operation: Exit

Memory protections (0 events):
No events

Nmethod flushes (0 events):
No events

Events (20 events):
Event: 1.392 Thread 0x00000258d5b7e660 Thread added: 0x00000258c5745920
Event: 1.524 Thread 0x00000258c66617b0 Thread added: 0x00000258c66617b0
Event: 1.530 Thread 0x00000258d5b7e660 Thread added: 0x00000258c64e16b0
Event: 1.788 Thread 0x00000258f3377470 Thread added: 0x00000258c5e8a000
Event: 2.154 Thread 0x00000258c5e8a000 Thread exited: 0x00000258c5e8a000
Event: 2.381 Thread 0x00000258c5745920 Thread added: 0x00000258c5fd0810
Event: 2.626 Thread 0x00000258c598c060 Thread added: 0x00000258c5fd1bc0
Event: 3.789 Thread 0x00000258c5745920 Thread added: 0x00000258c5fcfaf0
Event: 10.053 Thread 0x00000258c5fcfaf0 Thread exited: 0x00000258c5fcfaf0
Event: 19.059 Thread 0x00000258c5745920 Thread added: 0x00000258c5fd1530
Event: 24.394 Thread 0x00000258c5fd1530 Thread exited: 0x00000258c5fd1530
Event: 30.787 Thread 0x00000258c5745920 Thread added: 0x00000258c5fd0180
Event: 36.150 Thread 0x00000258c5fd0180 Thread exited: 0x00000258c5fd0180
Event: 377.499 Thread 0x00000258f330e250 Thread added: 0x00000258c5fce740
Event: 377.500 Thread 0x00000258c5fce740 Thread added: 0x00000258c5fcfaf0
Event: 377.501 Thread 0x00000258c5fce740 Thread added: 0x00000258c5fd0180
Event: 377.502 Thread 0x00000258c5fcfaf0 Thread exited: 0x00000258c5fcfaf0
Event: 377.505 Thread 0x00000258c5fce740 Before exit entered
Event: 377.505 Thread 0x00000258c5fd0180 Thread exited: 0x00000258c5fd0180
Event: 377.505 Thread 0x00000258f330e250 Thread exited: 0x00000258f330e250


Dynamic libraries:
0x00007ff6c9580000 - 0x00007ff6c9590000 	C:\Program Files\java\jdk-23\bin\java.exe
0x00007fff22490000 - 0x00007fff22688000 	C:\Windows\SYSTEM32\ntdll.dll
0x00007fff21d60000 - 0x00007fff21e1d000 	C:\Windows\System32\KERNEL32.DLL
0x00007fff1fc70000 - 0x00007fff1ff66000 	C:\Windows\System32\KERNELBASE.dll
0x00007fff1fb70000 - 0x00007fff1fc70000 	C:\Windows\System32\ucrtbase.dll
0x00007fff1a420000 - 0x00007fff1a437000 	C:\Program Files\java\jdk-23\bin\jli.dll
0x00007fff221b0000 - 0x00007fff2234e000 	C:\Windows\System32\USER32.dll
0x00007fff1ff70000 - 0x00007fff1ff92000 	C:\Windows\System32\win32u.dll
0x00007fff21f10000 - 0x00007fff21f3c000 	C:\Windows\System32\GDI32.dll
0x00007fff20040000 - 0x00007fff2015a000 	C:\Windows\System32\gdi32full.dll
0x00007fff20240000 - 0x00007fff202dd000 	C:\Windows\System32\msvcp_win.dll
0x00007fff0f190000 - 0x00007fff0f1ab000 	C:\Program Files\java\jdk-23\bin\VCRUNTIME140.dll
0x00007fff0b6d0000 - 0x00007fff0b96a000 	C:\Windows\WinSxS\amd64_microsoft.windows.common-controls_6595b64144ccf1df_6.0.19041.3636_none_60b6a03d71f818d5\COMCTL32.dll
0x00007fff204f0000 - 0x00007fff2058e000 	C:\Windows\System32\msvcrt.dll
0x00007fff20590000 - 0x00007fff205c0000 	C:\Windows\System32\IMM32.DLL
0x00007fff1a410000 - 0x00007fff1a41c000 	C:\Program Files\java\jdk-23\bin\vcruntime140_1.dll
0x00007fff06a50000 - 0x00007fff06ade000 	C:\Program Files\java\jdk-23\bin\msvcp140.dll
0x00007ffec6480000 - 0x00007ffec71d0000 	C:\Program Files\java\jdk-23\bin\server\jvm.dll
0x00007fff21920000 - 0x00007fff219cf000 	C:\Windows\System32\ADVAPI32.dll
0x00007fff223b0000 - 0x00007fff2244c000 	C:\Windows\System32\sechost.dll
0x00007fff217f0000 - 0x00007fff21916000 	C:\Windows\System32\RPCRT4.dll
0x00007fff21f40000 - 0x00007fff21fab000 	C:\Windows\System32\WS2_32.dll
0x00007fff1f9d0000 - 0x00007fff1fa1b000 	C:\Windows\SYSTEM32\POWRPROF.dll
0x00007fff03cb0000 - 0x00007fff03cd7000 	C:\Windows\SYSTEM32\WINMM.dll
0x00007fff0f1b0000 - 0x00007fff0f1ba000 	C:\Windows\SYSTEM32\VERSION.dll
0x00007fff1f9b0000 - 0x00007fff1f9c2000 	C:\Windows\SYSTEM32\UMPDC.dll
0x00007fff1e3c0000 - 0x00007fff1e3d2000 	C:\Windows\SYSTEM32\kernel.appcore.dll
0x00007fff0f180000 - 0x00007fff0f18a000 	C:\Program Files\java\jdk-23\bin\jimage.dll
0x00007fff1d760000 - 0x00007fff1d944000 	C:\Windows\SYSTEM32\DBGHELP.DLL
0x00007fff074e0000 - 0x00007fff07514000 	C:\Windows\SYSTEM32\dbgcore.DLL
0x00007fff20160000 - 0x00007fff201e2000 	C:\Windows\System32\bcryptPrimitives.dll
0x00007fff0f170000 - 0x00007fff0f17f000 	C:\Program Files\java\jdk-23\bin\instrument.dll
0x00007fff06c10000 - 0x00007fff06c2e000 	C:\Program Files\java\jdk-23\bin\java.dll
0x00007fff22080000 - 0x00007fff221ab000 	C:\Windows\System32\ole32.dll
0x00007fff20cc0000 - 0x00007fff21014000 	C:\Windows\System32\combase.dll
0x00007fff21020000 - 0x00007fff21764000 	C:\Windows\System32\SHELL32.dll
0x00007fff1d950000 - 0x00007fff1e0eb000 	C:\Windows\SYSTEM32\windows.storage.dll
0x00007fff1f4e0000 - 0x00007fff1f50d000 	C:\Windows\SYSTEM32\Wldp.dll
0x00007fff21c90000 - 0x00007fff21d3d000 	C:\Windows\System32\SHCORE.dll
0x00007fff21c30000 - 0x00007fff21c85000 	C:\Windows\System32\shlwapi.dll
0x00007fff1faa0000 - 0x00007fff1fac5000 	C:\Windows\SYSTEM32\profapi.dll
0x00007fff06970000 - 0x00007fff06a47000 	C:\Program Files\java\jdk-23\bin\jsvml.dll
0x00007fff0f160000 - 0x00007fff0f170000 	C:\Program Files\java\jdk-23\bin\net.dll
0x00007fff1f240000 - 0x00007fff1f2aa000 	C:\Windows\system32\mswsock.dll
0x00007fff06950000 - 0x00007fff06966000 	C:\Program Files\java\jdk-23\bin\nio.dll
0x00007fff06930000 - 0x00007fff06947000 	C:\Program Files\java\jdk-23\bin\zip.dll
0x00007fff09c10000 - 0x00007fff09c19000 	C:\Program Files\java\jdk-23\bin\extnet.dll
0x00000258c6f30000 - 0x00000258c6f33000 	D:\SCARCE\UNIVERSITY\PROJECTS\JAVA\OnslaughtUI\opencv\javafx-sdk-17.0.15\bin\api-ms-win-core-console-l1-1-0.dll
0x00000258c6f40000 - 0x00000258c6f43000 	D:\SCARCE\UNIVERSITY\PROJECTS\JAVA\OnslaughtUI\opencv\javafx-sdk-17.0.15\bin\api-ms-win-core-console-l1-2-0.dll
0x00000258c6f50000 - 0x00000258c6f53000 	D:\SCARCE\UNIVERSITY\PROJECTS\JAVA\OnslaughtUI\opencv\javafx-sdk-17.0.15\bin\api-ms-win-core-datetime-l1-1-0.dll
0x00000258c6be0000 - 0x00000258c6be3000 	D:\SCARCE\UNIVERSITY\PROJECTS\JAVA\OnslaughtUI\opencv\javafx-sdk-17.0.15\bin\api-ms-win-core-debug-l1-1-0.dll
0x00000258c6bf0000 - 0x00000258c6bf3000 	D:\SCARCE\UNIVERSITY\PROJECTS\JAVA\OnslaughtUI\opencv\javafx-sdk-17.0.15\bin\api-ms-win-core-errorhandling-l1-1-0.dll
0x00000258c6c00000 - 0x00000258c6c04000 	D:\SCARCE\UNIVERSITY\PROJECTS\JAVA\OnslaughtUI\opencv\javafx-sdk-17.0.15\bin\api-ms-win-core-file-l1-1-0.dll
0x00000258c6c10000 - 0x00000258c6c13000 	D:\SCARCE\UNIVERSITY\PROJECTS\JAVA\OnslaughtUI\opencv\javafx-sdk-17.0.15\bin\api-ms-win-core-file-l1-2-0.dll
0x00000258c6c20000 - 0x00000258c6c23000 	D:\SCARCE\UNIVERSITY\PROJECTS\JAVA\OnslaughtUI\opencv\javafx-sdk-17.0.15\bin\api-ms-win-core-file-l2-1-0.dll
0x00000258c6c30000 - 0x00000258c6c33000 	D:\SCARCE\UNIVERSITY\PROJECTS\JAVA\OnslaughtUI\opencv\javafx-sdk-17.0.15\bin\api-ms-win-core-handle-l1-1-0.dll
0x00000258c6c40000 - 0x00000258c6c43000 	D:\SCARCE\UNIVERSITY\PROJECTS\JAVA\OnslaughtUI\opencv\javafx-sdk-17.0.15\bin\api-ms-win-core-heap-l1-1-0.dll
0x00000258c6c50000 - 0x00000258c6c53000 	D:\SCARCE\UNIVERSITY\PROJECTS\JAVA\OnslaughtUI\opencv\javafx-sdk-17.0.15\bin\api-ms-win-core-interlocked-l1-1-0.dll
0x00000258c6c60000 - 0x00000258c6c63000 	D:\SCARCE\UNIVERSITY\PROJECTS\JAVA\OnslaughtUI\opencv\javafx-sdk-17.0.15\bin\api-ms-win-core-libraryloader-l1-1-0.dll
0x00000258c6c70000 - 0x00000258c6c73000 	D:\SCARCE\UNIVERSITY\PROJECTS\JAVA\OnslaughtUI\opencv\javafx-sdk-17.0.15\bin\api-ms-win-core-localization-l1-2-0.dll
0x00000258c6c80000 - 0x00000258c6c83000 	D:\SCARCE\UNIVERSITY\PROJECTS\JAVA\OnslaughtUI\opencv\javafx-sdk-17.0.15\bin\api-ms-win-core-memory-l1-1-0.dll
0x00000258c6c90000 - 0x00000258c6c93000 	D:\SCARCE\UNIVERSITY\PROJECTS\JAVA\OnslaughtUI\opencv\javafx-sdk-17.0.15\bin\api-ms-win-core-namedpipe-l1-1-0.dll
0x00000258c6ca0000 - 0x00000258c6ca3000 	D:\SCARCE\UNIVERSITY\PROJECTS\JAVA\OnslaughtUI\opencv\javafx-sdk-17.0.15\bin\api-ms-win-core-processenvironment-l1-1-0.dll
0x00000258c6cb0000 - 0x00000258c6cb3000 	D:\SCARCE\UNIVERSITY\PROJECTS\JAVA\OnslaughtUI\opencv\javafx-sdk-17.0.15\bin\api-ms-win-core-processthreads-l1-1-0.dll
0x00000258c6cc0000 - 0x00000258c6cc3000 	D:\SCARCE\UNIVERSITY\PROJECTS\JAVA\OnslaughtUI\opencv\javafx-sdk-17.0.15\bin\api-ms-win-core-processthreads-l1-1-1.dll
0x00000258c6df0000 - 0x00000258c6df3000 	D:\SCARCE\UNIVERSITY\PROJECTS\JAVA\OnslaughtUI\opencv\javafx-sdk-17.0.15\bin\api-ms-win-core-profile-l1-1-0.dll
0x00000258c6e00000 - 0x00000258c6e03000 	D:\SCARCE\UNIVERSITY\PROJECTS\JAVA\OnslaughtUI\opencv\javafx-sdk-17.0.15\bin\api-ms-win-core-rtlsupport-l1-1-0.dll
0x00000258c6e10000 - 0x00000258c6e13000 	D:\SCARCE\UNIVERSITY\PROJECTS\JAVA\OnslaughtUI\opencv\javafx-sdk-17.0.15\bin\api-ms-win-core-string-l1-1-0.dll
0x00000258c6e20000 - 0x00000258c6e23000 	D:\SCARCE\UNIVERSITY\PROJECTS\JAVA\OnslaughtUI\opencv\javafx-sdk-17.0.15\bin\api-ms-win-core-synch-l1-1-0.dll
0x00000258c6e30000 - 0x00000258c6e33000 	D:\SCARCE\UNIVERSITY\PROJECTS\JAVA\OnslaughtUI\opencv\javafx-sdk-17.0.15\bin\api-ms-win-core-synch-l1-2-0.dll
0x00000258c6e40000 - 0x00000258c6e43000 	D:\SCARCE\UNIVERSITY\PROJECTS\JAVA\OnslaughtUI\opencv\javafx-sdk-17.0.15\bin\api-ms-win-core-sysinfo-l1-1-0.dll
0x00000258c6de0000 - 0x00000258c6de3000 	D:\SCARCE\UNIVERSITY\PROJECTS\JAVA\OnslaughtUI\opencv\javafx-sdk-17.0.15\bin\api-ms-win-core-timezone-l1-1-0.dll
0x00000258c6e50000 - 0x00000258c6e53000 	D:\SCARCE\UNIVERSITY\PROJECTS\JAVA\OnslaughtUI\opencv\javafx-sdk-17.0.15\bin\api-ms-win-core-util-l1-1-0.dll
0x00000258c6e60000 - 0x00000258c6e63000 	D:\SCARCE\UNIVERSITY\PROJECTS\JAVA\OnslaughtUI\opencv\javafx-sdk-17.0.15\bin\api-ms-win-crt-conio-l1-1-0.dll
0x00000258c6e70000 - 0x00000258c6e74000 	D:\SCARCE\UNIVERSITY\PROJECTS\JAVA\OnslaughtUI\opencv\javafx-sdk-17.0.15\bin\api-ms-win-crt-convert-l1-1-0.dll
0x00000258c6e80000 - 0x00000258c6e83000 	D:\SCARCE\UNIVERSITY\PROJECTS\JAVA\OnslaughtUI\opencv\javafx-sdk-17.0.15\bin\api-ms-win-crt-environment-l1-1-0.dll
0x00000258c6e90000 - 0x00000258c6e93000 	D:\SCARCE\UNIVERSITY\PROJECTS\JAVA\OnslaughtUI\opencv\javafx-sdk-17.0.15\bin\api-ms-win-crt-filesystem-l1-1-0.dll
0x00000258c6ea0000 - 0x00000258c6ea3000 	D:\SCARCE\UNIVERSITY\PROJECTS\JAVA\OnslaughtUI\opencv\javafx-sdk-17.0.15\bin\api-ms-win-crt-heap-l1-1-0.dll
0x00000258c6eb0000 - 0x00000258c6eb3000 	D:\SCARCE\UNIVERSITY\PROJECTS\JAVA\OnslaughtUI\opencv\javafx-sdk-17.0.15\bin\api-ms-win-crt-locale-l1-1-0.dll
0x00000258c6ec0000 - 0x00000258c6ec5000 	D:\SCARCE\UNIVERSITY\PROJECTS\JAVA\OnslaughtUI\opencv\javafx-sdk-17.0.15\bin\api-ms-win-crt-math-l1-1-0.dll
0x00000258c6ed0000 - 0x00000258c6ed5000 	D:\SCARCE\UNIVERSITY\PROJECTS\JAVA\OnslaughtUI\opencv\javafx-sdk-17.0.15\bin\api-ms-win-crt-multibyte-l1-1-0.dll
0x00000258c6ee0000 - 0x00000258c6ef0000 	D:\SCARCE\UNIVERSITY\PROJECTS\JAVA\OnslaughtUI\opencv\javafx-sdk-17.0.15\bin\api-ms-win-crt-private-l1-1-0.dll
0x00000258c6ef0000 - 0x00000258c6ef3000 	D:\SCARCE\UNIVERSITY\PROJECTS\JAVA\OnslaughtUI\opencv\javafx-sdk-17.0.15\bin\api-ms-win-crt-process-l1-1-0.dll
0x00000258c6f00000 - 0x00000258c6f04000 	D:\SCARCE\UNIVERSITY\PROJECTS\JAVA\OnslaughtUI\opencv\javafx-sdk-17.0.15\bin\api-ms-win-crt-runtime-l1-1-0.dll
0x00000258c6cd0000 - 0x00000258c6cd4000 	D:\SCARCE\UNIVERSITY\PROJECTS\JAVA\OnslaughtUI\opencv\javafx-sdk-17.0.15\bin\api-ms-win-crt-stdio-l1-1-0.dll
0x00000258c6ce0000 - 0x00000258c6ce4000 	D:\SCARCE\UNIVERSITY\PROJECTS\JAVA\OnslaughtUI\opencv\javafx-sdk-17.0.15\bin\api-ms-win-crt-string-l1-1-0.dll
0x00000258c6cf0000 - 0x00000258c6cf3000 	D:\SCARCE\UNIVERSITY\PROJECTS\JAVA\OnslaughtUI\opencv\javafx-sdk-17.0.15\bin\api-ms-win-crt-time-l1-1-0.dll
0x00000258c6d00000 - 0x00000258c6d03000 	D:\SCARCE\UNIVERSITY\PROJECTS\JAVA\OnslaughtUI\opencv\javafx-sdk-17.0.15\bin\api-ms-win-crt-utility-l1-1-0.dll
0x00007ffebd5d0000 - 0x00007ffebd6cc000 	D:\SCARCE\UNIVERSITY\PROJECTS\JAVA\OnslaughtUI\opencv\javafx-sdk-17.0.15\bin\ucrtbase.dll
0x00007fff06910000 - 0x00007fff0692b000 	D:\SCARCE\UNIVERSITY\PROJECTS\JAVA\OnslaughtUI\opencv\javafx-sdk-17.0.15\bin\vcruntime140.dll
0x00007fff08360000 - 0x00007fff0836c000 	D:\SCARCE\UNIVERSITY\PROJECTS\JAVA\OnslaughtUI\opencv\javafx-sdk-17.0.15\bin\vcruntime140_1.dll
0x00007ffefc230000 - 0x00007ffefc2be000 	D:\SCARCE\UNIVERSITY\PROJECTS\JAVA\OnslaughtUI\opencv\javafx-sdk-17.0.15\bin\msvcp140.dll
0x00007fff06c00000 - 0x00007fff06c09000 	D:\SCARCE\UNIVERSITY\PROJECTS\JAVA\OnslaughtUI\opencv\javafx-sdk-17.0.15\bin\msvcp140_1.dll
0x00007ffefc640000 - 0x00007ffefc681000 	D:\SCARCE\UNIVERSITY\PROJECTS\JAVA\OnslaughtUI\opencv\javafx-sdk-17.0.15\bin\msvcp140_2.dll
0x00007fff068e0000 - 0x00007fff0690a000 	D:\SCARCE\UNIVERSITY\PROJECTS\JAVA\OnslaughtUI\opencv\javafx-sdk-17.0.15\bin\prism_d3d.dll
0x00007ffebce10000 - 0x00007ffebcfdd000 	C:\Windows\system32\d3d9.dll
0x00007fff1cb10000 - 0x00007fff1cb3f000 	C:\Windows\SYSTEM32\dwmapi.dll
0x00007fff1c550000 - 0x00007fff1c5ee000 	C:\Windows\system32\uxtheme.dll
0x00007ffeb89f0000 - 0x00007ffebaf2d000 	C:\Windows\SYSTEM32\igdumdim64.dll
0x00007fff21e40000 - 0x00007fff21f0d000 	C:\Windows\System32\OLEAUT32.dll
0x00007fff20730000 - 0x00007fff20b9e000 	C:\Windows\System32\SETUPAPI.dll
0x00007fff201f0000 - 0x00007fff2023e000 	C:\Windows\System32\cfgmgr32.dll
0x00007fff1ffa0000 - 0x00007fff1ffc7000 	C:\Windows\System32\bcrypt.dll
0x00007ffef78f0000 - 0x00007ffef7932000 	D:\SCARCE\UNIVERSITY\PROJECTS\JAVA\OnslaughtUI\opencv\javafx-sdk-17.0.15\bin\glass.dll
0x00007fff20650000 - 0x00007fff2072a000 	C:\Windows\System32\COMDLG32.dll
0x00007fff20ba0000 - 0x00007fff20cb4000 	C:\Windows\System32\MSCTF.dll
0x00007fff119d0000 - 0x00007fff1240f000 	C:\Windows\SYSTEM32\igdusc64.dll
0x00007fff15170000 - 0x00007fff151ab000 	C:\Windows\SYSTEM32\dxcore.dll
0x00007ffee9770000 - 0x00007ffee9785000 	D:\SCARCE\UNIVERSITY\PROJECTS\JAVA\OnslaughtUI\opencv\javafx-sdk-17.0.15\bin\javafx_font.dll
0x00007fff1d3c0000 - 0x00007fff1d63f000 	C:\Windows\SYSTEM32\dwrite.dll
0x00007fff219d0000 - 0x00007fff21a79000 	C:\Windows\System32\clbcatq.dll
0x00007fff16b60000 - 0x00007fff16d14000 	C:\Windows\SYSTEM32\WindowsCodecs.dll
0x00007ffeffff0000 - 0x00007fff0002e000 	C:\Windows\system32\dataexchange.dll
0x00007fff1b400000 - 0x00007fff1b5e3000 	C:\Windows\system32\dcomp.dll
0x00007fff1e100000 - 0x00007fff1e363000 	C:\Windows\system32\d3d11.dll
0x00007fff1e430000 - 0x00007fff1e523000 	C:\Windows\system32\dxgi.dll
0x00007fff17180000 - 0x00007fff17387000 	C:\Windows\system32\twinapi.appcore.dll
0x00007ffeca250000 - 0x00007ffeca284000 	C:\Program Files\Common Files\Microsoft Shared\Ink\rtscom.dll
0x00007fff144b0000 - 0x00007fff145aa000 	C:\Windows\SYSTEM32\textinputframework.dll
0x00007fff1b990000 - 0x00007fff1bceb000 	C:\Windows\System32\CoreUIComponents.dll
0x00007fff1be10000 - 0x00007fff1bf02000 	C:\Windows\System32\CoreMessaging.dll
0x00007fff1ec90000 - 0x00007fff1ecc3000 	C:\Windows\SYSTEM32\ntmarta.dll
0x00007fff1ae30000 - 0x00007fff1af85000 	C:\Windows\SYSTEM32\wintypes.dll
0x00007ffeb5770000 - 0x00007ffeb89e3000 	D:\SCARCE\UNIVERSITY\PROJECTS\JAVA\OnslaughtUI\opencv\opencv_master\build\java\x64\opencv_java4110.dll
0x00007fff18ff0000 - 0x00007fff191ab000 	C:\Windows\SYSTEM32\MFPlat.DLL
0x00007fff19640000 - 0x00007fff196c4000 	C:\Windows\SYSTEM32\MF.dll
0x00007ffebed40000 - 0x00007ffebee4a000 	C:\Windows\SYSTEM32\MFReadWrite.dll
0x00007ffebc980000 - 0x00007ffebce0e000 	C:\Windows\SYSTEM32\MFCORE.DLL

dbghelp: loaded successfully - version: 4.0.5 - missing functions: none
symbol engine: initialized successfully - sym options: 0x614 - pdb path: .;C:\Program Files\java\jdk-23\bin;C:\Windows\SYSTEM32;C:\Windows\WinSxS\amd64_microsoft.windows.common-controls_6595b64144ccf1df_6.0.19041.3636_none_60b6a03d71f818d5;C:\Program Files\java\jdk-23\bin\server;D:\SCARCE\UNIVERSITY\PROJECTS\JAVA\OnslaughtUI\opencv\javafx-sdk-17.0.15\bin;C:\Program Files\Common Files\Microsoft Shared\Ink;D:\SCARCE\UNIVERSITY\PROJECTS\JAVA\OnslaughtUI\opencv\opencv_master\build\java\x64;C:\Program Files\Intel\Media SDK;C:\Program Files (x86)\Common Files\Intel\OpenCL\bin\x64

VM Arguments:
jvm_args: --module-path=opencv\javafx-sdk-17.0.15\lib --add-modules=javafx.controls,javafx.fxml -javaagent:C:\Program Files\JetBrains\IntelliJ IDEA Community Edition 2025.1.1.1\lib\idea_rt.jar=36345 -Dfile.encoding=UTF-8 -Dsun.stdout.encoding=UTF-8 -Dsun.stderr.encoding=UTF-8 
java_command: FaceAppUI
java_class_path (initial): D:\SCARCE\UNIVERSITY\PROJECTS\JAVA\OnslaughtUI\out\production\OnslaughtUI;D:\SCARCE\UNIVERSITY\PROJECTS\JAVA\OnslaughtUI\opencv\javafx-sdk-17.0.15\lib\javafx-swt.jar;D:\SCARCE\UNIVERSITY\PROJECTS\JAVA\OnslaughtUI\opencv\javafx-sdk-17.0.15\lib\javafx.web.jar;D:\SCARCE\UNIVERSITY\PROJECTS\JAVA\OnslaughtUI\opencv\javafx-sdk-17.0.15\lib\javafx.base.jar;D:\SCARCE\UNIVERSITY\PROJECTS\JAVA\OnslaughtUI\opencv\javafx-sdk-17.0.15\lib\javafx.fxml.jar;D:\SCARCE\UNIVERSITY\PROJECTS\JAVA\OnslaughtUI\opencv\javafx-sdk-17.0.15\lib\javafx.media.jar;D:\SCARCE\UNIVERSITY\PROJECTS\JAVA\OnslaughtUI\opencv\javafx-sdk-17.0.15\lib\javafx.swing.jar;D:\SCARCE\UNIVERSITY\PROJECTS\JAVA\OnslaughtUI\opencv\javafx-sdk-17.0.15\lib\javafx.controls.jar;D:\SCARCE\UNIVERSITY\PROJECTS\JAVA\OnslaughtUI\opencv\javafx-sdk-17.0.15\lib\javafx.graphics.jar;D:\SCARCE\UNIVERSITY\PROJECTS\JAVA\OnslaughtUI\opencv\opencv_master\build\java\opencv-4110.jar
Launcher Type: SUN_STANDARD

[Global flags]
     intx CICompilerCount                          = 3                                         {product} {ergonomic}
     uint ConcGCThreads                            = 1                                         {product} {ergonomic}
     uint G1ConcRefinementThreads                  = 4                                         {product} {ergonomic}
   size_t G1HeapRegionSize                         = 2097152                                   {product} {ergonomic}
   size_t InitialHeapSize                          = 201326592                                 {product} {ergonomic}
   size_t MarkStackSize                            = 4194304                                   {product} {ergonomic}
   size_t MarkStackSizeMax                         = 536870912                                 {product} {ergonomic}
   size_t MaxHeapSize                              = 3200253952                                {product} {ergonomic}
   size_t MaxNewSize                               = 1918894080                                {product} {ergonomic}
   size_t MinHeapDeltaBytes                        = 2097152                                   {product} {ergonomic}
   size_t MinHeapSize                              = 8388608                                   {product} {ergonomic}
    uintx NonNMethodCodeHeapSize                   = 5832704                                {pd product} {ergonomic}
    uintx NonProfiledCodeHeapSize                  = 122945536                              {pd product} {ergonomic}
    uintx ProfiledCodeHeapSize                     = 122880000                              {pd product} {ergonomic}
    uintx ReservedCodeCacheSize                    = 251658240                              {pd product} {ergonomic}
     bool SegmentedCodeCache                       = true                                      {product} {ergonomic}
   size_t SoftMaxHeapSize                          = 3200253952                             {manageable} {ergonomic}
     bool UseCompressedOops                        = true                           {product lp64_product} {ergonomic}
     bool UseG1GC                                  = true                                      {product} {ergonomic}
     bool UseLargePagesIndividualAllocation        = false                                  {pd product} {ergonomic}

Logging:
Log output configuration:
 #0: stdout all=off uptime,level,tags foldmultilines=false
 #1: stderr all=off uptime,level,tags foldmultilines=false

Environment Variables:
JAVA_HOME=C:\Program Files\Java\jdk-23.0.2
PATH=C:\Program Files\Java\jdk-23\bin;D:\SCARCE\UNIVERSITY\PROJECTS\JAVA\OnslaughtUI\opencv\apache-ant-1.10.15\bin;C:\Program Files\Java\jdk-23\bin;C:\Program Files\Eclipse Adoptium\jdk-17.0.15.6-hotspot\bin;C:\ProgramData\Oracle\Java\javapath;C:\Program Files (x86)\Common Files\Oracle\Java\java8path;C:\Program Files (x86)\Common Files\Oracle\Java\javapath;C:\Windows\system32;C:\Windows;C:\Windows\System32\Wbem;C:\Windows\System32\WindowsPowerShell\v1.0\;C:\Windows\System32\OpenSSH\;C:\Program Files\Microsoft VS Code\bin;C:\Program Files\Git\cmd;C:\Program Files\Git\mingw64\bin;C:\Program Files\Git\usr\bin;C:\Program Files\CMake\bin;D:\SOFTWARES\EDUCATIVE\GIT\Git\cmd;C:\Program Files (x86)\Windows Kits\10\Windows Performance Toolkit\;D:\SCARCE\UNIVERSITY\PROJECTS\JAVA\OnslaughtUI\opencv\apache-ant-1.10.15\bin;C:\Users\user\AppData\Local\Programs\Python\Launcher\;C:\Program Files\java\jdk-23.0.2\bin;C:\Users\user\AppData\Local\Programs\Python\Launcher\;C:\Users\user\AppData\Local\Microsoft\WindowsApps;C:\MIN GW\mingw64\bin;C:\MIN GW\mingw64\x86_64-w64-mingw32\bin;D:\MICROSOFT VS CODE\bin;D:\SOFTWARES\EDUCATIVE\VISUAL STUDIO CODE\bin;C:\Program Files\JetBrains\IntelliJ IDEA Community Edition 2025.1.1.1\bin;
USERNAME=user
OS=Windows_NT
PROCESSOR_IDENTIFIER=Intel64 Family 6 Model 61 Stepping 4, GenuineIntel
TMP=C:\Users\user\AppData\Local\Temp
TEMP=C:\Users\user\AppData\Local\Temp




Periodic native trim disabled

---------------  S Y S T E M  ---------------

OS:
 Windows 10 , 64 bit Build 19041 (10.0.19041.3636)
OS uptime: 0 days 0:16 hours

CPU: total 4 (initial active 4) (2 cores per cpu, 2 threads per core) family 6 model 61 stepping 4 microcode 0x2d, cx8, cmov, fxsr, ht, mmx, 3dnowpref, sse, sse2, sse3, ssse3, sse4.1, sse4.2, popcnt, lzcnt, tsc, tscinvbit, avx, avx2, aes, erms, clmul, bmi1, bmi2, adx, fma, vzeroupper, clflush, rdtscp, f16c
Processor Information for the first 4 processors :
  Max Mhz: 2000, Current Mhz: 2000, Mhz Limit: 2000

Memory: 4k page, system-wide physical 12203M (6322M free)
TotalPageFile size 14059M (AvailPageFile size 7970M)
current process WorkingSet (physical memory assigned to process): 207M, peak: 219M
current process commit charge ("private bytes"): 398M, peak: 416M

vm_info: Java HotSpot(TM) 64-Bit Server VM (23.0.2+7-58) for windows-amd64 JRE (23.0.2+7-58), built on 2024-11-29T09:34:55Z with MS VC++ 17.6 (VS2022)

END.
