#
# A fatal error has been detected by the Java Runtime Environment:
#
#  EXCEPTION_ACCESS_VIOLATION (0xc0000005) at pc=0x00007ffc3c37faad, pid=8048, tid=3936
#
# JRE version: Java(TM) SE Runtime Environment (23.0.2+7) (build 23.0.2+7-58)
# Java VM: Java HotSpot(TM) 64-Bit Server VM (23.0.2+7-58, mixed mode, sharing, tiered, compressed oops, compressed class ptrs, g1 gc, windows-amd64)
# Problematic frame:
# C  [ntdll.dll+0x2faad]
#
# No core dump will be written. Minidumps are not enabled by default on client versions of Windows
#
# If you would like to submit a bug report, please visit:
#   https://bugreport.java.com/bugreport/crash.jsp
#

---------------  S U M M A R Y ------------

Command Line: --module-path=D:\SOFTWARES\EDUCATIVE\INTELLIJ\openjfx-17.0.15_windows-x64_bin-sdk\javafx-sdk-17.0.15\lib --add-modules=javafx.controls,javafx.fxml -javaagent:C:\Program Files\JetBrains\IntelliJ IDEA Community Edition 2025.1.1.1\lib\idea_rt.jar=60822 -Dfile.encoding=UTF-8 -Dsun.stdout.encoding=UTF-8 -Dsun.stderr.encoding=UTF-8 FaceAppUI

Host: Intel(R) Core(TM) i3-5005U CPU @ 2.00GHz, 4 cores, 11G,  Windows 10 , 64 bit Build 19041 (10.0.19041.3636)
Time: Fri May 16 00:36:25 2025 India Standard Time elapsed time: 135.665505 seconds (0d 0h 2m 15s)

---------------  T H R E A D  ---------------

Current thread (0x000001f2fee55910):  VMThread "VM Thread"          [id=3936, stack(0x0000009b80400000,0x0000009b80500000) (1024K)]

Stack: [0x0000009b80400000,0x0000009b80500000],  sp=0x0000009b804feaa0,  free space=1018k
Native frames: (J=compiled Java code, j=interpreted, Vv=VM code, C=native code)
C  [ntdll.dll+0x2faad]  (no source info available)
C  0x00007ffbdd1204e9  (no source info available)
C  0x00007ffbdd108868  (no source info available)
C  0x00007ffbdd102455  (no source info available)
C  [opencv_java4110.dll+0x1742b89]  (no source info available)
C  [opencv_java4110.dll+0x172be11]  (no source info available)
C  [opencv_java4110.dll+0x263f2c0]  (no source info available)
C  [opencv_java4110.dll+0x2554577]  (no source info available)
C  [opencv_java4110.dll+0x2554325]  (no source info available)
C  [opencv_java4110.dll+0x2554649]  (no source info available)
C  [opencv_java4110.dll+0x254c437]  (no source info available)
C  [opencv_java4110.dll+0x254c3b5]  (no source info available)
C  [opencv_java4110.dll+0x254c53b]  (no source info available)
C  [opencv_java4110.dll+0x2505af3]  (no source info available)
C  [opencv_java4110.dll+0x25057ed]  (no source info available)
C  [opencv_java4110.dll+0x2505912]  (no source info available)
C  [ntdll.dll+0x19a1d]  (no source info available)
C  [ntdll.dll+0x5dcda]  (no source info available)
C  [ntdll.dll+0x5da8d]  (no source info available)
C  [KERNEL32.DLL+0x1e3bb]  (no source info available)
C  [ucrtbase.dll+0x205bc]  (no source info available)
C  [ucrtbase.dll+0x2045f]  (no source info available)
V  [jvm.dll+0x6d9b3c]  (no source info available)
V  [jvm.dll+0x6d9670]  (no source info available)
V  [jvm.dll+0x3da724]  (no source info available)
V  [jvm.dll+0x886d50]  (no source info available)
V  [jvm.dll+0x888077]  (no source info available)
V  [jvm.dll+0x8885a8]  (no source info available)
V  [jvm.dll+0x888843]  (no source info available)
V  [jvm.dll+0x8254cb]  (no source info available)
V  [jvm.dll+0x6df345]  (no source info available)
C  [ucrtbase.dll+0x21bb2]  (no source info available)
C  [KERNEL32.DLL+0x17344]  (no source info available)
C  [ntdll.dll+0x526b1]  (no source info available)


siginfo: EXCEPTION_ACCESS_VIOLATION (0xc0000005), writing address 0x0000000000000018


Registers:
RAX=0x0000009bff909000, RBX=0x0000009b804feb28, RCX=0x0000000000000010, RDX=0x0000000000000010
RSP=0x0000009b804feaa0, RBP=0x000001f2e299a948, RSI=0x0000009b804fece0, RDI=0x000001f29c955290
R8 =0x000000000000003a, R9 =0x000000000000003a, R10=0x0000000000000038, R11=0x0000009b804fe9e0
R12=0x00007ffbe06f5960, R13=0x00007ffbe4f8c6e0, R14=0x0000e13be41e7a9d, R15=0x000001f2e299a210
RIP=0x00007ffc3c37faad, EFLAGS=0x0000000000010206


Register to memory mapping:

RAX=0x0000009bff909000 points into unknown readable memory: 0x0000000000000000 | 00 00 00 00 00 00 00 00
RBX=0x0000009b804feb28 points into unknown readable memory: 0x0000000000000010 | 10 00 00 00 00 00 00 00
RCX=0x0000000000000010 is an unknown value
RDX=0x0000000000000010 is an unknown value
RSP=0x0000009b804feaa0 points into unknown readable memory: 0x0000000000000000 | 00 00 00 00 00 00 00 00
RBP=0x000001f2e299a948 points into unknown readable memory: 0x0000e13be41e7a9d | 9d 7a 1e e4 3b e1 00 00
RSI=0x0000009b804fece0 points into unknown readable memory: 0x0000009b804fed00 | 00 ed 4f 80 9b 00 00 00
RDI=0x000001f29c955290 points into unknown readable memory: 0x00007ffbdd534e00 | 00 4e 53 dd fb 7f 00 00
R8 =0x000000000000003a is an unknown value
R9 =0x000000000000003a is an unknown value
R10=0x0000000000000038 is an unknown value
R11=0x0000009b804fe9e0 points into unknown readable memory: 0x000001f2e299a948 | 48 a9 99 e2 f2 01 00 00
R12=0x00007ffbe06f5960 opencv_java4110.dll
R13=0x00007ffbe4f8c6e0 jvm.dll
R14=0x0000e13be41e7a9d is an unknown value
R15=0x000001f2e299a210 points into unknown readable memory: 0x7c0d0b4a641e7562 | 62 75 1e 64 4a 0b 0d 7c

Top of Stack: (sp=0x0000009b804feaa0)
0x0000009b804feaa0:   0000000000000000 000001f2e3184420
0x0000009b804feab0:   0000000000000000 0000000000000000
0x0000009b804feac0:   000001f2e2a09960 00007ffbdd1204e9
0x0000009b804fead0:   0000000000000000 000001f2e29cd400
0x0000009b804feae0:   0000000000002000 00007ffc3c375ba1
0x0000009b804feaf0:   0000000000000000 00007ffbdd108868
0x0000009b804feb00:   00007ffbe4f8c6e0 00007ffbe06f5960
0x0000009b804feb10:   000001f2e3185a60 00007ffc3c3747b1
0x0000009b804feb20:   fffffffffffffffe 0000000000000010
0x0000009b804feb30:   0000e1a064519301 000001f29c750180
0x0000009b804feb40:   000001f2e3025ff0 00007ffbdd102455
0x0000009b804feb50:   000001f2fb820000 000001f29c955290
0x0000009b804feb60:   000001f2e299a948 0000000000000000
0x0000009b804feb70:   000001f2e3055f70 00007ffbdf932b89
0x0000009b804feb80:   000001f2e3025f30 0000e13be41e7a9d
0x0000009b804feb90:   00007ffbe4f8c6e0 00007ffbe06f5960
0x0000009b804feba0:   000001f29c753030 00007ffc3c3747b1
0x0000009b804febb0:   000001f2e3025f30 000001f2fb850000
0x0000009b804febc0:   000001f2e299a948 0000000000000000
0x0000009b804febd0:   0000000000000000 0000e1a06451911d
0x0000009b804febe0:   000001f2e3055f70 00007ffbdf91be11
0x0000009b804febf0:   00007ffbe12f5508 000001f2e3055f60
0x0000009b804fec00:   000001f2e29cd7f0 000001f29c753100
0x0000009b804fec10:   00000000ffffffff 00007ffbe082f2c0
0x0000009b804fec20:   000001f2e3055f70 000001f2e3055f60
0x0000009b804fec30:   0000009b804fece0 000001f2e22aad40
0x0000009b804fec40:   000001f2e299a930 00007ffbe0744577
0x0000009b804fec50:   000001f2e299a210 000001f2e7b251b0
0x0000009b804fec60:   000001f2fb856880 00000000000000ca
0x0000009b804fec70:   0000000000000001 00007ffbde1f0000
0x0000009b804fec80:   0000009b804fece0 00007ffbe0744325
0x0000009b804fec90:   0000009b804fed10 0000009b804fedb0 

Instructions: (pc=0x00007ffc3c37faad)
0x00007ffc3c37f9ad:   48 b8 7f 7f 7f 7f 7f 7f 7f 7f 41 8b c8 48 0b cb
0x00007ffc3c37f9bd:   48 23 c8 83 e6 1f 49 89 8c f4 40 a5 16 00 48 81
0x00007ffc3c37f9cd:   c4 98 00 00 00 41 5f 41 5e 41 5d 41 5c 5f 5e 5b
0x00007ffc3c37f9dd:   5d c3 cc 33 d2 41 8b c6 41 f7 f0 44 8b c8 e9 d6
0x00007ffc3c37f9ed:   fc ff ff 41 8d 57 ff 41 85 d7 0f 84 13 38 08 00
0x00007ffc3c37f9fd:   41 b8 00 10 00 00 41 b9 ff ff 00 00 e9 3c 38 08
0x00007ffc3c37fa0d:   00 cc cc cc cc cc cc 48 8b c4 48 89 58 08 48 89
0x00007ffc3c37fa1d:   68 10 48 89 70 18 48 89 78 20 41 56 48 83 ec 20
0x00007ffc3c37fa2d:   40 8a ea 4c 8d 35 99 d1 13 00 48 8b f1 33 db 48
0x00007ffc3c37fa3d:   8d 0d 9d d1 13 00 e8 58 00 00 00 4c 8b 05 81 d1
0x00007ffc3c37fa4d:   13 00 4d 3b c6 0f 85 08 3b 08 00 48 85 db 75 33
0x00007ffc3c37fa5d:   48 8d 0d 7c d1 13 00 e8 c7 f7 ff ff 48 85 db 0f
0x00007ffc3c37fa6d:   85 23 3b 08 00 33 c0 48 8b 5c 24 30 48 8b 6c 24
0x00007ffc3c37fa7d:   38 48 8b 74 24 40 48 8b 7c 24 48 48 83 c4 20 41
0x00007ffc3c37fa8d:   5e c3 cc f0 ff 43 3c eb c7 cc cc cc cc cc cc cc
0x00007ffc3c37fa9d:   cc cc cc 48 83 ec 28 65 48 8b 04 25 30 00 00 00
0x00007ffc3c37faad:   f0 0f ba 71 08 00 48 8b 40 48 73 13 48 89 41 10
0x00007ffc3c37fabd:   33 c0 c7 41 0c 01 00 00 00 48 83 c4 28 c3 cc 48
0x00007ffc3c37facd:   39 41 10 75 0b ff 41 0c 33 c0 48 83 c4 28 c3 cc
0x00007ffc3c37fadd:   e8 0e 00 00 00 eb e2 cc cc cc cc cc cc cc cc cc
0x00007ffc3c37faed:   cc cc cc 48 89 5c 24 18 55 56 57 41 54 41 55 41
0x00007ffc3c37fafd:   56 41 57 48 83 ec 20 8b 41 20 48 8b f1 48 0f ba
0x00007ffc3c37fb0d:   e0 1a 0f 82 df 01 00 00 33 ff 40 32 ed 66 83 3c
0x00007ffc3c37fb1d:   25 6a 03 fe 7f 01 76 19 48 8b 7e 20 48 8b c7 81
0x00007ffc3c37fb2d:   e7 ff ff ff 00 25 00 00 00 02 48 85 c0 40 0f 95
0x00007ffc3c37fb3d:   c5 45 32 ff b0 01 45 32 e4 41 bd 01 00 00 00 45
0x00007ffc3c37fb4d:   33 c0 ba 6a 03 fe 7f 84 c0 0f 84 14 01 00 00 8b
0x00007ffc3c37fb5d:   46 08 4c 8d 4e 08 45 84 e4 41 be 03 00 00 00 45
0x00007ffc3c37fb6d:   0f 44 f5 41 84 c5 0f 85 e2 00 00 00 8d 0c bf 03
0x00007ffc3c37fb7d:   c9 66 44 39 2a 0f 86 e8 00 00 00 4d 85 c9 74 0e
0x00007ffc3c37fb8d:   80 3c 25 97 02 fe 7f 00 0f 85 29 3a 08 00 0f b7
0x00007ffc3c37fb9d:   1c 25 d6 02 fe 7f 83 fb 0c 0f 85 a2 00 00 00 b8 


Stack slot to memory mapping:

stack at sp + 0 slots: 0x0 is null
stack at sp + 1 slots: 0x000001f2e3184420 points into unknown readable memory: 0x000001f2feede700 | 00 e7 ed fe f2 01 00 00
stack at sp + 2 slots: 0x0 is null
stack at sp + 3 slots: 0x0 is null
stack at sp + 4 slots: 0x000001f2e2a09960 points into unknown readable memory: 0x000001f2fb823b40 | 40 3b 82 fb f2 01 00 00
stack at sp + 5 slots: 0x00007ffbdd1204e9 points into unknown readable memory: 48 8b c3 48 83 c4 20
stack at sp + 6 slots: 0x0 is null
stack at sp + 7 slots: 0x000001f2e29cd400 points into unknown readable memory: 0x000001f2e2a09960 | 60 99 a0 e2 f2 01 00 00

VM_Operation (0x0000009b818fefc0): Exit, mode: safepoint, requested by thread 0x000001f2e270daf0


---------------  P R O C E S S  ---------------

Threads class SMR info:
_java_thread_list=0x000001f2e264bde0, length=19, elements={
0x000001f2fdbe8cf0, 0x000001f2fee6dc10, 0x000001f2fee6e8f0, 0x000001f2fee72950,
0x000001f2fee72fc0, 0x000001f2fee77640, 0x000001f2fee77fe0, 0x000001f2fee790c0,
0x000001f2fef0e440, 0x000001f2e258d090, 0x000001f2e258d700, 0x000001f2e2734330,
0x000001f2e240acf0, 0x000001f2e240b7e0, 0x000001f2e2831020, 0x000001f2e2612c90,
0x000001f2e270e180, 0x000001f2e270c0b0, 0x000001f2e270daf0
}

Java Threads: ( => current thread )
  0x000001f2fdbe8cf0 JavaThread "main"                              [_thread_blocked, id=5164, stack(0x0000009bffd00000,0x0000009bffe00000) (1024K)]
  0x000001f2fee6dc10 JavaThread "Reference Handler"          daemon [_thread_blocked, id=1812, stack(0x0000009b80500000,0x0000009b80600000) (1024K)]
  0x000001f2fee6e8f0 JavaThread "Finalizer"                  daemon [_thread_blocked, id=2972, stack(0x0000009b80600000,0x0000009b80700000) (1024K)]
  0x000001f2fee72950 JavaThread "Attach Listener"            daemon [_thread_blocked, id=8740, stack(0x0000009b80800000,0x0000009b80900000) (1024K)]
  0x000001f2fee72fc0 JavaThread "Service Thread"             daemon [_thread_blocked, id=8080, stack(0x0000009b80900000,0x0000009b80a00000) (1024K)]
  0x000001f2fee77640 JavaThread "Monitor Deflation Thread"   daemon [_thread_blocked, id=7720, stack(0x0000009b80a00000,0x0000009b80b00000) (1024K)]
  0x000001f2fee77fe0 JavaThread "C2 CompilerThread0"         daemon [_thread_blocked, id=5992, stack(0x0000009b80b00000,0x0000009b80c00000) (1024K)]
  0x000001f2fee790c0 JavaThread "C1 CompilerThread0"         daemon [_thread_blocked, id=7752, stack(0x0000009b80c00000,0x0000009b80d00000) (1024K)]
  0x000001f2fef0e440 JavaThread "Common-Cleaner"             daemon [_thread_blocked, id=4572, stack(0x0000009b80d00000,0x0000009b80e00000) (1024K)]
  0x000001f2e258d090 JavaThread "Monitor Ctrl-Break"         daemon [_thread_in_native, id=5220, stack(0x0000009b80f00000,0x0000009b81000000) (1024K)]
  0x000001f2e258d700 JavaThread "Notification Thread"        daemon [_thread_blocked, id=6644, stack(0x0000009b81000000,0x0000009b81100000) (1024K)]
  0x000001f2e2734330 JavaThread "QuantumRenderer-0"          daemon [_thread_blocked, id=4660, stack(0x0000009b80e00000,0x0000009b80f00000) (1024K)]
  0x000001f2e240acf0 JavaThread "InvokeLaterDispatcher"      daemon [_thread_blocked, id=7980, stack(0x0000009b81400000,0x0000009b81500000) (1024K)]
  0x000001f2e240b7e0 JavaThread "JavaFX Application Thread"         [_thread_in_native, id=8704, stack(0x0000009b81500000,0x0000009b81600000) (1024K)]
  0x000001f2e2831020 JavaThread "Thread-1"                   daemon [_thread_in_native, id=628, stack(0x0000009b81900000,0x0000009b81a00000) (1024K)]
  0x000001f2e2612c90 JavaThread "JavaFX-Launcher"                   [_thread_blocked, id=3656, stack(0x0000009b81a00000,0x0000009b81b00000) (1024K)]
  0x000001f2e270e180 JavaThread "Prism Font Disposer"        daemon [_thread_blocked, id=2848, stack(0x0000009b81b00000,0x0000009b81c00000) (1024K)]
  0x000001f2e270c0b0 JavaThread "Cleaner-0"                  daemon [_thread_blocked, id=8112, stack(0x0000009b81f00000,0x0000009b82000000) (1024K)]
  0x000001f2e270daf0 JavaThread "SIGINT handler"             daemon [_thread_blocked, id=7704, stack(0x0000009b81800000,0x0000009b81900000) (1024K)]
Total: 19

Other Threads:
=>0x000001f2fee55910 VMThread "VM Thread"                           [id=3936, stack(0x0000009b80400000,0x0000009b80500000) (1024K)]
  0x000001f2fdc3e1d0 WorkerThread "GC Thread#0"                     [id=5124, stack(0x0000009bffe00000,0x0000009bfff00000) (1024K)]
  0x000001f2e202e0a0 WorkerThread "GC Thread#1"                     [id=5160, stack(0x0000009b81100000,0x0000009b81200000) (1024K)]
  0x000001f2e202e450 WorkerThread "GC Thread#2"                     [id=2960, stack(0x0000009b81200000,0x0000009b81300000) (1024K)]
  0x000001f2e202e800 WorkerThread "GC Thread#3"                     [id=480, stack(0x0000009b81300000,0x0000009b81400000) (1024K)]
  0x000001f2fdc4e090 ConcurrentGCThread "G1 Main Marker"            terminated
  0x000001f2fdc4ed50 WorkerThread "G1 Conc#0"                       [id=2180, stack(0x0000009b80000000,0x0000009b80100000) (1024K)]
  0x000001f2fed210a0 ConcurrentGCThread "G1 Refine#0"               terminated
  0x000001f2fed219e0 ConcurrentGCThread "G1 Service"                terminated
Total: 9

Threads with active compile tasks:
Total: 0

VM state: at safepoint (shutting down)

VM Mutex/Monitor currently owned by a thread:  ([mutex/lock_event])
[0x00007ffbe4f64888] Threads_lock - owner thread: 0x000001f2fee55910
[0x00007ffbe4f64988] Heap_lock - owner thread: 0x000001f2e270daf0

Heap address: 0x0000000741400000, size: 3052 MB, Compressed Oops mode: Zero based, Oop shift amount: 3

CDS archive(s) mapped at: [0x000001f29d000000-0x000001f29dd70000-0x000001f29dd70000), size 14090240, SharedBaseAddress: 0x000001f29d000000, ArchiveRelocationMode: 1.
Compressed class space mapped at: 0x000001f29e000000-0x000001f2de000000, reserved size: 1073741824
Narrow klass base: 0x000001f29d000000, Narrow klass shift: 0, Narrow klass range: 0x41000000

GC Precious Log:
 CardTable entry size: 512
 Card Set container configuration: InlinePtr #cards 4 size 8 Array Of Cards #cards 16 size 48 Howl #buckets 8 coarsen threshold 3686 Howl Bitmap #cards 512 size 80 coarsen threshold 460 Card regions per heap region 1 cards per card region 4096
 CPUs: 4 total, 4 available
 Memory: 12203M
 Large Page Support: Disabled
 NUMA Support: Disabled
 Compressed Oops: Enabled (Zero based)
 Heap Region Size: 2M
 Heap Min Capacity: 8M
 Heap Initial Capacity: 192M
 Heap Max Capacity: 3052M
 Pre-touch: Disabled
 Parallel Workers: 4
 Concurrent Workers: 1
 Concurrent Refinement Workers: 4
 Periodic GC: Disabled

Heap:
 garbage-first heap   total reserved 3125248K, committed 196608K, used 30279K [0x0000000741400000, 0x0000000800000000)
  region size 2048K, 15 young (30720K), 1 survivors (2048K)
 Metaspace       used 11741K, committed 11968K, reserved 1114112K
  class space    used 1564K, committed 1664K, reserved 1048576K

Heap Regions: E=young(eden), S=young(survivor), O=old, HS=humongous(starts), HC=humongous(continues), CS=collection set, F=free, TAMS=top-at-mark-start, PB=parsable bottom
|   0|0x0000000741400000, 0x00000007415e5db8, 0x0000000741600000| 94%| O|  |TAMS 0x0000000741400000| PB 0x0000000741400000| Untracked |  0
|   1|0x0000000741600000, 0x0000000741800000, 0x0000000741800000|100%|HS|  |TAMS 0x0000000741600000| PB 0x0000000741600000| Complete |  0
|   2|0x0000000741800000, 0x0000000741800000, 0x0000000741a00000|  0%| F|  |TAMS 0x0000000741800000| PB 0x0000000741800000| Untracked |  0
|   3|0x0000000741a00000, 0x0000000741a00000, 0x0000000741c00000|  0%| F|  |TAMS 0x0000000741a00000| PB 0x0000000741a00000| Untracked |  0
|   4|0x0000000741c00000, 0x0000000741c00000, 0x0000000741e00000|  0%| F|  |TAMS 0x0000000741c00000| PB 0x0000000741c00000| Untracked |  0
|   5|0x0000000741e00000, 0x0000000741e00000, 0x0000000742000000|  0%| F|  |TAMS 0x0000000741e00000| PB 0x0000000741e00000| Untracked |  0
|   6|0x0000000742000000, 0x0000000742000000, 0x0000000742200000|  0%| F|  |TAMS 0x0000000742000000| PB 0x0000000742000000| Untracked |  0
|   7|0x0000000742200000, 0x0000000742200000, 0x0000000742400000|  0%| F|  |TAMS 0x0000000742200000| PB 0x0000000742200000| Untracked |  0
|   8|0x0000000742400000, 0x0000000742400000, 0x0000000742600000|  0%| F|  |TAMS 0x0000000742400000| PB 0x0000000742400000| Untracked |  0
|   9|0x0000000742600000, 0x0000000742600000, 0x0000000742800000|  0%| F|  |TAMS 0x0000000742600000| PB 0x0000000742600000| Untracked |  0
|  10|0x0000000742800000, 0x0000000742800000, 0x0000000742a00000|  0%| F|  |TAMS 0x0000000742800000| PB 0x0000000742800000| Untracked |  0
|  11|0x0000000742a00000, 0x0000000742a00000, 0x0000000742c00000|  0%| F|  |TAMS 0x0000000742a00000| PB 0x0000000742a00000| Untracked |  0
|  12|0x0000000742c00000, 0x0000000742c00000, 0x0000000742e00000|  0%| F|  |TAMS 0x0000000742c00000| PB 0x0000000742c00000| Untracked |  0
|  13|0x0000000742e00000, 0x0000000742e00000, 0x0000000743000000|  0%| F|  |TAMS 0x0000000742e00000| PB 0x0000000742e00000| Untracked |  0
|  14|0x0000000743000000, 0x0000000743000000, 0x0000000743200000|  0%| F|  |TAMS 0x0000000743000000| PB 0x0000000743000000| Untracked |  0
|  15|0x0000000743200000, 0x0000000743200000, 0x0000000743400000|  0%| F|  |TAMS 0x0000000743200000| PB 0x0000000743200000| Untracked |  0
|  16|0x0000000743400000, 0x0000000743400000, 0x0000000743600000|  0%| F|  |TAMS 0x0000000743400000| PB 0x0000000743400000| Untracked |  0
|  17|0x0000000743600000, 0x0000000743600000, 0x0000000743800000|  0%| F|  |TAMS 0x0000000743600000| PB 0x0000000743600000| Untracked |  0
|  18|0x0000000743800000, 0x0000000743800000, 0x0000000743a00000|  0%| F|  |TAMS 0x0000000743800000| PB 0x0000000743800000| Untracked |  0
|  19|0x0000000743a00000, 0x0000000743a00000, 0x0000000743c00000|  0%| F|  |TAMS 0x0000000743a00000| PB 0x0000000743a00000| Untracked |  0
|  20|0x0000000743c00000, 0x0000000743c00000, 0x0000000743e00000|  0%| F|  |TAMS 0x0000000743c00000| PB 0x0000000743c00000| Untracked |  0
|  21|0x0000000743e00000, 0x0000000743e00000, 0x0000000744000000|  0%| F|  |TAMS 0x0000000743e00000| PB 0x0000000743e00000| Untracked |  0
|  22|0x0000000744000000, 0x0000000744000000, 0x0000000744200000|  0%| F|  |TAMS 0x0000000744000000| PB 0x0000000744000000| Untracked |  0
|  23|0x0000000744200000, 0x0000000744200000, 0x0000000744400000|  0%| F|  |TAMS 0x0000000744200000| PB 0x0000000744200000| Untracked |  0
|  24|0x0000000744400000, 0x0000000744400000, 0x0000000744600000|  0%| F|  |TAMS 0x0000000744400000| PB 0x0000000744400000| Untracked |  0
|  25|0x0000000744600000, 0x0000000744600000, 0x0000000744800000|  0%| F|  |TAMS 0x0000000744600000| PB 0x0000000744600000| Untracked |  0
|  26|0x0000000744800000, 0x0000000744800000, 0x0000000744a00000|  0%| F|  |TAMS 0x0000000744800000| PB 0x0000000744800000| Untracked |  0
|  27|0x0000000744a00000, 0x0000000744a00000, 0x0000000744c00000|  0%| F|  |TAMS 0x0000000744a00000| PB 0x0000000744a00000| Untracked |  0
|  28|0x0000000744c00000, 0x0000000744c00000, 0x0000000744e00000|  0%| F|  |TAMS 0x0000000744c00000| PB 0x0000000744c00000| Untracked |  0
|  29|0x0000000744e00000, 0x0000000744e00000, 0x0000000745000000|  0%| F|  |TAMS 0x0000000744e00000| PB 0x0000000744e00000| Untracked |  0
|  30|0x0000000745000000, 0x0000000745000000, 0x0000000745200000|  0%| F|  |TAMS 0x0000000745000000| PB 0x0000000745000000| Untracked |  0
|  31|0x0000000745200000, 0x0000000745200000, 0x0000000745400000|  0%| F|  |TAMS 0x0000000745200000| PB 0x0000000745200000| Untracked |  0
|  32|0x0000000745400000, 0x0000000745400000, 0x0000000745600000|  0%| F|  |TAMS 0x0000000745400000| PB 0x0000000745400000| Untracked |  0
|  33|0x0000000745600000, 0x0000000745600000, 0x0000000745800000|  0%| F|  |TAMS 0x0000000745600000| PB 0x0000000745600000| Untracked |  0
|  34|0x0000000745800000, 0x0000000745800000, 0x0000000745a00000|  0%| F|  |TAMS 0x0000000745800000| PB 0x0000000745800000| Untracked |  0
|  35|0x0000000745a00000, 0x0000000745a00000, 0x0000000745c00000|  0%| F|  |TAMS 0x0000000745a00000| PB 0x0000000745a00000| Untracked |  0
|  36|0x0000000745c00000, 0x0000000745c00000, 0x0000000745e00000|  0%| F|  |TAMS 0x0000000745c00000| PB 0x0000000745c00000| Untracked |  0
|  37|0x0000000745e00000, 0x0000000745e00000, 0x0000000746000000|  0%| F|  |TAMS 0x0000000745e00000| PB 0x0000000745e00000| Untracked |  0
|  38|0x0000000746000000, 0x0000000746000000, 0x0000000746200000|  0%| F|  |TAMS 0x0000000746000000| PB 0x0000000746000000| Untracked |  0
|  39|0x0000000746200000, 0x0000000746200000, 0x0000000746400000|  0%| F|  |TAMS 0x0000000746200000| PB 0x0000000746200000| Untracked |  0
|  40|0x0000000746400000, 0x0000000746400000, 0x0000000746600000|  0%| F|  |TAMS 0x0000000746400000| PB 0x0000000746400000| Untracked |  0
|  41|0x0000000746600000, 0x0000000746600000, 0x0000000746800000|  0%| F|  |TAMS 0x0000000746600000| PB 0x0000000746600000| Untracked |  0
|  42|0x0000000746800000, 0x0000000746800000, 0x0000000746a00000|  0%| F|  |TAMS 0x0000000746800000| PB 0x0000000746800000| Untracked |  0
|  43|0x0000000746a00000, 0x0000000746a00000, 0x0000000746c00000|  0%| F|  |TAMS 0x0000000746a00000| PB 0x0000000746a00000| Untracked |  0
|  44|0x0000000746c00000, 0x0000000746c00000, 0x0000000746e00000|  0%| F|  |TAMS 0x0000000746c00000| PB 0x0000000746c00000| Untracked |  0
|  45|0x0000000746e00000, 0x0000000746e00000, 0x0000000747000000|  0%| F|  |TAMS 0x0000000746e00000| PB 0x0000000746e00000| Untracked |  0
|  46|0x0000000747000000, 0x0000000747000000, 0x0000000747200000|  0%| F|  |TAMS 0x0000000747000000| PB 0x0000000747000000| Untracked |  0
|  47|0x0000000747200000, 0x0000000747200000, 0x0000000747400000|  0%| F|  |TAMS 0x0000000747200000| PB 0x0000000747200000| Untracked |  0
|  48|0x0000000747400000, 0x0000000747400000, 0x0000000747600000|  0%| F|  |TAMS 0x0000000747400000| PB 0x0000000747400000| Untracked |  0
|  49|0x0000000747600000, 0x0000000747600000, 0x0000000747800000|  0%| F|  |TAMS 0x0000000747600000| PB 0x0000000747600000| Untracked |  0
|  50|0x0000000747800000, 0x0000000747800000, 0x0000000747a00000|  0%| F|  |TAMS 0x0000000747800000| PB 0x0000000747800000| Untracked |  0
|  51|0x0000000747a00000, 0x0000000747a00000, 0x0000000747c00000|  0%| F|  |TAMS 0x0000000747a00000| PB 0x0000000747a00000| Untracked |  0
|  52|0x0000000747c00000, 0x0000000747c00000, 0x0000000747e00000|  0%| F|  |TAMS 0x0000000747c00000| PB 0x0000000747c00000| Untracked |  0
|  53|0x0000000747e00000, 0x0000000747e00000, 0x0000000748000000|  0%| F|  |TAMS 0x0000000747e00000| PB 0x0000000747e00000| Untracked |  0
|  54|0x0000000748000000, 0x0000000748000000, 0x0000000748200000|  0%| F|  |TAMS 0x0000000748000000| PB 0x0000000748000000| Untracked |  0
|  55|0x0000000748200000, 0x0000000748200000, 0x0000000748400000|  0%| F|  |TAMS 0x0000000748200000| PB 0x0000000748200000| Untracked |  0
|  56|0x0000000748400000, 0x0000000748400000, 0x0000000748600000|  0%| F|  |TAMS 0x0000000748400000| PB 0x0000000748400000| Untracked |  0
|  57|0x0000000748600000, 0x0000000748600000, 0x0000000748800000|  0%| F|  |TAMS 0x0000000748600000| PB 0x0000000748600000| Untracked |  0
|  58|0x0000000748800000, 0x0000000748800000, 0x0000000748a00000|  0%| F|  |TAMS 0x0000000748800000| PB 0x0000000748800000| Untracked |  0
|  59|0x0000000748a00000, 0x0000000748a00000, 0x0000000748c00000|  0%| F|  |TAMS 0x0000000748a00000| PB 0x0000000748a00000| Untracked |  0
|  60|0x0000000748c00000, 0x0000000748c00000, 0x0000000748e00000|  0%| F|  |TAMS 0x0000000748c00000| PB 0x0000000748c00000| Untracked |  0
|  61|0x0000000748e00000, 0x0000000748e00000, 0x0000000749000000|  0%| F|  |TAMS 0x0000000748e00000| PB 0x0000000748e00000| Untracked |  0
|  62|0x0000000749000000, 0x0000000749000000, 0x0000000749200000|  0%| F|  |TAMS 0x0000000749000000| PB 0x0000000749000000| Untracked |  0
|  63|0x0000000749200000, 0x0000000749200000, 0x0000000749400000|  0%| F|  |TAMS 0x0000000749200000| PB 0x0000000749200000| Untracked |  0
|  64|0x0000000749400000, 0x0000000749400000, 0x0000000749600000|  0%| F|  |TAMS 0x0000000749400000| PB 0x0000000749400000| Untracked |  0
|  65|0x0000000749600000, 0x0000000749600000, 0x0000000749800000|  0%| F|  |TAMS 0x0000000749600000| PB 0x0000000749600000| Untracked |  0
|  66|0x0000000749800000, 0x0000000749800000, 0x0000000749a00000|  0%| F|  |TAMS 0x0000000749800000| PB 0x0000000749800000| Untracked |  0
|  67|0x0000000749a00000, 0x0000000749a00000, 0x0000000749c00000|  0%| F|  |TAMS 0x0000000749a00000| PB 0x0000000749a00000| Untracked |  0
|  68|0x0000000749c00000, 0x0000000749c00000, 0x0000000749e00000|  0%| F|  |TAMS 0x0000000749c00000| PB 0x0000000749c00000| Untracked |  0
|  69|0x0000000749e00000, 0x0000000749e00000, 0x000000074a000000|  0%| F|  |TAMS 0x0000000749e00000| PB 0x0000000749e00000| Untracked |  0
|  70|0x000000074a000000, 0x000000074a000000, 0x000000074a200000|  0%| F|  |TAMS 0x000000074a000000| PB 0x000000074a000000| Untracked |  0
|  71|0x000000074a200000, 0x000000074a200000, 0x000000074a400000|  0%| F|  |TAMS 0x000000074a200000| PB 0x000000074a200000| Untracked |  0
|  72|0x000000074a400000, 0x000000074a400000, 0x000000074a600000|  0%| F|  |TAMS 0x000000074a400000| PB 0x000000074a400000| Untracked |  0
|  73|0x000000074a600000, 0x000000074a600000, 0x000000074a800000|  0%| F|  |TAMS 0x000000074a600000| PB 0x000000074a600000| Untracked |  0
|  74|0x000000074a800000, 0x000000074a800000, 0x000000074aa00000|  0%| F|  |TAMS 0x000000074a800000| PB 0x000000074a800000| Untracked |  0
|  75|0x000000074aa00000, 0x000000074aa00000, 0x000000074ac00000|  0%| F|  |TAMS 0x000000074aa00000| PB 0x000000074aa00000| Untracked |  0
|  76|0x000000074ac00000, 0x000000074ac00000, 0x000000074ae00000|  0%| F|  |TAMS 0x000000074ac00000| PB 0x000000074ac00000| Untracked |  0
|  77|0x000000074ae00000, 0x000000074ae00000, 0x000000074b000000|  0%| F|  |TAMS 0x000000074ae00000| PB 0x000000074ae00000| Untracked |  0
|  78|0x000000074b000000, 0x000000074b000000, 0x000000074b200000|  0%| F|  |TAMS 0x000000074b000000| PB 0x000000074b000000| Untracked |  0
|  79|0x000000074b200000, 0x000000074b200000, 0x000000074b400000|  0%| F|  |TAMS 0x000000074b200000| PB 0x000000074b200000| Untracked |  0
|  80|0x000000074b400000, 0x000000074b400000, 0x000000074b600000|  0%| F|  |TAMS 0x000000074b400000| PB 0x000000074b400000| Untracked |  0
|  81|0x000000074b600000, 0x000000074b620c60, 0x000000074b800000|  6%| E|  |TAMS 0x000000074b600000| PB 0x000000074b600000| Complete |  0
|  82|0x000000074b800000, 0x000000074ba00000, 0x000000074ba00000|100%| E|CS|TAMS 0x000000074b800000| PB 0x000000074b800000| Complete |  0
|  83|0x000000074ba00000, 0x000000074bc00000, 0x000000074bc00000|100%| E|CS|TAMS 0x000000074ba00000| PB 0x000000074ba00000| Complete |  0
|  84|0x000000074bc00000, 0x000000074be00000, 0x000000074be00000|100%| E|CS|TAMS 0x000000074bc00000| PB 0x000000074bc00000| Complete |  0
|  85|0x000000074be00000, 0x000000074c000000, 0x000000074c000000|100%| E|  |TAMS 0x000000074be00000| PB 0x000000074be00000| Complete |  0
|  86|0x000000074c000000, 0x000000074c200000, 0x000000074c200000|100%| E|CS|TAMS 0x000000074c000000| PB 0x000000074c000000| Complete |  0
|  87|0x000000074c200000, 0x000000074c3ac1a0, 0x000000074c400000| 83%| S|CS|TAMS 0x000000074c200000| PB 0x000000074c200000| Complete |  0
|  88|0x000000074c400000, 0x000000074c600000, 0x000000074c600000|100%| E|CS|TAMS 0x000000074c400000| PB 0x000000074c400000| Complete |  0
|  89|0x000000074c600000, 0x000000074c800000, 0x000000074c800000|100%| E|CS|TAMS 0x000000074c600000| PB 0x000000074c600000| Complete |  0
|  90|0x000000074c800000, 0x000000074ca00000, 0x000000074ca00000|100%| E|CS|TAMS 0x000000074c800000| PB 0x000000074c800000| Complete |  0
|  91|0x000000074ca00000, 0x000000074cc00000, 0x000000074cc00000|100%| E|CS|TAMS 0x000000074ca00000| PB 0x000000074ca00000| Complete |  0
|  92|0x000000074cc00000, 0x000000074ce00000, 0x000000074ce00000|100%| E|CS|TAMS 0x000000074cc00000| PB 0x000000074cc00000| Complete |  0
|  93|0x000000074ce00000, 0x000000074d000000, 0x000000074d000000|100%| E|CS|TAMS 0x000000074ce00000| PB 0x000000074ce00000| Complete |  0
|  94|0x000000074d000000, 0x000000074d200000, 0x000000074d200000|100%| E|CS|TAMS 0x000000074d000000| PB 0x000000074d000000| Complete |  0
|  95|0x000000074d200000, 0x000000074d400000, 0x000000074d400000|100%| E|CS|TAMS 0x000000074d200000| PB 0x000000074d200000| Complete |  0

Card table byte_map: [0x000001f2fe2c0000,0x000001f2fe8c0000] _byte_map_base: 0x000001f2fa8b6000

Marking Bits: (CMBitMap*) 0x000001f2fdc3e8e0
 Bits: [0x000001f297680000, 0x000001f29a630000)

Polling page: 0x000001f2fba80000

Metaspace:

Usage:
  Non-class:      9.94 MB used.
      Class:      1.53 MB used.
       Both:     11.47 MB used.

Virtual space:
  Non-class space:       64.00 MB reserved,      10.06 MB ( 16%) committed,  1 nodes.
      Class space:        1.00 GB reserved,       1.62 MB ( <1%) committed,  1 nodes.
             Both:        1.06 GB reserved,      11.69 MB (  1%) committed. 

Chunk freelists:
   Non-Class:  4.66 MB
       Class:  14.38 MB
        Both:  19.03 MB

MaxMetaspaceSize: unlimited
CompressedClassSpaceSize: 1.00 GB
Initial GC threshold: 21.00 MB
Current GC threshold: 21.00 MB
CDS: on
 - commit_granule_bytes: 65536.
 - commit_granule_words: 8192.
 - virtual_space_node_default_size: 8388608.
 - enlarge_chunks_in_place: 1.
 - use_allocation_guard: 0.


Internal statistics:

num_allocs_failed_limit: 0.
num_arena_births: 248.
num_arena_deaths: 0.
num_vsnodes_births: 2.
num_vsnodes_deaths: 0.
num_space_committed: 187.
num_space_uncommitted: 0.
num_chunks_returned_to_freelist: 0.
num_chunks_taken_from_freelist: 673.
num_chunk_merges: 0.
num_chunk_splits: 449.
num_chunks_enlarged: 310.
num_inconsistent_stats: 0.

CodeHeap 'non-profiled nmethods': size=120064Kb used=716Kb max_used=716Kb free=119348Kb
 bounds [0x000001f290140000, 0x000001f2903b0000, 0x000001f297680000]
CodeHeap 'profiled nmethods': size=120000Kb used=2683Kb max_used=2683Kb free=117317Kb
 bounds [0x000001f288680000, 0x000001f288920000, 0x000001f28fbb0000]
CodeHeap 'non-nmethods': size=5696Kb used=2066Kb max_used=2081Kb free=3629Kb
 bounds [0x000001f28fbb0000, 0x000001f28fe20000, 0x000001f290140000]
CodeCache: size=245760Kb, used=5465Kb, max_used=5480Kb, free=240294Kb
 total_blobs=3094, nmethods=2027, adapters=972, full_count=0
Compilation: enabled, stopped_count=0, restarted_count=0

Compilation events (20 events):
Event: 62.411 Thread 0x000001f2fee77fe0 2018       4       com.sun.javafx.event.EventHandlerManager::dispatchBubblingEvent (41 bytes)
Event: 62.420 Thread 0x000001f2fee77fe0 nmethod 2018 0x000001f2901f0f88 code [0x000001f2901f1100, 0x000001f2901f1550]
Event: 70.216 Thread 0x000001f2fee790c0 2019       1       com.sun.javafx.geom.DirtyRegionContainer::size (5 bytes)
Event: 70.216 Thread 0x000001f2fee790c0 nmethod 2019 0x000001f2901f1608 code [0x000001f2901f1720, 0x000001f2901f17e8]
Event: 70.217 Thread 0x000001f2fee790c0 2020       3       com.sun.javafx.UnmodifiableArrayList::get (7 bytes)
Event: 70.217 Thread 0x000001f2fee790c0 nmethod 2020 0x000001f28891d288 code [0x000001f28891d3a0, 0x000001f28891d4e0]
Event: 70.218 Thread 0x000001f2fee790c0 2021       1       com.sun.javafx.sg.prism.NGNode::getTransform (5 bytes)
Event: 70.218 Thread 0x000001f2fee790c0 nmethod 2021 0x000001f2901f1908 code [0x000001f2901f1a20, 0x000001f2901f1af0]
Event: 70.218 Thread 0x000001f2fee790c0 2022       3       com.sun.javafx.geom.BaseBounds::<init> (5 bytes)
Event: 70.218 Thread 0x000001f2fee790c0 nmethod 2022 0x000001f28891d588 code [0x000001f28891d6a0, 0x000001f28891d808]
Event: 70.218 Thread 0x000001f2fee790c0 2023       3       com.sun.javafx.geom.transform.Affine3D::updateState (96 bytes)
Event: 70.221 Thread 0x000001f2fee790c0 nmethod 2023 0x000001f28891d888 code [0x000001f28891dac0, 0x000001f28891e528]
Event: 70.221 Thread 0x000001f2fee790c0 2025       3       com.sun.javafx.geom.transform.Affine3D::almostOne (22 bytes)
Event: 70.222 Thread 0x000001f2fee790c0 nmethod 2025 0x000001f28891e588 code [0x000001f28891e6c0, 0x000001f28891e878]
Event: 70.222 Thread 0x000001f2fee790c0 2024       3       com.sun.javafx.geom.transform.AffineBase::updateState (5 bytes)
Event: 70.222 Thread 0x000001f2fee790c0 nmethod 2024 0x000001f28891e908 code [0x000001f28891ea20, 0x000001f28891ebe0]
Event: 88.000 Thread 0x000001f2fee77fe0 2026       4       com.sun.javafx.tk.quantum.QuantumToolkit::postPulse (133 bytes)
Event: 88.007 Thread 0x000001f2fee77fe0 nmethod 2026 0x000001f2901f1c08 code [0x000001f2901f1d80, 0x000001f2901f2520]
Event: 88.224 Thread 0x000001f2fee77fe0 2027       4       com.sun.javafx.tk.quantum.QuantumToolkit$$Lambda/0x000001f29e03b3e0::run (8 bytes)
Event: 88.231 Thread 0x000001f2fee77fe0 nmethod 2027 0x000001f2901f2608 code [0x000001f2901f27a0, 0x000001f2901f2f60]

GC Heap History (4 events):
Event: 2.055 GC heap before
{Heap before GC invocations=0 (full 0):
 garbage-first heap   total reserved 3125248K, committed 196608K, used 14336K [0x0000000741400000, 0x0000000800000000)
  region size 2048K, 7 young (14336K), 0 survivors (0K)
 Metaspace       used 2742K, committed 2880K, reserved 1114112K
  class space    used 291K, committed 384K, reserved 1048576K
}
Event: 2.065 GC heap after
{Heap after GC invocations=1 (full 0):
 garbage-first heap   total reserved 3125248K, committed 196608K, used 2012K [0x0000000741400000, 0x0000000800000000)
  region size 2048K, 1 young (2048K), 1 survivors (2048K)
 Metaspace       used 2742K, committed 2880K, reserved 1114112K
  class space    used 291K, committed 384K, reserved 1048576K
}
Event: 2.716 GC heap before
{Heap before GC invocations=1 (full 0):
 garbage-first heap   total reserved 3125248K, committed 196608K, used 14300K [0x0000000741400000, 0x0000000800000000)
  region size 2048K, 8 young (16384K), 1 survivors (2048K)
 Metaspace       used 6002K, committed 6208K, reserved 1114112K
  class space    used 717K, committed 832K, reserved 1048576K
}
Event: 2.727 GC heap after
{Heap after GC invocations=2 (full 0):
 garbage-first heap   total reserved 3125248K, committed 196608K, used 3655K [0x0000000741400000, 0x0000000800000000)
  region size 2048K, 1 young (2048K), 1 survivors (2048K)
 Metaspace       used 6002K, committed 6208K, reserved 1114112K
  class space    used 717K, committed 832K, reserved 1048576K
}

Dll operation events (20 events):
Event: 1.585 Loaded shared library D:\SOFTWARES\EDUCATIVE\INTELLIJ\openjfx-17.0.15_windows-x64_bin-sdk\javafx-sdk-17.0.15\bin\api-ms-win-crt-math-l1-1-0.dll
Event: 1.592 Loaded shared library D:\SOFTWARES\EDUCATIVE\INTELLIJ\openjfx-17.0.15_windows-x64_bin-sdk\javafx-sdk-17.0.15\bin\api-ms-win-crt-multibyte-l1-1-0.dll
Event: 1.600 Loaded shared library D:\SOFTWARES\EDUCATIVE\INTELLIJ\openjfx-17.0.15_windows-x64_bin-sdk\javafx-sdk-17.0.15\bin\api-ms-win-crt-private-l1-1-0.dll
Event: 1.608 Loaded shared library D:\SOFTWARES\EDUCATIVE\INTELLIJ\openjfx-17.0.15_windows-x64_bin-sdk\javafx-sdk-17.0.15\bin\api-ms-win-crt-process-l1-1-0.dll
Event: 1.617 Loaded shared library D:\SOFTWARES\EDUCATIVE\INTELLIJ\openjfx-17.0.15_windows-x64_bin-sdk\javafx-sdk-17.0.15\bin\api-ms-win-crt-runtime-l1-1-0.dll
Event: 1.630 Loaded shared library D:\SOFTWARES\EDUCATIVE\INTELLIJ\openjfx-17.0.15_windows-x64_bin-sdk\javafx-sdk-17.0.15\bin\api-ms-win-crt-stdio-l1-1-0.dll
Event: 1.639 Loaded shared library D:\SOFTWARES\EDUCATIVE\INTELLIJ\openjfx-17.0.15_windows-x64_bin-sdk\javafx-sdk-17.0.15\bin\api-ms-win-crt-string-l1-1-0.dll
Event: 1.648 Loaded shared library D:\SOFTWARES\EDUCATIVE\INTELLIJ\openjfx-17.0.15_windows-x64_bin-sdk\javafx-sdk-17.0.15\bin\api-ms-win-crt-time-l1-1-0.dll
Event: 1.655 Loaded shared library D:\SOFTWARES\EDUCATIVE\INTELLIJ\openjfx-17.0.15_windows-x64_bin-sdk\javafx-sdk-17.0.15\bin\api-ms-win-crt-utility-l1-1-0.dll
Event: 1.664 Loaded shared library D:\SOFTWARES\EDUCATIVE\INTELLIJ\openjfx-17.0.15_windows-x64_bin-sdk\javafx-sdk-17.0.15\bin\ucrtbase.dll
Event: 1.671 Loaded shared library D:\SOFTWARES\EDUCATIVE\INTELLIJ\openjfx-17.0.15_windows-x64_bin-sdk\javafx-sdk-17.0.15\bin\vcruntime140.dll
Event: 1.679 Loaded shared library D:\SOFTWARES\EDUCATIVE\INTELLIJ\openjfx-17.0.15_windows-x64_bin-sdk\javafx-sdk-17.0.15\bin\vcruntime140_1.dll
Event: 1.686 Loaded shared library D:\SOFTWARES\EDUCATIVE\INTELLIJ\openjfx-17.0.15_windows-x64_bin-sdk\javafx-sdk-17.0.15\bin\msvcp140.dll
Event: 1.693 Loaded shared library D:\SOFTWARES\EDUCATIVE\INTELLIJ\openjfx-17.0.15_windows-x64_bin-sdk\javafx-sdk-17.0.15\bin\msvcp140_1.dll
Event: 1.700 Loaded shared library D:\SOFTWARES\EDUCATIVE\INTELLIJ\openjfx-17.0.15_windows-x64_bin-sdk\javafx-sdk-17.0.15\bin\msvcp140_2.dll
Event: 1.967 Loaded shared library D:\SOFTWARES\EDUCATIVE\INTELLIJ\openjfx-17.0.15_windows-x64_bin-sdk\javafx-sdk-17.0.15\bin\prism_d3d.dll
Event: 2.081 Loaded shared library D:\SOFTWARES\EDUCATIVE\INTELLIJ\openjfx-17.0.15_windows-x64_bin-sdk\javafx-sdk-17.0.15\bin\glass.dll
Event: 2.446 Loaded shared library D:\SOFTWARES\EDUCATIVE\INTELLIJ\openjfx-17.0.15_windows-x64_bin-sdk\javafx-sdk-17.0.15\bin\javafx_font.dll
Event: 3.094 Loaded shared library C:\Program Files\java\jdk-23\bin\jimage.dll
Event: 7.187 Loaded shared library D:\SOFTWARES\EDUCATIVE\INTELLIJ\opencv\build\java\x64\opencv_java4110.dll

Deoptimization events (20 events):
Event: 16.702 Thread 0x000001f2e270f530 Uncommon trap: trap_request=0xffffffde fr.pc=0x000001f290151d68 relative=0x00000000000000c8
Event: 16.702 Thread 0x000001f2e270f530 Uncommon trap: reason=class_check action=maybe_recompile pc=0x000001f290151d68 method=java.lang.Character.codePointAt(Ljava/lang/CharSequence;I)I @ 2 c2
Event: 16.702 Thread 0x000001f2e270f530 DEOPT PACKING pc=0x000001f290151d68 sp=0x0000009b820febd0
Event: 16.702 Thread 0x000001f2e270f530 DEOPT UNPACKING pc=0x000001f28fc04402 sp=0x0000009b820feb68 mode 2
Event: 16.702 Thread 0x000001f2e270f530 Uncommon trap: trap_request=0xffffffde fr.pc=0x000001f290151d68 relative=0x00000000000000c8
Event: 16.702 Thread 0x000001f2e270f530 Uncommon trap: reason=class_check action=maybe_recompile pc=0x000001f290151d68 method=java.lang.Character.codePointAt(Ljava/lang/CharSequence;I)I @ 2 c2
Event: 16.702 Thread 0x000001f2e270f530 DEOPT PACKING pc=0x000001f290151d68 sp=0x0000009b820febd0
Event: 16.702 Thread 0x000001f2e270f530 DEOPT UNPACKING pc=0x000001f28fc04402 sp=0x0000009b820feb68 mode 2
Event: 16.702 Thread 0x000001f2e270f530 Uncommon trap: trap_request=0xffffffde fr.pc=0x000001f290151d68 relative=0x00000000000000c8
Event: 16.702 Thread 0x000001f2e270f530 Uncommon trap: reason=class_check action=maybe_recompile pc=0x000001f290151d68 method=java.lang.Character.codePointAt(Ljava/lang/CharSequence;I)I @ 2 c2
Event: 16.702 Thread 0x000001f2e270f530 DEOPT PACKING pc=0x000001f290151d68 sp=0x0000009b820febd0
Event: 16.702 Thread 0x000001f2e270f530 DEOPT UNPACKING pc=0x000001f28fc04402 sp=0x0000009b820feb68 mode 2
Event: 22.511 Thread 0x000001f2e270f530 Uncommon trap: trap_request=0xffffff45 fr.pc=0x000001f2901c8bd8 relative=0x0000000000000498
Event: 22.511 Thread 0x000001f2e270f530 Uncommon trap: reason=unstable_if action=reinterpret pc=0x000001f2901c8bd8 method=java.lang.AbstractStringBuilder.append(C)Ljava/lang/AbstractStringBuilder; @ 21 c2
Event: 22.511 Thread 0x000001f2e270f530 DEOPT PACKING pc=0x000001f2901c8bd8 sp=0x0000009b820fdfc0
Event: 22.511 Thread 0x000001f2e270f530 DEOPT UNPACKING pc=0x000001f28fc04402 sp=0x0000009b820fdf58 mode 2
Event: 22.511 Thread 0x000001f2e270f530 Uncommon trap: trap_request=0xffffff45 fr.pc=0x000001f2901b9b98 relative=0x00000000000004d8
Event: 22.511 Thread 0x000001f2e270f530 Uncommon trap: reason=unstable_if action=reinterpret pc=0x000001f2901b9b98 method=java.lang.AbstractStringBuilder.isLatin1()Z @ 10 c2
Event: 22.511 Thread 0x000001f2e270f530 DEOPT PACKING pc=0x000001f2901b9b98 sp=0x0000009b820fdf70
Event: 22.511 Thread 0x000001f2e270f530 DEOPT UNPACKING pc=0x000001f28fc04402 sp=0x0000009b820fdf00 mode 2

Classes loaded (20 events):
Event: 7.045 Loading class java/io/UnsupportedEncodingException
Event: 7.045 Loading class java/io/UnsupportedEncodingException done
Event: 7.188 Loading class java/util/Scanner
Event: 7.189 Loading class java/util/Scanner done
Event: 7.193 Loading class java/util/Scanner$PatternLRUCache
Event: 7.193 Loading class java/util/Scanner$PatternLRUCache done
Event: 7.197 Loading class sun/net/www/protocol/jrt/Handler
Event: 7.197 Loading class sun/net/www/protocol/jrt/Handler done
Event: 7.215 Loading class sun/text/resources/cldr/FormatData_en
Event: 7.215 Loading class sun/text/resources/cldr/FormatData_en done
Event: 7.216 Loading class sun/text/resources/cldr/FormatData_en_US
Event: 7.216 Loading class sun/text/resources/cldr/FormatData_en_US done
Event: 16.702 Loading class java/util/regex/Matcher$ImmutableMatchResult
Event: 16.702 Loading class java/util/regex/Matcher$ImmutableMatchResult done
Event: 22.517 Loading class jdk/internal/event/ThreadSleepEvent
Event: 22.517 Loading class jdk/internal/event/ThreadSleepEvent done
Event: 57.326 Loading class java/io/FileFilter
Event: 57.326 Loading class java/io/FileFilter done
Event: 135.254 Loading class jdk/internal/misc/Signal$1
Event: 135.254 Loading class jdk/internal/misc/Signal$1 done

Classes unloaded (0 events):
No events

Classes redefined (0 events):
No events

Internal exceptions (20 events):
Event: 2.384 Thread 0x000001f2e240b7e0 Exception <a 'java/lang/ClassNotFoundException'{0x000000074ca05b30}: com/sun/glass/ui/win/themes> (0x000000074ca05b30) 
thrown [s\open\src\hotspot\share\prims\jni.cpp, line 539]
Event: 2.387 Thread 0x000001f2e240b7e0 Exception <a 'java/lang/ClassNotFoundException'{0x000000074ca111d0}: com/sun/glass/ui/win/themes_en> (0x000000074ca111d0) 
thrown [s\open\src\hotspot\share\prims\jni.cpp, line 539]
Event: 2.388 Thread 0x000001f2e240b7e0 Exception <a 'java/lang/ClassNotFoundException'{0x000000074ca19000}: com/sun/glass/ui/win/themes_en_US> (0x000000074ca19000) 
thrown [s\open\src\hotspot\share\prims\jni.cpp, line 539]
Event: 2.871 Thread 0x000001f2e240b7e0 Exception <a 'java/lang/NoSuchMethodError'{0x000000074d301af8}: 'void java.lang.invoke.DirectMethodHandle$Holder.invokeStaticInit(java.lang.Object, java.lang.Object)'> (0x000000074d301af8) 
thrown [s\open\src\hotspot\share\interpreter\linkResolver.cpp, line 796]
Event: 3.175 Thread 0x000001f2e240b7e0 Implicit null exception at 0x000001f29016d156 to 0x000001f29016d1fa
Event: 3.212 Thread 0x000001f2e240b7e0 Implicit null exception at 0x000001f2901afaad to 0x000001f2901afd5c
Event: 3.213 Thread 0x000001f2e240b7e0 Implicit null exception at 0x000001f2901af22d to 0x000001f2901af4d8
Event: 3.565 Thread 0x000001f2e240b7e0 Exception <a 'java/lang/NoSuchMethodError'{0x000000074c4793c8}: 'java.lang.Object java.lang.invoke.DirectMethodHandle$Holder.invokeInterface(java.lang.Object, java.lang.Object, java.lang.Object)'> (0x000000074c4793c8) 
thrown [s\open\src\hotspot\share\interpreter\linkResolver.cpp, line 796]
Event: 3.566 Thread 0x000001f2e240b7e0 Exception <a 'java/lang/IncompatibleClassChangeError'{0x000000074c47ca98}: Found class java.lang.Object, but interface was expected> (0x000000074c47ca98) 
thrown [s\open\src\hotspot\share\interpreter\linkResolver.cpp, line 863]
Event: 3.698 Thread 0x000001f2e240b7e0 Exception <a 'java/lang/NoSuchMethodError'{0x000000074c5907f0}: 'int java.lang.invoke.DirectMethodHandle$Holder.invokeSpecial(java.lang.Object, java.lang.Object, int)'> (0x000000074c5907f0) 
thrown [s\open\src\hotspot\share\interpreter\linkResolver.cpp, line 796]
Event: 3.704 Thread 0x000001f2e240b7e0 Exception <a 'java/lang/NoSuchMethodError'{0x000000074c5a7030}: 'java.lang.Object java.lang.invoke.DirectMethodHandle$Holder.invokeStatic(java.lang.Object, java.lang.Object, java.lang.Object, java.lang.Object, int)'> (0x000000074c5a7030) 
thrown [s\open\src\hotspot\share\interpreter\linkResolver.cpp, line 796]
Event: 3.706 Thread 0x000001f2e240b7e0 Exception <a 'java/lang/NoSuchMethodError'{0x000000074c5af768}: 'int java.lang.invoke.DirectMethodHandle$Holder.invokeSpecial(java.lang.Object, java.lang.Object, java.lang.Object)'> (0x000000074c5af768) 
thrown [s\open\src\hotspot\share\interpreter\linkResolver.cpp, line 796]
Event: 3.741 Thread 0x000001f2e240b7e0 Exception <a 'java/lang/NoSuchMethodError'{0x000000074c048400}: 'java.lang.Object java.lang.invoke.DirectMethodHandle$Holder.newInvokeSpecial(java.lang.Object, java.lang.Object, int)'> (0x000000074c048400) 
thrown [s\open\src\hotspot\share\interpreter\linkResolver.cpp, line 796]
Event: 3.808 Thread 0x000001f2e2734330 Exception <a 'java/lang/NoSuchMethodError'{0x000000074c0ba048}: 'int java.lang.invoke.DirectMethodHandle$Holder.invokeStaticInit(java.lang.Object, java.lang.Object)'> (0x000000074c0ba048) 
thrown [s\open\src\hotspot\share\interpreter\linkResolver.cpp, line 796]
Event: 7.075 Thread 0x000001f2e240b7e0 Exception <a 'java/lang/NoSuchMethodError'{0x000000074baa05c0}: 'long java.lang.invoke.DirectMethodHandle$Holder.invokeStatic(java.lang.Object, java.lang.Object, java.lang.Object)'> (0x000000074baa05c0) 
thrown [s\open\src\hotspot\share\interpreter\linkResolver.cpp, line 796]
Event: 7.076 Thread 0x000001f2e240b7e0 Exception <a 'java/lang/NoSuchMethodError'{0x000000074baa39d8}: 'long java.lang.invoke.DirectMethodHandle$Holder.invokeStaticInit(java.lang.Object, java.lang.Object, java.lang.Object)'> (0x000000074baa39d8) 
thrown [s\open\src\hotspot\share\interpreter\linkResolver.cpp, line 796]
Event: 7.081 Thread 0x000001f2e240b7e0 Exception <a 'java/lang/NoSuchMethodError'{0x000000074bab8c10}: 'java.lang.Object java.lang.invoke.DirectMethodHandle$Holder.newInvokeSpecial(java.lang.Object, java.lang.Object, long)'> (0x000000074bab8c10) 
thrown [s\open\src\hotspot\share\interpreter\linkResolver.cpp, line 796]
Event: 7.082 Thread 0x000001f2e240b7e0 Exception <a 'java/lang/NoSuchMethodError'{0x000000074babc570}: 'java.lang.Object java.lang.invoke.Invokers$Holder.linkToTargetMethod(java.lang.Object, long, java.lang.Object)'> (0x000000074babc570) 
thrown [s\open\src\hotspot\share\interpreter\linkResolver.cpp, line 796]
Event: 50.180 Thread 0x000001f2e240b7e0 Exception <a 'java/lang/NoSuchMethodError'{0x000000074b851608}: 'java.lang.Object java.lang.invoke.DirectMethodHandle$Holder.newInvokeSpecial(java.lang.Object, java.lang.Object, java.lang.Object, double, double, double, double, int, int, int, int, int, int, int, int, int)'> (0x000000074b851608) 
thrown [s\open\src\hotspot\share\interpreter\linkResolver.cpp, line 796]
Event: 57.326 Thread 0x000001f2e270e810 Exception <a 'java/lang/NoSuchMethodError'{0x000000074b8ba4f0}: 'int java.lang.invoke.DirectMethodHandle$Holder.invokeVirtual(java.lang.Object, java.lang.Object)'> (0x000000074b8ba4f0) 
thrown [s\open\src\hotspot\share\interpreter\linkResolver.cpp, line 796]

VM Operations (20 events):
Event: 2.065 Executing VM operation: G1CollectForAllocation (G1 Evacuation Pause) done
Event: 2.461 Executing VM operation: HandshakeAllThreads (Deoptimize)
Event: 2.461 Executing VM operation: HandshakeAllThreads (Deoptimize) done
Event: 2.716 Executing VM operation: G1CollectForAllocation (G1 Evacuation Pause)
Event: 2.727 Executing VM operation: G1CollectForAllocation (G1 Evacuation Pause) done
Event: 2.881 Executing VM operation: HandshakeAllThreads (Deoptimize)
Event: 2.881 Executing VM operation: HandshakeAllThreads (Deoptimize) done
Event: 7.222 Executing VM operation: HandshakeAllThreads (Deoptimize)
Event: 7.222 Executing VM operation: HandshakeAllThreads (Deoptimize) done
Event: 16.708 Executing VM operation: HandshakeAllThreads (Deoptimize)
Event: 16.708 Executing VM operation: HandshakeAllThreads (Deoptimize) done
Event: 60.241 Executing VM operation: HandshakeAllThreads (HandshakeForDeflation)
Event: 60.241 Executing VM operation: HandshakeAllThreads (HandshakeForDeflation) done
Event: 60.241 Executing VM operation: RendezvousGCThreads
Event: 60.241 Executing VM operation: RendezvousGCThreads done
Event: 120.373 Executing VM operation: HandshakeAllThreads (HandshakeForDeflation)
Event: 120.373 Executing VM operation: HandshakeAllThreads (HandshakeForDeflation) done
Event: 120.373 Executing VM operation: RendezvousGCThreads
Event: 120.373 Executing VM operation: RendezvousGCThreads done
Event: 135.259 Executing VM operation: Exit

Memory protections (0 events):
No events

Nmethod flushes (0 events):
No events

Events (20 events):
Event: 1.922 Thread 0x000001f2fdbe8cf0 Thread added: 0x000001f2e2734330
Event: 2.087 Thread 0x000001f2fdbe8cf0 Thread added: 0x000001f2e240acf0
Event: 2.098 Thread 0x000001f2fdbe8cf0 Thread added: 0x000001f2e240b7e0
Event: 2.225 Thread 0x000001f2e2831020 Thread added: 0x000001f2e2831020
Event: 2.236 Thread 0x000001f2fdbe8cf0 Thread added: 0x000001f2e2612c90
Event: 2.529 Thread 0x000001f2fee790c0 Thread added: 0x000001f2e2874a80
Event: 3.296 Thread 0x000001f2e2874a80 Thread exited: 0x000001f2e2874a80
Event: 3.544 Thread 0x000001f2e240b7e0 Thread added: 0x000001f2e270e180
Event: 3.896 Thread 0x000001f2e2734330 Thread added: 0x000001f2e270c0b0
Event: 7.157 Thread 0x000001f2e240b7e0 Thread added: 0x000001f2e270f530
Event: 31.434 Thread 0x000001f2e270f530 Thread exited: 0x000001f2e270f530
Event: 51.644 Thread 0x000001f2e240b7e0 Thread added: 0x000001f2e270e810
Event: 57.366 Thread 0x000001f2e270e810 Thread exited: 0x000001f2e270e810
Event: 135.254 Thread 0x000001f2fee702d0 Thread added: 0x000001f2e270daf0
Event: 135.255 Thread 0x000001f2e270daf0 Thread added: 0x000001f2e270e810
Event: 135.256 Thread 0x000001f2e270daf0 Thread added: 0x000001f2e270eea0
Event: 135.257 Thread 0x000001f2e270e810 Thread exited: 0x000001f2e270e810
Event: 135.259 Thread 0x000001f2e270eea0 Thread exited: 0x000001f2e270eea0
Event: 135.259 Thread 0x000001f2e270daf0 Before exit entered
Event: 135.259 Thread 0x000001f2fee702d0 Thread exited: 0x000001f2fee702d0


Dynamic libraries:
0x00007ff692bc0000 - 0x00007ff692bd0000 	C:\Program Files\java\jdk-23\bin\java.exe
0x00007ffc3c350000 - 0x00007ffc3c548000 	C:\Windows\SYSTEM32\ntdll.dll
0x00007ffc3c120000 - 0x00007ffc3c1dd000 	C:\Windows\System32\KERNEL32.DLL
0x00007ffc39da0000 - 0x00007ffc3a096000 	C:\Windows\System32\KERNELBASE.dll
0x00007ffc39bf0000 - 0x00007ffc39cf0000 	C:\Windows\System32\ucrtbase.dll
0x00007ffc36070000 - 0x00007ffc36087000 	C:\Program Files\java\jdk-23\bin\jli.dll
0x00007ffc3b140000 - 0x00007ffc3b2de000 	C:\Windows\System32\USER32.dll
0x00007ffc39b50000 - 0x00007ffc39b72000 	C:\Windows\System32\win32u.dll
0x00007ffc3aaa0000 - 0x00007ffc3aacc000 	C:\Windows\System32\GDI32.dll
0x00007ffc39a30000 - 0x00007ffc39b4a000 	C:\Windows\System32\gdi32full.dll
0x00007ffc3a310000 - 0x00007ffc3a3ad000 	C:\Windows\System32\msvcp_win.dll
0x00007ffc261c0000 - 0x00007ffc2645a000 	C:\Windows\WinSxS\amd64_microsoft.windows.common-controls_6595b64144ccf1df_6.0.19041.3636_none_60b6a03d71f818d5\COMCTL32.dll
0x00007ffc36050000 - 0x00007ffc3606b000 	C:\Program Files\java\jdk-23\bin\VCRUNTIME140.dll
0x00007ffc3bda0000 - 0x00007ffc3be3e000 	C:\Windows\System32\msvcrt.dll
0x00007ffc3a990000 - 0x00007ffc3a9c0000 	C:\Windows\System32\IMM32.DLL
0x00007ffc36040000 - 0x00007ffc3604c000 	C:\Program Files\java\jdk-23\bin\vcruntime140_1.dll
0x00007ffc29b70000 - 0x00007ffc29bfe000 	C:\Program Files\java\jdk-23\bin\msvcp140.dll
0x00007ffbe42f0000 - 0x00007ffbe5040000 	C:\Program Files\java\jdk-23\bin\server\jvm.dll
0x00007ffc3a3c0000 - 0x00007ffc3a46f000 	C:\Windows\System32\ADVAPI32.dll
0x00007ffc3a8f0000 - 0x00007ffc3a98c000 	C:\Windows\System32\sechost.dll
0x00007ffc3c1e0000 - 0x00007ffc3c306000 	C:\Windows\System32\RPCRT4.dll
0x00007ffc3c030000 - 0x00007ffc3c09b000 	C:\Windows\System32\WS2_32.dll
0x00007ffc39890000 - 0x00007ffc398db000 	C:\Windows\SYSTEM32\POWRPROF.dll
0x00007ffc34740000 - 0x00007ffc34767000 	C:\Windows\SYSTEM32\WINMM.dll
0x00007ffc285a0000 - 0x00007ffc285aa000 	C:\Windows\SYSTEM32\VERSION.dll
0x00007ffc39870000 - 0x00007ffc39882000 	C:\Windows\SYSTEM32\UMPDC.dll
0x00007ffc38270000 - 0x00007ffc38282000 	C:\Windows\SYSTEM32\kernel.appcore.dll
0x00007ffc36030000 - 0x00007ffc3603a000 	C:\Program Files\java\jdk-23\bin\jimage.dll
0x00007ffc374b0000 - 0x00007ffc37694000 	C:\Windows\SYSTEM32\DBGHELP.DLL
0x00007ffc34230000 - 0x00007ffc34264000 	C:\Windows\SYSTEM32\dbgcore.DLL
0x00007ffc3a0d0000 - 0x00007ffc3a152000 	C:\Windows\System32\bcryptPrimitives.dll
0x00007ffc35ff0000 - 0x00007ffc35fff000 	C:\Program Files\java\jdk-23\bin\instrument.dll
0x00007ffc35fd0000 - 0x00007ffc35fee000 	C:\Program Files\java\jdk-23\bin\java.dll
0x00007ffc3b010000 - 0x00007ffc3b13b000 	C:\Windows\System32\ole32.dll
0x00007ffc3ba40000 - 0x00007ffc3bd94000 	C:\Windows\System32\combase.dll
0x00007ffc3b2f0000 - 0x00007ffc3ba34000 	C:\Windows\System32\SHELL32.dll
0x00007ffc37ad0000 - 0x00007ffc3826b000 	C:\Windows\SYSTEM32\windows.storage.dll
0x00007ffc393a0000 - 0x00007ffc393cd000 	C:\Windows\SYSTEM32\Wldp.dll
0x00007ffc3af60000 - 0x00007ffc3b00d000 	C:\Windows\System32\SHCORE.dll
0x00007ffc3a470000 - 0x00007ffc3a4c5000 	C:\Windows\System32\shlwapi.dll
0x00007ffc39960000 - 0x00007ffc39985000 	C:\Windows\SYSTEM32\profapi.dll
0x00007ffc299e0000 - 0x00007ffc29ab7000 	C:\Program Files\java\jdk-23\bin\jsvml.dll
0x00007ffc35fc0000 - 0x00007ffc35fd0000 	C:\Program Files\java\jdk-23\bin\net.dll
0x00007ffc39100000 - 0x00007ffc3916a000 	C:\Windows\system32\mswsock.dll
0x00007ffc35720000 - 0x00007ffc35736000 	C:\Program Files\java\jdk-23\bin\nio.dll
0x00007ffc342c0000 - 0x00007ffc342d7000 	C:\Program Files\java\jdk-23\bin\zip.dll
0x00007ffc35910000 - 0x00007ffc35919000 	C:\Program Files\java\jdk-23\bin\extnet.dll
0x000001f29ca40000 - 0x000001f29ca43000 	D:\SOFTWARES\EDUCATIVE\INTELLIJ\openjfx-17.0.15_windows-x64_bin-sdk\javafx-sdk-17.0.15\bin\api-ms-win-core-console-l1-1-0.dll
0x000001f29ca50000 - 0x000001f29ca53000 	D:\SOFTWARES\EDUCATIVE\INTELLIJ\openjfx-17.0.15_windows-x64_bin-sdk\javafx-sdk-17.0.15\bin\api-ms-win-core-console-l1-2-0.dll
0x000001f29ca60000 - 0x000001f29ca63000 	D:\SOFTWARES\EDUCATIVE\INTELLIJ\openjfx-17.0.15_windows-x64_bin-sdk\javafx-sdk-17.0.15\bin\api-ms-win-core-datetime-l1-1-0.dll
0x000001f29ca70000 - 0x000001f29ca73000 	D:\SOFTWARES\EDUCATIVE\INTELLIJ\openjfx-17.0.15_windows-x64_bin-sdk\javafx-sdk-17.0.15\bin\api-ms-win-core-debug-l1-1-0.dll
0x000001f29ca80000 - 0x000001f29ca83000 	D:\SOFTWARES\EDUCATIVE\INTELLIJ\openjfx-17.0.15_windows-x64_bin-sdk\javafx-sdk-17.0.15\bin\api-ms-win-core-errorhandling-l1-1-0.dll
0x000001f29ca90000 - 0x000001f29ca94000 	D:\SOFTWARES\EDUCATIVE\INTELLIJ\openjfx-17.0.15_windows-x64_bin-sdk\javafx-sdk-17.0.15\bin\api-ms-win-core-file-l1-1-0.dll
0x000001f29caa0000 - 0x000001f29caa3000 	D:\SOFTWARES\EDUCATIVE\INTELLIJ\openjfx-17.0.15_windows-x64_bin-sdk\javafx-sdk-17.0.15\bin\api-ms-win-core-file-l1-2-0.dll
0x000001f29cab0000 - 0x000001f29cab3000 	D:\SOFTWARES\EDUCATIVE\INTELLIJ\openjfx-17.0.15_windows-x64_bin-sdk\javafx-sdk-17.0.15\bin\api-ms-win-core-file-l2-1-0.dll
0x000001f29cac0000 - 0x000001f29cac3000 	D:\SOFTWARES\EDUCATIVE\INTELLIJ\openjfx-17.0.15_windows-x64_bin-sdk\javafx-sdk-17.0.15\bin\api-ms-win-core-handle-l1-1-0.dll
0x000001f29cad0000 - 0x000001f29cad3000 	D:\SOFTWARES\EDUCATIVE\INTELLIJ\openjfx-17.0.15_windows-x64_bin-sdk\javafx-sdk-17.0.15\bin\api-ms-win-core-heap-l1-1-0.dll
0x000001f29cae0000 - 0x000001f29cae3000 	D:\SOFTWARES\EDUCATIVE\INTELLIJ\openjfx-17.0.15_windows-x64_bin-sdk\javafx-sdk-17.0.15\bin\api-ms-win-core-interlocked-l1-1-0.dll
0x000001f29caf0000 - 0x000001f29caf3000 	D:\SOFTWARES\EDUCATIVE\INTELLIJ\openjfx-17.0.15_windows-x64_bin-sdk\javafx-sdk-17.0.15\bin\api-ms-win-core-libraryloader-l1-1-0.dll
0x000001f29cb00000 - 0x000001f29cb03000 	D:\SOFTWARES\EDUCATIVE\INTELLIJ\openjfx-17.0.15_windows-x64_bin-sdk\javafx-sdk-17.0.15\bin\api-ms-win-core-localization-l1-2-0.dll
0x000001f29cb10000 - 0x000001f29cb13000 	D:\SOFTWARES\EDUCATIVE\INTELLIJ\openjfx-17.0.15_windows-x64_bin-sdk\javafx-sdk-17.0.15\bin\api-ms-win-core-memory-l1-1-0.dll
0x000001f29cb20000 - 0x000001f29cb23000 	D:\SOFTWARES\EDUCATIVE\INTELLIJ\openjfx-17.0.15_windows-x64_bin-sdk\javafx-sdk-17.0.15\bin\api-ms-win-core-namedpipe-l1-1-0.dll
0x000001f29cb30000 - 0x000001f29cb33000 	D:\SOFTWARES\EDUCATIVE\INTELLIJ\openjfx-17.0.15_windows-x64_bin-sdk\javafx-sdk-17.0.15\bin\api-ms-win-core-processenvironment-l1-1-0.dll
0x000001f29cb40000 - 0x000001f29cb43000 	D:\SOFTWARES\EDUCATIVE\INTELLIJ\openjfx-17.0.15_windows-x64_bin-sdk\javafx-sdk-17.0.15\bin\api-ms-win-core-processthreads-l1-1-0.dll
0x000001f29cb50000 - 0x000001f29cb53000 	D:\SOFTWARES\EDUCATIVE\INTELLIJ\openjfx-17.0.15_windows-x64_bin-sdk\javafx-sdk-17.0.15\bin\api-ms-win-core-processthreads-l1-1-1.dll
0x000001f29cb60000 - 0x000001f29cb63000 	D:\SOFTWARES\EDUCATIVE\INTELLIJ\openjfx-17.0.15_windows-x64_bin-sdk\javafx-sdk-17.0.15\bin\api-ms-win-core-profile-l1-1-0.dll
0x000001f29cb70000 - 0x000001f29cb73000 	D:\SOFTWARES\EDUCATIVE\INTELLIJ\openjfx-17.0.15_windows-x64_bin-sdk\javafx-sdk-17.0.15\bin\api-ms-win-core-rtlsupport-l1-1-0.dll
0x000001f29cb80000 - 0x000001f29cb83000 	D:\SOFTWARES\EDUCATIVE\INTELLIJ\openjfx-17.0.15_windows-x64_bin-sdk\javafx-sdk-17.0.15\bin\api-ms-win-core-string-l1-1-0.dll
0x000001f29cb90000 - 0x000001f29cb93000 	D:\SOFTWARES\EDUCATIVE\INTELLIJ\openjfx-17.0.15_windows-x64_bin-sdk\javafx-sdk-17.0.15\bin\api-ms-win-core-synch-l1-1-0.dll
0x000001f29cba0000 - 0x000001f29cba3000 	D:\SOFTWARES\EDUCATIVE\INTELLIJ\openjfx-17.0.15_windows-x64_bin-sdk\javafx-sdk-17.0.15\bin\api-ms-win-core-synch-l1-2-0.dll
0x000001f29cbb0000 - 0x000001f29cbb3000 	D:\SOFTWARES\EDUCATIVE\INTELLIJ\openjfx-17.0.15_windows-x64_bin-sdk\javafx-sdk-17.0.15\bin\api-ms-win-core-sysinfo-l1-1-0.dll
0x000001f29cbc0000 - 0x000001f29cbc3000 	D:\SOFTWARES\EDUCATIVE\INTELLIJ\openjfx-17.0.15_windows-x64_bin-sdk\javafx-sdk-17.0.15\bin\api-ms-win-core-timezone-l1-1-0.dll
0x000001f29cbd0000 - 0x000001f29cbd3000 	D:\SOFTWARES\EDUCATIVE\INTELLIJ\openjfx-17.0.15_windows-x64_bin-sdk\javafx-sdk-17.0.15\bin\api-ms-win-core-util-l1-1-0.dll
0x000001f29cbe0000 - 0x000001f29cbe3000 	D:\SOFTWARES\EDUCATIVE\INTELLIJ\openjfx-17.0.15_windows-x64_bin-sdk\javafx-sdk-17.0.15\bin\api-ms-win-crt-conio-l1-1-0.dll
0x000001f29cbf0000 - 0x000001f29cbf4000 	D:\SOFTWARES\EDUCATIVE\INTELLIJ\openjfx-17.0.15_windows-x64_bin-sdk\javafx-sdk-17.0.15\bin\api-ms-win-crt-convert-l1-1-0.dll
0x000001f29cc00000 - 0x000001f29cc03000 	D:\SOFTWARES\EDUCATIVE\INTELLIJ\openjfx-17.0.15_windows-x64_bin-sdk\javafx-sdk-17.0.15\bin\api-ms-win-crt-environment-l1-1-0.dll
0x000001f29cc10000 - 0x000001f29cc13000 	D:\SOFTWARES\EDUCATIVE\INTELLIJ\openjfx-17.0.15_windows-x64_bin-sdk\javafx-sdk-17.0.15\bin\api-ms-win-crt-filesystem-l1-1-0.dll
0x000001f29cc20000 - 0x000001f29cc23000 	D:\SOFTWARES\EDUCATIVE\INTELLIJ\openjfx-17.0.15_windows-x64_bin-sdk\javafx-sdk-17.0.15\bin\api-ms-win-crt-heap-l1-1-0.dll
0x000001f29cc30000 - 0x000001f29cc33000 	D:\SOFTWARES\EDUCATIVE\INTELLIJ\openjfx-17.0.15_windows-x64_bin-sdk\javafx-sdk-17.0.15\bin\api-ms-win-crt-locale-l1-1-0.dll
0x000001f29cc40000 - 0x000001f29cc45000 	D:\SOFTWARES\EDUCATIVE\INTELLIJ\openjfx-17.0.15_windows-x64_bin-sdk\javafx-sdk-17.0.15\bin\api-ms-win-crt-math-l1-1-0.dll
0x000001f29cc50000 - 0x000001f29cc55000 	D:\SOFTWARES\EDUCATIVE\INTELLIJ\openjfx-17.0.15_windows-x64_bin-sdk\javafx-sdk-17.0.15\bin\api-ms-win-crt-multibyte-l1-1-0.dll
0x000001f29cc60000 - 0x000001f29cc70000 	D:\SOFTWARES\EDUCATIVE\INTELLIJ\openjfx-17.0.15_windows-x64_bin-sdk\javafx-sdk-17.0.15\bin\api-ms-win-crt-private-l1-1-0.dll
0x000001f29cc70000 - 0x000001f29cc73000 	D:\SOFTWARES\EDUCATIVE\INTELLIJ\openjfx-17.0.15_windows-x64_bin-sdk\javafx-sdk-17.0.15\bin\api-ms-win-crt-process-l1-1-0.dll
0x000001f29cc80000 - 0x000001f29cc84000 	D:\SOFTWARES\EDUCATIVE\INTELLIJ\openjfx-17.0.15_windows-x64_bin-sdk\javafx-sdk-17.0.15\bin\api-ms-win-crt-runtime-l1-1-0.dll
0x000001f29cc90000 - 0x000001f29cc94000 	D:\SOFTWARES\EDUCATIVE\INTELLIJ\openjfx-17.0.15_windows-x64_bin-sdk\javafx-sdk-17.0.15\bin\api-ms-win-crt-stdio-l1-1-0.dll
0x000001f29cca0000 - 0x000001f29cca4000 	D:\SOFTWARES\EDUCATIVE\INTELLIJ\openjfx-17.0.15_windows-x64_bin-sdk\javafx-sdk-17.0.15\bin\api-ms-win-crt-string-l1-1-0.dll
0x000001f29ccb0000 - 0x000001f29ccb3000 	D:\SOFTWARES\EDUCATIVE\INTELLIJ\openjfx-17.0.15_windows-x64_bin-sdk\javafx-sdk-17.0.15\bin\api-ms-win-crt-time-l1-1-0.dll
0x000001f29ccc0000 - 0x000001f29ccc3000 	D:\SOFTWARES\EDUCATIVE\INTELLIJ\openjfx-17.0.15_windows-x64_bin-sdk\javafx-sdk-17.0.15\bin\api-ms-win-crt-utility-l1-1-0.dll
0x00007ffc20660000 - 0x00007ffc2075c000 	D:\SOFTWARES\EDUCATIVE\INTELLIJ\openjfx-17.0.15_windows-x64_bin-sdk\javafx-sdk-17.0.15\bin\ucrtbase.dll
0x00007ffc31d10000 - 0x00007ffc31d2b000 	D:\SOFTWARES\EDUCATIVE\INTELLIJ\openjfx-17.0.15_windows-x64_bin-sdk\javafx-sdk-17.0.15\bin\vcruntime140.dll
0x00007ffc32730000 - 0x00007ffc3273c000 	D:\SOFTWARES\EDUCATIVE\INTELLIJ\openjfx-17.0.15_windows-x64_bin-sdk\javafx-sdk-17.0.15\bin\vcruntime140_1.dll
0x00007ffc205d0000 - 0x00007ffc2065e000 	D:\SOFTWARES\EDUCATIVE\INTELLIJ\openjfx-17.0.15_windows-x64_bin-sdk\javafx-sdk-17.0.15\bin\msvcp140.dll
0x00007ffc29c10000 - 0x00007ffc29c19000 	D:\SOFTWARES\EDUCATIVE\INTELLIJ\openjfx-17.0.15_windows-x64_bin-sdk\javafx-sdk-17.0.15\bin\msvcp140_1.dll
0x00007ffc22ec0000 - 0x00007ffc22f01000 	D:\SOFTWARES\EDUCATIVE\INTELLIJ\openjfx-17.0.15_windows-x64_bin-sdk\javafx-sdk-17.0.15\bin\msvcp140_2.dll
0x00007ffc24e90000 - 0x00007ffc24eba000 	D:\SOFTWARES\EDUCATIVE\INTELLIJ\openjfx-17.0.15_windows-x64_bin-sdk\javafx-sdk-17.0.15\bin\prism_d3d.dll
0x00007ffbe9880000 - 0x00007ffbe9a4d000 	C:\Windows\system32\d3d9.dll
0x00007ffc369d0000 - 0x00007ffc369ff000 	C:\Windows\SYSTEM32\dwmapi.dll
0x00007ffc36410000 - 0x00007ffc364ae000 	C:\Windows\system32\uxtheme.dll
0x00007ffbe1470000 - 0x00007ffbe39ad000 	C:\Windows\SYSTEM32\igdumdim64.dll
0x00007ffc3be40000 - 0x00007ffc3bf0d000 	C:\Windows\System32\OLEAUT32.dll
0x00007ffc3aaf0000 - 0x00007ffc3af5e000 	C:\Windows\System32\SETUPAPI.dll
0x00007ffc3a2c0000 - 0x00007ffc3a30e000 	C:\Windows\System32\cfgmgr32.dll
0x00007ffc3a0a0000 - 0x00007ffc3a0c7000 	C:\Windows\System32\bcrypt.dll
0x00007ffc22340000 - 0x00007ffc22382000 	D:\SOFTWARES\EDUCATIVE\INTELLIJ\openjfx-17.0.15_windows-x64_bin-sdk\javafx-sdk-17.0.15\bin\glass.dll
0x00007ffc3a9c0000 - 0x00007ffc3aa9a000 	C:\Windows\System32\COMDLG32.dll
0x00007ffc3a580000 - 0x00007ffc3a694000 	C:\Windows\System32\MSCTF.dll
0x00007ffc2bad0000 - 0x00007ffc2c50f000 	C:\Windows\SYSTEM32\igdusc64.dll
0x00007ffc2dd40000 - 0x00007ffc2dd7b000 	C:\Windows\SYSTEM32\dxcore.dll
0x00007ffc25750000 - 0x00007ffc25765000 	D:\SOFTWARES\EDUCATIVE\INTELLIJ\openjfx-17.0.15_windows-x64_bin-sdk\javafx-sdk-17.0.15\bin\javafx_font.dll
0x00007ffc36fc0000 - 0x00007ffc3723f000 	C:\Windows\SYSTEM32\dwrite.dll
0x00007ffc3a4d0000 - 0x00007ffc3a579000 	C:\Windows\System32\clbcatq.dll
0x00007ffc30500000 - 0x00007ffc306b4000 	C:\Windows\SYSTEM32\WindowsCodecs.dll
0x00007ffc12740000 - 0x00007ffc1277e000 	C:\Windows\system32\dataexchange.dll
0x00007ffc376c0000 - 0x00007ffc37923000 	C:\Windows\system32\d3d11.dll
0x00007ffc382f0000 - 0x00007ffc383e3000 	C:\Windows\system32\dxgi.dll
0x00007ffc34850000 - 0x00007ffc34a33000 	C:\Windows\system32\dcomp.dll
0x00007ffc31700000 - 0x00007ffc31907000 	C:\Windows\system32\twinapi.appcore.dll
0x00007ffc21710000 - 0x00007ffc21744000 	C:\Program Files\Common Files\Microsoft Shared\Ink\rtscom.dll
0x00007ffc31440000 - 0x00007ffc3153a000 	C:\Windows\SYSTEM32\textinputframework.dll
0x00007ffc34de0000 - 0x00007ffc3513b000 	C:\Windows\System32\CoreUIComponents.dll
0x00007ffc35140000 - 0x00007ffc35232000 	C:\Windows\System32\CoreMessaging.dll
0x00007ffc38b50000 - 0x00007ffc38b83000 	C:\Windows\SYSTEM32\ntmarta.dll
0x00007ffc35750000 - 0x00007ffc358a5000 	C:\Windows\SYSTEM32\wintypes.dll
0x00007ffbde1f0000 - 0x00007ffbe1463000 	D:\SOFTWARES\EDUCATIVE\INTELLIJ\opencv\build\java\x64\opencv_java4110.dll
0x00007ffc33690000 - 0x00007ffc3384b000 	C:\Windows\SYSTEM32\MFPlat.DLL
0x00007ffc29c20000 - 0x00007ffc29ca4000 	C:\Windows\SYSTEM32\MF.dll
0x00007ffc12120000 - 0x00007ffc1222a000 	C:\Windows\SYSTEM32\MFReadWrite.dll
0x00007ffbddd60000 - 0x00007ffbde1ee000 	C:\Windows\SYSTEM32\MFCORE.DLL

dbghelp: loaded successfully - version: 4.0.5 - missing functions: none
symbol engine: initialized successfully - sym options: 0x614 - pdb path: .;C:\Program Files\java\jdk-23\bin;C:\Windows\SYSTEM32;C:\Windows\WinSxS\amd64_microsoft.windows.common-controls_6595b64144ccf1df_6.0.19041.3636_none_60b6a03d71f818d5;C:\Program Files\java\jdk-23\bin\server;D:\SOFTWARES\EDUCATIVE\INTELLIJ\openjfx-17.0.15_windows-x64_bin-sdk\javafx-sdk-17.0.15\bin;C:\Program Files\Common Files\Microsoft Shared\Ink;D:\SOFTWARES\EDUCATIVE\INTELLIJ\opencv\build\java\x64;C:\Program Files\Intel\Media SDK;C:\Program Files (x86)\Common Files\Intel\OpenCL\bin\x64

VM Arguments:
jvm_args: --module-path=D:\SOFTWARES\EDUCATIVE\INTELLIJ\openjfx-17.0.15_windows-x64_bin-sdk\javafx-sdk-17.0.15\lib --add-modules=javafx.controls,javafx.fxml -javaagent:C:\Program Files\JetBrains\IntelliJ IDEA Community Edition 2025.1.1.1\lib\idea_rt.jar=60822 -Dfile.encoding=UTF-8 -Dsun.stdout.encoding=UTF-8 -Dsun.stderr.encoding=UTF-8 
java_command: FaceAppUI
java_class_path (initial): C:\Users\user\IdeaProjects\OnslaughtUI\out\production\OnslaughtUI;D:\SOFTWARES\EDUCATIVE\INTELLIJ\openjfx-17.0.15_windows-x64_bin-sdk\javafx-sdk-17.0.15\lib\javafx-swt.jar;D:\SOFTWARES\EDUCATIVE\INTELLIJ\openjfx-17.0.15_windows-x64_bin-sdk\javafx-sdk-17.0.15\lib\javafx.web.jar;D:\SOFTWARES\EDUCATIVE\INTELLIJ\openjfx-17.0.15_windows-x64_bin-sdk\javafx-sdk-17.0.15\lib\javafx.base.jar;D:\SOFTWARES\EDUCATIVE\INTELLIJ\openjfx-17.0.15_windows-x64_bin-sdk\javafx-sdk-17.0.15\lib\javafx.fxml.jar;D:\SOFTWARES\EDUCATIVE\INTELLIJ\openjfx-17.0.15_windows-x64_bin-sdk\javafx-sdk-17.0.15\lib\javafx.media.jar;D:\SOFTWARES\EDUCATIVE\INTELLIJ\openjfx-17.0.15_windows-x64_bin-sdk\javafx-sdk-17.0.15\lib\javafx.swing.jar;D:\SOFTWARES\EDUCATIVE\INTELLIJ\openjfx-17.0.15_windows-x64_bin-sdk\javafx-sdk-17.0.15\lib\javafx.controls.jar;D:\SOFTWARES\EDUCATIVE\INTELLIJ\openjfx-17.0.15_windows-x64_bin-sdk\javafx-sdk-17.0.15\lib\javafx.graphics.jar;D:\SOFTWARES\EDUCATIVE\INTELLIJ\opencv\build\java\opencv-4110.jar
Launcher Type: SUN_STANDARD

[Global flags]
     intx CICompilerCount                          = 3                                         {product} {ergonomic}
     uint ConcGCThreads                            = 1                                         {product} {ergonomic}
     uint G1ConcRefinementThreads                  = 4                                         {product} {ergonomic}
   size_t G1HeapRegionSize                         = 2097152                                   {product} {ergonomic}
   size_t InitialHeapSize                          = 201326592                                 {product} {ergonomic}
   size_t MarkStackSize                            = 4194304                                   {product} {ergonomic}
   size_t MarkStackSizeMax                         = 536870912                                 {product} {ergonomic}
   size_t MaxHeapSize                              = 3200253952                                {product} {ergonomic}
   size_t MaxNewSize                               = 1918894080                                {product} {ergonomic}
   size_t MinHeapDeltaBytes                        = 2097152                                   {product} {ergonomic}
   size_t MinHeapSize                              = 8388608                                   {product} {ergonomic}
    uintx NonNMethodCodeHeapSize                   = 5832704                                {pd product} {ergonomic}
    uintx NonProfiledCodeHeapSize                  = 122945536                              {pd product} {ergonomic}
    uintx ProfiledCodeHeapSize                     = 122880000                              {pd product} {ergonomic}
    uintx ReservedCodeCacheSize                    = 251658240                              {pd product} {ergonomic}
     bool SegmentedCodeCache                       = true                                      {product} {ergonomic}
   size_t SoftMaxHeapSize                          = 3200253952                             {manageable} {ergonomic}
     bool UseCompressedOops                        = true                           {product lp64_product} {ergonomic}
     bool UseG1GC                                  = true                                      {product} {ergonomic}
     bool UseLargePagesIndividualAllocation        = false                                  {pd product} {ergonomic}

Logging:
Log output configuration:
 #0: stdout all=off uptime,level,tags foldmultilines=false
 #1: stderr all=off uptime,level,tags foldmultilines=false

Environment Variables:
PATH=C:\Program Files\Eclipse Adoptium\jdk-17.0.15.6-hotspot\bin;C:\ProgramData\Oracle\Java\javapath;C:\Program Files (x86)\Common Files\Oracle\Java\java8path;C:\Program Files (x86)\Common Files\Oracle\Java\javapath;C:\Windows\system32;C:\Windows;C:\Windows\System32\Wbem;C:\Windows\System32\WindowsPowerShell\v1.0\;C:\Windows\System32\OpenSSH\;C:\Program Files\Microsoft VS Code\bin;C:\Program Files\Git\cmd;C:\Program Files\Git\mingw64\bin;C:\Program Files\Git\usr\bin;C:\Program Files\java\jdk-23\bin;C:\Users\user\AppData\Local\Programs\Python\Launcher\;C:\Users\user\AppData\Local\Microsoft\WindowsApps;C:\MIN GW\mingw64\bin;C:\MIN GW\mingw64\x86_64-w64-mingw32\bin;D:\MICROSOFT VS CODE\bin;D:\SOFTWARES\EDUCATIVE\VISUAL STUDIO CODE\bin;C:\Program Files\JetBrains\IntelliJ IDEA Community Edition 2025.1.1.1\bin;
USERNAME=user
OS=Windows_NT
PROCESSOR_IDENTIFIER=Intel64 Family 6 Model 61 Stepping 4, GenuineIntel
TMP=C:\Users\user\AppData\Local\Temp
TEMP=C:\Users\user\AppData\Local\Temp




Periodic native trim disabled

---------------  S Y S T E M  ---------------

OS:
 Windows 10 , 64 bit Build 19041 (10.0.19041.3636)
OS uptime: 0 days 5:09 hours

CPU: total 4 (initial active 4) (2 cores per cpu, 2 threads per core) family 6 model 61 stepping 4 microcode 0x2d, cx8, cmov, fxsr, ht, mmx, 3dnowpref, sse, sse2, sse3, ssse3, sse4.1, sse4.2, popcnt, lzcnt, tsc, tscinvbit, avx, avx2, aes, erms, clmul, bmi1, bmi2, adx, fma, vzeroupper, clflush, rdtscp, f16c
Processor Information for the first 4 processors :
  Max Mhz: 2000, Current Mhz: 2000, Mhz Limit: 2000

Memory: 4k page, system-wide physical 12203M (6126M free)
TotalPageFile size 14059M (AvailPageFile size 7225M)
current process WorkingSet (physical memory assigned to process): 186M, peak: 196M
current process commit charge ("private bytes"): 377M, peak: 394M

vm_info: Java HotSpot(TM) 64-Bit Server VM (23.0.2+7-58) for windows-amd64 JRE (23.0.2+7-58), built on 2024-11-29T09:34:55Z with MS VC++ 17.6 (VS2022)

END.
